<?xml version="1.0" encoding="UTF-8"?>
<testsuites name="jest tests" tests="179" failures="23" errors="0" time="10.131">
  <testsuite name="Shift creation via template (Schicht anlegen)" errors="0" failures="1" skipped="0" timestamp="2025-08-27T12:06:58" time="1.284" tests="1">
    <testcase classname="Shift creation via template (Schicht anlegen) generates a shift for today after adding a template including today&apos;s weekday" name="Shift creation via template (Schicht anlegen) generates a shift for today after adding a template including today&apos;s weekday" time="0.15">
      <failure>ReferenceError: lastActiveRef is not defined
    at current (/home/runner/work/swaxi-dispo-v6/swaxi-dispo-v6/src/components/SeriesApplicationModal.jsx:20:34)
    at Object.react_stack_bottom_frame (/home/runner/work/swaxi-dispo-v6/swaxi-dispo-v6/node_modules/react-dom/cjs/react-dom-client.development.js:23953:20)
    at runWithFiberInDEV (/home/runner/work/swaxi-dispo-v6/swaxi-dispo-v6/node_modules/react-dom/cjs/react-dom-client.development.js:1522:13)
    at commitHookEffectListMount (/home/runner/work/swaxi-dispo-v6/swaxi-dispo-v6/node_modules/react-dom/cjs/react-dom-client.development.js:11905:29)
    at commitHookPassiveMountEffects (/home/runner/work/swaxi-dispo-v6/swaxi-dispo-v6/node_modules/react-dom/cjs/react-dom-client.development.js:12028:11)
    at commitPassiveMountOnFiber (/home/runner/work/swaxi-dispo-v6/swaxi-dispo-v6/node_modules/react-dom/cjs/react-dom-client.development.js:13841:13)
    at recursivelyTraversePassiveMountEffects (/home/runner/work/swaxi-dispo-v6/swaxi-dispo-v6/node_modules/react-dom/cjs/react-dom-client.development.js:13815:11)
    at commitPassiveMountOnFiber (/home/runner/work/swaxi-dispo-v6/swaxi-dispo-v6/node_modules/react-dom/cjs/react-dom-client.development.js:13957:11)
    at recursivelyTraversePassiveMountEffects (/home/runner/work/swaxi-dispo-v6/swaxi-dispo-v6/node_modules/react-dom/cjs/react-dom-client.development.js:13815:11)
    at commitPassiveMountOnFiber (/home/runner/work/swaxi-dispo-v6/swaxi-dispo-v6/node_modules/react-dom/cjs/react-dom-client.development.js:13834:11)
    at recursivelyTraversePassiveMountEffects (/home/runner/work/swaxi-dispo-v6/swaxi-dispo-v6/node_modules/react-dom/cjs/react-dom-client.development.js:13815:11)
    at commitPassiveMountOnFiber (/home/runner/work/swaxi-dispo-v6/swaxi-dispo-v6/node_modules/react-dom/cjs/react-dom-client.development.js:13957:11)
    at recursivelyTraversePassiveMountEffects (/home/runner/work/swaxi-dispo-v6/swaxi-dispo-v6/node_modules/react-dom/cjs/react-dom-client.development.js:13815:11)
    at commitPassiveMountOnFiber (/home/runner/work/swaxi-dispo-v6/swaxi-dispo-v6/node_modules/react-dom/cjs/react-dom-client.development.js:13957:11)
    at recursivelyTraversePassiveMountEffects (/home/runner/work/swaxi-dispo-v6/swaxi-dispo-v6/node_modules/react-dom/cjs/react-dom-client.development.js:13815:11)
    at commitPassiveMountOnFiber (/home/runner/work/swaxi-dispo-v6/swaxi-dispo-v6/node_modules/react-dom/cjs/react-dom-client.development.js:13834:11)
    at recursivelyTraversePassiveMountEffects (/home/runner/work/swaxi-dispo-v6/swaxi-dispo-v6/node_modules/react-dom/cjs/react-dom-client.development.js:13815:11)
    at commitPassiveMountOnFiber (/home/runner/work/swaxi-dispo-v6/swaxi-dispo-v6/node_modules/react-dom/cjs/react-dom-client.development.js:13957:11)
    at recursivelyTraversePassiveMountEffects (/home/runner/work/swaxi-dispo-v6/swaxi-dispo-v6/node_modules/react-dom/cjs/react-dom-client.development.js:13815:11)
    at commitPassiveMountOnFiber (/home/runner/work/swaxi-dispo-v6/swaxi-dispo-v6/node_modules/react-dom/cjs/react-dom-client.development.js:13957:11)
    at recursivelyTraversePassiveMountEffects (/home/runner/work/swaxi-dispo-v6/swaxi-dispo-v6/node_modules/react-dom/cjs/react-dom-client.development.js:13815:11)
    at commitPassiveMountOnFiber (/home/runner/work/swaxi-dispo-v6/swaxi-dispo-v6/node_modules/react-dom/cjs/react-dom-client.development.js:13834:11)
    at recursivelyTraversePassiveMountEffects (/home/runner/work/swaxi-dispo-v6/swaxi-dispo-v6/node_modules/react-dom/cjs/react-dom-client.development.js:13815:11)
    at commitPassiveMountOnFiber (/home/runner/work/swaxi-dispo-v6/swaxi-dispo-v6/node_modules/react-dom/cjs/react-dom-client.development.js:13957:11)
    at recursivelyTraversePassiveMountEffects (/home/runner/work/swaxi-dispo-v6/swaxi-dispo-v6/node_modules/react-dom/cjs/react-dom-client.development.js:13815:11)
    at commitPassiveMountOnFiber (/home/runner/work/swaxi-dispo-v6/swaxi-dispo-v6/node_modules/react-dom/cjs/react-dom-client.development.js:13834:11)
    at recursivelyTraversePassiveMountEffects (/home/runner/work/swaxi-dispo-v6/swaxi-dispo-v6/node_modules/react-dom/cjs/react-dom-client.development.js:13815:11)
    at commitPassiveMountOnFiber (/home/runner/work/swaxi-dispo-v6/swaxi-dispo-v6/node_modules/react-dom/cjs/react-dom-client.development.js:13834:11)
    at recursivelyTraversePassiveMountEffects (/home/runner/work/swaxi-dispo-v6/swaxi-dispo-v6/node_modules/react-dom/cjs/react-dom-client.development.js:13815:11)
    at commitPassiveMountOnFiber (/home/runner/work/swaxi-dispo-v6/swaxi-dispo-v6/node_modules/react-dom/cjs/react-dom-client.development.js:13957:11)
    at recursivelyTraversePassiveMountEffects (/home/runner/work/swaxi-dispo-v6/swaxi-dispo-v6/node_modules/react-dom/cjs/react-dom-client.development.js:13815:11)
    at commitPassiveMountOnFiber (/home/runner/work/swaxi-dispo-v6/swaxi-dispo-v6/node_modules/react-dom/cjs/react-dom-client.development.js:13834:11)
    at recursivelyTraversePassiveMountEffects (/home/runner/work/swaxi-dispo-v6/swaxi-dispo-v6/node_modules/react-dom/cjs/react-dom-client.development.js:13815:11)
    at commitPassiveMountOnFiber (/home/runner/work/swaxi-dispo-v6/swaxi-dispo-v6/node_modules/react-dom/cjs/react-dom-client.development.js:13957:11)
    at recursivelyTraversePassiveMountEffects (/home/runner/work/swaxi-dispo-v6/swaxi-dispo-v6/node_modules/react-dom/cjs/react-dom-client.development.js:13815:11)
    at commitPassiveMountOnFiber (/home/runner/work/swaxi-dispo-v6/swaxi-dispo-v6/node_modules/react-dom/cjs/react-dom-client.development.js:13853:11)
    at flushPassiveEffects (/home/runner/work/swaxi-dispo-v6/swaxi-dispo-v6/node_modules/react-dom/cjs/react-dom-client.development.js:15737:9)
    at flushPendingEffects (/home/runner/work/swaxi-dispo-v6/swaxi-dispo-v6/node_modules/react-dom/cjs/react-dom-client.development.js:15702:14)
    at performSyncWorkOnRoot (/home/runner/work/swaxi-dispo-v6/swaxi-dispo-v6/node_modules/react-dom/cjs/react-dom-client.development.js:16228:11)
    at flushSyncWorkAcrossRoots_impl (/home/runner/work/swaxi-dispo-v6/swaxi-dispo-v6/node_modules/react-dom/cjs/react-dom-client.development.js:16079:21)
    at flushSpawnedWork (/home/runner/work/swaxi-dispo-v6/swaxi-dispo-v6/node_modules/react-dom/cjs/react-dom-client.development.js:15677:9)
    at commitRoot (/home/runner/work/swaxi-dispo-v6/swaxi-dispo-v6/node_modules/react-dom/cjs/react-dom-client.development.js:15403:9)
    at performWorkOnRoot (/home/runner/work/swaxi-dispo-v6/swaxi-dispo-v6/node_modules/react-dom/cjs/react-dom-client.development.js:14526:15)
    at performWorkOnRootViaSchedulerTask (/home/runner/work/swaxi-dispo-v6/swaxi-dispo-v6/node_modules/react-dom/cjs/react-dom-client.development.js:16216:7)
    at flushActQueue (/home/runner/work/swaxi-dispo-v6/swaxi-dispo-v6/node_modules/react/cjs/react.development.js:566:34)
    at process.env.NODE_ENV.exports.act (/home/runner/work/swaxi-dispo-v6/swaxi-dispo-v6/node_modules/react/cjs/react.development.js:860:10)
    at /home/runner/work/swaxi-dispo-v6/swaxi-dispo-v6/node_modules/@testing-library/react/dist/act-compat.js:47:25
    at renderRoot (/home/runner/work/swaxi-dispo-v6/swaxi-dispo-v6/node_modules/@testing-library/react/dist/pure.js:190:26)
    at render (/home/runner/work/swaxi-dispo-v6/swaxi-dispo-v6/node_modules/@testing-library/react/dist/pure.js:292:10)
    at renderApp (/home/runner/work/swaxi-dispo-v6/swaxi-dispo-v6/src/tests/shiftCreation.integration.test.jsx:28:18)
    at Object.renderApp (/home/runner/work/swaxi-dispo-v6/swaxi-dispo-v6/src/tests/shiftCreation.integration.test.jsx:45:5)
    at Promise.finally.completed (/home/runner/work/swaxi-dispo-v6/swaxi-dispo-v6/node_modules/jest-circus/build/jestAdapterInit.js:1556:28)
    at new Promise (&lt;anonymous&gt;)
    at callAsyncCircusFn (/home/runner/work/swaxi-dispo-v6/swaxi-dispo-v6/node_modules/jest-circus/build/jestAdapterInit.js:1496:10)
    at _callCircusTest (/home/runner/work/swaxi-dispo-v6/swaxi-dispo-v6/node_modules/jest-circus/build/jestAdapterInit.js:1006:40)
    at processTicksAndRejections (node:internal/process/task_queues:95:5)
    at _runTest (/home/runner/work/swaxi-dispo-v6/swaxi-dispo-v6/node_modules/jest-circus/build/jestAdapterInit.js:946:3)
    at _runTestsForDescribeBlock (/home/runner/work/swaxi-dispo-v6/swaxi-dispo-v6/node_modules/jest-circus/build/jestAdapterInit.js:839:13)
    at _runTestsForDescribeBlock (/home/runner/work/swaxi-dispo-v6/swaxi-dispo-v6/node_modules/jest-circus/build/jestAdapterInit.js:829:11)
    at run (/home/runner/work/swaxi-dispo-v6/swaxi-dispo-v6/node_modules/jest-circus/build/jestAdapterInit.js:757:3)
    at runAndTransformResultsToJestFormat (/home/runner/work/swaxi-dispo-v6/swaxi-dispo-v6/node_modules/jest-circus/build/jestAdapterInit.js:1917:21)
    at jestAdapter (/home/runner/work/swaxi-dispo-v6/swaxi-dispo-v6/node_modules/jest-circus/build/runner.js:101:19)
    at runTestInternal (/home/runner/work/swaxi-dispo-v6/swaxi-dispo-v6/node_modules/jest-runner/build/testWorker.js:275:16)
    at runTest (/home/runner/work/swaxi-dispo-v6/swaxi-dispo-v6/node_modules/jest-runner/build/testWorker.js:343:7)
    at Object.worker (/home/runner/work/swaxi-dispo-v6/swaxi-dispo-v6/node_modules/jest-runner/build/testWorker.js:497:12)</failure>
    </testcase>
  </testsuite>
  <testsuite name="SeriesApplicationModal focus management" errors="0" failures="5" skipped="0" timestamp="2025-08-27T12:06:58" time="1.335" tests="5">
    <testcase classname="SeriesApplicationModal focus management has correct accessibility attributes" name="SeriesApplicationModal focus management has correct accessibility attributes" time="0.125">
      <failure>ReferenceError: lastActiveRef is not defined
    at lastActiveRef (/home/runner/work/swaxi-dispo-v6/swaxi-dispo-v6/src/components/SeriesApplicationModal.jsx:17:7)
    at Object.react_stack_bottom_frame (/home/runner/work/swaxi-dispo-v6/swaxi-dispo-v6/node_modules/react-dom/cjs/react-dom-client.development.js:23953:20)
    at runWithFiberInDEV (/home/runner/work/swaxi-dispo-v6/swaxi-dispo-v6/node_modules/react-dom/cjs/react-dom-client.development.js:1522:13)
    at commitHookEffectListMount (/home/runner/work/swaxi-dispo-v6/swaxi-dispo-v6/node_modules/react-dom/cjs/react-dom-client.development.js:11905:29)
    at commitHookPassiveMountEffects (/home/runner/work/swaxi-dispo-v6/swaxi-dispo-v6/node_modules/react-dom/cjs/react-dom-client.development.js:12028:11)
    at commitPassiveMountOnFiber (/home/runner/work/swaxi-dispo-v6/swaxi-dispo-v6/node_modules/react-dom/cjs/react-dom-client.development.js:13841:13)
    at recursivelyTraversePassiveMountEffects (/home/runner/work/swaxi-dispo-v6/swaxi-dispo-v6/node_modules/react-dom/cjs/react-dom-client.development.js:13815:11)
    at commitPassiveMountOnFiber (/home/runner/work/swaxi-dispo-v6/swaxi-dispo-v6/node_modules/react-dom/cjs/react-dom-client.development.js:13957:11)
    at recursivelyTraversePassiveMountEffects (/home/runner/work/swaxi-dispo-v6/swaxi-dispo-v6/node_modules/react-dom/cjs/react-dom-client.development.js:13815:11)
    at commitPassiveMountOnFiber (/home/runner/work/swaxi-dispo-v6/swaxi-dispo-v6/node_modules/react-dom/cjs/react-dom-client.development.js:13834:11)
    at recursivelyTraversePassiveMountEffects (/home/runner/work/swaxi-dispo-v6/swaxi-dispo-v6/node_modules/react-dom/cjs/react-dom-client.development.js:13815:11)
    at commitPassiveMountOnFiber (/home/runner/work/swaxi-dispo-v6/swaxi-dispo-v6/node_modules/react-dom/cjs/react-dom-client.development.js:13957:11)
    at recursivelyTraversePassiveMountEffects (/home/runner/work/swaxi-dispo-v6/swaxi-dispo-v6/node_modules/react-dom/cjs/react-dom-client.development.js:13815:11)
    at commitPassiveMountOnFiber (/home/runner/work/swaxi-dispo-v6/swaxi-dispo-v6/node_modules/react-dom/cjs/react-dom-client.development.js:13834:11)
    at recursivelyTraversePassiveMountEffects (/home/runner/work/swaxi-dispo-v6/swaxi-dispo-v6/node_modules/react-dom/cjs/react-dom-client.development.js:13815:11)
    at commitPassiveMountOnFiber (/home/runner/work/swaxi-dispo-v6/swaxi-dispo-v6/node_modules/react-dom/cjs/react-dom-client.development.js:13957:11)
    at recursivelyTraversePassiveMountEffects (/home/runner/work/swaxi-dispo-v6/swaxi-dispo-v6/node_modules/react-dom/cjs/react-dom-client.development.js:13815:11)
    at commitPassiveMountOnFiber (/home/runner/work/swaxi-dispo-v6/swaxi-dispo-v6/node_modules/react-dom/cjs/react-dom-client.development.js:13853:11)
    at flushPassiveEffects (/home/runner/work/swaxi-dispo-v6/swaxi-dispo-v6/node_modules/react-dom/cjs/react-dom-client.development.js:15737:9)
    at /home/runner/work/swaxi-dispo-v6/swaxi-dispo-v6/node_modules/react-dom/cjs/react-dom-client.development.js:15379:15
    at flushActQueue (/home/runner/work/swaxi-dispo-v6/swaxi-dispo-v6/node_modules/react/cjs/react.development.js:566:34)
    at process.env.NODE_ENV.exports.act (/home/runner/work/swaxi-dispo-v6/swaxi-dispo-v6/node_modules/react/cjs/react.development.js:860:10)
    at /home/runner/work/swaxi-dispo-v6/swaxi-dispo-v6/node_modules/@testing-library/react/dist/act-compat.js:47:25
    at renderRoot (/home/runner/work/swaxi-dispo-v6/swaxi-dispo-v6/node_modules/@testing-library/react/dist/pure.js:190:26)
    at render (/home/runner/work/swaxi-dispo-v6/swaxi-dispo-v6/node_modules/@testing-library/react/dist/pure.js:292:10)
    at renderWithProviders (/home/runner/work/swaxi-dispo-v6/swaxi-dispo-v6/src/tests/testUtils.jsx:14:16)
    at Object.&lt;anonymous&gt; (/home/runner/work/swaxi-dispo-v6/swaxi-dispo-v6/src/tests/unit/SeriesApplicationModal.focus.test.jsx:40:24)
    at Promise.finally.completed (/home/runner/work/swaxi-dispo-v6/swaxi-dispo-v6/node_modules/jest-circus/build/jestAdapterInit.js:1556:28)
    at new Promise (&lt;anonymous&gt;)
    at callAsyncCircusFn (/home/runner/work/swaxi-dispo-v6/swaxi-dispo-v6/node_modules/jest-circus/build/jestAdapterInit.js:1496:10)
    at _callCircusTest (/home/runner/work/swaxi-dispo-v6/swaxi-dispo-v6/node_modules/jest-circus/build/jestAdapterInit.js:1006:40)
    at processTicksAndRejections (node:internal/process/task_queues:95:5)
    at _runTest (/home/runner/work/swaxi-dispo-v6/swaxi-dispo-v6/node_modules/jest-circus/build/jestAdapterInit.js:946:3)
    at _runTestsForDescribeBlock (/home/runner/work/swaxi-dispo-v6/swaxi-dispo-v6/node_modules/jest-circus/build/jestAdapterInit.js:839:13)
    at _runTestsForDescribeBlock (/home/runner/work/swaxi-dispo-v6/swaxi-dispo-v6/node_modules/jest-circus/build/jestAdapterInit.js:829:11)
    at run (/home/runner/work/swaxi-dispo-v6/swaxi-dispo-v6/node_modules/jest-circus/build/jestAdapterInit.js:757:3)
    at runAndTransformResultsToJestFormat (/home/runner/work/swaxi-dispo-v6/swaxi-dispo-v6/node_modules/jest-circus/build/jestAdapterInit.js:1917:21)
    at jestAdapter (/home/runner/work/swaxi-dispo-v6/swaxi-dispo-v6/node_modules/jest-circus/build/runner.js:101:19)
    at runTestInternal (/home/runner/work/swaxi-dispo-v6/swaxi-dispo-v6/node_modules/jest-runner/build/testWorker.js:275:16)
    at runTest (/home/runner/work/swaxi-dispo-v6/swaxi-dispo-v6/node_modules/jest-runner/build/testWorker.js:343:7)
    at Object.worker (/home/runner/work/swaxi-dispo-v6/swaxi-dispo-v6/node_modules/jest-runner/build/testWorker.js:497:12)</failure>
    </testcase>
    <testcase classname="SeriesApplicationModal focus management stores focused element when modal opens" name="SeriesApplicationModal focus management stores focused element when modal opens" time="0.029">
      <failure>ReferenceError: lastActiveRef is not defined
    at lastActiveRef (/home/runner/work/swaxi-dispo-v6/swaxi-dispo-v6/src/components/SeriesApplicationModal.jsx:17:7)
    at Object.react_stack_bottom_frame (/home/runner/work/swaxi-dispo-v6/swaxi-dispo-v6/node_modules/react-dom/cjs/react-dom-client.development.js:23953:20)
    at runWithFiberInDEV (/home/runner/work/swaxi-dispo-v6/swaxi-dispo-v6/node_modules/react-dom/cjs/react-dom-client.development.js:1522:13)
    at commitHookEffectListMount (/home/runner/work/swaxi-dispo-v6/swaxi-dispo-v6/node_modules/react-dom/cjs/react-dom-client.development.js:11905:29)
    at commitHookPassiveMountEffects (/home/runner/work/swaxi-dispo-v6/swaxi-dispo-v6/node_modules/react-dom/cjs/react-dom-client.development.js:12028:11)
    at commitPassiveMountOnFiber (/home/runner/work/swaxi-dispo-v6/swaxi-dispo-v6/node_modules/react-dom/cjs/react-dom-client.development.js:13841:13)
    at recursivelyTraversePassiveMountEffects (/home/runner/work/swaxi-dispo-v6/swaxi-dispo-v6/node_modules/react-dom/cjs/react-dom-client.development.js:13815:11)
    at commitPassiveMountOnFiber (/home/runner/work/swaxi-dispo-v6/swaxi-dispo-v6/node_modules/react-dom/cjs/react-dom-client.development.js:13957:11)
    at recursivelyTraversePassiveMountEffects (/home/runner/work/swaxi-dispo-v6/swaxi-dispo-v6/node_modules/react-dom/cjs/react-dom-client.development.js:13815:11)
    at commitPassiveMountOnFiber (/home/runner/work/swaxi-dispo-v6/swaxi-dispo-v6/node_modules/react-dom/cjs/react-dom-client.development.js:13834:11)
    at recursivelyTraversePassiveMountEffects (/home/runner/work/swaxi-dispo-v6/swaxi-dispo-v6/node_modules/react-dom/cjs/react-dom-client.development.js:13815:11)
    at commitPassiveMountOnFiber (/home/runner/work/swaxi-dispo-v6/swaxi-dispo-v6/node_modules/react-dom/cjs/react-dom-client.development.js:13957:11)
    at recursivelyTraversePassiveMountEffects (/home/runner/work/swaxi-dispo-v6/swaxi-dispo-v6/node_modules/react-dom/cjs/react-dom-client.development.js:13815:11)
    at commitPassiveMountOnFiber (/home/runner/work/swaxi-dispo-v6/swaxi-dispo-v6/node_modules/react-dom/cjs/react-dom-client.development.js:13834:11)
    at recursivelyTraversePassiveMountEffects (/home/runner/work/swaxi-dispo-v6/swaxi-dispo-v6/node_modules/react-dom/cjs/react-dom-client.development.js:13815:11)
    at commitPassiveMountOnFiber (/home/runner/work/swaxi-dispo-v6/swaxi-dispo-v6/node_modules/react-dom/cjs/react-dom-client.development.js:13957:11)
    at recursivelyTraversePassiveMountEffects (/home/runner/work/swaxi-dispo-v6/swaxi-dispo-v6/node_modules/react-dom/cjs/react-dom-client.development.js:13815:11)
    at commitPassiveMountOnFiber (/home/runner/work/swaxi-dispo-v6/swaxi-dispo-v6/node_modules/react-dom/cjs/react-dom-client.development.js:13853:11)
    at flushPassiveEffects (/home/runner/work/swaxi-dispo-v6/swaxi-dispo-v6/node_modules/react-dom/cjs/react-dom-client.development.js:15737:9)
    at /home/runner/work/swaxi-dispo-v6/swaxi-dispo-v6/node_modules/react-dom/cjs/react-dom-client.development.js:15379:15
    at flushActQueue (/home/runner/work/swaxi-dispo-v6/swaxi-dispo-v6/node_modules/react/cjs/react.development.js:566:34)
    at process.env.NODE_ENV.exports.act (/home/runner/work/swaxi-dispo-v6/swaxi-dispo-v6/node_modules/react/cjs/react.development.js:860:10)
    at /home/runner/work/swaxi-dispo-v6/swaxi-dispo-v6/node_modules/@testing-library/react/dist/act-compat.js:47:25
    at renderRoot (/home/runner/work/swaxi-dispo-v6/swaxi-dispo-v6/node_modules/@testing-library/react/dist/pure.js:190:26)
    at render (/home/runner/work/swaxi-dispo-v6/swaxi-dispo-v6/node_modules/@testing-library/react/dist/pure.js:292:10)
    at renderWithProviders (/home/runner/work/swaxi-dispo-v6/swaxi-dispo-v6/src/tests/testUtils.jsx:14:16)
    at Object.&lt;anonymous&gt; (/home/runner/work/swaxi-dispo-v6/swaxi-dispo-v6/src/tests/unit/SeriesApplicationModal.focus.test.jsx:63:24)
    at Promise.finally.completed (/home/runner/work/swaxi-dispo-v6/swaxi-dispo-v6/node_modules/jest-circus/build/jestAdapterInit.js:1556:28)
    at new Promise (&lt;anonymous&gt;)
    at callAsyncCircusFn (/home/runner/work/swaxi-dispo-v6/swaxi-dispo-v6/node_modules/jest-circus/build/jestAdapterInit.js:1496:10)
    at _callCircusTest (/home/runner/work/swaxi-dispo-v6/swaxi-dispo-v6/node_modules/jest-circus/build/jestAdapterInit.js:1006:40)
    at processTicksAndRejections (node:internal/process/task_queues:95:5)
    at _runTest (/home/runner/work/swaxi-dispo-v6/swaxi-dispo-v6/node_modules/jest-circus/build/jestAdapterInit.js:946:3)
    at _runTestsForDescribeBlock (/home/runner/work/swaxi-dispo-v6/swaxi-dispo-v6/node_modules/jest-circus/build/jestAdapterInit.js:839:13)
    at _runTestsForDescribeBlock (/home/runner/work/swaxi-dispo-v6/swaxi-dispo-v6/node_modules/jest-circus/build/jestAdapterInit.js:829:11)
    at run (/home/runner/work/swaxi-dispo-v6/swaxi-dispo-v6/node_modules/jest-circus/build/jestAdapterInit.js:757:3)
    at runAndTransformResultsToJestFormat (/home/runner/work/swaxi-dispo-v6/swaxi-dispo-v6/node_modules/jest-circus/build/jestAdapterInit.js:1917:21)
    at jestAdapter (/home/runner/work/swaxi-dispo-v6/swaxi-dispo-v6/node_modules/jest-circus/build/runner.js:101:19)
    at runTestInternal (/home/runner/work/swaxi-dispo-v6/swaxi-dispo-v6/node_modules/jest-runner/build/testWorker.js:275:16)
    at runTest (/home/runner/work/swaxi-dispo-v6/swaxi-dispo-v6/node_modules/jest-runner/build/testWorker.js:343:7)
    at Object.worker (/home/runner/work/swaxi-dispo-v6/swaxi-dispo-v6/node_modules/jest-runner/build/testWorker.js:497:12)</failure>
    </testcase>
    <testcase classname="SeriesApplicationModal focus management restores focus to trigger element when modal closes" name="SeriesApplicationModal focus management restores focus to trigger element when modal closes" time="0.013">
      <failure>ReferenceError: lastActiveRef is not defined
    at lastActiveRef (/home/runner/work/swaxi-dispo-v6/swaxi-dispo-v6/src/components/SeriesApplicationModal.jsx:17:7)
    at Object.react_stack_bottom_frame (/home/runner/work/swaxi-dispo-v6/swaxi-dispo-v6/node_modules/react-dom/cjs/react-dom-client.development.js:23953:20)
    at runWithFiberInDEV (/home/runner/work/swaxi-dispo-v6/swaxi-dispo-v6/node_modules/react-dom/cjs/react-dom-client.development.js:1522:13)
    at commitHookEffectListMount (/home/runner/work/swaxi-dispo-v6/swaxi-dispo-v6/node_modules/react-dom/cjs/react-dom-client.development.js:11905:29)
    at commitHookPassiveMountEffects (/home/runner/work/swaxi-dispo-v6/swaxi-dispo-v6/node_modules/react-dom/cjs/react-dom-client.development.js:12028:11)
    at commitPassiveMountOnFiber (/home/runner/work/swaxi-dispo-v6/swaxi-dispo-v6/node_modules/react-dom/cjs/react-dom-client.development.js:13841:13)
    at recursivelyTraversePassiveMountEffects (/home/runner/work/swaxi-dispo-v6/swaxi-dispo-v6/node_modules/react-dom/cjs/react-dom-client.development.js:13815:11)
    at commitPassiveMountOnFiber (/home/runner/work/swaxi-dispo-v6/swaxi-dispo-v6/node_modules/react-dom/cjs/react-dom-client.development.js:13957:11)
    at recursivelyTraversePassiveMountEffects (/home/runner/work/swaxi-dispo-v6/swaxi-dispo-v6/node_modules/react-dom/cjs/react-dom-client.development.js:13815:11)
    at commitPassiveMountOnFiber (/home/runner/work/swaxi-dispo-v6/swaxi-dispo-v6/node_modules/react-dom/cjs/react-dom-client.development.js:13834:11)
    at recursivelyTraversePassiveMountEffects (/home/runner/work/swaxi-dispo-v6/swaxi-dispo-v6/node_modules/react-dom/cjs/react-dom-client.development.js:13815:11)
    at commitPassiveMountOnFiber (/home/runner/work/swaxi-dispo-v6/swaxi-dispo-v6/node_modules/react-dom/cjs/react-dom-client.development.js:13957:11)
    at recursivelyTraversePassiveMountEffects (/home/runner/work/swaxi-dispo-v6/swaxi-dispo-v6/node_modules/react-dom/cjs/react-dom-client.development.js:13815:11)
    at commitPassiveMountOnFiber (/home/runner/work/swaxi-dispo-v6/swaxi-dispo-v6/node_modules/react-dom/cjs/react-dom-client.development.js:13834:11)
    at recursivelyTraversePassiveMountEffects (/home/runner/work/swaxi-dispo-v6/swaxi-dispo-v6/node_modules/react-dom/cjs/react-dom-client.development.js:13815:11)
    at commitPassiveMountOnFiber (/home/runner/work/swaxi-dispo-v6/swaxi-dispo-v6/node_modules/react-dom/cjs/react-dom-client.development.js:13957:11)
    at recursivelyTraversePassiveMountEffects (/home/runner/work/swaxi-dispo-v6/swaxi-dispo-v6/node_modules/react-dom/cjs/react-dom-client.development.js:13815:11)
    at commitPassiveMountOnFiber (/home/runner/work/swaxi-dispo-v6/swaxi-dispo-v6/node_modules/react-dom/cjs/react-dom-client.development.js:13853:11)
    at flushPassiveEffects (/home/runner/work/swaxi-dispo-v6/swaxi-dispo-v6/node_modules/react-dom/cjs/react-dom-client.development.js:15737:9)
    at /home/runner/work/swaxi-dispo-v6/swaxi-dispo-v6/node_modules/react-dom/cjs/react-dom-client.development.js:15379:15
    at flushActQueue (/home/runner/work/swaxi-dispo-v6/swaxi-dispo-v6/node_modules/react/cjs/react.development.js:566:34)
    at process.env.NODE_ENV.exports.act (/home/runner/work/swaxi-dispo-v6/swaxi-dispo-v6/node_modules/react/cjs/react.development.js:860:10)
    at /home/runner/work/swaxi-dispo-v6/swaxi-dispo-v6/node_modules/@testing-library/react/dist/act-compat.js:47:25
    at renderRoot (/home/runner/work/swaxi-dispo-v6/swaxi-dispo-v6/node_modules/@testing-library/react/dist/pure.js:190:26)
    at render (/home/runner/work/swaxi-dispo-v6/swaxi-dispo-v6/node_modules/@testing-library/react/dist/pure.js:292:10)
    at renderWithProviders (/home/runner/work/swaxi-dispo-v6/swaxi-dispo-v6/src/tests/testUtils.jsx:14:16)
    at Object.&lt;anonymous&gt; (/home/runner/work/swaxi-dispo-v6/swaxi-dispo-v6/src/tests/unit/SeriesApplicationModal.focus.test.jsx:79:45)
    at Promise.finally.completed (/home/runner/work/swaxi-dispo-v6/swaxi-dispo-v6/node_modules/jest-circus/build/jestAdapterInit.js:1556:28)
    at new Promise (&lt;anonymous&gt;)
    at callAsyncCircusFn (/home/runner/work/swaxi-dispo-v6/swaxi-dispo-v6/node_modules/jest-circus/build/jestAdapterInit.js:1496:10)
    at _callCircusTest (/home/runner/work/swaxi-dispo-v6/swaxi-dispo-v6/node_modules/jest-circus/build/jestAdapterInit.js:1006:40)
    at processTicksAndRejections (node:internal/process/task_queues:95:5)
    at _runTest (/home/runner/work/swaxi-dispo-v6/swaxi-dispo-v6/node_modules/jest-circus/build/jestAdapterInit.js:946:3)
    at _runTestsForDescribeBlock (/home/runner/work/swaxi-dispo-v6/swaxi-dispo-v6/node_modules/jest-circus/build/jestAdapterInit.js:839:13)
    at _runTestsForDescribeBlock (/home/runner/work/swaxi-dispo-v6/swaxi-dispo-v6/node_modules/jest-circus/build/jestAdapterInit.js:829:11)
    at run (/home/runner/work/swaxi-dispo-v6/swaxi-dispo-v6/node_modules/jest-circus/build/jestAdapterInit.js:757:3)
    at runAndTransformResultsToJestFormat (/home/runner/work/swaxi-dispo-v6/swaxi-dispo-v6/node_modules/jest-circus/build/jestAdapterInit.js:1917:21)
    at jestAdapter (/home/runner/work/swaxi-dispo-v6/swaxi-dispo-v6/node_modules/jest-circus/build/runner.js:101:19)
    at runTestInternal (/home/runner/work/swaxi-dispo-v6/swaxi-dispo-v6/node_modules/jest-runner/build/testWorker.js:275:16)
    at runTest (/home/runner/work/swaxi-dispo-v6/swaxi-dispo-v6/node_modules/jest-runner/build/testWorker.js:343:7)
    at Object.worker (/home/runner/work/swaxi-dispo-v6/swaxi-dispo-v6/node_modules/jest-runner/build/testWorker.js:497:12)</failure>
    </testcase>
    <testcase classname="SeriesApplicationModal focus management focus remains trapped within modal during interaction" name="SeriesApplicationModal focus management focus remains trapped within modal during interaction" time="0.012">
      <failure>ReferenceError: lastActiveRef is not defined
    at lastActiveRef (/home/runner/work/swaxi-dispo-v6/swaxi-dispo-v6/src/components/SeriesApplicationModal.jsx:17:7)
    at Object.react_stack_bottom_frame (/home/runner/work/swaxi-dispo-v6/swaxi-dispo-v6/node_modules/react-dom/cjs/react-dom-client.development.js:23953:20)
    at runWithFiberInDEV (/home/runner/work/swaxi-dispo-v6/swaxi-dispo-v6/node_modules/react-dom/cjs/react-dom-client.development.js:1522:13)
    at commitHookEffectListMount (/home/runner/work/swaxi-dispo-v6/swaxi-dispo-v6/node_modules/react-dom/cjs/react-dom-client.development.js:11905:29)
    at commitHookPassiveMountEffects (/home/runner/work/swaxi-dispo-v6/swaxi-dispo-v6/node_modules/react-dom/cjs/react-dom-client.development.js:12028:11)
    at commitPassiveMountOnFiber (/home/runner/work/swaxi-dispo-v6/swaxi-dispo-v6/node_modules/react-dom/cjs/react-dom-client.development.js:13841:13)
    at recursivelyTraversePassiveMountEffects (/home/runner/work/swaxi-dispo-v6/swaxi-dispo-v6/node_modules/react-dom/cjs/react-dom-client.development.js:13815:11)
    at commitPassiveMountOnFiber (/home/runner/work/swaxi-dispo-v6/swaxi-dispo-v6/node_modules/react-dom/cjs/react-dom-client.development.js:13957:11)
    at recursivelyTraversePassiveMountEffects (/home/runner/work/swaxi-dispo-v6/swaxi-dispo-v6/node_modules/react-dom/cjs/react-dom-client.development.js:13815:11)
    at commitPassiveMountOnFiber (/home/runner/work/swaxi-dispo-v6/swaxi-dispo-v6/node_modules/react-dom/cjs/react-dom-client.development.js:13834:11)
    at recursivelyTraversePassiveMountEffects (/home/runner/work/swaxi-dispo-v6/swaxi-dispo-v6/node_modules/react-dom/cjs/react-dom-client.development.js:13815:11)
    at commitPassiveMountOnFiber (/home/runner/work/swaxi-dispo-v6/swaxi-dispo-v6/node_modules/react-dom/cjs/react-dom-client.development.js:13957:11)
    at recursivelyTraversePassiveMountEffects (/home/runner/work/swaxi-dispo-v6/swaxi-dispo-v6/node_modules/react-dom/cjs/react-dom-client.development.js:13815:11)
    at commitPassiveMountOnFiber (/home/runner/work/swaxi-dispo-v6/swaxi-dispo-v6/node_modules/react-dom/cjs/react-dom-client.development.js:13834:11)
    at recursivelyTraversePassiveMountEffects (/home/runner/work/swaxi-dispo-v6/swaxi-dispo-v6/node_modules/react-dom/cjs/react-dom-client.development.js:13815:11)
    at commitPassiveMountOnFiber (/home/runner/work/swaxi-dispo-v6/swaxi-dispo-v6/node_modules/react-dom/cjs/react-dom-client.development.js:13957:11)
    at recursivelyTraversePassiveMountEffects (/home/runner/work/swaxi-dispo-v6/swaxi-dispo-v6/node_modules/react-dom/cjs/react-dom-client.development.js:13815:11)
    at commitPassiveMountOnFiber (/home/runner/work/swaxi-dispo-v6/swaxi-dispo-v6/node_modules/react-dom/cjs/react-dom-client.development.js:13853:11)
    at flushPassiveEffects (/home/runner/work/swaxi-dispo-v6/swaxi-dispo-v6/node_modules/react-dom/cjs/react-dom-client.development.js:15737:9)
    at /home/runner/work/swaxi-dispo-v6/swaxi-dispo-v6/node_modules/react-dom/cjs/react-dom-client.development.js:15379:15
    at flushActQueue (/home/runner/work/swaxi-dispo-v6/swaxi-dispo-v6/node_modules/react/cjs/react.development.js:566:34)
    at process.env.NODE_ENV.exports.act (/home/runner/work/swaxi-dispo-v6/swaxi-dispo-v6/node_modules/react/cjs/react.development.js:860:10)
    at /home/runner/work/swaxi-dispo-v6/swaxi-dispo-v6/node_modules/@testing-library/react/dist/act-compat.js:47:25
    at renderRoot (/home/runner/work/swaxi-dispo-v6/swaxi-dispo-v6/node_modules/@testing-library/react/dist/pure.js:190:26)
    at render (/home/runner/work/swaxi-dispo-v6/swaxi-dispo-v6/node_modules/@testing-library/react/dist/pure.js:292:10)
    at renderWithProviders (/home/runner/work/swaxi-dispo-v6/swaxi-dispo-v6/src/tests/testUtils.jsx:14:16)
    at Object.&lt;anonymous&gt; (/home/runner/work/swaxi-dispo-v6/swaxi-dispo-v6/src/tests/unit/SeriesApplicationModal.focus.test.jsx:102:24)
    at Promise.finally.completed (/home/runner/work/swaxi-dispo-v6/swaxi-dispo-v6/node_modules/jest-circus/build/jestAdapterInit.js:1556:28)
    at new Promise (&lt;anonymous&gt;)
    at callAsyncCircusFn (/home/runner/work/swaxi-dispo-v6/swaxi-dispo-v6/node_modules/jest-circus/build/jestAdapterInit.js:1496:10)
    at _callCircusTest (/home/runner/work/swaxi-dispo-v6/swaxi-dispo-v6/node_modules/jest-circus/build/jestAdapterInit.js:1006:40)
    at processTicksAndRejections (node:internal/process/task_queues:95:5)
    at _runTest (/home/runner/work/swaxi-dispo-v6/swaxi-dispo-v6/node_modules/jest-circus/build/jestAdapterInit.js:946:3)
    at _runTestsForDescribeBlock (/home/runner/work/swaxi-dispo-v6/swaxi-dispo-v6/node_modules/jest-circus/build/jestAdapterInit.js:839:13)
    at _runTestsForDescribeBlock (/home/runner/work/swaxi-dispo-v6/swaxi-dispo-v6/node_modules/jest-circus/build/jestAdapterInit.js:829:11)
    at run (/home/runner/work/swaxi-dispo-v6/swaxi-dispo-v6/node_modules/jest-circus/build/jestAdapterInit.js:757:3)
    at runAndTransformResultsToJestFormat (/home/runner/work/swaxi-dispo-v6/swaxi-dispo-v6/node_modules/jest-circus/build/jestAdapterInit.js:1917:21)
    at jestAdapter (/home/runner/work/swaxi-dispo-v6/swaxi-dispo-v6/node_modules/jest-circus/build/runner.js:101:19)
    at runTestInternal (/home/runner/work/swaxi-dispo-v6/swaxi-dispo-v6/node_modules/jest-runner/build/testWorker.js:275:16)
    at runTest (/home/runner/work/swaxi-dispo-v6/swaxi-dispo-v6/node_modules/jest-runner/build/testWorker.js:343:7)
    at Object.worker (/home/runner/work/swaxi-dispo-v6/swaxi-dispo-v6/node_modules/jest-runner/build/testWorker.js:497:12)</failure>
    </testcase>
    <testcase classname="SeriesApplicationModal focus management returns focus to trigger button when closed via close button" name="SeriesApplicationModal focus management returns focus to trigger button when closed via close button" time="0.012">
      <failure>ReferenceError: lastActiveRef is not defined
    at lastActiveRef (/home/runner/work/swaxi-dispo-v6/swaxi-dispo-v6/src/components/SeriesApplicationModal.jsx:17:7)
    at Object.react_stack_bottom_frame (/home/runner/work/swaxi-dispo-v6/swaxi-dispo-v6/node_modules/react-dom/cjs/react-dom-client.development.js:23953:20)
    at runWithFiberInDEV (/home/runner/work/swaxi-dispo-v6/swaxi-dispo-v6/node_modules/react-dom/cjs/react-dom-client.development.js:1522:13)
    at commitHookEffectListMount (/home/runner/work/swaxi-dispo-v6/swaxi-dispo-v6/node_modules/react-dom/cjs/react-dom-client.development.js:11905:29)
    at commitHookPassiveMountEffects (/home/runner/work/swaxi-dispo-v6/swaxi-dispo-v6/node_modules/react-dom/cjs/react-dom-client.development.js:12028:11)
    at commitPassiveMountOnFiber (/home/runner/work/swaxi-dispo-v6/swaxi-dispo-v6/node_modules/react-dom/cjs/react-dom-client.development.js:13841:13)
    at recursivelyTraversePassiveMountEffects (/home/runner/work/swaxi-dispo-v6/swaxi-dispo-v6/node_modules/react-dom/cjs/react-dom-client.development.js:13815:11)
    at commitPassiveMountOnFiber (/home/runner/work/swaxi-dispo-v6/swaxi-dispo-v6/node_modules/react-dom/cjs/react-dom-client.development.js:13957:11)
    at recursivelyTraversePassiveMountEffects (/home/runner/work/swaxi-dispo-v6/swaxi-dispo-v6/node_modules/react-dom/cjs/react-dom-client.development.js:13815:11)
    at commitPassiveMountOnFiber (/home/runner/work/swaxi-dispo-v6/swaxi-dispo-v6/node_modules/react-dom/cjs/react-dom-client.development.js:13834:11)
    at recursivelyTraversePassiveMountEffects (/home/runner/work/swaxi-dispo-v6/swaxi-dispo-v6/node_modules/react-dom/cjs/react-dom-client.development.js:13815:11)
    at commitPassiveMountOnFiber (/home/runner/work/swaxi-dispo-v6/swaxi-dispo-v6/node_modules/react-dom/cjs/react-dom-client.development.js:13957:11)
    at recursivelyTraversePassiveMountEffects (/home/runner/work/swaxi-dispo-v6/swaxi-dispo-v6/node_modules/react-dom/cjs/react-dom-client.development.js:13815:11)
    at commitPassiveMountOnFiber (/home/runner/work/swaxi-dispo-v6/swaxi-dispo-v6/node_modules/react-dom/cjs/react-dom-client.development.js:13834:11)
    at recursivelyTraversePassiveMountEffects (/home/runner/work/swaxi-dispo-v6/swaxi-dispo-v6/node_modules/react-dom/cjs/react-dom-client.development.js:13815:11)
    at commitPassiveMountOnFiber (/home/runner/work/swaxi-dispo-v6/swaxi-dispo-v6/node_modules/react-dom/cjs/react-dom-client.development.js:13957:11)
    at recursivelyTraversePassiveMountEffects (/home/runner/work/swaxi-dispo-v6/swaxi-dispo-v6/node_modules/react-dom/cjs/react-dom-client.development.js:13815:11)
    at commitPassiveMountOnFiber (/home/runner/work/swaxi-dispo-v6/swaxi-dispo-v6/node_modules/react-dom/cjs/react-dom-client.development.js:13853:11)
    at flushPassiveEffects (/home/runner/work/swaxi-dispo-v6/swaxi-dispo-v6/node_modules/react-dom/cjs/react-dom-client.development.js:15737:9)
    at /home/runner/work/swaxi-dispo-v6/swaxi-dispo-v6/node_modules/react-dom/cjs/react-dom-client.development.js:15379:15
    at flushActQueue (/home/runner/work/swaxi-dispo-v6/swaxi-dispo-v6/node_modules/react/cjs/react.development.js:566:34)
    at process.env.NODE_ENV.exports.act (/home/runner/work/swaxi-dispo-v6/swaxi-dispo-v6/node_modules/react/cjs/react.development.js:860:10)
    at /home/runner/work/swaxi-dispo-v6/swaxi-dispo-v6/node_modules/@testing-library/react/dist/act-compat.js:47:25
    at renderRoot (/home/runner/work/swaxi-dispo-v6/swaxi-dispo-v6/node_modules/@testing-library/react/dist/pure.js:190:26)
    at render (/home/runner/work/swaxi-dispo-v6/swaxi-dispo-v6/node_modules/@testing-library/react/dist/pure.js:292:10)
    at renderWithProviders (/home/runner/work/swaxi-dispo-v6/swaxi-dispo-v6/src/tests/testUtils.jsx:14:16)
    at Object.&lt;anonymous&gt; (/home/runner/work/swaxi-dispo-v6/swaxi-dispo-v6/src/tests/unit/SeriesApplicationModal.focus.test.jsx:128:24)
    at Promise.finally.completed (/home/runner/work/swaxi-dispo-v6/swaxi-dispo-v6/node_modules/jest-circus/build/jestAdapterInit.js:1556:28)
    at new Promise (&lt;anonymous&gt;)
    at callAsyncCircusFn (/home/runner/work/swaxi-dispo-v6/swaxi-dispo-v6/node_modules/jest-circus/build/jestAdapterInit.js:1496:10)
    at _callCircusTest (/home/runner/work/swaxi-dispo-v6/swaxi-dispo-v6/node_modules/jest-circus/build/jestAdapterInit.js:1006:40)
    at processTicksAndRejections (node:internal/process/task_queues:95:5)
    at _runTest (/home/runner/work/swaxi-dispo-v6/swaxi-dispo-v6/node_modules/jest-circus/build/jestAdapterInit.js:946:3)
    at _runTestsForDescribeBlock (/home/runner/work/swaxi-dispo-v6/swaxi-dispo-v6/node_modules/jest-circus/build/jestAdapterInit.js:839:13)
    at _runTestsForDescribeBlock (/home/runner/work/swaxi-dispo-v6/swaxi-dispo-v6/node_modules/jest-circus/build/jestAdapterInit.js:829:11)
    at run (/home/runner/work/swaxi-dispo-v6/swaxi-dispo-v6/node_modules/jest-circus/build/jestAdapterInit.js:757:3)
    at runAndTransformResultsToJestFormat (/home/runner/work/swaxi-dispo-v6/swaxi-dispo-v6/node_modules/jest-circus/build/jestAdapterInit.js:1917:21)
    at jestAdapter (/home/runner/work/swaxi-dispo-v6/swaxi-dispo-v6/node_modules/jest-circus/build/runner.js:101:19)
    at runTestInternal (/home/runner/work/swaxi-dispo-v6/swaxi-dispo-v6/node_modules/jest-runner/build/testWorker.js:275:16)
    at runTest (/home/runner/work/swaxi-dispo-v6/swaxi-dispo-v6/node_modules/jest-runner/build/testWorker.js:343:7)
    at Object.worker (/home/runner/work/swaxi-dispo-v6/swaxi-dispo-v6/node_modules/jest-runner/build/testWorker.js:497:12)</failure>
    </testcase>
  </testsuite>
  <testsuite name="Calendar page" errors="0" failures="4" skipped="0" timestamp="2025-08-27T12:06:58" time="1.761" tests="4">
    <testcase classname="Calendar page renders week header and shifts" name="Calendar page renders week header and shifts" time="0.22">
      <failure>ReferenceError: lastActiveRef is not defined
    at current (/home/runner/work/swaxi-dispo-v6/swaxi-dispo-v6/src/components/SeriesApplicationModal.jsx:20:34)
    at Object.react_stack_bottom_frame (/home/runner/work/swaxi-dispo-v6/swaxi-dispo-v6/node_modules/react-dom/cjs/react-dom-client.development.js:23953:20)
    at runWithFiberInDEV (/home/runner/work/swaxi-dispo-v6/swaxi-dispo-v6/node_modules/react-dom/cjs/react-dom-client.development.js:1522:13)
    at commitHookEffectListMount (/home/runner/work/swaxi-dispo-v6/swaxi-dispo-v6/node_modules/react-dom/cjs/react-dom-client.development.js:11905:29)
    at commitHookPassiveMountEffects (/home/runner/work/swaxi-dispo-v6/swaxi-dispo-v6/node_modules/react-dom/cjs/react-dom-client.development.js:12028:11)
    at commitPassiveMountOnFiber (/home/runner/work/swaxi-dispo-v6/swaxi-dispo-v6/node_modules/react-dom/cjs/react-dom-client.development.js:13841:13)
    at recursivelyTraversePassiveMountEffects (/home/runner/work/swaxi-dispo-v6/swaxi-dispo-v6/node_modules/react-dom/cjs/react-dom-client.development.js:13815:11)
    at commitPassiveMountOnFiber (/home/runner/work/swaxi-dispo-v6/swaxi-dispo-v6/node_modules/react-dom/cjs/react-dom-client.development.js:13957:11)
    at recursivelyTraversePassiveMountEffects (/home/runner/work/swaxi-dispo-v6/swaxi-dispo-v6/node_modules/react-dom/cjs/react-dom-client.development.js:13815:11)
    at commitPassiveMountOnFiber (/home/runner/work/swaxi-dispo-v6/swaxi-dispo-v6/node_modules/react-dom/cjs/react-dom-client.development.js:13834:11)
    at recursivelyTraversePassiveMountEffects (/home/runner/work/swaxi-dispo-v6/swaxi-dispo-v6/node_modules/react-dom/cjs/react-dom-client.development.js:13815:11)
    at commitPassiveMountOnFiber (/home/runner/work/swaxi-dispo-v6/swaxi-dispo-v6/node_modules/react-dom/cjs/react-dom-client.development.js:13957:11)
    at recursivelyTraversePassiveMountEffects (/home/runner/work/swaxi-dispo-v6/swaxi-dispo-v6/node_modules/react-dom/cjs/react-dom-client.development.js:13815:11)
    at commitPassiveMountOnFiber (/home/runner/work/swaxi-dispo-v6/swaxi-dispo-v6/node_modules/react-dom/cjs/react-dom-client.development.js:13957:11)
    at recursivelyTraversePassiveMountEffects (/home/runner/work/swaxi-dispo-v6/swaxi-dispo-v6/node_modules/react-dom/cjs/react-dom-client.development.js:13815:11)
    at commitPassiveMountOnFiber (/home/runner/work/swaxi-dispo-v6/swaxi-dispo-v6/node_modules/react-dom/cjs/react-dom-client.development.js:13834:11)
    at recursivelyTraversePassiveMountEffects (/home/runner/work/swaxi-dispo-v6/swaxi-dispo-v6/node_modules/react-dom/cjs/react-dom-client.development.js:13815:11)
    at commitPassiveMountOnFiber (/home/runner/work/swaxi-dispo-v6/swaxi-dispo-v6/node_modules/react-dom/cjs/react-dom-client.development.js:13957:11)
    at recursivelyTraversePassiveMountEffects (/home/runner/work/swaxi-dispo-v6/swaxi-dispo-v6/node_modules/react-dom/cjs/react-dom-client.development.js:13815:11)
    at commitPassiveMountOnFiber (/home/runner/work/swaxi-dispo-v6/swaxi-dispo-v6/node_modules/react-dom/cjs/react-dom-client.development.js:13834:11)
    at recursivelyTraversePassiveMountEffects (/home/runner/work/swaxi-dispo-v6/swaxi-dispo-v6/node_modules/react-dom/cjs/react-dom-client.development.js:13815:11)
    at commitPassiveMountOnFiber (/home/runner/work/swaxi-dispo-v6/swaxi-dispo-v6/node_modules/react-dom/cjs/react-dom-client.development.js:13957:11)
    at recursivelyTraversePassiveMountEffects (/home/runner/work/swaxi-dispo-v6/swaxi-dispo-v6/node_modules/react-dom/cjs/react-dom-client.development.js:13815:11)
    at commitPassiveMountOnFiber (/home/runner/work/swaxi-dispo-v6/swaxi-dispo-v6/node_modules/react-dom/cjs/react-dom-client.development.js:13834:11)
    at recursivelyTraversePassiveMountEffects (/home/runner/work/swaxi-dispo-v6/swaxi-dispo-v6/node_modules/react-dom/cjs/react-dom-client.development.js:13815:11)
    at commitPassiveMountOnFiber (/home/runner/work/swaxi-dispo-v6/swaxi-dispo-v6/node_modules/react-dom/cjs/react-dom-client.development.js:13957:11)
    at recursivelyTraversePassiveMountEffects (/home/runner/work/swaxi-dispo-v6/swaxi-dispo-v6/node_modules/react-dom/cjs/react-dom-client.development.js:13815:11)
    at commitPassiveMountOnFiber (/home/runner/work/swaxi-dispo-v6/swaxi-dispo-v6/node_modules/react-dom/cjs/react-dom-client.development.js:13853:11)
    at flushPassiveEffects (/home/runner/work/swaxi-dispo-v6/swaxi-dispo-v6/node_modules/react-dom/cjs/react-dom-client.development.js:15737:9)
    at /home/runner/work/swaxi-dispo-v6/swaxi-dispo-v6/node_modules/react-dom/cjs/react-dom-client.development.js:15379:15
    at flushActQueue (/home/runner/work/swaxi-dispo-v6/swaxi-dispo-v6/node_modules/react/cjs/react.development.js:566:34)
    at process.env.NODE_ENV.exports.act (/home/runner/work/swaxi-dispo-v6/swaxi-dispo-v6/node_modules/react/cjs/react.development.js:860:10)
    at /home/runner/work/swaxi-dispo-v6/swaxi-dispo-v6/node_modules/@testing-library/react/dist/act-compat.js:47:25
    at renderRoot (/home/runner/work/swaxi-dispo-v6/swaxi-dispo-v6/node_modules/@testing-library/react/dist/pure.js:190:26)
    at render (/home/runner/work/swaxi-dispo-v6/swaxi-dispo-v6/node_modules/@testing-library/react/dist/pure.js:292:10)
    at renderWithProviders (/home/runner/work/swaxi-dispo-v6/swaxi-dispo-v6/src/tests/testUtils.jsx:14:16)
    at Object.&lt;anonymous&gt; (/home/runner/work/swaxi-dispo-v6/swaxi-dispo-v6/src/tests/Calendar.test.jsx:20:24)
    at Promise.finally.completed (/home/runner/work/swaxi-dispo-v6/swaxi-dispo-v6/node_modules/jest-circus/build/jestAdapterInit.js:1556:28)
    at new Promise (&lt;anonymous&gt;)
    at callAsyncCircusFn (/home/runner/work/swaxi-dispo-v6/swaxi-dispo-v6/node_modules/jest-circus/build/jestAdapterInit.js:1496:10)
    at _callCircusTest (/home/runner/work/swaxi-dispo-v6/swaxi-dispo-v6/node_modules/jest-circus/build/jestAdapterInit.js:1006:40)
    at processTicksAndRejections (node:internal/process/task_queues:95:5)
    at _runTest (/home/runner/work/swaxi-dispo-v6/swaxi-dispo-v6/node_modules/jest-circus/build/jestAdapterInit.js:946:3)
    at _runTestsForDescribeBlock (/home/runner/work/swaxi-dispo-v6/swaxi-dispo-v6/node_modules/jest-circus/build/jestAdapterInit.js:839:13)
    at _runTestsForDescribeBlock (/home/runner/work/swaxi-dispo-v6/swaxi-dispo-v6/node_modules/jest-circus/build/jestAdapterInit.js:829:11)
    at run (/home/runner/work/swaxi-dispo-v6/swaxi-dispo-v6/node_modules/jest-circus/build/jestAdapterInit.js:757:3)
    at runAndTransformResultsToJestFormat (/home/runner/work/swaxi-dispo-v6/swaxi-dispo-v6/node_modules/jest-circus/build/jestAdapterInit.js:1917:21)
    at jestAdapter (/home/runner/work/swaxi-dispo-v6/swaxi-dispo-v6/node_modules/jest-circus/build/runner.js:101:19)
    at runTestInternal (/home/runner/work/swaxi-dispo-v6/swaxi-dispo-v6/node_modules/jest-runner/build/testWorker.js:275:16)
    at runTest (/home/runner/work/swaxi-dispo-v6/swaxi-dispo-v6/node_modules/jest-runner/build/testWorker.js:343:7)
    at Object.worker (/home/runner/work/swaxi-dispo-v6/swaxi-dispo-v6/node_modules/jest-runner/build/testWorker.js:497:12)</failure>
    </testcase>
    <testcase classname="Calendar page navigates weeks forward and back" name="Calendar page navigates weeks forward and back" time="0.059">
      <failure>ReferenceError: lastActiveRef is not defined
    at current (/home/runner/work/swaxi-dispo-v6/swaxi-dispo-v6/src/components/SeriesApplicationModal.jsx:20:34)
    at Object.react_stack_bottom_frame (/home/runner/work/swaxi-dispo-v6/swaxi-dispo-v6/node_modules/react-dom/cjs/react-dom-client.development.js:23953:20)
    at runWithFiberInDEV (/home/runner/work/swaxi-dispo-v6/swaxi-dispo-v6/node_modules/react-dom/cjs/react-dom-client.development.js:1522:13)
    at commitHookEffectListMount (/home/runner/work/swaxi-dispo-v6/swaxi-dispo-v6/node_modules/react-dom/cjs/react-dom-client.development.js:11905:29)
    at commitHookPassiveMountEffects (/home/runner/work/swaxi-dispo-v6/swaxi-dispo-v6/node_modules/react-dom/cjs/react-dom-client.development.js:12028:11)
    at commitPassiveMountOnFiber (/home/runner/work/swaxi-dispo-v6/swaxi-dispo-v6/node_modules/react-dom/cjs/react-dom-client.development.js:13841:13)
    at recursivelyTraversePassiveMountEffects (/home/runner/work/swaxi-dispo-v6/swaxi-dispo-v6/node_modules/react-dom/cjs/react-dom-client.development.js:13815:11)
    at commitPassiveMountOnFiber (/home/runner/work/swaxi-dispo-v6/swaxi-dispo-v6/node_modules/react-dom/cjs/react-dom-client.development.js:13957:11)
    at recursivelyTraversePassiveMountEffects (/home/runner/work/swaxi-dispo-v6/swaxi-dispo-v6/node_modules/react-dom/cjs/react-dom-client.development.js:13815:11)
    at commitPassiveMountOnFiber (/home/runner/work/swaxi-dispo-v6/swaxi-dispo-v6/node_modules/react-dom/cjs/react-dom-client.development.js:13834:11)
    at recursivelyTraversePassiveMountEffects (/home/runner/work/swaxi-dispo-v6/swaxi-dispo-v6/node_modules/react-dom/cjs/react-dom-client.development.js:13815:11)
    at commitPassiveMountOnFiber (/home/runner/work/swaxi-dispo-v6/swaxi-dispo-v6/node_modules/react-dom/cjs/react-dom-client.development.js:13957:11)
    at recursivelyTraversePassiveMountEffects (/home/runner/work/swaxi-dispo-v6/swaxi-dispo-v6/node_modules/react-dom/cjs/react-dom-client.development.js:13815:11)
    at commitPassiveMountOnFiber (/home/runner/work/swaxi-dispo-v6/swaxi-dispo-v6/node_modules/react-dom/cjs/react-dom-client.development.js:13957:11)
    at recursivelyTraversePassiveMountEffects (/home/runner/work/swaxi-dispo-v6/swaxi-dispo-v6/node_modules/react-dom/cjs/react-dom-client.development.js:13815:11)
    at commitPassiveMountOnFiber (/home/runner/work/swaxi-dispo-v6/swaxi-dispo-v6/node_modules/react-dom/cjs/react-dom-client.development.js:13834:11)
    at recursivelyTraversePassiveMountEffects (/home/runner/work/swaxi-dispo-v6/swaxi-dispo-v6/node_modules/react-dom/cjs/react-dom-client.development.js:13815:11)
    at commitPassiveMountOnFiber (/home/runner/work/swaxi-dispo-v6/swaxi-dispo-v6/node_modules/react-dom/cjs/react-dom-client.development.js:13957:11)
    at recursivelyTraversePassiveMountEffects (/home/runner/work/swaxi-dispo-v6/swaxi-dispo-v6/node_modules/react-dom/cjs/react-dom-client.development.js:13815:11)
    at commitPassiveMountOnFiber (/home/runner/work/swaxi-dispo-v6/swaxi-dispo-v6/node_modules/react-dom/cjs/react-dom-client.development.js:13834:11)
    at recursivelyTraversePassiveMountEffects (/home/runner/work/swaxi-dispo-v6/swaxi-dispo-v6/node_modules/react-dom/cjs/react-dom-client.development.js:13815:11)
    at commitPassiveMountOnFiber (/home/runner/work/swaxi-dispo-v6/swaxi-dispo-v6/node_modules/react-dom/cjs/react-dom-client.development.js:13957:11)
    at recursivelyTraversePassiveMountEffects (/home/runner/work/swaxi-dispo-v6/swaxi-dispo-v6/node_modules/react-dom/cjs/react-dom-client.development.js:13815:11)
    at commitPassiveMountOnFiber (/home/runner/work/swaxi-dispo-v6/swaxi-dispo-v6/node_modules/react-dom/cjs/react-dom-client.development.js:13834:11)
    at recursivelyTraversePassiveMountEffects (/home/runner/work/swaxi-dispo-v6/swaxi-dispo-v6/node_modules/react-dom/cjs/react-dom-client.development.js:13815:11)
    at commitPassiveMountOnFiber (/home/runner/work/swaxi-dispo-v6/swaxi-dispo-v6/node_modules/react-dom/cjs/react-dom-client.development.js:13957:11)
    at recursivelyTraversePassiveMountEffects (/home/runner/work/swaxi-dispo-v6/swaxi-dispo-v6/node_modules/react-dom/cjs/react-dom-client.development.js:13815:11)
    at commitPassiveMountOnFiber (/home/runner/work/swaxi-dispo-v6/swaxi-dispo-v6/node_modules/react-dom/cjs/react-dom-client.development.js:13853:11)
    at flushPassiveEffects (/home/runner/work/swaxi-dispo-v6/swaxi-dispo-v6/node_modules/react-dom/cjs/react-dom-client.development.js:15737:9)
    at /home/runner/work/swaxi-dispo-v6/swaxi-dispo-v6/node_modules/react-dom/cjs/react-dom-client.development.js:15379:15
    at flushActQueue (/home/runner/work/swaxi-dispo-v6/swaxi-dispo-v6/node_modules/react/cjs/react.development.js:566:34)
    at process.env.NODE_ENV.exports.act (/home/runner/work/swaxi-dispo-v6/swaxi-dispo-v6/node_modules/react/cjs/react.development.js:860:10)
    at /home/runner/work/swaxi-dispo-v6/swaxi-dispo-v6/node_modules/@testing-library/react/dist/act-compat.js:47:25
    at renderRoot (/home/runner/work/swaxi-dispo-v6/swaxi-dispo-v6/node_modules/@testing-library/react/dist/pure.js:190:26)
    at render (/home/runner/work/swaxi-dispo-v6/swaxi-dispo-v6/node_modules/@testing-library/react/dist/pure.js:292:10)
    at renderWithProviders (/home/runner/work/swaxi-dispo-v6/swaxi-dispo-v6/src/tests/testUtils.jsx:14:16)
    at Object.&lt;anonymous&gt; (/home/runner/work/swaxi-dispo-v6/swaxi-dispo-v6/src/tests/Calendar.test.jsx:28:24)
    at Promise.finally.completed (/home/runner/work/swaxi-dispo-v6/swaxi-dispo-v6/node_modules/jest-circus/build/jestAdapterInit.js:1556:28)
    at new Promise (&lt;anonymous&gt;)
    at callAsyncCircusFn (/home/runner/work/swaxi-dispo-v6/swaxi-dispo-v6/node_modules/jest-circus/build/jestAdapterInit.js:1496:10)
    at _callCircusTest (/home/runner/work/swaxi-dispo-v6/swaxi-dispo-v6/node_modules/jest-circus/build/jestAdapterInit.js:1006:40)
    at processTicksAndRejections (node:internal/process/task_queues:95:5)
    at _runTest (/home/runner/work/swaxi-dispo-v6/swaxi-dispo-v6/node_modules/jest-circus/build/jestAdapterInit.js:946:3)
    at _runTestsForDescribeBlock (/home/runner/work/swaxi-dispo-v6/swaxi-dispo-v6/node_modules/jest-circus/build/jestAdapterInit.js:839:13)
    at _runTestsForDescribeBlock (/home/runner/work/swaxi-dispo-v6/swaxi-dispo-v6/node_modules/jest-circus/build/jestAdapterInit.js:829:11)
    at run (/home/runner/work/swaxi-dispo-v6/swaxi-dispo-v6/node_modules/jest-circus/build/jestAdapterInit.js:757:3)
    at runAndTransformResultsToJestFormat (/home/runner/work/swaxi-dispo-v6/swaxi-dispo-v6/node_modules/jest-circus/build/jestAdapterInit.js:1917:21)
    at jestAdapter (/home/runner/work/swaxi-dispo-v6/swaxi-dispo-v6/node_modules/jest-circus/build/runner.js:101:19)
    at runTestInternal (/home/runner/work/swaxi-dispo-v6/swaxi-dispo-v6/node_modules/jest-runner/build/testWorker.js:275:16)
    at runTest (/home/runner/work/swaxi-dispo-v6/swaxi-dispo-v6/node_modules/jest-runner/build/testWorker.js:343:7)
    at Object.worker (/home/runner/work/swaxi-dispo-v6/swaxi-dispo-v6/node_modules/jest-runner/build/testWorker.js:497:12)</failure>
    </testcase>
    <testcase classname="Calendar page resets to today" name="Calendar page resets to today" time="0.057">
      <failure>ReferenceError: lastActiveRef is not defined
    at current (/home/runner/work/swaxi-dispo-v6/swaxi-dispo-v6/src/components/SeriesApplicationModal.jsx:20:34)
    at Object.react_stack_bottom_frame (/home/runner/work/swaxi-dispo-v6/swaxi-dispo-v6/node_modules/react-dom/cjs/react-dom-client.development.js:23953:20)
    at runWithFiberInDEV (/home/runner/work/swaxi-dispo-v6/swaxi-dispo-v6/node_modules/react-dom/cjs/react-dom-client.development.js:1522:13)
    at commitHookEffectListMount (/home/runner/work/swaxi-dispo-v6/swaxi-dispo-v6/node_modules/react-dom/cjs/react-dom-client.development.js:11905:29)
    at commitHookPassiveMountEffects (/home/runner/work/swaxi-dispo-v6/swaxi-dispo-v6/node_modules/react-dom/cjs/react-dom-client.development.js:12028:11)
    at commitPassiveMountOnFiber (/home/runner/work/swaxi-dispo-v6/swaxi-dispo-v6/node_modules/react-dom/cjs/react-dom-client.development.js:13841:13)
    at recursivelyTraversePassiveMountEffects (/home/runner/work/swaxi-dispo-v6/swaxi-dispo-v6/node_modules/react-dom/cjs/react-dom-client.development.js:13815:11)
    at commitPassiveMountOnFiber (/home/runner/work/swaxi-dispo-v6/swaxi-dispo-v6/node_modules/react-dom/cjs/react-dom-client.development.js:13957:11)
    at recursivelyTraversePassiveMountEffects (/home/runner/work/swaxi-dispo-v6/swaxi-dispo-v6/node_modules/react-dom/cjs/react-dom-client.development.js:13815:11)
    at commitPassiveMountOnFiber (/home/runner/work/swaxi-dispo-v6/swaxi-dispo-v6/node_modules/react-dom/cjs/react-dom-client.development.js:13834:11)
    at recursivelyTraversePassiveMountEffects (/home/runner/work/swaxi-dispo-v6/swaxi-dispo-v6/node_modules/react-dom/cjs/react-dom-client.development.js:13815:11)
    at commitPassiveMountOnFiber (/home/runner/work/swaxi-dispo-v6/swaxi-dispo-v6/node_modules/react-dom/cjs/react-dom-client.development.js:13957:11)
    at recursivelyTraversePassiveMountEffects (/home/runner/work/swaxi-dispo-v6/swaxi-dispo-v6/node_modules/react-dom/cjs/react-dom-client.development.js:13815:11)
    at commitPassiveMountOnFiber (/home/runner/work/swaxi-dispo-v6/swaxi-dispo-v6/node_modules/react-dom/cjs/react-dom-client.development.js:13957:11)
    at recursivelyTraversePassiveMountEffects (/home/runner/work/swaxi-dispo-v6/swaxi-dispo-v6/node_modules/react-dom/cjs/react-dom-client.development.js:13815:11)
    at commitPassiveMountOnFiber (/home/runner/work/swaxi-dispo-v6/swaxi-dispo-v6/node_modules/react-dom/cjs/react-dom-client.development.js:13834:11)
    at recursivelyTraversePassiveMountEffects (/home/runner/work/swaxi-dispo-v6/swaxi-dispo-v6/node_modules/react-dom/cjs/react-dom-client.development.js:13815:11)
    at commitPassiveMountOnFiber (/home/runner/work/swaxi-dispo-v6/swaxi-dispo-v6/node_modules/react-dom/cjs/react-dom-client.development.js:13957:11)
    at recursivelyTraversePassiveMountEffects (/home/runner/work/swaxi-dispo-v6/swaxi-dispo-v6/node_modules/react-dom/cjs/react-dom-client.development.js:13815:11)
    at commitPassiveMountOnFiber (/home/runner/work/swaxi-dispo-v6/swaxi-dispo-v6/node_modules/react-dom/cjs/react-dom-client.development.js:13834:11)
    at recursivelyTraversePassiveMountEffects (/home/runner/work/swaxi-dispo-v6/swaxi-dispo-v6/node_modules/react-dom/cjs/react-dom-client.development.js:13815:11)
    at commitPassiveMountOnFiber (/home/runner/work/swaxi-dispo-v6/swaxi-dispo-v6/node_modules/react-dom/cjs/react-dom-client.development.js:13957:11)
    at recursivelyTraversePassiveMountEffects (/home/runner/work/swaxi-dispo-v6/swaxi-dispo-v6/node_modules/react-dom/cjs/react-dom-client.development.js:13815:11)
    at commitPassiveMountOnFiber (/home/runner/work/swaxi-dispo-v6/swaxi-dispo-v6/node_modules/react-dom/cjs/react-dom-client.development.js:13834:11)
    at recursivelyTraversePassiveMountEffects (/home/runner/work/swaxi-dispo-v6/swaxi-dispo-v6/node_modules/react-dom/cjs/react-dom-client.development.js:13815:11)
    at commitPassiveMountOnFiber (/home/runner/work/swaxi-dispo-v6/swaxi-dispo-v6/node_modules/react-dom/cjs/react-dom-client.development.js:13957:11)
    at recursivelyTraversePassiveMountEffects (/home/runner/work/swaxi-dispo-v6/swaxi-dispo-v6/node_modules/react-dom/cjs/react-dom-client.development.js:13815:11)
    at commitPassiveMountOnFiber (/home/runner/work/swaxi-dispo-v6/swaxi-dispo-v6/node_modules/react-dom/cjs/react-dom-client.development.js:13853:11)
    at flushPassiveEffects (/home/runner/work/swaxi-dispo-v6/swaxi-dispo-v6/node_modules/react-dom/cjs/react-dom-client.development.js:15737:9)
    at /home/runner/work/swaxi-dispo-v6/swaxi-dispo-v6/node_modules/react-dom/cjs/react-dom-client.development.js:15379:15
    at flushActQueue (/home/runner/work/swaxi-dispo-v6/swaxi-dispo-v6/node_modules/react/cjs/react.development.js:566:34)
    at process.env.NODE_ENV.exports.act (/home/runner/work/swaxi-dispo-v6/swaxi-dispo-v6/node_modules/react/cjs/react.development.js:860:10)
    at /home/runner/work/swaxi-dispo-v6/swaxi-dispo-v6/node_modules/@testing-library/react/dist/act-compat.js:47:25
    at renderRoot (/home/runner/work/swaxi-dispo-v6/swaxi-dispo-v6/node_modules/@testing-library/react/dist/pure.js:190:26)
    at render (/home/runner/work/swaxi-dispo-v6/swaxi-dispo-v6/node_modules/@testing-library/react/dist/pure.js:292:10)
    at renderWithProviders (/home/runner/work/swaxi-dispo-v6/swaxi-dispo-v6/src/tests/testUtils.jsx:14:16)
    at Object.&lt;anonymous&gt; (/home/runner/work/swaxi-dispo-v6/swaxi-dispo-v6/src/tests/Calendar.test.jsx:39:24)
    at Promise.finally.completed (/home/runner/work/swaxi-dispo-v6/swaxi-dispo-v6/node_modules/jest-circus/build/jestAdapterInit.js:1556:28)
    at new Promise (&lt;anonymous&gt;)
    at callAsyncCircusFn (/home/runner/work/swaxi-dispo-v6/swaxi-dispo-v6/node_modules/jest-circus/build/jestAdapterInit.js:1496:10)
    at _callCircusTest (/home/runner/work/swaxi-dispo-v6/swaxi-dispo-v6/node_modules/jest-circus/build/jestAdapterInit.js:1006:40)
    at processTicksAndRejections (node:internal/process/task_queues:95:5)
    at _runTest (/home/runner/work/swaxi-dispo-v6/swaxi-dispo-v6/node_modules/jest-circus/build/jestAdapterInit.js:946:3)
    at _runTestsForDescribeBlock (/home/runner/work/swaxi-dispo-v6/swaxi-dispo-v6/node_modules/jest-circus/build/jestAdapterInit.js:839:13)
    at _runTestsForDescribeBlock (/home/runner/work/swaxi-dispo-v6/swaxi-dispo-v6/node_modules/jest-circus/build/jestAdapterInit.js:829:11)
    at run (/home/runner/work/swaxi-dispo-v6/swaxi-dispo-v6/node_modules/jest-circus/build/jestAdapterInit.js:757:3)
    at runAndTransformResultsToJestFormat (/home/runner/work/swaxi-dispo-v6/swaxi-dispo-v6/node_modules/jest-circus/build/jestAdapterInit.js:1917:21)
    at jestAdapter (/home/runner/work/swaxi-dispo-v6/swaxi-dispo-v6/node_modules/jest-circus/build/runner.js:101:19)
    at runTestInternal (/home/runner/work/swaxi-dispo-v6/swaxi-dispo-v6/node_modules/jest-runner/build/testWorker.js:275:16)
    at runTest (/home/runner/work/swaxi-dispo-v6/swaxi-dispo-v6/node_modules/jest-runner/build/testWorker.js:343:7)
    at Object.worker (/home/runner/work/swaxi-dispo-v6/swaxi-dispo-v6/node_modules/jest-runner/build/testWorker.js:497:12)</failure>
    </testcase>
    <testcase classname="Calendar page shows create shift button for manager role" name="Calendar page shows create shift button for manager role" time="0.087">
      <failure>ReferenceError: lastActiveRef is not defined
    at current (/home/runner/work/swaxi-dispo-v6/swaxi-dispo-v6/src/components/SeriesApplicationModal.jsx:20:34)
    at Object.react_stack_bottom_frame (/home/runner/work/swaxi-dispo-v6/swaxi-dispo-v6/node_modules/react-dom/cjs/react-dom-client.development.js:23953:20)
    at runWithFiberInDEV (/home/runner/work/swaxi-dispo-v6/swaxi-dispo-v6/node_modules/react-dom/cjs/react-dom-client.development.js:1522:13)
    at commitHookEffectListMount (/home/runner/work/swaxi-dispo-v6/swaxi-dispo-v6/node_modules/react-dom/cjs/react-dom-client.development.js:11905:29)
    at commitHookPassiveMountEffects (/home/runner/work/swaxi-dispo-v6/swaxi-dispo-v6/node_modules/react-dom/cjs/react-dom-client.development.js:12028:11)
    at commitPassiveMountOnFiber (/home/runner/work/swaxi-dispo-v6/swaxi-dispo-v6/node_modules/react-dom/cjs/react-dom-client.development.js:13841:13)
    at recursivelyTraversePassiveMountEffects (/home/runner/work/swaxi-dispo-v6/swaxi-dispo-v6/node_modules/react-dom/cjs/react-dom-client.development.js:13815:11)
    at commitPassiveMountOnFiber (/home/runner/work/swaxi-dispo-v6/swaxi-dispo-v6/node_modules/react-dom/cjs/react-dom-client.development.js:13957:11)
    at recursivelyTraversePassiveMountEffects (/home/runner/work/swaxi-dispo-v6/swaxi-dispo-v6/node_modules/react-dom/cjs/react-dom-client.development.js:13815:11)
    at commitPassiveMountOnFiber (/home/runner/work/swaxi-dispo-v6/swaxi-dispo-v6/node_modules/react-dom/cjs/react-dom-client.development.js:13834:11)
    at recursivelyTraversePassiveMountEffects (/home/runner/work/swaxi-dispo-v6/swaxi-dispo-v6/node_modules/react-dom/cjs/react-dom-client.development.js:13815:11)
    at commitPassiveMountOnFiber (/home/runner/work/swaxi-dispo-v6/swaxi-dispo-v6/node_modules/react-dom/cjs/react-dom-client.development.js:13957:11)
    at recursivelyTraversePassiveMountEffects (/home/runner/work/swaxi-dispo-v6/swaxi-dispo-v6/node_modules/react-dom/cjs/react-dom-client.development.js:13815:11)
    at commitPassiveMountOnFiber (/home/runner/work/swaxi-dispo-v6/swaxi-dispo-v6/node_modules/react-dom/cjs/react-dom-client.development.js:13957:11)
    at recursivelyTraversePassiveMountEffects (/home/runner/work/swaxi-dispo-v6/swaxi-dispo-v6/node_modules/react-dom/cjs/react-dom-client.development.js:13815:11)
    at commitPassiveMountOnFiber (/home/runner/work/swaxi-dispo-v6/swaxi-dispo-v6/node_modules/react-dom/cjs/react-dom-client.development.js:13834:11)
    at recursivelyTraversePassiveMountEffects (/home/runner/work/swaxi-dispo-v6/swaxi-dispo-v6/node_modules/react-dom/cjs/react-dom-client.development.js:13815:11)
    at commitPassiveMountOnFiber (/home/runner/work/swaxi-dispo-v6/swaxi-dispo-v6/node_modules/react-dom/cjs/react-dom-client.development.js:13957:11)
    at recursivelyTraversePassiveMountEffects (/home/runner/work/swaxi-dispo-v6/swaxi-dispo-v6/node_modules/react-dom/cjs/react-dom-client.development.js:13815:11)
    at commitPassiveMountOnFiber (/home/runner/work/swaxi-dispo-v6/swaxi-dispo-v6/node_modules/react-dom/cjs/react-dom-client.development.js:13834:11)
    at recursivelyTraversePassiveMountEffects (/home/runner/work/swaxi-dispo-v6/swaxi-dispo-v6/node_modules/react-dom/cjs/react-dom-client.development.js:13815:11)
    at commitPassiveMountOnFiber (/home/runner/work/swaxi-dispo-v6/swaxi-dispo-v6/node_modules/react-dom/cjs/react-dom-client.development.js:13957:11)
    at recursivelyTraversePassiveMountEffects (/home/runner/work/swaxi-dispo-v6/swaxi-dispo-v6/node_modules/react-dom/cjs/react-dom-client.development.js:13815:11)
    at commitPassiveMountOnFiber (/home/runner/work/swaxi-dispo-v6/swaxi-dispo-v6/node_modules/react-dom/cjs/react-dom-client.development.js:13834:11)
    at recursivelyTraversePassiveMountEffects (/home/runner/work/swaxi-dispo-v6/swaxi-dispo-v6/node_modules/react-dom/cjs/react-dom-client.development.js:13815:11)
    at commitPassiveMountOnFiber (/home/runner/work/swaxi-dispo-v6/swaxi-dispo-v6/node_modules/react-dom/cjs/react-dom-client.development.js:13957:11)
    at recursivelyTraversePassiveMountEffects (/home/runner/work/swaxi-dispo-v6/swaxi-dispo-v6/node_modules/react-dom/cjs/react-dom-client.development.js:13815:11)
    at commitPassiveMountOnFiber (/home/runner/work/swaxi-dispo-v6/swaxi-dispo-v6/node_modules/react-dom/cjs/react-dom-client.development.js:13853:11)
    at flushPassiveEffects (/home/runner/work/swaxi-dispo-v6/swaxi-dispo-v6/node_modules/react-dom/cjs/react-dom-client.development.js:15737:9)
    at /home/runner/work/swaxi-dispo-v6/swaxi-dispo-v6/node_modules/react-dom/cjs/react-dom-client.development.js:15379:15
    at flushActQueue (/home/runner/work/swaxi-dispo-v6/swaxi-dispo-v6/node_modules/react/cjs/react.development.js:566:34)
    at process.env.NODE_ENV.exports.act (/home/runner/work/swaxi-dispo-v6/swaxi-dispo-v6/node_modules/react/cjs/react.development.js:860:10)
    at /home/runner/work/swaxi-dispo-v6/swaxi-dispo-v6/node_modules/@testing-library/react/dist/act-compat.js:47:25
    at renderRoot (/home/runner/work/swaxi-dispo-v6/swaxi-dispo-v6/node_modules/@testing-library/react/dist/pure.js:190:26)
    at render (/home/runner/work/swaxi-dispo-v6/swaxi-dispo-v6/node_modules/@testing-library/react/dist/pure.js:292:10)
    at renderWithProviders (/home/runner/work/swaxi-dispo-v6/swaxi-dispo-v6/src/tests/testUtils.jsx:14:16)
    at Object.&lt;anonymous&gt; (/home/runner/work/swaxi-dispo-v6/swaxi-dispo-v6/src/tests/Calendar.test.jsx:46:24)
    at Promise.finally.completed (/home/runner/work/swaxi-dispo-v6/swaxi-dispo-v6/node_modules/jest-circus/build/jestAdapterInit.js:1556:28)
    at new Promise (&lt;anonymous&gt;)
    at callAsyncCircusFn (/home/runner/work/swaxi-dispo-v6/swaxi-dispo-v6/node_modules/jest-circus/build/jestAdapterInit.js:1496:10)
    at _callCircusTest (/home/runner/work/swaxi-dispo-v6/swaxi-dispo-v6/node_modules/jest-circus/build/jestAdapterInit.js:1006:40)
    at processTicksAndRejections (node:internal/process/task_queues:95:5)
    at _runTest (/home/runner/work/swaxi-dispo-v6/swaxi-dispo-v6/node_modules/jest-circus/build/jestAdapterInit.js:946:3)
    at _runTestsForDescribeBlock (/home/runner/work/swaxi-dispo-v6/swaxi-dispo-v6/node_modules/jest-circus/build/jestAdapterInit.js:839:13)
    at _runTestsForDescribeBlock (/home/runner/work/swaxi-dispo-v6/swaxi-dispo-v6/node_modules/jest-circus/build/jestAdapterInit.js:829:11)
    at run (/home/runner/work/swaxi-dispo-v6/swaxi-dispo-v6/node_modules/jest-circus/build/jestAdapterInit.js:757:3)
    at runAndTransformResultsToJestFormat (/home/runner/work/swaxi-dispo-v6/swaxi-dispo-v6/node_modules/jest-circus/build/jestAdapterInit.js:1917:21)
    at jestAdapter (/home/runner/work/swaxi-dispo-v6/swaxi-dispo-v6/node_modules/jest-circus/build/runner.js:101:19)
    at runTestInternal (/home/runner/work/swaxi-dispo-v6/swaxi-dispo-v6/node_modules/jest-runner/build/testWorker.js:275:16)
    at runTest (/home/runner/work/swaxi-dispo-v6/swaxi-dispo-v6/node_modules/jest-runner/build/testWorker.js:343:7)
    at Object.worker (/home/runner/work/swaxi-dispo-v6/swaxi-dispo-v6/node_modules/jest-runner/build/testWorker.js:497:12)</failure>
    </testcase>
  </testsuite>
  <testsuite name="ShiftTable actions" errors="0" failures="5" skipped="0" timestamp="2025-08-27T12:06:59" time="0.557" tests="5">
    <testcase classname="ShiftTable actions invokes applyToShift when Bewerben clicked" name="ShiftTable actions invokes applyToShift when Bewerben clicked" time="0.076">
      <failure>ReferenceError: lastActiveRef is not defined
    at current (/home/runner/work/swaxi-dispo-v6/swaxi-dispo-v6/src/components/SeriesApplicationModal.jsx:20:34)
    at Object.react_stack_bottom_frame (/home/runner/work/swaxi-dispo-v6/swaxi-dispo-v6/node_modules/react-dom/cjs/react-dom-client.development.js:23953:20)
    at runWithFiberInDEV (/home/runner/work/swaxi-dispo-v6/swaxi-dispo-v6/node_modules/react-dom/cjs/react-dom-client.development.js:1522:13)
    at commitHookEffectListMount (/home/runner/work/swaxi-dispo-v6/swaxi-dispo-v6/node_modules/react-dom/cjs/react-dom-client.development.js:11905:29)
    at commitHookPassiveMountEffects (/home/runner/work/swaxi-dispo-v6/swaxi-dispo-v6/node_modules/react-dom/cjs/react-dom-client.development.js:12028:11)
    at commitPassiveMountOnFiber (/home/runner/work/swaxi-dispo-v6/swaxi-dispo-v6/node_modules/react-dom/cjs/react-dom-client.development.js:13841:13)
    at recursivelyTraversePassiveMountEffects (/home/runner/work/swaxi-dispo-v6/swaxi-dispo-v6/node_modules/react-dom/cjs/react-dom-client.development.js:13815:11)
    at commitPassiveMountOnFiber (/home/runner/work/swaxi-dispo-v6/swaxi-dispo-v6/node_modules/react-dom/cjs/react-dom-client.development.js:13957:11)
    at recursivelyTraversePassiveMountEffects (/home/runner/work/swaxi-dispo-v6/swaxi-dispo-v6/node_modules/react-dom/cjs/react-dom-client.development.js:13815:11)
    at commitPassiveMountOnFiber (/home/runner/work/swaxi-dispo-v6/swaxi-dispo-v6/node_modules/react-dom/cjs/react-dom-client.development.js:13834:11)
    at recursivelyTraversePassiveMountEffects (/home/runner/work/swaxi-dispo-v6/swaxi-dispo-v6/node_modules/react-dom/cjs/react-dom-client.development.js:13815:11)
    at commitPassiveMountOnFiber (/home/runner/work/swaxi-dispo-v6/swaxi-dispo-v6/node_modules/react-dom/cjs/react-dom-client.development.js:13957:11)
    at recursivelyTraversePassiveMountEffects (/home/runner/work/swaxi-dispo-v6/swaxi-dispo-v6/node_modules/react-dom/cjs/react-dom-client.development.js:13815:11)
    at commitPassiveMountOnFiber (/home/runner/work/swaxi-dispo-v6/swaxi-dispo-v6/node_modules/react-dom/cjs/react-dom-client.development.js:13957:11)
    at recursivelyTraversePassiveMountEffects (/home/runner/work/swaxi-dispo-v6/swaxi-dispo-v6/node_modules/react-dom/cjs/react-dom-client.development.js:13815:11)
    at commitPassiveMountOnFiber (/home/runner/work/swaxi-dispo-v6/swaxi-dispo-v6/node_modules/react-dom/cjs/react-dom-client.development.js:13834:11)
    at recursivelyTraversePassiveMountEffects (/home/runner/work/swaxi-dispo-v6/swaxi-dispo-v6/node_modules/react-dom/cjs/react-dom-client.development.js:13815:11)
    at commitPassiveMountOnFiber (/home/runner/work/swaxi-dispo-v6/swaxi-dispo-v6/node_modules/react-dom/cjs/react-dom-client.development.js:13957:11)
    at recursivelyTraversePassiveMountEffects (/home/runner/work/swaxi-dispo-v6/swaxi-dispo-v6/node_modules/react-dom/cjs/react-dom-client.development.js:13815:11)
    at commitPassiveMountOnFiber (/home/runner/work/swaxi-dispo-v6/swaxi-dispo-v6/node_modules/react-dom/cjs/react-dom-client.development.js:13834:11)
    at recursivelyTraversePassiveMountEffects (/home/runner/work/swaxi-dispo-v6/swaxi-dispo-v6/node_modules/react-dom/cjs/react-dom-client.development.js:13815:11)
    at commitPassiveMountOnFiber (/home/runner/work/swaxi-dispo-v6/swaxi-dispo-v6/node_modules/react-dom/cjs/react-dom-client.development.js:13957:11)
    at recursivelyTraversePassiveMountEffects (/home/runner/work/swaxi-dispo-v6/swaxi-dispo-v6/node_modules/react-dom/cjs/react-dom-client.development.js:13815:11)
    at commitPassiveMountOnFiber (/home/runner/work/swaxi-dispo-v6/swaxi-dispo-v6/node_modules/react-dom/cjs/react-dom-client.development.js:13853:11)
    at flushPassiveEffects (/home/runner/work/swaxi-dispo-v6/swaxi-dispo-v6/node_modules/react-dom/cjs/react-dom-client.development.js:15737:9)
    at /home/runner/work/swaxi-dispo-v6/swaxi-dispo-v6/node_modules/react-dom/cjs/react-dom-client.development.js:15379:15
    at flushActQueue (/home/runner/work/swaxi-dispo-v6/swaxi-dispo-v6/node_modules/react/cjs/react.development.js:566:34)
    at process.env.NODE_ENV.exports.act (/home/runner/work/swaxi-dispo-v6/swaxi-dispo-v6/node_modules/react/cjs/react.development.js:860:10)
    at /home/runner/work/swaxi-dispo-v6/swaxi-dispo-v6/node_modules/@testing-library/react/dist/act-compat.js:47:25
    at renderRoot (/home/runner/work/swaxi-dispo-v6/swaxi-dispo-v6/node_modules/@testing-library/react/dist/pure.js:190:26)
    at render (/home/runner/work/swaxi-dispo-v6/swaxi-dispo-v6/node_modules/@testing-library/react/dist/pure.js:292:10)
    at renderWithProviders (/home/runner/work/swaxi-dispo-v6/swaxi-dispo-v6/src/tests/testUtils.jsx:14:16)
    at Object.&lt;anonymous&gt; (/home/runner/work/swaxi-dispo-v6/swaxi-dispo-v6/src/tests/ShiftTable.actions.test.jsx:40:24)
    at Promise.finally.completed (/home/runner/work/swaxi-dispo-v6/swaxi-dispo-v6/node_modules/jest-circus/build/jestAdapterInit.js:1556:28)
    at new Promise (&lt;anonymous&gt;)
    at callAsyncCircusFn (/home/runner/work/swaxi-dispo-v6/swaxi-dispo-v6/node_modules/jest-circus/build/jestAdapterInit.js:1496:10)
    at _callCircusTest (/home/runner/work/swaxi-dispo-v6/swaxi-dispo-v6/node_modules/jest-circus/build/jestAdapterInit.js:1006:40)
    at processTicksAndRejections (node:internal/process/task_queues:95:5)
    at _runTest (/home/runner/work/swaxi-dispo-v6/swaxi-dispo-v6/node_modules/jest-circus/build/jestAdapterInit.js:946:3)
    at _runTestsForDescribeBlock (/home/runner/work/swaxi-dispo-v6/swaxi-dispo-v6/node_modules/jest-circus/build/jestAdapterInit.js:839:13)
    at _runTestsForDescribeBlock (/home/runner/work/swaxi-dispo-v6/swaxi-dispo-v6/node_modules/jest-circus/build/jestAdapterInit.js:829:11)
    at run (/home/runner/work/swaxi-dispo-v6/swaxi-dispo-v6/node_modules/jest-circus/build/jestAdapterInit.js:757:3)
    at runAndTransformResultsToJestFormat (/home/runner/work/swaxi-dispo-v6/swaxi-dispo-v6/node_modules/jest-circus/build/jestAdapterInit.js:1917:21)
    at jestAdapter (/home/runner/work/swaxi-dispo-v6/swaxi-dispo-v6/node_modules/jest-circus/build/runner.js:101:19)
    at runTestInternal (/home/runner/work/swaxi-dispo-v6/swaxi-dispo-v6/node_modules/jest-runner/build/testWorker.js:275:16)
    at runTest (/home/runner/work/swaxi-dispo-v6/swaxi-dispo-v6/node_modules/jest-runner/build/testWorker.js:343:7)
    at Object.worker (/home/runner/work/swaxi-dispo-v6/swaxi-dispo-v6/node_modules/jest-runner/build/testWorker.js:497:12)</failure>
    </testcase>
    <testcase classname="ShiftTable actions invokes assignShift when Zuweisen clicked for manager role" name="ShiftTable actions invokes assignShift when Zuweisen clicked for manager role" time="0.008">
      <failure>ReferenceError: lastActiveRef is not defined
    at current (/home/runner/work/swaxi-dispo-v6/swaxi-dispo-v6/src/components/SeriesApplicationModal.jsx:20:34)
    at Object.react_stack_bottom_frame (/home/runner/work/swaxi-dispo-v6/swaxi-dispo-v6/node_modules/react-dom/cjs/react-dom-client.development.js:23953:20)
    at runWithFiberInDEV (/home/runner/work/swaxi-dispo-v6/swaxi-dispo-v6/node_modules/react-dom/cjs/react-dom-client.development.js:1522:13)
    at commitHookEffectListMount (/home/runner/work/swaxi-dispo-v6/swaxi-dispo-v6/node_modules/react-dom/cjs/react-dom-client.development.js:11905:29)
    at commitHookPassiveMountEffects (/home/runner/work/swaxi-dispo-v6/swaxi-dispo-v6/node_modules/react-dom/cjs/react-dom-client.development.js:12028:11)
    at commitPassiveMountOnFiber (/home/runner/work/swaxi-dispo-v6/swaxi-dispo-v6/node_modules/react-dom/cjs/react-dom-client.development.js:13841:13)
    at recursivelyTraversePassiveMountEffects (/home/runner/work/swaxi-dispo-v6/swaxi-dispo-v6/node_modules/react-dom/cjs/react-dom-client.development.js:13815:11)
    at commitPassiveMountOnFiber (/home/runner/work/swaxi-dispo-v6/swaxi-dispo-v6/node_modules/react-dom/cjs/react-dom-client.development.js:13957:11)
    at recursivelyTraversePassiveMountEffects (/home/runner/work/swaxi-dispo-v6/swaxi-dispo-v6/node_modules/react-dom/cjs/react-dom-client.development.js:13815:11)
    at commitPassiveMountOnFiber (/home/runner/work/swaxi-dispo-v6/swaxi-dispo-v6/node_modules/react-dom/cjs/react-dom-client.development.js:13834:11)
    at recursivelyTraversePassiveMountEffects (/home/runner/work/swaxi-dispo-v6/swaxi-dispo-v6/node_modules/react-dom/cjs/react-dom-client.development.js:13815:11)
    at commitPassiveMountOnFiber (/home/runner/work/swaxi-dispo-v6/swaxi-dispo-v6/node_modules/react-dom/cjs/react-dom-client.development.js:13957:11)
    at recursivelyTraversePassiveMountEffects (/home/runner/work/swaxi-dispo-v6/swaxi-dispo-v6/node_modules/react-dom/cjs/react-dom-client.development.js:13815:11)
    at commitPassiveMountOnFiber (/home/runner/work/swaxi-dispo-v6/swaxi-dispo-v6/node_modules/react-dom/cjs/react-dom-client.development.js:13957:11)
    at recursivelyTraversePassiveMountEffects (/home/runner/work/swaxi-dispo-v6/swaxi-dispo-v6/node_modules/react-dom/cjs/react-dom-client.development.js:13815:11)
    at commitPassiveMountOnFiber (/home/runner/work/swaxi-dispo-v6/swaxi-dispo-v6/node_modules/react-dom/cjs/react-dom-client.development.js:13834:11)
    at recursivelyTraversePassiveMountEffects (/home/runner/work/swaxi-dispo-v6/swaxi-dispo-v6/node_modules/react-dom/cjs/react-dom-client.development.js:13815:11)
    at commitPassiveMountOnFiber (/home/runner/work/swaxi-dispo-v6/swaxi-dispo-v6/node_modules/react-dom/cjs/react-dom-client.development.js:13957:11)
    at recursivelyTraversePassiveMountEffects (/home/runner/work/swaxi-dispo-v6/swaxi-dispo-v6/node_modules/react-dom/cjs/react-dom-client.development.js:13815:11)
    at commitPassiveMountOnFiber (/home/runner/work/swaxi-dispo-v6/swaxi-dispo-v6/node_modules/react-dom/cjs/react-dom-client.development.js:13834:11)
    at recursivelyTraversePassiveMountEffects (/home/runner/work/swaxi-dispo-v6/swaxi-dispo-v6/node_modules/react-dom/cjs/react-dom-client.development.js:13815:11)
    at commitPassiveMountOnFiber (/home/runner/work/swaxi-dispo-v6/swaxi-dispo-v6/node_modules/react-dom/cjs/react-dom-client.development.js:13957:11)
    at recursivelyTraversePassiveMountEffects (/home/runner/work/swaxi-dispo-v6/swaxi-dispo-v6/node_modules/react-dom/cjs/react-dom-client.development.js:13815:11)
    at commitPassiveMountOnFiber (/home/runner/work/swaxi-dispo-v6/swaxi-dispo-v6/node_modules/react-dom/cjs/react-dom-client.development.js:13853:11)
    at flushPassiveEffects (/home/runner/work/swaxi-dispo-v6/swaxi-dispo-v6/node_modules/react-dom/cjs/react-dom-client.development.js:15737:9)
    at /home/runner/work/swaxi-dispo-v6/swaxi-dispo-v6/node_modules/react-dom/cjs/react-dom-client.development.js:15379:15
    at flushActQueue (/home/runner/work/swaxi-dispo-v6/swaxi-dispo-v6/node_modules/react/cjs/react.development.js:566:34)
    at process.env.NODE_ENV.exports.act (/home/runner/work/swaxi-dispo-v6/swaxi-dispo-v6/node_modules/react/cjs/react.development.js:860:10)
    at /home/runner/work/swaxi-dispo-v6/swaxi-dispo-v6/node_modules/@testing-library/react/dist/act-compat.js:47:25
    at renderRoot (/home/runner/work/swaxi-dispo-v6/swaxi-dispo-v6/node_modules/@testing-library/react/dist/pure.js:190:26)
    at render (/home/runner/work/swaxi-dispo-v6/swaxi-dispo-v6/node_modules/@testing-library/react/dist/pure.js:292:10)
    at renderWithProviders (/home/runner/work/swaxi-dispo-v6/swaxi-dispo-v6/src/tests/testUtils.jsx:14:16)
    at Object.&lt;anonymous&gt; (/home/runner/work/swaxi-dispo-v6/swaxi-dispo-v6/src/tests/ShiftTable.actions.test.jsx:51:24)
    at Promise.finally.completed (/home/runner/work/swaxi-dispo-v6/swaxi-dispo-v6/node_modules/jest-circus/build/jestAdapterInit.js:1556:28)
    at new Promise (&lt;anonymous&gt;)
    at callAsyncCircusFn (/home/runner/work/swaxi-dispo-v6/swaxi-dispo-v6/node_modules/jest-circus/build/jestAdapterInit.js:1496:10)
    at _callCircusTest (/home/runner/work/swaxi-dispo-v6/swaxi-dispo-v6/node_modules/jest-circus/build/jestAdapterInit.js:1006:40)
    at processTicksAndRejections (node:internal/process/task_queues:95:5)
    at _runTest (/home/runner/work/swaxi-dispo-v6/swaxi-dispo-v6/node_modules/jest-circus/build/jestAdapterInit.js:946:3)
    at _runTestsForDescribeBlock (/home/runner/work/swaxi-dispo-v6/swaxi-dispo-v6/node_modules/jest-circus/build/jestAdapterInit.js:839:13)
    at _runTestsForDescribeBlock (/home/runner/work/swaxi-dispo-v6/swaxi-dispo-v6/node_modules/jest-circus/build/jestAdapterInit.js:829:11)
    at run (/home/runner/work/swaxi-dispo-v6/swaxi-dispo-v6/node_modules/jest-circus/build/jestAdapterInit.js:757:3)
    at runAndTransformResultsToJestFormat (/home/runner/work/swaxi-dispo-v6/swaxi-dispo-v6/node_modules/jest-circus/build/jestAdapterInit.js:1917:21)
    at jestAdapter (/home/runner/work/swaxi-dispo-v6/swaxi-dispo-v6/node_modules/jest-circus/build/runner.js:101:19)
    at runTestInternal (/home/runner/work/swaxi-dispo-v6/swaxi-dispo-v6/node_modules/jest-runner/build/testWorker.js:275:16)
    at runTest (/home/runner/work/swaxi-dispo-v6/swaxi-dispo-v6/node_modules/jest-runner/build/testWorker.js:343:7)
    at Object.worker (/home/runner/work/swaxi-dispo-v6/swaxi-dispo-v6/node_modules/jest-runner/build/testWorker.js:497:12)</failure>
    </testcase>
    <testcase classname="ShiftTable actions calls cancelShift when Absagen clicked on assigned shift" name="ShiftTable actions calls cancelShift when Absagen clicked on assigned shift" time="0.006">
      <failure>ReferenceError: lastActiveRef is not defined
    at current (/home/runner/work/swaxi-dispo-v6/swaxi-dispo-v6/src/components/SeriesApplicationModal.jsx:20:34)
    at Object.react_stack_bottom_frame (/home/runner/work/swaxi-dispo-v6/swaxi-dispo-v6/node_modules/react-dom/cjs/react-dom-client.development.js:23953:20)
    at runWithFiberInDEV (/home/runner/work/swaxi-dispo-v6/swaxi-dispo-v6/node_modules/react-dom/cjs/react-dom-client.development.js:1522:13)
    at commitHookEffectListMount (/home/runner/work/swaxi-dispo-v6/swaxi-dispo-v6/node_modules/react-dom/cjs/react-dom-client.development.js:11905:29)
    at commitHookPassiveMountEffects (/home/runner/work/swaxi-dispo-v6/swaxi-dispo-v6/node_modules/react-dom/cjs/react-dom-client.development.js:12028:11)
    at commitPassiveMountOnFiber (/home/runner/work/swaxi-dispo-v6/swaxi-dispo-v6/node_modules/react-dom/cjs/react-dom-client.development.js:13841:13)
    at recursivelyTraversePassiveMountEffects (/home/runner/work/swaxi-dispo-v6/swaxi-dispo-v6/node_modules/react-dom/cjs/react-dom-client.development.js:13815:11)
    at commitPassiveMountOnFiber (/home/runner/work/swaxi-dispo-v6/swaxi-dispo-v6/node_modules/react-dom/cjs/react-dom-client.development.js:13957:11)
    at recursivelyTraversePassiveMountEffects (/home/runner/work/swaxi-dispo-v6/swaxi-dispo-v6/node_modules/react-dom/cjs/react-dom-client.development.js:13815:11)
    at commitPassiveMountOnFiber (/home/runner/work/swaxi-dispo-v6/swaxi-dispo-v6/node_modules/react-dom/cjs/react-dom-client.development.js:13834:11)
    at recursivelyTraversePassiveMountEffects (/home/runner/work/swaxi-dispo-v6/swaxi-dispo-v6/node_modules/react-dom/cjs/react-dom-client.development.js:13815:11)
    at commitPassiveMountOnFiber (/home/runner/work/swaxi-dispo-v6/swaxi-dispo-v6/node_modules/react-dom/cjs/react-dom-client.development.js:13957:11)
    at recursivelyTraversePassiveMountEffects (/home/runner/work/swaxi-dispo-v6/swaxi-dispo-v6/node_modules/react-dom/cjs/react-dom-client.development.js:13815:11)
    at commitPassiveMountOnFiber (/home/runner/work/swaxi-dispo-v6/swaxi-dispo-v6/node_modules/react-dom/cjs/react-dom-client.development.js:13957:11)
    at recursivelyTraversePassiveMountEffects (/home/runner/work/swaxi-dispo-v6/swaxi-dispo-v6/node_modules/react-dom/cjs/react-dom-client.development.js:13815:11)
    at commitPassiveMountOnFiber (/home/runner/work/swaxi-dispo-v6/swaxi-dispo-v6/node_modules/react-dom/cjs/react-dom-client.development.js:13834:11)
    at recursivelyTraversePassiveMountEffects (/home/runner/work/swaxi-dispo-v6/swaxi-dispo-v6/node_modules/react-dom/cjs/react-dom-client.development.js:13815:11)
    at commitPassiveMountOnFiber (/home/runner/work/swaxi-dispo-v6/swaxi-dispo-v6/node_modules/react-dom/cjs/react-dom-client.development.js:13957:11)
    at recursivelyTraversePassiveMountEffects (/home/runner/work/swaxi-dispo-v6/swaxi-dispo-v6/node_modules/react-dom/cjs/react-dom-client.development.js:13815:11)
    at commitPassiveMountOnFiber (/home/runner/work/swaxi-dispo-v6/swaxi-dispo-v6/node_modules/react-dom/cjs/react-dom-client.development.js:13834:11)
    at recursivelyTraversePassiveMountEffects (/home/runner/work/swaxi-dispo-v6/swaxi-dispo-v6/node_modules/react-dom/cjs/react-dom-client.development.js:13815:11)
    at commitPassiveMountOnFiber (/home/runner/work/swaxi-dispo-v6/swaxi-dispo-v6/node_modules/react-dom/cjs/react-dom-client.development.js:13957:11)
    at recursivelyTraversePassiveMountEffects (/home/runner/work/swaxi-dispo-v6/swaxi-dispo-v6/node_modules/react-dom/cjs/react-dom-client.development.js:13815:11)
    at commitPassiveMountOnFiber (/home/runner/work/swaxi-dispo-v6/swaxi-dispo-v6/node_modules/react-dom/cjs/react-dom-client.development.js:13853:11)
    at flushPassiveEffects (/home/runner/work/swaxi-dispo-v6/swaxi-dispo-v6/node_modules/react-dom/cjs/react-dom-client.development.js:15737:9)
    at /home/runner/work/swaxi-dispo-v6/swaxi-dispo-v6/node_modules/react-dom/cjs/react-dom-client.development.js:15379:15
    at flushActQueue (/home/runner/work/swaxi-dispo-v6/swaxi-dispo-v6/node_modules/react/cjs/react.development.js:566:34)
    at process.env.NODE_ENV.exports.act (/home/runner/work/swaxi-dispo-v6/swaxi-dispo-v6/node_modules/react/cjs/react.development.js:860:10)
    at /home/runner/work/swaxi-dispo-v6/swaxi-dispo-v6/node_modules/@testing-library/react/dist/act-compat.js:47:25
    at renderRoot (/home/runner/work/swaxi-dispo-v6/swaxi-dispo-v6/node_modules/@testing-library/react/dist/pure.js:190:26)
    at render (/home/runner/work/swaxi-dispo-v6/swaxi-dispo-v6/node_modules/@testing-library/react/dist/pure.js:292:10)
    at renderWithProviders (/home/runner/work/swaxi-dispo-v6/swaxi-dispo-v6/src/tests/testUtils.jsx:14:16)
    at Object.&lt;anonymous&gt; (/home/runner/work/swaxi-dispo-v6/swaxi-dispo-v6/src/tests/ShiftTable.actions.test.jsx:62:24)
    at Promise.finally.completed (/home/runner/work/swaxi-dispo-v6/swaxi-dispo-v6/node_modules/jest-circus/build/jestAdapterInit.js:1556:28)
    at new Promise (&lt;anonymous&gt;)
    at callAsyncCircusFn (/home/runner/work/swaxi-dispo-v6/swaxi-dispo-v6/node_modules/jest-circus/build/jestAdapterInit.js:1496:10)
    at _callCircusTest (/home/runner/work/swaxi-dispo-v6/swaxi-dispo-v6/node_modules/jest-circus/build/jestAdapterInit.js:1006:40)
    at processTicksAndRejections (node:internal/process/task_queues:95:5)
    at _runTest (/home/runner/work/swaxi-dispo-v6/swaxi-dispo-v6/node_modules/jest-circus/build/jestAdapterInit.js:946:3)
    at _runTestsForDescribeBlock (/home/runner/work/swaxi-dispo-v6/swaxi-dispo-v6/node_modules/jest-circus/build/jestAdapterInit.js:839:13)
    at _runTestsForDescribeBlock (/home/runner/work/swaxi-dispo-v6/swaxi-dispo-v6/node_modules/jest-circus/build/jestAdapterInit.js:829:11)
    at run (/home/runner/work/swaxi-dispo-v6/swaxi-dispo-v6/node_modules/jest-circus/build/jestAdapterInit.js:757:3)
    at runAndTransformResultsToJestFormat (/home/runner/work/swaxi-dispo-v6/swaxi-dispo-v6/node_modules/jest-circus/build/jestAdapterInit.js:1917:21)
    at jestAdapter (/home/runner/work/swaxi-dispo-v6/swaxi-dispo-v6/node_modules/jest-circus/build/runner.js:101:19)
    at runTestInternal (/home/runner/work/swaxi-dispo-v6/swaxi-dispo-v6/node_modules/jest-runner/build/testWorker.js:275:16)
    at runTest (/home/runner/work/swaxi-dispo-v6/swaxi-dispo-v6/node_modules/jest-runner/build/testWorker.js:343:7)
    at Object.worker (/home/runner/work/swaxi-dispo-v6/swaxi-dispo-v6/node_modules/jest-runner/build/testWorker.js:497:12)</failure>
    </testcase>
    <testcase classname="ShiftTable actions disables Bewerben when not logged in" name="ShiftTable actions disables Bewerben when not logged in" time="0.006">
      <failure>ReferenceError: lastActiveRef is not defined
    at current (/home/runner/work/swaxi-dispo-v6/swaxi-dispo-v6/src/components/SeriesApplicationModal.jsx:20:34)
    at Object.react_stack_bottom_frame (/home/runner/work/swaxi-dispo-v6/swaxi-dispo-v6/node_modules/react-dom/cjs/react-dom-client.development.js:23953:20)
    at runWithFiberInDEV (/home/runner/work/swaxi-dispo-v6/swaxi-dispo-v6/node_modules/react-dom/cjs/react-dom-client.development.js:1522:13)
    at commitHookEffectListMount (/home/runner/work/swaxi-dispo-v6/swaxi-dispo-v6/node_modules/react-dom/cjs/react-dom-client.development.js:11905:29)
    at commitHookPassiveMountEffects (/home/runner/work/swaxi-dispo-v6/swaxi-dispo-v6/node_modules/react-dom/cjs/react-dom-client.development.js:12028:11)
    at commitPassiveMountOnFiber (/home/runner/work/swaxi-dispo-v6/swaxi-dispo-v6/node_modules/react-dom/cjs/react-dom-client.development.js:13841:13)
    at recursivelyTraversePassiveMountEffects (/home/runner/work/swaxi-dispo-v6/swaxi-dispo-v6/node_modules/react-dom/cjs/react-dom-client.development.js:13815:11)
    at commitPassiveMountOnFiber (/home/runner/work/swaxi-dispo-v6/swaxi-dispo-v6/node_modules/react-dom/cjs/react-dom-client.development.js:13957:11)
    at recursivelyTraversePassiveMountEffects (/home/runner/work/swaxi-dispo-v6/swaxi-dispo-v6/node_modules/react-dom/cjs/react-dom-client.development.js:13815:11)
    at commitPassiveMountOnFiber (/home/runner/work/swaxi-dispo-v6/swaxi-dispo-v6/node_modules/react-dom/cjs/react-dom-client.development.js:13834:11)
    at recursivelyTraversePassiveMountEffects (/home/runner/work/swaxi-dispo-v6/swaxi-dispo-v6/node_modules/react-dom/cjs/react-dom-client.development.js:13815:11)
    at commitPassiveMountOnFiber (/home/runner/work/swaxi-dispo-v6/swaxi-dispo-v6/node_modules/react-dom/cjs/react-dom-client.development.js:13957:11)
    at recursivelyTraversePassiveMountEffects (/home/runner/work/swaxi-dispo-v6/swaxi-dispo-v6/node_modules/react-dom/cjs/react-dom-client.development.js:13815:11)
    at commitPassiveMountOnFiber (/home/runner/work/swaxi-dispo-v6/swaxi-dispo-v6/node_modules/react-dom/cjs/react-dom-client.development.js:13957:11)
    at recursivelyTraversePassiveMountEffects (/home/runner/work/swaxi-dispo-v6/swaxi-dispo-v6/node_modules/react-dom/cjs/react-dom-client.development.js:13815:11)
    at commitPassiveMountOnFiber (/home/runner/work/swaxi-dispo-v6/swaxi-dispo-v6/node_modules/react-dom/cjs/react-dom-client.development.js:13834:11)
    at recursivelyTraversePassiveMountEffects (/home/runner/work/swaxi-dispo-v6/swaxi-dispo-v6/node_modules/react-dom/cjs/react-dom-client.development.js:13815:11)
    at commitPassiveMountOnFiber (/home/runner/work/swaxi-dispo-v6/swaxi-dispo-v6/node_modules/react-dom/cjs/react-dom-client.development.js:13957:11)
    at recursivelyTraversePassiveMountEffects (/home/runner/work/swaxi-dispo-v6/swaxi-dispo-v6/node_modules/react-dom/cjs/react-dom-client.development.js:13815:11)
    at commitPassiveMountOnFiber (/home/runner/work/swaxi-dispo-v6/swaxi-dispo-v6/node_modules/react-dom/cjs/react-dom-client.development.js:13834:11)
    at recursivelyTraversePassiveMountEffects (/home/runner/work/swaxi-dispo-v6/swaxi-dispo-v6/node_modules/react-dom/cjs/react-dom-client.development.js:13815:11)
    at commitPassiveMountOnFiber (/home/runner/work/swaxi-dispo-v6/swaxi-dispo-v6/node_modules/react-dom/cjs/react-dom-client.development.js:13957:11)
    at recursivelyTraversePassiveMountEffects (/home/runner/work/swaxi-dispo-v6/swaxi-dispo-v6/node_modules/react-dom/cjs/react-dom-client.development.js:13815:11)
    at commitPassiveMountOnFiber (/home/runner/work/swaxi-dispo-v6/swaxi-dispo-v6/node_modules/react-dom/cjs/react-dom-client.development.js:13853:11)
    at flushPassiveEffects (/home/runner/work/swaxi-dispo-v6/swaxi-dispo-v6/node_modules/react-dom/cjs/react-dom-client.development.js:15737:9)
    at /home/runner/work/swaxi-dispo-v6/swaxi-dispo-v6/node_modules/react-dom/cjs/react-dom-client.development.js:15379:15
    at flushActQueue (/home/runner/work/swaxi-dispo-v6/swaxi-dispo-v6/node_modules/react/cjs/react.development.js:566:34)
    at process.env.NODE_ENV.exports.act (/home/runner/work/swaxi-dispo-v6/swaxi-dispo-v6/node_modules/react/cjs/react.development.js:860:10)
    at /home/runner/work/swaxi-dispo-v6/swaxi-dispo-v6/node_modules/@testing-library/react/dist/act-compat.js:47:25
    at renderRoot (/home/runner/work/swaxi-dispo-v6/swaxi-dispo-v6/node_modules/@testing-library/react/dist/pure.js:190:26)
    at render (/home/runner/work/swaxi-dispo-v6/swaxi-dispo-v6/node_modules/@testing-library/react/dist/pure.js:292:10)
    at renderWithProviders (/home/runner/work/swaxi-dispo-v6/swaxi-dispo-v6/src/tests/testUtils.jsx:14:16)
    at Object.&lt;anonymous&gt; (/home/runner/work/swaxi-dispo-v6/swaxi-dispo-v6/src/tests/ShiftTable.actions.test.jsx:73:24)
    at Promise.finally.completed (/home/runner/work/swaxi-dispo-v6/swaxi-dispo-v6/node_modules/jest-circus/build/jestAdapterInit.js:1556:28)
    at new Promise (&lt;anonymous&gt;)
    at callAsyncCircusFn (/home/runner/work/swaxi-dispo-v6/swaxi-dispo-v6/node_modules/jest-circus/build/jestAdapterInit.js:1496:10)
    at _callCircusTest (/home/runner/work/swaxi-dispo-v6/swaxi-dispo-v6/node_modules/jest-circus/build/jestAdapterInit.js:1006:40)
    at processTicksAndRejections (node:internal/process/task_queues:95:5)
    at _runTest (/home/runner/work/swaxi-dispo-v6/swaxi-dispo-v6/node_modules/jest-circus/build/jestAdapterInit.js:946:3)
    at _runTestsForDescribeBlock (/home/runner/work/swaxi-dispo-v6/swaxi-dispo-v6/node_modules/jest-circus/build/jestAdapterInit.js:839:13)
    at _runTestsForDescribeBlock (/home/runner/work/swaxi-dispo-v6/swaxi-dispo-v6/node_modules/jest-circus/build/jestAdapterInit.js:829:11)
    at run (/home/runner/work/swaxi-dispo-v6/swaxi-dispo-v6/node_modules/jest-circus/build/jestAdapterInit.js:757:3)
    at runAndTransformResultsToJestFormat (/home/runner/work/swaxi-dispo-v6/swaxi-dispo-v6/node_modules/jest-circus/build/jestAdapterInit.js:1917:21)
    at jestAdapter (/home/runner/work/swaxi-dispo-v6/swaxi-dispo-v6/node_modules/jest-circus/build/runner.js:101:19)
    at runTestInternal (/home/runner/work/swaxi-dispo-v6/swaxi-dispo-v6/node_modules/jest-runner/build/testWorker.js:275:16)
    at runTest (/home/runner/work/swaxi-dispo-v6/swaxi-dispo-v6/node_modules/jest-runner/build/testWorker.js:343:7)
    at Object.worker (/home/runner/work/swaxi-dispo-v6/swaxi-dispo-v6/node_modules/jest-runner/build/testWorker.js:497:12)</failure>
    </testcase>
    <testcase classname="ShiftTable actions disables Zuweisen when status not open" name="ShiftTable actions disables Zuweisen when status not open" time="0.005">
      <failure>ReferenceError: lastActiveRef is not defined
    at current (/home/runner/work/swaxi-dispo-v6/swaxi-dispo-v6/src/components/SeriesApplicationModal.jsx:20:34)
    at Object.react_stack_bottom_frame (/home/runner/work/swaxi-dispo-v6/swaxi-dispo-v6/node_modules/react-dom/cjs/react-dom-client.development.js:23953:20)
    at runWithFiberInDEV (/home/runner/work/swaxi-dispo-v6/swaxi-dispo-v6/node_modules/react-dom/cjs/react-dom-client.development.js:1522:13)
    at commitHookEffectListMount (/home/runner/work/swaxi-dispo-v6/swaxi-dispo-v6/node_modules/react-dom/cjs/react-dom-client.development.js:11905:29)
    at commitHookPassiveMountEffects (/home/runner/work/swaxi-dispo-v6/swaxi-dispo-v6/node_modules/react-dom/cjs/react-dom-client.development.js:12028:11)
    at commitPassiveMountOnFiber (/home/runner/work/swaxi-dispo-v6/swaxi-dispo-v6/node_modules/react-dom/cjs/react-dom-client.development.js:13841:13)
    at recursivelyTraversePassiveMountEffects (/home/runner/work/swaxi-dispo-v6/swaxi-dispo-v6/node_modules/react-dom/cjs/react-dom-client.development.js:13815:11)
    at commitPassiveMountOnFiber (/home/runner/work/swaxi-dispo-v6/swaxi-dispo-v6/node_modules/react-dom/cjs/react-dom-client.development.js:13957:11)
    at recursivelyTraversePassiveMountEffects (/home/runner/work/swaxi-dispo-v6/swaxi-dispo-v6/node_modules/react-dom/cjs/react-dom-client.development.js:13815:11)
    at commitPassiveMountOnFiber (/home/runner/work/swaxi-dispo-v6/swaxi-dispo-v6/node_modules/react-dom/cjs/react-dom-client.development.js:13834:11)
    at recursivelyTraversePassiveMountEffects (/home/runner/work/swaxi-dispo-v6/swaxi-dispo-v6/node_modules/react-dom/cjs/react-dom-client.development.js:13815:11)
    at commitPassiveMountOnFiber (/home/runner/work/swaxi-dispo-v6/swaxi-dispo-v6/node_modules/react-dom/cjs/react-dom-client.development.js:13957:11)
    at recursivelyTraversePassiveMountEffects (/home/runner/work/swaxi-dispo-v6/swaxi-dispo-v6/node_modules/react-dom/cjs/react-dom-client.development.js:13815:11)
    at commitPassiveMountOnFiber (/home/runner/work/swaxi-dispo-v6/swaxi-dispo-v6/node_modules/react-dom/cjs/react-dom-client.development.js:13957:11)
    at recursivelyTraversePassiveMountEffects (/home/runner/work/swaxi-dispo-v6/swaxi-dispo-v6/node_modules/react-dom/cjs/react-dom-client.development.js:13815:11)
    at commitPassiveMountOnFiber (/home/runner/work/swaxi-dispo-v6/swaxi-dispo-v6/node_modules/react-dom/cjs/react-dom-client.development.js:13834:11)
    at recursivelyTraversePassiveMountEffects (/home/runner/work/swaxi-dispo-v6/swaxi-dispo-v6/node_modules/react-dom/cjs/react-dom-client.development.js:13815:11)
    at commitPassiveMountOnFiber (/home/runner/work/swaxi-dispo-v6/swaxi-dispo-v6/node_modules/react-dom/cjs/react-dom-client.development.js:13957:11)
    at recursivelyTraversePassiveMountEffects (/home/runner/work/swaxi-dispo-v6/swaxi-dispo-v6/node_modules/react-dom/cjs/react-dom-client.development.js:13815:11)
    at commitPassiveMountOnFiber (/home/runner/work/swaxi-dispo-v6/swaxi-dispo-v6/node_modules/react-dom/cjs/react-dom-client.development.js:13834:11)
    at recursivelyTraversePassiveMountEffects (/home/runner/work/swaxi-dispo-v6/swaxi-dispo-v6/node_modules/react-dom/cjs/react-dom-client.development.js:13815:11)
    at commitPassiveMountOnFiber (/home/runner/work/swaxi-dispo-v6/swaxi-dispo-v6/node_modules/react-dom/cjs/react-dom-client.development.js:13957:11)
    at recursivelyTraversePassiveMountEffects (/home/runner/work/swaxi-dispo-v6/swaxi-dispo-v6/node_modules/react-dom/cjs/react-dom-client.development.js:13815:11)
    at commitPassiveMountOnFiber (/home/runner/work/swaxi-dispo-v6/swaxi-dispo-v6/node_modules/react-dom/cjs/react-dom-client.development.js:13853:11)
    at flushPassiveEffects (/home/runner/work/swaxi-dispo-v6/swaxi-dispo-v6/node_modules/react-dom/cjs/react-dom-client.development.js:15737:9)
    at /home/runner/work/swaxi-dispo-v6/swaxi-dispo-v6/node_modules/react-dom/cjs/react-dom-client.development.js:15379:15
    at flushActQueue (/home/runner/work/swaxi-dispo-v6/swaxi-dispo-v6/node_modules/react/cjs/react.development.js:566:34)
    at process.env.NODE_ENV.exports.act (/home/runner/work/swaxi-dispo-v6/swaxi-dispo-v6/node_modules/react/cjs/react.development.js:860:10)
    at /home/runner/work/swaxi-dispo-v6/swaxi-dispo-v6/node_modules/@testing-library/react/dist/act-compat.js:47:25
    at renderRoot (/home/runner/work/swaxi-dispo-v6/swaxi-dispo-v6/node_modules/@testing-library/react/dist/pure.js:190:26)
    at render (/home/runner/work/swaxi-dispo-v6/swaxi-dispo-v6/node_modules/@testing-library/react/dist/pure.js:292:10)
    at renderWithProviders (/home/runner/work/swaxi-dispo-v6/swaxi-dispo-v6/src/tests/testUtils.jsx:14:16)
    at Object.&lt;anonymous&gt; (/home/runner/work/swaxi-dispo-v6/swaxi-dispo-v6/src/tests/ShiftTable.actions.test.jsx:81:24)
    at Promise.finally.completed (/home/runner/work/swaxi-dispo-v6/swaxi-dispo-v6/node_modules/jest-circus/build/jestAdapterInit.js:1556:28)
    at new Promise (&lt;anonymous&gt;)
    at callAsyncCircusFn (/home/runner/work/swaxi-dispo-v6/swaxi-dispo-v6/node_modules/jest-circus/build/jestAdapterInit.js:1496:10)
    at _callCircusTest (/home/runner/work/swaxi-dispo-v6/swaxi-dispo-v6/node_modules/jest-circus/build/jestAdapterInit.js:1006:40)
    at processTicksAndRejections (node:internal/process/task_queues:95:5)
    at _runTest (/home/runner/work/swaxi-dispo-v6/swaxi-dispo-v6/node_modules/jest-circus/build/jestAdapterInit.js:946:3)
    at _runTestsForDescribeBlock (/home/runner/work/swaxi-dispo-v6/swaxi-dispo-v6/node_modules/jest-circus/build/jestAdapterInit.js:839:13)
    at _runTestsForDescribeBlock (/home/runner/work/swaxi-dispo-v6/swaxi-dispo-v6/node_modules/jest-circus/build/jestAdapterInit.js:829:11)
    at run (/home/runner/work/swaxi-dispo-v6/swaxi-dispo-v6/node_modules/jest-circus/build/jestAdapterInit.js:757:3)
    at runAndTransformResultsToJestFormat (/home/runner/work/swaxi-dispo-v6/swaxi-dispo-v6/node_modules/jest-circus/build/jestAdapterInit.js:1917:21)
    at jestAdapter (/home/runner/work/swaxi-dispo-v6/swaxi-dispo-v6/node_modules/jest-circus/build/runner.js:101:19)
    at runTestInternal (/home/runner/work/swaxi-dispo-v6/swaxi-dispo-v6/node_modules/jest-runner/build/testWorker.js:275:16)
    at runTest (/home/runner/work/swaxi-dispo-v6/swaxi-dispo-v6/node_modules/jest-runner/build/testWorker.js:343:7)
    at Object.worker (/home/runner/work/swaxi-dispo-v6/swaxi-dispo-v6/node_modules/jest-runner/build/testWorker.js:497:12)</failure>
    </testcase>
  </testsuite>
  <testsuite name="Dashboard page" errors="0" failures="3" skipped="0" timestamp="2025-08-27T12:06:59" time="0.779" tests="3">
    <testcase classname="Dashboard page renders heading and analytics" name="Dashboard page renders heading and analytics" time="0.134">
      <failure>ReferenceError: lastActiveRef is not defined
    at current (/home/runner/work/swaxi-dispo-v6/swaxi-dispo-v6/src/components/SeriesApplicationModal.jsx:20:34)
    at Object.react_stack_bottom_frame (/home/runner/work/swaxi-dispo-v6/swaxi-dispo-v6/node_modules/react-dom/cjs/react-dom-client.development.js:23953:20)
    at runWithFiberInDEV (/home/runner/work/swaxi-dispo-v6/swaxi-dispo-v6/node_modules/react-dom/cjs/react-dom-client.development.js:1522:13)
    at commitHookEffectListMount (/home/runner/work/swaxi-dispo-v6/swaxi-dispo-v6/node_modules/react-dom/cjs/react-dom-client.development.js:11905:29)
    at commitHookPassiveMountEffects (/home/runner/work/swaxi-dispo-v6/swaxi-dispo-v6/node_modules/react-dom/cjs/react-dom-client.development.js:12028:11)
    at commitPassiveMountOnFiber (/home/runner/work/swaxi-dispo-v6/swaxi-dispo-v6/node_modules/react-dom/cjs/react-dom-client.development.js:13841:13)
    at recursivelyTraversePassiveMountEffects (/home/runner/work/swaxi-dispo-v6/swaxi-dispo-v6/node_modules/react-dom/cjs/react-dom-client.development.js:13815:11)
    at commitPassiveMountOnFiber (/home/runner/work/swaxi-dispo-v6/swaxi-dispo-v6/node_modules/react-dom/cjs/react-dom-client.development.js:13957:11)
    at recursivelyTraversePassiveMountEffects (/home/runner/work/swaxi-dispo-v6/swaxi-dispo-v6/node_modules/react-dom/cjs/react-dom-client.development.js:13815:11)
    at commitPassiveMountOnFiber (/home/runner/work/swaxi-dispo-v6/swaxi-dispo-v6/node_modules/react-dom/cjs/react-dom-client.development.js:13834:11)
    at recursivelyTraversePassiveMountEffects (/home/runner/work/swaxi-dispo-v6/swaxi-dispo-v6/node_modules/react-dom/cjs/react-dom-client.development.js:13815:11)
    at commitPassiveMountOnFiber (/home/runner/work/swaxi-dispo-v6/swaxi-dispo-v6/node_modules/react-dom/cjs/react-dom-client.development.js:13957:11)
    at recursivelyTraversePassiveMountEffects (/home/runner/work/swaxi-dispo-v6/swaxi-dispo-v6/node_modules/react-dom/cjs/react-dom-client.development.js:13815:11)
    at commitPassiveMountOnFiber (/home/runner/work/swaxi-dispo-v6/swaxi-dispo-v6/node_modules/react-dom/cjs/react-dom-client.development.js:13957:11)
    at recursivelyTraversePassiveMountEffects (/home/runner/work/swaxi-dispo-v6/swaxi-dispo-v6/node_modules/react-dom/cjs/react-dom-client.development.js:13815:11)
    at commitPassiveMountOnFiber (/home/runner/work/swaxi-dispo-v6/swaxi-dispo-v6/node_modules/react-dom/cjs/react-dom-client.development.js:13834:11)
    at recursivelyTraversePassiveMountEffects (/home/runner/work/swaxi-dispo-v6/swaxi-dispo-v6/node_modules/react-dom/cjs/react-dom-client.development.js:13815:11)
    at commitPassiveMountOnFiber (/home/runner/work/swaxi-dispo-v6/swaxi-dispo-v6/node_modules/react-dom/cjs/react-dom-client.development.js:13957:11)
    at recursivelyTraversePassiveMountEffects (/home/runner/work/swaxi-dispo-v6/swaxi-dispo-v6/node_modules/react-dom/cjs/react-dom-client.development.js:13815:11)
    at commitPassiveMountOnFiber (/home/runner/work/swaxi-dispo-v6/swaxi-dispo-v6/node_modules/react-dom/cjs/react-dom-client.development.js:13834:11)
    at recursivelyTraversePassiveMountEffects (/home/runner/work/swaxi-dispo-v6/swaxi-dispo-v6/node_modules/react-dom/cjs/react-dom-client.development.js:13815:11)
    at commitPassiveMountOnFiber (/home/runner/work/swaxi-dispo-v6/swaxi-dispo-v6/node_modules/react-dom/cjs/react-dom-client.development.js:13957:11)
    at recursivelyTraversePassiveMountEffects (/home/runner/work/swaxi-dispo-v6/swaxi-dispo-v6/node_modules/react-dom/cjs/react-dom-client.development.js:13815:11)
    at commitPassiveMountOnFiber (/home/runner/work/swaxi-dispo-v6/swaxi-dispo-v6/node_modules/react-dom/cjs/react-dom-client.development.js:13834:11)
    at recursivelyTraversePassiveMountEffects (/home/runner/work/swaxi-dispo-v6/swaxi-dispo-v6/node_modules/react-dom/cjs/react-dom-client.development.js:13815:11)
    at commitPassiveMountOnFiber (/home/runner/work/swaxi-dispo-v6/swaxi-dispo-v6/node_modules/react-dom/cjs/react-dom-client.development.js:13957:11)
    at recursivelyTraversePassiveMountEffects (/home/runner/work/swaxi-dispo-v6/swaxi-dispo-v6/node_modules/react-dom/cjs/react-dom-client.development.js:13815:11)
    at commitPassiveMountOnFiber (/home/runner/work/swaxi-dispo-v6/swaxi-dispo-v6/node_modules/react-dom/cjs/react-dom-client.development.js:13853:11)
    at flushPassiveEffects (/home/runner/work/swaxi-dispo-v6/swaxi-dispo-v6/node_modules/react-dom/cjs/react-dom-client.development.js:15737:9)
    at flushPendingEffects (/home/runner/work/swaxi-dispo-v6/swaxi-dispo-v6/node_modules/react-dom/cjs/react-dom-client.development.js:15702:14)
    at performSyncWorkOnRoot (/home/runner/work/swaxi-dispo-v6/swaxi-dispo-v6/node_modules/react-dom/cjs/react-dom-client.development.js:16228:11)
    at flushSyncWorkAcrossRoots_impl (/home/runner/work/swaxi-dispo-v6/swaxi-dispo-v6/node_modules/react-dom/cjs/react-dom-client.development.js:16079:21)
    at flushSpawnedWork (/home/runner/work/swaxi-dispo-v6/swaxi-dispo-v6/node_modules/react-dom/cjs/react-dom-client.development.js:15677:9)
    at commitRoot (/home/runner/work/swaxi-dispo-v6/swaxi-dispo-v6/node_modules/react-dom/cjs/react-dom-client.development.js:15403:9)
    at performWorkOnRoot (/home/runner/work/swaxi-dispo-v6/swaxi-dispo-v6/node_modules/react-dom/cjs/react-dom-client.development.js:14526:15)
    at performWorkOnRootViaSchedulerTask (/home/runner/work/swaxi-dispo-v6/swaxi-dispo-v6/node_modules/react-dom/cjs/react-dom-client.development.js:16216:7)
    at flushActQueue (/home/runner/work/swaxi-dispo-v6/swaxi-dispo-v6/node_modules/react/cjs/react.development.js:566:34)
    at process.env.NODE_ENV.exports.act (/home/runner/work/swaxi-dispo-v6/swaxi-dispo-v6/node_modules/react/cjs/react.development.js:860:10)
    at /home/runner/work/swaxi-dispo-v6/swaxi-dispo-v6/node_modules/@testing-library/react/dist/act-compat.js:47:25
    at renderRoot (/home/runner/work/swaxi-dispo-v6/swaxi-dispo-v6/node_modules/@testing-library/react/dist/pure.js:190:26)
    at render (/home/runner/work/swaxi-dispo-v6/swaxi-dispo-v6/node_modules/@testing-library/react/dist/pure.js:292:10)
    at renderWithProviders (/home/runner/work/swaxi-dispo-v6/swaxi-dispo-v6/src/tests/testUtils.jsx:14:16)
    at Object.&lt;anonymous&gt; (/home/runner/work/swaxi-dispo-v6/swaxi-dispo-v6/src/tests/Dashboard.test.jsx:26:24)
    at Promise.finally.completed (/home/runner/work/swaxi-dispo-v6/swaxi-dispo-v6/node_modules/jest-circus/build/jestAdapterInit.js:1556:28)
    at new Promise (&lt;anonymous&gt;)
    at callAsyncCircusFn (/home/runner/work/swaxi-dispo-v6/swaxi-dispo-v6/node_modules/jest-circus/build/jestAdapterInit.js:1496:10)
    at _callCircusTest (/home/runner/work/swaxi-dispo-v6/swaxi-dispo-v6/node_modules/jest-circus/build/jestAdapterInit.js:1006:40)
    at processTicksAndRejections (node:internal/process/task_queues:95:5)
    at _runTest (/home/runner/work/swaxi-dispo-v6/swaxi-dispo-v6/node_modules/jest-circus/build/jestAdapterInit.js:946:3)
    at _runTestsForDescribeBlock (/home/runner/work/swaxi-dispo-v6/swaxi-dispo-v6/node_modules/jest-circus/build/jestAdapterInit.js:839:13)
    at _runTestsForDescribeBlock (/home/runner/work/swaxi-dispo-v6/swaxi-dispo-v6/node_modules/jest-circus/build/jestAdapterInit.js:829:11)
    at run (/home/runner/work/swaxi-dispo-v6/swaxi-dispo-v6/node_modules/jest-circus/build/jestAdapterInit.js:757:3)
    at runAndTransformResultsToJestFormat (/home/runner/work/swaxi-dispo-v6/swaxi-dispo-v6/node_modules/jest-circus/build/jestAdapterInit.js:1917:21)
    at jestAdapter (/home/runner/work/swaxi-dispo-v6/swaxi-dispo-v6/node_modules/jest-circus/build/runner.js:101:19)
    at runTestInternal (/home/runner/work/swaxi-dispo-v6/swaxi-dispo-v6/node_modules/jest-runner/build/testWorker.js:275:16)
    at runTest (/home/runner/work/swaxi-dispo-v6/swaxi-dispo-v6/node_modules/jest-runner/build/testWorker.js:343:7)
    at Object.worker (/home/runner/work/swaxi-dispo-v6/swaxi-dispo-v6/node_modules/jest-runner/build/testWorker.js:497:12)</failure>
    </testcase>
    <testcase classname="Dashboard page filters by status (open, assigned, cancelled)" name="Dashboard page filters by status (open, assigned, cancelled)" time="0.023">
      <failure>ReferenceError: lastActiveRef is not defined
    at current (/home/runner/work/swaxi-dispo-v6/swaxi-dispo-v6/src/components/SeriesApplicationModal.jsx:20:34)
    at Object.react_stack_bottom_frame (/home/runner/work/swaxi-dispo-v6/swaxi-dispo-v6/node_modules/react-dom/cjs/react-dom-client.development.js:23953:20)
    at runWithFiberInDEV (/home/runner/work/swaxi-dispo-v6/swaxi-dispo-v6/node_modules/react-dom/cjs/react-dom-client.development.js:1522:13)
    at commitHookEffectListMount (/home/runner/work/swaxi-dispo-v6/swaxi-dispo-v6/node_modules/react-dom/cjs/react-dom-client.development.js:11905:29)
    at commitHookPassiveMountEffects (/home/runner/work/swaxi-dispo-v6/swaxi-dispo-v6/node_modules/react-dom/cjs/react-dom-client.development.js:12028:11)
    at commitPassiveMountOnFiber (/home/runner/work/swaxi-dispo-v6/swaxi-dispo-v6/node_modules/react-dom/cjs/react-dom-client.development.js:13841:13)
    at recursivelyTraversePassiveMountEffects (/home/runner/work/swaxi-dispo-v6/swaxi-dispo-v6/node_modules/react-dom/cjs/react-dom-client.development.js:13815:11)
    at commitPassiveMountOnFiber (/home/runner/work/swaxi-dispo-v6/swaxi-dispo-v6/node_modules/react-dom/cjs/react-dom-client.development.js:13957:11)
    at recursivelyTraversePassiveMountEffects (/home/runner/work/swaxi-dispo-v6/swaxi-dispo-v6/node_modules/react-dom/cjs/react-dom-client.development.js:13815:11)
    at commitPassiveMountOnFiber (/home/runner/work/swaxi-dispo-v6/swaxi-dispo-v6/node_modules/react-dom/cjs/react-dom-client.development.js:13834:11)
    at recursivelyTraversePassiveMountEffects (/home/runner/work/swaxi-dispo-v6/swaxi-dispo-v6/node_modules/react-dom/cjs/react-dom-client.development.js:13815:11)
    at commitPassiveMountOnFiber (/home/runner/work/swaxi-dispo-v6/swaxi-dispo-v6/node_modules/react-dom/cjs/react-dom-client.development.js:13957:11)
    at recursivelyTraversePassiveMountEffects (/home/runner/work/swaxi-dispo-v6/swaxi-dispo-v6/node_modules/react-dom/cjs/react-dom-client.development.js:13815:11)
    at commitPassiveMountOnFiber (/home/runner/work/swaxi-dispo-v6/swaxi-dispo-v6/node_modules/react-dom/cjs/react-dom-client.development.js:13957:11)
    at recursivelyTraversePassiveMountEffects (/home/runner/work/swaxi-dispo-v6/swaxi-dispo-v6/node_modules/react-dom/cjs/react-dom-client.development.js:13815:11)
    at commitPassiveMountOnFiber (/home/runner/work/swaxi-dispo-v6/swaxi-dispo-v6/node_modules/react-dom/cjs/react-dom-client.development.js:13834:11)
    at recursivelyTraversePassiveMountEffects (/home/runner/work/swaxi-dispo-v6/swaxi-dispo-v6/node_modules/react-dom/cjs/react-dom-client.development.js:13815:11)
    at commitPassiveMountOnFiber (/home/runner/work/swaxi-dispo-v6/swaxi-dispo-v6/node_modules/react-dom/cjs/react-dom-client.development.js:13957:11)
    at recursivelyTraversePassiveMountEffects (/home/runner/work/swaxi-dispo-v6/swaxi-dispo-v6/node_modules/react-dom/cjs/react-dom-client.development.js:13815:11)
    at commitPassiveMountOnFiber (/home/runner/work/swaxi-dispo-v6/swaxi-dispo-v6/node_modules/react-dom/cjs/react-dom-client.development.js:13834:11)
    at recursivelyTraversePassiveMountEffects (/home/runner/work/swaxi-dispo-v6/swaxi-dispo-v6/node_modules/react-dom/cjs/react-dom-client.development.js:13815:11)
    at commitPassiveMountOnFiber (/home/runner/work/swaxi-dispo-v6/swaxi-dispo-v6/node_modules/react-dom/cjs/react-dom-client.development.js:13957:11)
    at recursivelyTraversePassiveMountEffects (/home/runner/work/swaxi-dispo-v6/swaxi-dispo-v6/node_modules/react-dom/cjs/react-dom-client.development.js:13815:11)
    at commitPassiveMountOnFiber (/home/runner/work/swaxi-dispo-v6/swaxi-dispo-v6/node_modules/react-dom/cjs/react-dom-client.development.js:13834:11)
    at recursivelyTraversePassiveMountEffects (/home/runner/work/swaxi-dispo-v6/swaxi-dispo-v6/node_modules/react-dom/cjs/react-dom-client.development.js:13815:11)
    at commitPassiveMountOnFiber (/home/runner/work/swaxi-dispo-v6/swaxi-dispo-v6/node_modules/react-dom/cjs/react-dom-client.development.js:13957:11)
    at recursivelyTraversePassiveMountEffects (/home/runner/work/swaxi-dispo-v6/swaxi-dispo-v6/node_modules/react-dom/cjs/react-dom-client.development.js:13815:11)
    at commitPassiveMountOnFiber (/home/runner/work/swaxi-dispo-v6/swaxi-dispo-v6/node_modules/react-dom/cjs/react-dom-client.development.js:13853:11)
    at flushPassiveEffects (/home/runner/work/swaxi-dispo-v6/swaxi-dispo-v6/node_modules/react-dom/cjs/react-dom-client.development.js:15737:9)
    at flushPendingEffects (/home/runner/work/swaxi-dispo-v6/swaxi-dispo-v6/node_modules/react-dom/cjs/react-dom-client.development.js:15702:14)
    at performSyncWorkOnRoot (/home/runner/work/swaxi-dispo-v6/swaxi-dispo-v6/node_modules/react-dom/cjs/react-dom-client.development.js:16228:11)
    at flushSyncWorkAcrossRoots_impl (/home/runner/work/swaxi-dispo-v6/swaxi-dispo-v6/node_modules/react-dom/cjs/react-dom-client.development.js:16079:21)
    at flushSpawnedWork (/home/runner/work/swaxi-dispo-v6/swaxi-dispo-v6/node_modules/react-dom/cjs/react-dom-client.development.js:15677:9)
    at commitRoot (/home/runner/work/swaxi-dispo-v6/swaxi-dispo-v6/node_modules/react-dom/cjs/react-dom-client.development.js:15403:9)
    at performWorkOnRoot (/home/runner/work/swaxi-dispo-v6/swaxi-dispo-v6/node_modules/react-dom/cjs/react-dom-client.development.js:14526:15)
    at performWorkOnRootViaSchedulerTask (/home/runner/work/swaxi-dispo-v6/swaxi-dispo-v6/node_modules/react-dom/cjs/react-dom-client.development.js:16216:7)
    at flushActQueue (/home/runner/work/swaxi-dispo-v6/swaxi-dispo-v6/node_modules/react/cjs/react.development.js:566:34)
    at process.env.NODE_ENV.exports.act (/home/runner/work/swaxi-dispo-v6/swaxi-dispo-v6/node_modules/react/cjs/react.development.js:860:10)
    at /home/runner/work/swaxi-dispo-v6/swaxi-dispo-v6/node_modules/@testing-library/react/dist/act-compat.js:47:25
    at renderRoot (/home/runner/work/swaxi-dispo-v6/swaxi-dispo-v6/node_modules/@testing-library/react/dist/pure.js:190:26)
    at render (/home/runner/work/swaxi-dispo-v6/swaxi-dispo-v6/node_modules/@testing-library/react/dist/pure.js:292:10)
    at renderWithProviders (/home/runner/work/swaxi-dispo-v6/swaxi-dispo-v6/src/tests/testUtils.jsx:14:16)
    at Object.&lt;anonymous&gt; (/home/runner/work/swaxi-dispo-v6/swaxi-dispo-v6/src/tests/Dashboard.test.jsx:32:24)
    at Promise.finally.completed (/home/runner/work/swaxi-dispo-v6/swaxi-dispo-v6/node_modules/jest-circus/build/jestAdapterInit.js:1556:28)
    at new Promise (&lt;anonymous&gt;)
    at callAsyncCircusFn (/home/runner/work/swaxi-dispo-v6/swaxi-dispo-v6/node_modules/jest-circus/build/jestAdapterInit.js:1496:10)
    at _callCircusTest (/home/runner/work/swaxi-dispo-v6/swaxi-dispo-v6/node_modules/jest-circus/build/jestAdapterInit.js:1006:40)
    at processTicksAndRejections (node:internal/process/task_queues:95:5)
    at _runTest (/home/runner/work/swaxi-dispo-v6/swaxi-dispo-v6/node_modules/jest-circus/build/jestAdapterInit.js:946:3)
    at _runTestsForDescribeBlock (/home/runner/work/swaxi-dispo-v6/swaxi-dispo-v6/node_modules/jest-circus/build/jestAdapterInit.js:839:13)
    at _runTestsForDescribeBlock (/home/runner/work/swaxi-dispo-v6/swaxi-dispo-v6/node_modules/jest-circus/build/jestAdapterInit.js:829:11)
    at run (/home/runner/work/swaxi-dispo-v6/swaxi-dispo-v6/node_modules/jest-circus/build/jestAdapterInit.js:757:3)
    at runAndTransformResultsToJestFormat (/home/runner/work/swaxi-dispo-v6/swaxi-dispo-v6/node_modules/jest-circus/build/jestAdapterInit.js:1917:21)
    at jestAdapter (/home/runner/work/swaxi-dispo-v6/swaxi-dispo-v6/node_modules/jest-circus/build/runner.js:101:19)
    at runTestInternal (/home/runner/work/swaxi-dispo-v6/swaxi-dispo-v6/node_modules/jest-runner/build/testWorker.js:275:16)
    at runTest (/home/runner/work/swaxi-dispo-v6/swaxi-dispo-v6/node_modules/jest-runner/build/testWorker.js:343:7)
    at Object.worker (/home/runner/work/swaxi-dispo-v6/swaxi-dispo-v6/node_modules/jest-runner/build/testWorker.js:497:12)</failure>
    </testcase>
    <testcase classname="Dashboard page shows auto assign button when user can manage shifts" name="Dashboard page shows auto assign button when user can manage shifts" time="0.03">
      <failure>ReferenceError: lastActiveRef is not defined
    at current (/home/runner/work/swaxi-dispo-v6/swaxi-dispo-v6/src/components/SeriesApplicationModal.jsx:20:34)
    at Object.react_stack_bottom_frame (/home/runner/work/swaxi-dispo-v6/swaxi-dispo-v6/node_modules/react-dom/cjs/react-dom-client.development.js:23953:20)
    at runWithFiberInDEV (/home/runner/work/swaxi-dispo-v6/swaxi-dispo-v6/node_modules/react-dom/cjs/react-dom-client.development.js:1522:13)
    at commitHookEffectListMount (/home/runner/work/swaxi-dispo-v6/swaxi-dispo-v6/node_modules/react-dom/cjs/react-dom-client.development.js:11905:29)
    at commitHookPassiveMountEffects (/home/runner/work/swaxi-dispo-v6/swaxi-dispo-v6/node_modules/react-dom/cjs/react-dom-client.development.js:12028:11)
    at commitPassiveMountOnFiber (/home/runner/work/swaxi-dispo-v6/swaxi-dispo-v6/node_modules/react-dom/cjs/react-dom-client.development.js:13841:13)
    at recursivelyTraversePassiveMountEffects (/home/runner/work/swaxi-dispo-v6/swaxi-dispo-v6/node_modules/react-dom/cjs/react-dom-client.development.js:13815:11)
    at commitPassiveMountOnFiber (/home/runner/work/swaxi-dispo-v6/swaxi-dispo-v6/node_modules/react-dom/cjs/react-dom-client.development.js:13957:11)
    at recursivelyTraversePassiveMountEffects (/home/runner/work/swaxi-dispo-v6/swaxi-dispo-v6/node_modules/react-dom/cjs/react-dom-client.development.js:13815:11)
    at commitPassiveMountOnFiber (/home/runner/work/swaxi-dispo-v6/swaxi-dispo-v6/node_modules/react-dom/cjs/react-dom-client.development.js:13834:11)
    at recursivelyTraversePassiveMountEffects (/home/runner/work/swaxi-dispo-v6/swaxi-dispo-v6/node_modules/react-dom/cjs/react-dom-client.development.js:13815:11)
    at commitPassiveMountOnFiber (/home/runner/work/swaxi-dispo-v6/swaxi-dispo-v6/node_modules/react-dom/cjs/react-dom-client.development.js:13957:11)
    at recursivelyTraversePassiveMountEffects (/home/runner/work/swaxi-dispo-v6/swaxi-dispo-v6/node_modules/react-dom/cjs/react-dom-client.development.js:13815:11)
    at commitPassiveMountOnFiber (/home/runner/work/swaxi-dispo-v6/swaxi-dispo-v6/node_modules/react-dom/cjs/react-dom-client.development.js:13957:11)
    at recursivelyTraversePassiveMountEffects (/home/runner/work/swaxi-dispo-v6/swaxi-dispo-v6/node_modules/react-dom/cjs/react-dom-client.development.js:13815:11)
    at commitPassiveMountOnFiber (/home/runner/work/swaxi-dispo-v6/swaxi-dispo-v6/node_modules/react-dom/cjs/react-dom-client.development.js:13834:11)
    at recursivelyTraversePassiveMountEffects (/home/runner/work/swaxi-dispo-v6/swaxi-dispo-v6/node_modules/react-dom/cjs/react-dom-client.development.js:13815:11)
    at commitPassiveMountOnFiber (/home/runner/work/swaxi-dispo-v6/swaxi-dispo-v6/node_modules/react-dom/cjs/react-dom-client.development.js:13957:11)
    at recursivelyTraversePassiveMountEffects (/home/runner/work/swaxi-dispo-v6/swaxi-dispo-v6/node_modules/react-dom/cjs/react-dom-client.development.js:13815:11)
    at commitPassiveMountOnFiber (/home/runner/work/swaxi-dispo-v6/swaxi-dispo-v6/node_modules/react-dom/cjs/react-dom-client.development.js:13834:11)
    at recursivelyTraversePassiveMountEffects (/home/runner/work/swaxi-dispo-v6/swaxi-dispo-v6/node_modules/react-dom/cjs/react-dom-client.development.js:13815:11)
    at commitPassiveMountOnFiber (/home/runner/work/swaxi-dispo-v6/swaxi-dispo-v6/node_modules/react-dom/cjs/react-dom-client.development.js:13957:11)
    at recursivelyTraversePassiveMountEffects (/home/runner/work/swaxi-dispo-v6/swaxi-dispo-v6/node_modules/react-dom/cjs/react-dom-client.development.js:13815:11)
    at commitPassiveMountOnFiber (/home/runner/work/swaxi-dispo-v6/swaxi-dispo-v6/node_modules/react-dom/cjs/react-dom-client.development.js:13834:11)
    at recursivelyTraversePassiveMountEffects (/home/runner/work/swaxi-dispo-v6/swaxi-dispo-v6/node_modules/react-dom/cjs/react-dom-client.development.js:13815:11)
    at commitPassiveMountOnFiber (/home/runner/work/swaxi-dispo-v6/swaxi-dispo-v6/node_modules/react-dom/cjs/react-dom-client.development.js:13957:11)
    at recursivelyTraversePassiveMountEffects (/home/runner/work/swaxi-dispo-v6/swaxi-dispo-v6/node_modules/react-dom/cjs/react-dom-client.development.js:13815:11)
    at commitPassiveMountOnFiber (/home/runner/work/swaxi-dispo-v6/swaxi-dispo-v6/node_modules/react-dom/cjs/react-dom-client.development.js:13853:11)
    at flushPassiveEffects (/home/runner/work/swaxi-dispo-v6/swaxi-dispo-v6/node_modules/react-dom/cjs/react-dom-client.development.js:15737:9)
    at flushPendingEffects (/home/runner/work/swaxi-dispo-v6/swaxi-dispo-v6/node_modules/react-dom/cjs/react-dom-client.development.js:15702:14)
    at performSyncWorkOnRoot (/home/runner/work/swaxi-dispo-v6/swaxi-dispo-v6/node_modules/react-dom/cjs/react-dom-client.development.js:16228:11)
    at flushSyncWorkAcrossRoots_impl (/home/runner/work/swaxi-dispo-v6/swaxi-dispo-v6/node_modules/react-dom/cjs/react-dom-client.development.js:16079:21)
    at flushSpawnedWork (/home/runner/work/swaxi-dispo-v6/swaxi-dispo-v6/node_modules/react-dom/cjs/react-dom-client.development.js:15677:9)
    at commitRoot (/home/runner/work/swaxi-dispo-v6/swaxi-dispo-v6/node_modules/react-dom/cjs/react-dom-client.development.js:15403:9)
    at performWorkOnRoot (/home/runner/work/swaxi-dispo-v6/swaxi-dispo-v6/node_modules/react-dom/cjs/react-dom-client.development.js:14526:15)
    at performWorkOnRootViaSchedulerTask (/home/runner/work/swaxi-dispo-v6/swaxi-dispo-v6/node_modules/react-dom/cjs/react-dom-client.development.js:16216:7)
    at flushActQueue (/home/runner/work/swaxi-dispo-v6/swaxi-dispo-v6/node_modules/react/cjs/react.development.js:566:34)
    at process.env.NODE_ENV.exports.act (/home/runner/work/swaxi-dispo-v6/swaxi-dispo-v6/node_modules/react/cjs/react.development.js:860:10)
    at /home/runner/work/swaxi-dispo-v6/swaxi-dispo-v6/node_modules/@testing-library/react/dist/act-compat.js:47:25
    at renderRoot (/home/runner/work/swaxi-dispo-v6/swaxi-dispo-v6/node_modules/@testing-library/react/dist/pure.js:190:26)
    at render (/home/runner/work/swaxi-dispo-v6/swaxi-dispo-v6/node_modules/@testing-library/react/dist/pure.js:292:10)
    at renderWithProviders (/home/runner/work/swaxi-dispo-v6/swaxi-dispo-v6/src/tests/testUtils.jsx:14:16)
    at Object.&lt;anonymous&gt; (/home/runner/work/swaxi-dispo-v6/swaxi-dispo-v6/src/tests/Dashboard.test.jsx:45:24)
    at Promise.finally.completed (/home/runner/work/swaxi-dispo-v6/swaxi-dispo-v6/node_modules/jest-circus/build/jestAdapterInit.js:1556:28)
    at new Promise (&lt;anonymous&gt;)
    at callAsyncCircusFn (/home/runner/work/swaxi-dispo-v6/swaxi-dispo-v6/node_modules/jest-circus/build/jestAdapterInit.js:1496:10)
    at _callCircusTest (/home/runner/work/swaxi-dispo-v6/swaxi-dispo-v6/node_modules/jest-circus/build/jestAdapterInit.js:1006:40)
    at processTicksAndRejections (node:internal/process/task_queues:95:5)
    at _runTest (/home/runner/work/swaxi-dispo-v6/swaxi-dispo-v6/node_modules/jest-circus/build/jestAdapterInit.js:946:3)
    at _runTestsForDescribeBlock (/home/runner/work/swaxi-dispo-v6/swaxi-dispo-v6/node_modules/jest-circus/build/jestAdapterInit.js:839:13)
    at _runTestsForDescribeBlock (/home/runner/work/swaxi-dispo-v6/swaxi-dispo-v6/node_modules/jest-circus/build/jestAdapterInit.js:829:11)
    at run (/home/runner/work/swaxi-dispo-v6/swaxi-dispo-v6/node_modules/jest-circus/build/jestAdapterInit.js:757:3)
    at runAndTransformResultsToJestFormat (/home/runner/work/swaxi-dispo-v6/swaxi-dispo-v6/node_modules/jest-circus/build/jestAdapterInit.js:1917:21)
    at jestAdapter (/home/runner/work/swaxi-dispo-v6/swaxi-dispo-v6/node_modules/jest-circus/build/runner.js:101:19)
    at runTestInternal (/home/runner/work/swaxi-dispo-v6/swaxi-dispo-v6/node_modules/jest-runner/build/testWorker.js:275:16)
    at runTest (/home/runner/work/swaxi-dispo-v6/swaxi-dispo-v6/node_modules/jest-runner/build/testWorker.js:343:7)
    at Object.worker (/home/runner/work/swaxi-dispo-v6/swaxi-dispo-v6/node_modules/jest-runner/build/testWorker.js:497:12)</failure>
    </testcase>
  </testsuite>
  <testsuite name="SeriesApplicationModal" errors="0" failures="2" skipped="0" timestamp="2025-08-27T12:07:00" time="0.547" tests="2">
    <testcase classname="SeriesApplicationModal renders available shifts and allows selecting multiple via type shortcut" name="SeriesApplicationModal renders available shifts and allows selecting multiple via type shortcut" time="0.05">
      <failure>ReferenceError: lastActiveRef is not defined
    at lastActiveRef (/home/runner/work/swaxi-dispo-v6/swaxi-dispo-v6/src/components/SeriesApplicationModal.jsx:17:7)
    at Object.react_stack_bottom_frame (/home/runner/work/swaxi-dispo-v6/swaxi-dispo-v6/node_modules/react-dom/cjs/react-dom-client.development.js:23953:20)
    at runWithFiberInDEV (/home/runner/work/swaxi-dispo-v6/swaxi-dispo-v6/node_modules/react-dom/cjs/react-dom-client.development.js:1522:13)
    at commitHookEffectListMount (/home/runner/work/swaxi-dispo-v6/swaxi-dispo-v6/node_modules/react-dom/cjs/react-dom-client.development.js:11905:29)
    at commitHookPassiveMountEffects (/home/runner/work/swaxi-dispo-v6/swaxi-dispo-v6/node_modules/react-dom/cjs/react-dom-client.development.js:12028:11)
    at commitPassiveMountOnFiber (/home/runner/work/swaxi-dispo-v6/swaxi-dispo-v6/node_modules/react-dom/cjs/react-dom-client.development.js:13841:13)
    at recursivelyTraversePassiveMountEffects (/home/runner/work/swaxi-dispo-v6/swaxi-dispo-v6/node_modules/react-dom/cjs/react-dom-client.development.js:13815:11)
    at commitPassiveMountOnFiber (/home/runner/work/swaxi-dispo-v6/swaxi-dispo-v6/node_modules/react-dom/cjs/react-dom-client.development.js:13957:11)
    at recursivelyTraversePassiveMountEffects (/home/runner/work/swaxi-dispo-v6/swaxi-dispo-v6/node_modules/react-dom/cjs/react-dom-client.development.js:13815:11)
    at commitPassiveMountOnFiber (/home/runner/work/swaxi-dispo-v6/swaxi-dispo-v6/node_modules/react-dom/cjs/react-dom-client.development.js:13834:11)
    at recursivelyTraversePassiveMountEffects (/home/runner/work/swaxi-dispo-v6/swaxi-dispo-v6/node_modules/react-dom/cjs/react-dom-client.development.js:13815:11)
    at commitPassiveMountOnFiber (/home/runner/work/swaxi-dispo-v6/swaxi-dispo-v6/node_modules/react-dom/cjs/react-dom-client.development.js:13957:11)
    at recursivelyTraversePassiveMountEffects (/home/runner/work/swaxi-dispo-v6/swaxi-dispo-v6/node_modules/react-dom/cjs/react-dom-client.development.js:13815:11)
    at commitPassiveMountOnFiber (/home/runner/work/swaxi-dispo-v6/swaxi-dispo-v6/node_modules/react-dom/cjs/react-dom-client.development.js:13834:11)
    at recursivelyTraversePassiveMountEffects (/home/runner/work/swaxi-dispo-v6/swaxi-dispo-v6/node_modules/react-dom/cjs/react-dom-client.development.js:13815:11)
    at commitPassiveMountOnFiber (/home/runner/work/swaxi-dispo-v6/swaxi-dispo-v6/node_modules/react-dom/cjs/react-dom-client.development.js:13957:11)
    at recursivelyTraversePassiveMountEffects (/home/runner/work/swaxi-dispo-v6/swaxi-dispo-v6/node_modules/react-dom/cjs/react-dom-client.development.js:13815:11)
    at commitPassiveMountOnFiber (/home/runner/work/swaxi-dispo-v6/swaxi-dispo-v6/node_modules/react-dom/cjs/react-dom-client.development.js:13853:11)
    at flushPassiveEffects (/home/runner/work/swaxi-dispo-v6/swaxi-dispo-v6/node_modules/react-dom/cjs/react-dom-client.development.js:15737:9)
    at /home/runner/work/swaxi-dispo-v6/swaxi-dispo-v6/node_modules/react-dom/cjs/react-dom-client.development.js:15379:15
    at flushActQueue (/home/runner/work/swaxi-dispo-v6/swaxi-dispo-v6/node_modules/react/cjs/react.development.js:566:34)
    at process.env.NODE_ENV.exports.act (/home/runner/work/swaxi-dispo-v6/swaxi-dispo-v6/node_modules/react/cjs/react.development.js:860:10)
    at /home/runner/work/swaxi-dispo-v6/swaxi-dispo-v6/node_modules/@testing-library/react/dist/act-compat.js:47:25
    at renderRoot (/home/runner/work/swaxi-dispo-v6/swaxi-dispo-v6/node_modules/@testing-library/react/dist/pure.js:190:26)
    at render (/home/runner/work/swaxi-dispo-v6/swaxi-dispo-v6/node_modules/@testing-library/react/dist/pure.js:292:10)
    at renderWithProviders (/home/runner/work/swaxi-dispo-v6/swaxi-dispo-v6/src/tests/testUtils.jsx:14:16)
    at Object.&lt;anonymous&gt; (/home/runner/work/swaxi-dispo-v6/swaxi-dispo-v6/src/tests/SeriesApplicationModal.test.jsx:28:24)
    at Promise.finally.completed (/home/runner/work/swaxi-dispo-v6/swaxi-dispo-v6/node_modules/jest-circus/build/jestAdapterInit.js:1556:28)
    at new Promise (&lt;anonymous&gt;)
    at callAsyncCircusFn (/home/runner/work/swaxi-dispo-v6/swaxi-dispo-v6/node_modules/jest-circus/build/jestAdapterInit.js:1496:10)
    at _callCircusTest (/home/runner/work/swaxi-dispo-v6/swaxi-dispo-v6/node_modules/jest-circus/build/jestAdapterInit.js:1006:40)
    at processTicksAndRejections (node:internal/process/task_queues:95:5)
    at _runTest (/home/runner/work/swaxi-dispo-v6/swaxi-dispo-v6/node_modules/jest-circus/build/jestAdapterInit.js:946:3)
    at _runTestsForDescribeBlock (/home/runner/work/swaxi-dispo-v6/swaxi-dispo-v6/node_modules/jest-circus/build/jestAdapterInit.js:839:13)
    at _runTestsForDescribeBlock (/home/runner/work/swaxi-dispo-v6/swaxi-dispo-v6/node_modules/jest-circus/build/jestAdapterInit.js:829:11)
    at run (/home/runner/work/swaxi-dispo-v6/swaxi-dispo-v6/node_modules/jest-circus/build/jestAdapterInit.js:757:3)
    at runAndTransformResultsToJestFormat (/home/runner/work/swaxi-dispo-v6/swaxi-dispo-v6/node_modules/jest-circus/build/jestAdapterInit.js:1917:21)
    at jestAdapter (/home/runner/work/swaxi-dispo-v6/swaxi-dispo-v6/node_modules/jest-circus/build/runner.js:101:19)
    at runTestInternal (/home/runner/work/swaxi-dispo-v6/swaxi-dispo-v6/node_modules/jest-runner/build/testWorker.js:275:16)
    at runTest (/home/runner/work/swaxi-dispo-v6/swaxi-dispo-v6/node_modules/jest-runner/build/testWorker.js:343:7)
    at Object.worker (/home/runner/work/swaxi-dispo-v6/swaxi-dispo-v6/node_modules/jest-runner/build/testWorker.js:497:12)</failure>
    </testcase>
    <testcase classname="SeriesApplicationModal disables submit when no selection and enables after selecting one" name="SeriesApplicationModal disables submit when no selection and enables after selecting one" time="0.01">
      <failure>ReferenceError: lastActiveRef is not defined
    at lastActiveRef (/home/runner/work/swaxi-dispo-v6/swaxi-dispo-v6/src/components/SeriesApplicationModal.jsx:17:7)
    at Object.react_stack_bottom_frame (/home/runner/work/swaxi-dispo-v6/swaxi-dispo-v6/node_modules/react-dom/cjs/react-dom-client.development.js:23953:20)
    at runWithFiberInDEV (/home/runner/work/swaxi-dispo-v6/swaxi-dispo-v6/node_modules/react-dom/cjs/react-dom-client.development.js:1522:13)
    at commitHookEffectListMount (/home/runner/work/swaxi-dispo-v6/swaxi-dispo-v6/node_modules/react-dom/cjs/react-dom-client.development.js:11905:29)
    at commitHookPassiveMountEffects (/home/runner/work/swaxi-dispo-v6/swaxi-dispo-v6/node_modules/react-dom/cjs/react-dom-client.development.js:12028:11)
    at commitPassiveMountOnFiber (/home/runner/work/swaxi-dispo-v6/swaxi-dispo-v6/node_modules/react-dom/cjs/react-dom-client.development.js:13841:13)
    at recursivelyTraversePassiveMountEffects (/home/runner/work/swaxi-dispo-v6/swaxi-dispo-v6/node_modules/react-dom/cjs/react-dom-client.development.js:13815:11)
    at commitPassiveMountOnFiber (/home/runner/work/swaxi-dispo-v6/swaxi-dispo-v6/node_modules/react-dom/cjs/react-dom-client.development.js:13957:11)
    at recursivelyTraversePassiveMountEffects (/home/runner/work/swaxi-dispo-v6/swaxi-dispo-v6/node_modules/react-dom/cjs/react-dom-client.development.js:13815:11)
    at commitPassiveMountOnFiber (/home/runner/work/swaxi-dispo-v6/swaxi-dispo-v6/node_modules/react-dom/cjs/react-dom-client.development.js:13834:11)
    at recursivelyTraversePassiveMountEffects (/home/runner/work/swaxi-dispo-v6/swaxi-dispo-v6/node_modules/react-dom/cjs/react-dom-client.development.js:13815:11)
    at commitPassiveMountOnFiber (/home/runner/work/swaxi-dispo-v6/swaxi-dispo-v6/node_modules/react-dom/cjs/react-dom-client.development.js:13957:11)
    at recursivelyTraversePassiveMountEffects (/home/runner/work/swaxi-dispo-v6/swaxi-dispo-v6/node_modules/react-dom/cjs/react-dom-client.development.js:13815:11)
    at commitPassiveMountOnFiber (/home/runner/work/swaxi-dispo-v6/swaxi-dispo-v6/node_modules/react-dom/cjs/react-dom-client.development.js:13834:11)
    at recursivelyTraversePassiveMountEffects (/home/runner/work/swaxi-dispo-v6/swaxi-dispo-v6/node_modules/react-dom/cjs/react-dom-client.development.js:13815:11)
    at commitPassiveMountOnFiber (/home/runner/work/swaxi-dispo-v6/swaxi-dispo-v6/node_modules/react-dom/cjs/react-dom-client.development.js:13957:11)
    at recursivelyTraversePassiveMountEffects (/home/runner/work/swaxi-dispo-v6/swaxi-dispo-v6/node_modules/react-dom/cjs/react-dom-client.development.js:13815:11)
    at commitPassiveMountOnFiber (/home/runner/work/swaxi-dispo-v6/swaxi-dispo-v6/node_modules/react-dom/cjs/react-dom-client.development.js:13853:11)
    at flushPassiveEffects (/home/runner/work/swaxi-dispo-v6/swaxi-dispo-v6/node_modules/react-dom/cjs/react-dom-client.development.js:15737:9)
    at /home/runner/work/swaxi-dispo-v6/swaxi-dispo-v6/node_modules/react-dom/cjs/react-dom-client.development.js:15379:15
    at flushActQueue (/home/runner/work/swaxi-dispo-v6/swaxi-dispo-v6/node_modules/react/cjs/react.development.js:566:34)
    at process.env.NODE_ENV.exports.act (/home/runner/work/swaxi-dispo-v6/swaxi-dispo-v6/node_modules/react/cjs/react.development.js:860:10)
    at /home/runner/work/swaxi-dispo-v6/swaxi-dispo-v6/node_modules/@testing-library/react/dist/act-compat.js:47:25
    at renderRoot (/home/runner/work/swaxi-dispo-v6/swaxi-dispo-v6/node_modules/@testing-library/react/dist/pure.js:190:26)
    at render (/home/runner/work/swaxi-dispo-v6/swaxi-dispo-v6/node_modules/@testing-library/react/dist/pure.js:292:10)
    at renderWithProviders (/home/runner/work/swaxi-dispo-v6/swaxi-dispo-v6/src/tests/testUtils.jsx:14:16)
    at Object.&lt;anonymous&gt; (/home/runner/work/swaxi-dispo-v6/swaxi-dispo-v6/src/tests/SeriesApplicationModal.test.jsx:52:24)
    at Promise.finally.completed (/home/runner/work/swaxi-dispo-v6/swaxi-dispo-v6/node_modules/jest-circus/build/jestAdapterInit.js:1556:28)
    at new Promise (&lt;anonymous&gt;)
    at callAsyncCircusFn (/home/runner/work/swaxi-dispo-v6/swaxi-dispo-v6/node_modules/jest-circus/build/jestAdapterInit.js:1496:10)
    at _callCircusTest (/home/runner/work/swaxi-dispo-v6/swaxi-dispo-v6/node_modules/jest-circus/build/jestAdapterInit.js:1006:40)
    at processTicksAndRejections (node:internal/process/task_queues:95:5)
    at _runTest (/home/runner/work/swaxi-dispo-v6/swaxi-dispo-v6/node_modules/jest-circus/build/jestAdapterInit.js:946:3)
    at _runTestsForDescribeBlock (/home/runner/work/swaxi-dispo-v6/swaxi-dispo-v6/node_modules/jest-circus/build/jestAdapterInit.js:839:13)
    at _runTestsForDescribeBlock (/home/runner/work/swaxi-dispo-v6/swaxi-dispo-v6/node_modules/jest-circus/build/jestAdapterInit.js:829:11)
    at run (/home/runner/work/swaxi-dispo-v6/swaxi-dispo-v6/node_modules/jest-circus/build/jestAdapterInit.js:757:3)
    at runAndTransformResultsToJestFormat (/home/runner/work/swaxi-dispo-v6/swaxi-dispo-v6/node_modules/jest-circus/build/jestAdapterInit.js:1917:21)
    at jestAdapter (/home/runner/work/swaxi-dispo-v6/swaxi-dispo-v6/node_modules/jest-circus/build/runner.js:101:19)
    at runTestInternal (/home/runner/work/swaxi-dispo-v6/swaxi-dispo-v6/node_modules/jest-runner/build/testWorker.js:275:16)
    at runTest (/home/runner/work/swaxi-dispo-v6/swaxi-dispo-v6/node_modules/jest-runner/build/testWorker.js:343:7)
    at Object.worker (/home/runner/work/swaxi-dispo-v6/swaxi-dispo-v6/node_modules/jest-runner/build/testWorker.js:497:12)</failure>
    </testcase>
  </testsuite>
  <testsuite name="ShiftTable" errors="0" failures="2" skipped="0" timestamp="2025-08-27T12:07:00" time="0.493" tests="2">
    <testcase classname="ShiftTable renders shifts correctly" name="ShiftTable renders shifts correctly" time="0.049">
      <failure>ReferenceError: lastActiveRef is not defined
    at current (/home/runner/work/swaxi-dispo-v6/swaxi-dispo-v6/src/components/SeriesApplicationModal.jsx:20:34)
    at Object.react_stack_bottom_frame (/home/runner/work/swaxi-dispo-v6/swaxi-dispo-v6/node_modules/react-dom/cjs/react-dom-client.development.js:23953:20)
    at runWithFiberInDEV (/home/runner/work/swaxi-dispo-v6/swaxi-dispo-v6/node_modules/react-dom/cjs/react-dom-client.development.js:1522:13)
    at commitHookEffectListMount (/home/runner/work/swaxi-dispo-v6/swaxi-dispo-v6/node_modules/react-dom/cjs/react-dom-client.development.js:11905:29)
    at commitHookPassiveMountEffects (/home/runner/work/swaxi-dispo-v6/swaxi-dispo-v6/node_modules/react-dom/cjs/react-dom-client.development.js:12028:11)
    at commitPassiveMountOnFiber (/home/runner/work/swaxi-dispo-v6/swaxi-dispo-v6/node_modules/react-dom/cjs/react-dom-client.development.js:13841:13)
    at recursivelyTraversePassiveMountEffects (/home/runner/work/swaxi-dispo-v6/swaxi-dispo-v6/node_modules/react-dom/cjs/react-dom-client.development.js:13815:11)
    at commitPassiveMountOnFiber (/home/runner/work/swaxi-dispo-v6/swaxi-dispo-v6/node_modules/react-dom/cjs/react-dom-client.development.js:13957:11)
    at recursivelyTraversePassiveMountEffects (/home/runner/work/swaxi-dispo-v6/swaxi-dispo-v6/node_modules/react-dom/cjs/react-dom-client.development.js:13815:11)
    at commitPassiveMountOnFiber (/home/runner/work/swaxi-dispo-v6/swaxi-dispo-v6/node_modules/react-dom/cjs/react-dom-client.development.js:13834:11)
    at recursivelyTraversePassiveMountEffects (/home/runner/work/swaxi-dispo-v6/swaxi-dispo-v6/node_modules/react-dom/cjs/react-dom-client.development.js:13815:11)
    at commitPassiveMountOnFiber (/home/runner/work/swaxi-dispo-v6/swaxi-dispo-v6/node_modules/react-dom/cjs/react-dom-client.development.js:13957:11)
    at recursivelyTraversePassiveMountEffects (/home/runner/work/swaxi-dispo-v6/swaxi-dispo-v6/node_modules/react-dom/cjs/react-dom-client.development.js:13815:11)
    at commitPassiveMountOnFiber (/home/runner/work/swaxi-dispo-v6/swaxi-dispo-v6/node_modules/react-dom/cjs/react-dom-client.development.js:13853:11)
    at flushPassiveEffects (/home/runner/work/swaxi-dispo-v6/swaxi-dispo-v6/node_modules/react-dom/cjs/react-dom-client.development.js:15737:9)
    at /home/runner/work/swaxi-dispo-v6/swaxi-dispo-v6/node_modules/react-dom/cjs/react-dom-client.development.js:15379:15
    at flushActQueue (/home/runner/work/swaxi-dispo-v6/swaxi-dispo-v6/node_modules/react/cjs/react.development.js:566:34)
    at process.env.NODE_ENV.exports.act (/home/runner/work/swaxi-dispo-v6/swaxi-dispo-v6/node_modules/react/cjs/react.development.js:860:10)
    at /home/runner/work/swaxi-dispo-v6/swaxi-dispo-v6/node_modules/@testing-library/react/dist/act-compat.js:47:25
    at renderRoot (/home/runner/work/swaxi-dispo-v6/swaxi-dispo-v6/node_modules/@testing-library/react/dist/pure.js:190:26)
    at render (/home/runner/work/swaxi-dispo-v6/swaxi-dispo-v6/node_modules/@testing-library/react/dist/pure.js:292:10)
    at renderShiftTable (/home/runner/work/swaxi-dispo-v6/swaxi-dispo-v6/src/tests/ShiftTable.test.jsx:22:59)
    at Object.renderShiftTable (/home/runner/work/swaxi-dispo-v6/swaxi-dispo-v6/src/tests/ShiftTable.test.jsx:29:5)
    at Promise.finally.completed (/home/runner/work/swaxi-dispo-v6/swaxi-dispo-v6/node_modules/jest-circus/build/jestAdapterInit.js:1556:28)
    at new Promise (&lt;anonymous&gt;)
    at callAsyncCircusFn (/home/runner/work/swaxi-dispo-v6/swaxi-dispo-v6/node_modules/jest-circus/build/jestAdapterInit.js:1496:10)
    at _callCircusTest (/home/runner/work/swaxi-dispo-v6/swaxi-dispo-v6/node_modules/jest-circus/build/jestAdapterInit.js:1006:40)
    at processTicksAndRejections (node:internal/process/task_queues:95:5)
    at _runTest (/home/runner/work/swaxi-dispo-v6/swaxi-dispo-v6/node_modules/jest-circus/build/jestAdapterInit.js:946:3)
    at _runTestsForDescribeBlock (/home/runner/work/swaxi-dispo-v6/swaxi-dispo-v6/node_modules/jest-circus/build/jestAdapterInit.js:839:13)
    at _runTestsForDescribeBlock (/home/runner/work/swaxi-dispo-v6/swaxi-dispo-v6/node_modules/jest-circus/build/jestAdapterInit.js:829:11)
    at run (/home/runner/work/swaxi-dispo-v6/swaxi-dispo-v6/node_modules/jest-circus/build/jestAdapterInit.js:757:3)
    at runAndTransformResultsToJestFormat (/home/runner/work/swaxi-dispo-v6/swaxi-dispo-v6/node_modules/jest-circus/build/jestAdapterInit.js:1917:21)
    at jestAdapter (/home/runner/work/swaxi-dispo-v6/swaxi-dispo-v6/node_modules/jest-circus/build/runner.js:101:19)
    at runTestInternal (/home/runner/work/swaxi-dispo-v6/swaxi-dispo-v6/node_modules/jest-runner/build/testWorker.js:275:16)
    at runTest (/home/runner/work/swaxi-dispo-v6/swaxi-dispo-v6/node_modules/jest-runner/build/testWorker.js:343:7)
    at Object.worker (/home/runner/work/swaxi-dispo-v6/swaxi-dispo-v6/node_modules/jest-runner/build/testWorker.js:497:12)</failure>
    </testcase>
    <testcase classname="ShiftTable handles apply action" name="ShiftTable handles apply action" time="0.006">
      <failure>ReferenceError: lastActiveRef is not defined
    at current (/home/runner/work/swaxi-dispo-v6/swaxi-dispo-v6/src/components/SeriesApplicationModal.jsx:20:34)
    at Object.react_stack_bottom_frame (/home/runner/work/swaxi-dispo-v6/swaxi-dispo-v6/node_modules/react-dom/cjs/react-dom-client.development.js:23953:20)
    at runWithFiberInDEV (/home/runner/work/swaxi-dispo-v6/swaxi-dispo-v6/node_modules/react-dom/cjs/react-dom-client.development.js:1522:13)
    at commitHookEffectListMount (/home/runner/work/swaxi-dispo-v6/swaxi-dispo-v6/node_modules/react-dom/cjs/react-dom-client.development.js:11905:29)
    at commitHookPassiveMountEffects (/home/runner/work/swaxi-dispo-v6/swaxi-dispo-v6/node_modules/react-dom/cjs/react-dom-client.development.js:12028:11)
    at commitPassiveMountOnFiber (/home/runner/work/swaxi-dispo-v6/swaxi-dispo-v6/node_modules/react-dom/cjs/react-dom-client.development.js:13841:13)
    at recursivelyTraversePassiveMountEffects (/home/runner/work/swaxi-dispo-v6/swaxi-dispo-v6/node_modules/react-dom/cjs/react-dom-client.development.js:13815:11)
    at commitPassiveMountOnFiber (/home/runner/work/swaxi-dispo-v6/swaxi-dispo-v6/node_modules/react-dom/cjs/react-dom-client.development.js:13957:11)
    at recursivelyTraversePassiveMountEffects (/home/runner/work/swaxi-dispo-v6/swaxi-dispo-v6/node_modules/react-dom/cjs/react-dom-client.development.js:13815:11)
    at commitPassiveMountOnFiber (/home/runner/work/swaxi-dispo-v6/swaxi-dispo-v6/node_modules/react-dom/cjs/react-dom-client.development.js:13834:11)
    at recursivelyTraversePassiveMountEffects (/home/runner/work/swaxi-dispo-v6/swaxi-dispo-v6/node_modules/react-dom/cjs/react-dom-client.development.js:13815:11)
    at commitPassiveMountOnFiber (/home/runner/work/swaxi-dispo-v6/swaxi-dispo-v6/node_modules/react-dom/cjs/react-dom-client.development.js:13957:11)
    at recursivelyTraversePassiveMountEffects (/home/runner/work/swaxi-dispo-v6/swaxi-dispo-v6/node_modules/react-dom/cjs/react-dom-client.development.js:13815:11)
    at commitPassiveMountOnFiber (/home/runner/work/swaxi-dispo-v6/swaxi-dispo-v6/node_modules/react-dom/cjs/react-dom-client.development.js:13853:11)
    at flushPassiveEffects (/home/runner/work/swaxi-dispo-v6/swaxi-dispo-v6/node_modules/react-dom/cjs/react-dom-client.development.js:15737:9)
    at /home/runner/work/swaxi-dispo-v6/swaxi-dispo-v6/node_modules/react-dom/cjs/react-dom-client.development.js:15379:15
    at flushActQueue (/home/runner/work/swaxi-dispo-v6/swaxi-dispo-v6/node_modules/react/cjs/react.development.js:566:34)
    at process.env.NODE_ENV.exports.act (/home/runner/work/swaxi-dispo-v6/swaxi-dispo-v6/node_modules/react/cjs/react.development.js:860:10)
    at /home/runner/work/swaxi-dispo-v6/swaxi-dispo-v6/node_modules/@testing-library/react/dist/act-compat.js:47:25
    at renderRoot (/home/runner/work/swaxi-dispo-v6/swaxi-dispo-v6/node_modules/@testing-library/react/dist/pure.js:190:26)
    at render (/home/runner/work/swaxi-dispo-v6/swaxi-dispo-v6/node_modules/@testing-library/react/dist/pure.js:292:10)
    at renderShiftTable (/home/runner/work/swaxi-dispo-v6/swaxi-dispo-v6/src/tests/ShiftTable.test.jsx:22:59)
    at Object.renderShiftTable (/home/runner/work/swaxi-dispo-v6/swaxi-dispo-v6/src/tests/ShiftTable.test.jsx:35:5)
    at Promise.finally.completed (/home/runner/work/swaxi-dispo-v6/swaxi-dispo-v6/node_modules/jest-circus/build/jestAdapterInit.js:1556:28)
    at new Promise (&lt;anonymous&gt;)
    at callAsyncCircusFn (/home/runner/work/swaxi-dispo-v6/swaxi-dispo-v6/node_modules/jest-circus/build/jestAdapterInit.js:1496:10)
    at _callCircusTest (/home/runner/work/swaxi-dispo-v6/swaxi-dispo-v6/node_modules/jest-circus/build/jestAdapterInit.js:1006:40)
    at processTicksAndRejections (node:internal/process/task_queues:95:5)
    at _runTest (/home/runner/work/swaxi-dispo-v6/swaxi-dispo-v6/node_modules/jest-circus/build/jestAdapterInit.js:946:3)
    at _runTestsForDescribeBlock (/home/runner/work/swaxi-dispo-v6/swaxi-dispo-v6/node_modules/jest-circus/build/jestAdapterInit.js:839:13)
    at _runTestsForDescribeBlock (/home/runner/work/swaxi-dispo-v6/swaxi-dispo-v6/node_modules/jest-circus/build/jestAdapterInit.js:829:11)
    at run (/home/runner/work/swaxi-dispo-v6/swaxi-dispo-v6/node_modules/jest-circus/build/jestAdapterInit.js:757:3)
    at runAndTransformResultsToJestFormat (/home/runner/work/swaxi-dispo-v6/swaxi-dispo-v6/node_modules/jest-circus/build/jestAdapterInit.js:1917:21)
    at jestAdapter (/home/runner/work/swaxi-dispo-v6/swaxi-dispo-v6/node_modules/jest-circus/build/runner.js:101:19)
    at runTestInternal (/home/runner/work/swaxi-dispo-v6/swaxi-dispo-v6/node_modules/jest-runner/build/testWorker.js:275:16)
    at runTest (/home/runner/work/swaxi-dispo-v6/swaxi-dispo-v6/node_modules/jest-runner/build/testWorker.js:343:7)
    at Object.worker (/home/runner/work/swaxi-dispo-v6/swaxi-dispo-v6/node_modules/jest-runner/build/testWorker.js:497:12)</failure>
    </testcase>
  </testsuite>
  <testsuite name="Shift assignment &amp; notifications" errors="0" failures="1" skipped="0" timestamp="2025-08-27T12:07:00" time="0.393" tests="1">
    <testcase classname="Shift assignment &amp; notifications assigns a shift and updates status" name="Shift assignment &amp; notifications assigns a shift and updates status" time="0.053">
      <failure>ReferenceError: lastActiveRef is not defined
    at current (/home/runner/work/swaxi-dispo-v6/swaxi-dispo-v6/src/components/SeriesApplicationModal.jsx:20:34)
    at Object.react_stack_bottom_frame (/home/runner/work/swaxi-dispo-v6/swaxi-dispo-v6/node_modules/react-dom/cjs/react-dom-client.development.js:23953:20)
    at runWithFiberInDEV (/home/runner/work/swaxi-dispo-v6/swaxi-dispo-v6/node_modules/react-dom/cjs/react-dom-client.development.js:1522:13)
    at commitHookEffectListMount (/home/runner/work/swaxi-dispo-v6/swaxi-dispo-v6/node_modules/react-dom/cjs/react-dom-client.development.js:11905:29)
    at commitHookPassiveMountEffects (/home/runner/work/swaxi-dispo-v6/swaxi-dispo-v6/node_modules/react-dom/cjs/react-dom-client.development.js:12028:11)
    at commitPassiveMountOnFiber (/home/runner/work/swaxi-dispo-v6/swaxi-dispo-v6/node_modules/react-dom/cjs/react-dom-client.development.js:13841:13)
    at recursivelyTraversePassiveMountEffects (/home/runner/work/swaxi-dispo-v6/swaxi-dispo-v6/node_modules/react-dom/cjs/react-dom-client.development.js:13815:11)
    at commitPassiveMountOnFiber (/home/runner/work/swaxi-dispo-v6/swaxi-dispo-v6/node_modules/react-dom/cjs/react-dom-client.development.js:13957:11)
    at recursivelyTraversePassiveMountEffects (/home/runner/work/swaxi-dispo-v6/swaxi-dispo-v6/node_modules/react-dom/cjs/react-dom-client.development.js:13815:11)
    at commitPassiveMountOnFiber (/home/runner/work/swaxi-dispo-v6/swaxi-dispo-v6/node_modules/react-dom/cjs/react-dom-client.development.js:13834:11)
    at recursivelyTraversePassiveMountEffects (/home/runner/work/swaxi-dispo-v6/swaxi-dispo-v6/node_modules/react-dom/cjs/react-dom-client.development.js:13815:11)
    at commitPassiveMountOnFiber (/home/runner/work/swaxi-dispo-v6/swaxi-dispo-v6/node_modules/react-dom/cjs/react-dom-client.development.js:13834:11)
    at recursivelyTraversePassiveMountEffects (/home/runner/work/swaxi-dispo-v6/swaxi-dispo-v6/node_modules/react-dom/cjs/react-dom-client.development.js:13815:11)
    at commitPassiveMountOnFiber (/home/runner/work/swaxi-dispo-v6/swaxi-dispo-v6/node_modules/react-dom/cjs/react-dom-client.development.js:13957:11)
    at recursivelyTraversePassiveMountEffects (/home/runner/work/swaxi-dispo-v6/swaxi-dispo-v6/node_modules/react-dom/cjs/react-dom-client.development.js:13815:11)
    at commitPassiveMountOnFiber (/home/runner/work/swaxi-dispo-v6/swaxi-dispo-v6/node_modules/react-dom/cjs/react-dom-client.development.js:13834:11)
    at recursivelyTraversePassiveMountEffects (/home/runner/work/swaxi-dispo-v6/swaxi-dispo-v6/node_modules/react-dom/cjs/react-dom-client.development.js:13815:11)
    at commitPassiveMountOnFiber (/home/runner/work/swaxi-dispo-v6/swaxi-dispo-v6/node_modules/react-dom/cjs/react-dom-client.development.js:13957:11)
    at recursivelyTraversePassiveMountEffects (/home/runner/work/swaxi-dispo-v6/swaxi-dispo-v6/node_modules/react-dom/cjs/react-dom-client.development.js:13815:11)
    at commitPassiveMountOnFiber (/home/runner/work/swaxi-dispo-v6/swaxi-dispo-v6/node_modules/react-dom/cjs/react-dom-client.development.js:13853:11)
    at flushPassiveEffects (/home/runner/work/swaxi-dispo-v6/swaxi-dispo-v6/node_modules/react-dom/cjs/react-dom-client.development.js:15737:9)
    at /home/runner/work/swaxi-dispo-v6/swaxi-dispo-v6/node_modules/react-dom/cjs/react-dom-client.development.js:15379:15
    at flushActQueue (/home/runner/work/swaxi-dispo-v6/swaxi-dispo-v6/node_modules/react/cjs/react.development.js:566:34)
    at process.env.NODE_ENV.exports.act (/home/runner/work/swaxi-dispo-v6/swaxi-dispo-v6/node_modules/react/cjs/react.development.js:860:10)
    at /home/runner/work/swaxi-dispo-v6/swaxi-dispo-v6/node_modules/@testing-library/react/dist/act-compat.js:47:25
    at renderRoot (/home/runner/work/swaxi-dispo-v6/swaxi-dispo-v6/node_modules/@testing-library/react/dist/pure.js:190:26)
    at render (/home/runner/work/swaxi-dispo-v6/swaxi-dispo-v6/node_modules/@testing-library/react/dist/pure.js:292:10)
    at wrapper (/home/runner/work/swaxi-dispo-v6/swaxi-dispo-v6/src/tests/ShiftAssignNotifications.test.jsx:22:31)
    at Object.wrapper (/home/runner/work/swaxi-dispo-v6/swaxi-dispo-v6/src/tests/ShiftAssignNotifications.test.jsx:37:3)
    at Promise.finally.completed (/home/runner/work/swaxi-dispo-v6/swaxi-dispo-v6/node_modules/jest-circus/build/jestAdapterInit.js:1556:28)
    at new Promise (&lt;anonymous&gt;)
    at callAsyncCircusFn (/home/runner/work/swaxi-dispo-v6/swaxi-dispo-v6/node_modules/jest-circus/build/jestAdapterInit.js:1496:10)
    at _callCircusTest (/home/runner/work/swaxi-dispo-v6/swaxi-dispo-v6/node_modules/jest-circus/build/jestAdapterInit.js:1006:40)
    at processTicksAndRejections (node:internal/process/task_queues:95:5)
    at _runTest (/home/runner/work/swaxi-dispo-v6/swaxi-dispo-v6/node_modules/jest-circus/build/jestAdapterInit.js:946:3)
    at _runTestsForDescribeBlock (/home/runner/work/swaxi-dispo-v6/swaxi-dispo-v6/node_modules/jest-circus/build/jestAdapterInit.js:839:13)
    at _runTestsForDescribeBlock (/home/runner/work/swaxi-dispo-v6/swaxi-dispo-v6/node_modules/jest-circus/build/jestAdapterInit.js:829:11)
    at run (/home/runner/work/swaxi-dispo-v6/swaxi-dispo-v6/node_modules/jest-circus/build/jestAdapterInit.js:757:3)
    at runAndTransformResultsToJestFormat (/home/runner/work/swaxi-dispo-v6/swaxi-dispo-v6/node_modules/jest-circus/build/jestAdapterInit.js:1917:21)
    at jestAdapter (/home/runner/work/swaxi-dispo-v6/swaxi-dispo-v6/node_modules/jest-circus/build/runner.js:101:19)
    at runTestInternal (/home/runner/work/swaxi-dispo-v6/swaxi-dispo-v6/node_modules/jest-runner/build/testWorker.js:275:16)
    at runTest (/home/runner/work/swaxi-dispo-v6/swaxi-dispo-v6/node_modules/jest-runner/build/testWorker.js:343:7)
    at Object.worker (/home/runner/work/swaxi-dispo-v6/swaxi-dispo-v6/node_modules/jest-runner/build/testWorker.js:497:12)</failure>
    </testcase>
  </testsuite>
  <testsuite name="undefined" errors="0" failures="0" skipped="1" timestamp="2025-08-27T12:07:00" time="0.279" tests="1">
    <testcase classname=" MigrationService tests deferred until Firebase enabled" name=" MigrationService tests deferred until Firebase enabled" time="0">
      <skipped/>
    </testcase>
  </testsuite>
  <testsuite name="ShiftTemplateManager" errors="0" failures="0" skipped="0" timestamp="2025-08-27T12:07:00" time="0.627" tests="3">
    <testcase classname="ShiftTemplateManager adds a new template" name="ShiftTemplateManager adds a new template" time="0.175">
    </testcase>
    <testcase classname="ShiftTemplateManager edits existing template" name="ShiftTemplateManager edits existing template" time="0.071">
    </testcase>
    <testcase classname="ShiftTemplateManager deletes template" name="ShiftTemplateManager deletes template" time="0.028">
    </testcase>
  </testsuite>
  <testsuite name="ShiftDetailsModal" errors="0" failures="0" skipped="0" timestamp="2025-08-27T12:07:00" time="1.003" tests="14">
    <testcase classname="ShiftDetailsModal renders shift details correctly" name="ShiftDetailsModal renders shift details correctly" time="0.116">
    </testcase>
    <testcase classname="ShiftDetailsModal calculates duration correctly" name="ShiftDetailsModal calculates duration correctly" time="0.026">
    </testcase>
    <testcase classname="ShiftDetailsModal shows conflicts when present" name="ShiftDetailsModal shows conflicts when present" time="0.035">
    </testcase>
    <testcase classname="ShiftDetailsModal shows apply button for open shifts" name="ShiftDetailsModal shows apply button for open shifts" time="0.029">
    </testcase>
    <testcase classname="ShiftDetailsModal hides apply button for assigned shifts" name="ShiftDetailsModal hides apply button for assigned shifts" time="0.025">
    </testcase>
    <testcase classname="ShiftDetailsModal calls onApply when apply button is clicked" name="ShiftDetailsModal calls onApply when apply button is clicked" time="0.092">
    </testcase>
    <testcase classname="ShiftDetailsModal shows assign button for admin users" name="ShiftDetailsModal shows assign button for admin users" time="0.035">
    </testcase>
    <testcase classname="ShiftDetailsModal hides assign button for regular users" name="ShiftDetailsModal hides assign button for regular users" time="0.031">
    </testcase>
    <testcase classname="ShiftDetailsModal disables apply button when conflicts exist" name="ShiftDetailsModal disables apply button when conflicts exist" time="0.047">
    </testcase>
    <testcase classname="ShiftDetailsModal calls onClose when close button is clicked" name="ShiftDetailsModal calls onClose when close button is clicked" time="0.03">
    </testcase>
    <testcase classname="ShiftDetailsModal shows loading state when applying" name="ShiftDetailsModal shows loading state when applying" time="0.048">
    </testcase>
    <testcase classname="ShiftDetailsModal handles overnight shifts correctly" name="ShiftDetailsModal handles overnight shifts correctly" time="0.026">
    </testcase>
    <testcase classname="ShiftDetailsModal renders nothing when shift is null" name="ShiftDetailsModal renders nothing when shift is null" time="0.004">
    </testcase>
    <testcase classname="ShiftDetailsModal handles missing optional props gracefully" name="ShiftDetailsModal handles missing optional props gracefully" time="0.038">
    </testcase>
  </testsuite>
  <testsuite name="Accessibility smoke test" errors="0" failures="0" skipped="0" timestamp="2025-08-27T12:07:00" time="1.086" tests="1">
    <testcase classname="Accessibility smoke test has no obvious a11y violations on dashboard route" name="Accessibility smoke test has no obvious a11y violations on dashboard route" time="0.569">
    </testcase>
  </testsuite>
  <testsuite name="NotificationMenu" errors="0" failures="0" skipped="0" timestamp="2025-08-27T12:07:01" time="0.637" tests="2">
    <testcase classname="NotificationMenu marks single notification read" name="NotificationMenu marks single notification read" time="0.126">
    </testcase>
    <testcase classname="NotificationMenu marks all notifications read" name="NotificationMenu marks all notifications read" time="0.039">
    </testcase>
  </testsuite>
  <testsuite name="FeedbackModal accessibility basics" errors="0" failures="0" skipped="0" timestamp="2025-08-27T12:07:01" time="0.475" tests="4">
    <testcase classname="FeedbackModal accessibility basics traps focus and blocks empty submit" name="FeedbackModal accessibility basics traps focus and blocks empty submit" time="0.113">
    </testcase>
    <testcase classname="FeedbackModal accessibility basics restores focus to trigger element when modal closes" name="FeedbackModal accessibility basics restores focus to trigger element when modal closes" time="0.029">
    </testcase>
    <testcase classname="FeedbackModal accessibility basics restores focus when modal is closed via close button" name="FeedbackModal accessibility basics restores focus when modal is closed via close button" time="0.018">
    </testcase>
    <testcase classname="FeedbackModal accessibility basics has correct accessibility attributes" name="FeedbackModal accessibility basics has correct accessibility attributes" time="0.037">
    </testcase>
  </testsuite>
  <testsuite name="AutosaveManager" errors="0" failures="0" skipped="0" timestamp="2025-08-27T12:07:02" time="0.531" tests="5">
    <testcase classname="AutosaveManager creates an initial snapshot and shows autosave indicator" name="AutosaveManager creates an initial snapshot and shows autosave indicator" time="0.037">
    </testcase>
    <testcase classname="AutosaveManager adds multiple snapshots over time (interval advance)" name="AutosaveManager adds multiple snapshots over time (interval advance)" time="0.017">
    </testcase>
    <testcase classname="AutosaveManager opens recovery panel when snapshots exist &amp; unsaved work flag present" name="AutosaveManager opens recovery panel when snapshots exist &amp; unsaved work flag present" time="0.016">
    </testcase>
    <testcase classname="AutosaveManager can dismiss recovery panel via berspringen" name="AutosaveManager can dismiss recovery panel via berspringen" time="0.026">
    </testcase>
    <testcase classname="AutosaveManager restores snapshot shifts into context" name="AutosaveManager restores snapshot shifts into context" time="0.069">
    </testcase>
  </testsuite>
  <testsuite name="ActiveRoleBadge" errors="0" failures="0" skipped="0" timestamp="2025-08-27T12:07:02" time="0.489" tests="3">
    <testcase classname="ActiveRoleBadge renders nothing when no user" name="ActiveRoleBadge renders nothing when no user" time="0.016">
    </testcase>
    <testcase classname="ActiveRoleBadge shows role badge for each role" name="ActiveRoleBadge shows role badge for each role" time="0.013">
    </testcase>
    <testcase classname="ActiveRoleBadge shows admin only nav items and hides for analyst" name="ActiveRoleBadge shows admin only nav items and hides for analyst" time="0.075">
    </testcase>
  </testsuite>
  <testsuite name="Navigation accessibility" errors="0" failures="0" skipped="0" timestamp="2025-08-27T12:07:02" time="0.487" tests="1">
    <testcase classname="Navigation accessibility has no axe violations" name="Navigation accessibility has no axe violations" time="0.159">
    </testcase>
  </testsuite>
  <testsuite name="ShiftContext integration basics" errors="0" failures="0" skipped="0" timestamp="2025-08-27T12:07:02" time="0.451" tests="1">
    <testcase classname="ShiftContext integration basics initializes shifts and supports core actions" name="ShiftContext integration basics initializes shifts and supports core actions" time="0.065">
    </testcase>
  </testsuite>
  <testsuite name="Custom Hooks" errors="0" failures="0" skipped="0" timestamp="2025-08-27T12:07:02" time="0.336" tests="15">
    <testcase classname="Custom Hooks useAsyncOperation executes async function and returns result" name="Custom Hooks useAsyncOperation executes async function and returns result" time="0.013">
    </testcase>
    <testcase classname="Custom Hooks useAsyncOperation handles errors correctly" name="Custom Hooks useAsyncOperation handles errors correctly" time="0.008">
    </testcase>
    <testcase classname="Custom Hooks useAsyncOperation calls onSuccess callback" name="Custom Hooks useAsyncOperation calls onSuccess callback" time="0.003">
    </testcase>
    <testcase classname="Custom Hooks useAsyncOperation clears error" name="Custom Hooks useAsyncOperation clears error" time="0.003">
    </testcase>
    <testcase classname="Custom Hooks useAsyncOperation prevents concurrent executions" name="Custom Hooks useAsyncOperation prevents concurrent executions" time="0.002">
    </testcase>
    <testcase classname="Custom Hooks useFormState manages form values" name="Custom Hooks useFormState manages form values" time="0.002">
    </testcase>
    <testcase classname="Custom Hooks useFormState handles input changes" name="Custom Hooks useFormState handles input changes" time="0.002">
    </testcase>
    <testcase classname="Custom Hooks useFormState handles checkbox inputs" name="Custom Hooks useFormState handles checkbox inputs" time="0.002">
    </testcase>
    <testcase classname="Custom Hooks useFormState validates form" name="Custom Hooks useFormState validates form" time="0.002">
    </testcase>
    <testcase classname="Custom Hooks useFormState resets form" name="Custom Hooks useFormState resets form" time="0.003">
    </testcase>
    <testcase classname="Custom Hooks useLocalStorage reads from localStorage" name="Custom Hooks useLocalStorage reads from localStorage" time="0.002">
    </testcase>
    <testcase classname="Custom Hooks useLocalStorage uses default value when key does not exist" name="Custom Hooks useLocalStorage uses default value when key does not exist" time="0.001">
    </testcase>
    <testcase classname="Custom Hooks useLocalStorage writes to localStorage" name="Custom Hooks useLocalStorage writes to localStorage" time="0.002">
    </testcase>
    <testcase classname="Custom Hooks useLocalStorage removes from localStorage" name="Custom Hooks useLocalStorage removes from localStorage" time="0.002">
    </testcase>
    <testcase classname="Custom Hooks useLocalStorage handles JSON parsing errors gracefully" name="Custom Hooks useLocalStorage handles JSON parsing errors gracefully" time="0.001">
    </testcase>
  </testsuite>
  <testsuite name="CreateShiftModal" errors="0" failures="0" skipped="0" timestamp="2025-08-27T12:07:02" time="0.429" tests="3">
    <testcase classname="CreateShiftModal creates a shift and closes" name="CreateShiftModal creates a shift and closes" time="0.075">
    </testcase>
    <testcase classname="CreateShiftModal shows validation error when missing date" name="CreateShiftModal shows validation error when missing date" time="0.023">
    </testcase>
    <testcase classname="CreateShiftModal shows validation error when missing work location" name="CreateShiftModal shows validation error when missing work location" time="0.024">
    </testcase>
  </testsuite>
  <testsuite name="Audit page" errors="0" failures="0" skipped="0" timestamp="2025-08-27T12:07:03" time="0.431" tests="2">
    <testcase classname="Audit page renders heading and all logs initially" name="Audit page renders heading and all logs initially" time="0.052">
    </testcase>
    <testcase classname="Audit page filters by type" name="Audit page filters by type" time="0.023">
    </testcase>
  </testsuite>
  <testsuite name="shiftGenerationService.generateShifts" errors="0" failures="0" skipped="0" timestamp="2025-08-27T12:07:03" time="0.361" tests="2">
    <testcase classname="shiftGenerationService.generateShifts generates shifts for matching weekday templates over 10 days" name="shiftGenerationService.generateShifts generates shifts for matching weekday templates over 10 days" time="0.004">
    </testcase>
    <testcase classname="shiftGenerationService.generateShifts returns empty array when no templates match any days" name="shiftGenerationService.generateShifts returns empty array when no templates match any days" time="0">
    </testcase>
  </testsuite>
  <testsuite name="TestPage" errors="0" failures="0" skipped="0" timestamp="2025-08-27T12:07:03" time="0.44" tests="2">
    <testcase classname="TestPage renders heading and status blocks" name="TestPage renders heading and status blocks" time="0.034">
    </testcase>
    <testcase classname="TestPage runs tests and shows results" name="TestPage runs tests and shows results" time="0.062">
    </testcase>
  </testsuite>
  <testsuite name="ShiftContext isOnline heartbeat" errors="0" failures="0" skipped="0" timestamp="2025-08-27T12:07:03" time="0.311" tests="1">
    <testcase classname="ShiftContext isOnline heartbeat sets isOnline boolean after heartbeat" name="ShiftContext isOnline heartbeat sets isOnline boolean after heartbeat" time="0.05">
    </testcase>
  </testsuite>
  <testsuite name="Dark theme toggle (a11y precondition)" errors="0" failures="0" skipped="0" timestamp="2025-08-27T12:07:03" time="0.413" tests="1">
    <testcase classname="Dark theme toggle (a11y precondition) toggles data-theme attribute and persists preference" name="Dark theme toggle (a11y precondition) toggles data-theme attribute and persists preference" time="0.043">
    </testcase>
  </testsuite>
  <testsuite name="offline queue integration" errors="0" failures="0" skipped="0" timestamp="2025-08-27T12:07:03" time="0.328" tests="2">
    <testcase classname="offline queue integration failed create is queued and pendingSync then drained when online" name="offline queue integration failed create is queued and pendingSync then drained when online" time="0.034">
    </testcase>
    <testcase classname="offline queue integration apply action enqueued on failure and retried" name="offline queue integration apply action enqueued on failure and retried" time="0.024">
    </testcase>
  </testsuite>
  <testsuite name="ConnectionStatus" errors="0" failures="0" skipped="0" timestamp="2025-08-27T12:07:03" time="0.398" tests="4">
    <testcase classname="ConnectionStatus shows sharepoint connected state (green)" name="ConnectionStatus shows sharepoint connected state (green)" time="0.03">
    </testcase>
    <testcase classname="ConnectionStatus shows localStorage offline mode with tip (yellow)" name="ConnectionStatus shows localStorage offline mode with tip (yellow)" time="0.006">
    </testcase>
    <testcase classname="ConnectionStatus shows error state (red) when sharepoint not online" name="ConnectionStatus shows error state (red) when sharepoint not online" time="0.004">
    </testcase>
    <testcase classname="ConnectionStatus clicking test button triggers handler (smoke)" name="ConnectionStatus clicking test button triggers handler (smoke)" time="0.043">
    </testcase>
  </testsuite>
  <testsuite name="Administration page" errors="0" failures="0" skipped="0" timestamp="2025-08-27T12:07:04" time="0.368" tests="1">
    <testcase classname="Administration page renders heading and child managers" name="Administration page renders heading and child managers" time="0.026">
    </testcase>
  </testsuite>
  <testsuite name="RoleManagement" errors="0" failures="0" skipped="0" timestamp="2025-08-27T12:07:04" time="0.268" tests="1">
    <testcase classname="RoleManagement renders users and allows editing manageable role" name="RoleManagement renders users and allows editing manageable role" time="0.028">
    </testcase>
  </testsuite>
  <testsuite name="ShiftContext heartbeat ping failure transition" errors="0" failures="0" skipped="0" timestamp="2025-08-27T12:07:04" time="0.32" tests="1">
    <testcase classname="ShiftContext heartbeat ping failure transition transitions online -&gt; offline when subsequent ping fails" name="ShiftContext heartbeat ping failure transition transitions online -&gt; offline when subsequent ping fails" time="0.028">
    </testcase>
  </testsuite>
  <testsuite name="Navigation" errors="0" failures="0" skipped="0" timestamp="2025-08-27T12:07:04" time="0.422" tests="2">
    <testcase classname="Navigation shows login link (Anmelden) when not authenticated" name="Navigation shows login link (Anmelden) when not authenticated" time="0.046">
    </testcase>
    <testcase classname="Navigation shows admin links and logout when admin" name="Navigation shows admin links and logout when admin" time="0.039">
    </testcase>
  </testsuite>
  <testsuite name="Shift create persistence" errors="0" failures="0" skipped="0" timestamp="2025-08-27T12:07:04" time="0.417" tests="1">
    <testcase classname="Shift create persistence marks shift pendingSync when repository create fails" name="Shift create persistence marks shift pendingSync when repository create fails" time="0.081">
    </testcase>
  </testsuite>
  <testsuite name="ErrorBoundary" errors="0" failures="0" skipped="0" timestamp="2025-08-27T12:07:04" time="0.302" tests="1">
    <testcase classname="ErrorBoundary renders fallback UI and dispatches telemetry on error" name="ErrorBoundary renders fallback UI and dispatches telemetry on error" time="0.051">
    </testcase>
  </testsuite>
  <testsuite name="ThemeContext tokens" errors="0" failures="0" skipped="0" timestamp="2025-08-27T12:07:04" time="0.325" tests="1">
    <testcase classname="ThemeContext tokens toggles data-theme attribute and persists" name="ThemeContext tokens toggles data-theme attribute and persists" time="0.026">
    </testcase>
  </testsuite>
  <testsuite name="AuthProvider" errors="0" failures="0" skipped="0" timestamp="2025-08-27T12:07:04" time="0.276" tests="2">
    <testcase classname="AuthProvider logs in and persists user, then restores on reload" name="AuthProvider logs in and persists user, then restores on reload" time="0.035">
    </testcase>
    <testcase classname="AuthProvider logout clears user and storage" name="AuthProvider logout clears user and storage" time="0.007">
    </testcase>
  </testsuite>
  <testsuite name="ThemeToggle" errors="0" failures="0" skipped="0" timestamp="2025-08-27T12:07:05" time="0.429" tests="2">
    <testcase classname="ThemeToggle renders moon icon initially (light mode) and toggles to sun icon (dark mode)" name="ThemeToggle renders moon icon initially (light mode) and toggles to sun icon (dark mode)" time="0.048">
    </testcase>
    <testcase classname="ThemeToggle sets data-theme attribute on documentElement when toggled" name="ThemeToggle sets data-theme attribute on documentElement when toggled" time="0.013">
    </testcase>
  </testsuite>
  <testsuite name="LiveVersionBanner" errors="0" failures="0" skipped="0" timestamp="2025-08-27T12:07:05" time="0.353" tests="2">
    <testcase classname="LiveVersionBanner renders with demo badge and localStorage icon" name="LiveVersionBanner renders with demo badge and localStorage icon" time="0.03">
    </testcase>
    <testcase classname="LiveVersionBanner dismiss button hides banner and stores flag" name="LiveVersionBanner dismiss button hides banner and stores flag" time="0.023">
    </testcase>
  </testsuite>
  <testsuite name="Shift domain guards" errors="0" failures="0" skipped="0" timestamp="2025-08-27T12:07:05" time="0.352" tests="1">
    <testcase classname="Shift domain guards duplicate shift detection returns reason duplicate" name="Shift domain guards duplicate shift detection returns reason duplicate" time="0.072">
    </testcase>
  </testsuite>
  <testsuite name="MigrationService" errors="0" failures="0" skipped="0" timestamp="2025-08-27T12:07:05" time="0.227" tests="6">
    <testcase classname="MigrationService exports local storage data and creates a blob URL" name="MigrationService exports local storage data and creates a blob URL" time="0.005">
    </testcase>
    <testcase classname="MigrationService imports shifts to firebase" name="MigrationService imports shifts to firebase" time="0.001">
    </testcase>
    <testcase classname="MigrationService handles import error" name="MigrationService handles import error" time="0.001">
    </testcase>
    <testcase classname="MigrationService validates migration counts" name="MigrationService validates migration counts" time="0.001">
    </testcase>
    <testcase classname="MigrationService creates backup" name="MigrationService creates backup" time="0.002">
    </testcase>
    <testcase classname="MigrationService propagates backup failure" name="MigrationService propagates backup failure" time="0.018">
    </testcase>
  </testsuite>
  <testsuite name="Design Tokens Stability" errors="0" failures="0" skipped="0" timestamp="2025-08-27T12:07:05" time="0.246" tests="3">
    <testcase classname="Design Tokens Stability tokens.json snapshot remains stable" name="Design Tokens Stability tokens.json snapshot remains stable" time="0.007">
    </testcase>
    <testcase classname="Design Tokens Stability tokens.json contains required token categories" name="Design Tokens Stability tokens.json contains required token categories" time="0.006">
    </testcase>
    <testcase classname="Design Tokens Stability tokens.json matches CSS variables count" name="Design Tokens Stability tokens.json matches CSS variables count" time="0.001">
    </testcase>
  </testsuite>
  <testsuite name="FeedbackModal" errors="0" failures="0" skipped="0" timestamp="2025-08-27T12:07:05" time="0.382" tests="1">
    <testcase classname="FeedbackModal submits feedback and closes" name="FeedbackModal submits feedback and closes" time="0.068">
    </testcase>
  </testsuite>
  <testsuite name="Login" errors="0" failures="0" skipped="0" timestamp="2025-08-27T12:07:05" time="0.297" tests="2">
    <testcase classname="Login renders role buttons when logged out and logs in on click" name="Login renders role buttons when logged out and logs in on click" time="0.031">
    </testcase>
    <testcase classname="Login shows welcome and logout when user present" name="Login shows welcome and logout when user present" time="0.011">
    </testcase>
  </testsuite>
  <testsuite name="ID Generator" errors="0" failures="0" skipped="0" timestamp="2025-08-27T12:07:05" time="0.287" tests="2">
    <testcase classname="ID Generator monotonic increasing with zero padding" name="ID Generator monotonic increasing with zero padding" time="0.004">
    </testcase>
    <testcase classname="ID Generator persists counter value" name="ID Generator persists counter value" time="0.001">
    </testcase>
  </testsuite>
  <testsuite name="SharePointService" errors="0" failures="0" skipped="0" timestamp="2025-08-27T12:07:06" time="0.196" tests="6">
    <testcase classname="SharePointService getShifts returns transformed data on success" name="SharePointService getShifts returns transformed data on success" time="0.004">
    </testcase>
    <testcase classname="SharePointService getShifts falls back to localStorage on fetch error" name="SharePointService getShifts falls back to localStorage on fetch error" time="0.001">
    </testcase>
    <testcase classname="SharePointService createShift returns transformed shift on success" name="SharePointService createShift returns transformed shift on success" time="0.001">
    </testcase>
    <testcase classname="SharePointService createShift fallback to localStorage on failing token fetch" name="SharePointService createShift fallback to localStorage on failing token fetch" time="0.001">
    </testcase>
    <testcase classname="SharePointService isSharePointAvailable returns true when response ok" name="SharePointService isSharePointAvailable returns true when response ok" time="0">
    </testcase>
    <testcase classname="SharePointService isSharePointAvailable returns false on error" name="SharePointService isSharePointAvailable returns false on error" time="0.001">
    </testcase>
  </testsuite>
  <testsuite name="logger" errors="0" failures="0" skipped="0" timestamp="2025-08-27T12:07:06" time="0.261" tests="2">
    <testcase classname="logger emits when not silent" name="logger emits when not silent" time="0.002">
    </testcase>
    <testcase classname="logger suppresses when silent" name="logger suppresses when silent" time="0.001">
    </testcase>
  </testsuite>
  <testsuite name="RoleManagement runtime safety" errors="0" failures="0" skipped="0" timestamp="2025-08-27T12:07:06" time="0.335" tests="1">
    <testcase classname="RoleManagement runtime safety renders empty state when no users prop provided" name="RoleManagement runtime safety renders empty state when no users prop provided" time="0.02">
    </testcase>
  </testsuite>
  <testsuite name="IndexedDBShiftRepository" errors="0" failures="0" skipped="0" timestamp="2025-08-27T12:07:06" time="0.21" tests="1">
    <testcase classname="IndexedDBShiftRepository CRUD + domain operations" name="IndexedDBShiftRepository CRUD + domain operations" time="0.011">
    </testcase>
  </testsuite>
  <testsuite name="VersionBadge" errors="0" failures="0" skipped="0" timestamp="2025-08-27T12:07:06" time="0.311" tests="1">
    <testcase classname="VersionBadge renders version badge with defined version" name="VersionBadge renders version badge with defined version" time="0.021">
    </testcase>
  </testsuite>
  <testsuite name="ConnectionStatus feature flag badge" errors="0" failures="0" skipped="0" timestamp="2025-08-27T12:07:06" time="0.32" tests="1">
    <testcase classname="ConnectionStatus feature flag badge renders SP deaktiviert badge when sharepoint flag off" name="ConnectionStatus feature flag badge renders SP deaktiviert badge when sharepoint flag off" time="0.015">
    </testcase>
  </testsuite>
  <testsuite name="error telemetry utility" errors="0" failures="0" skipped="0" timestamp="2025-08-27T12:07:06" time="0.248" tests="3">
    <testcase classname="error telemetry utility invokes registered handler with payload" name="error telemetry utility invokes registered handler with payload" time="0.003">
    </testcase>
    <testcase classname="error telemetry utility swallows errors in handler" name="error telemetry utility swallows errors in handler" time="0">
    </testcase>
    <testcase classname="error telemetry utility returns false when no handler registered" name="error telemetry utility returns false when no handler registered" time="0.001">
    </testcase>
  </testsuite>
  <testsuite name="shiftReducer notifications &amp; filters" errors="0" failures="0" skipped="0" timestamp="2025-08-27T12:07:06" time="0.243" tests="5">
    <testcase classname="shiftReducer notifications &amp; filters adds a notification" name="shiftReducer notifications &amp; filters adds a notification" time="0.004">
    </testcase>
    <testcase classname="shiftReducer notifications &amp; filters marks one notification read" name="shiftReducer notifications &amp; filters marks one notification read" time="0.001">
    </testcase>
    <testcase classname="shiftReducer notifications &amp; filters marks all notifications read" name="shiftReducer notifications &amp; filters marks all notifications read" time="0.001">
    </testcase>
    <testcase classname="shiftReducer notifications &amp; filters deletes a notification" name="shiftReducer notifications &amp; filters deletes a notification" time="0.001">
    </testcase>
    <testcase classname="shiftReducer notifications &amp; filters updates filters" name="shiftReducer notifications &amp; filters updates filters" time="0">
    </testcase>
  </testsuite>
  <testsuite name="conflicts mapping utilities" errors="0" failures="0" skipped="0" timestamp="2025-08-27T12:07:06" time="0.206" tests="4">
    <testcase classname="conflicts mapping utilities CONFLICT_LABELS keys stable" name="conflicts mapping utilities CONFLICT_LABELS keys stable" time="0.002">
    </testcase>
    <testcase classname="conflicts mapping utilities describeConflicts maps known codes and preserves unknown" name="conflicts mapping utilities describeConflicts maps known codes and preserves unknown" time="0">
    </testcase>
    <testcase classname="conflicts mapping utilities firstConflictTooltip concatenates labels" name="conflicts mapping utilities firstConflictTooltip concatenates labels" time="0.001">
    </testcase>
    <testcase classname="conflicts mapping utilities empty arrays produce empty tooltip" name="conflicts mapping utilities empty arrays produce empty tooltip" time="0.001">
    </testcase>
  </testsuite>
  <testsuite name="test data factories" errors="0" failures="0" skipped="0" timestamp="2025-08-27T12:07:06" time="0.269" tests="3">
    <testcase classname="test data factories buildUser applies defaults and unique ids" name="test data factories buildUser applies defaults and unique ids" time="0.004">
    </testcase>
    <testcase classname="test data factories buildShift allows overrides and defaults" name="test data factories buildShift allows overrides and defaults" time="0.001">
    </testcase>
    <testcase classname="test data factories buildApplication sets relations and allows override" name="test data factories buildApplication sets relations and allows override" time="0.001">
    </testcase>
  </testsuite>
  <testsuite name="validation utils" errors="0" failures="0" skipped="0" timestamp="2025-08-27T12:07:06" time="0.267" tests="2">
    <testcase classname="validation utils accepts a well-formed shift" name="validation utils accepts a well-formed shift" time="0.002">
    </testcase>
    <testcase classname="validation utils filters malformed shifts" name="validation utils filters malformed shifts" time="0.001">
    </testcase>
  </testsuite>
  <testsuite name="Time &amp; Conflict Utilities" errors="0" failures="0" skipped="0" timestamp="2025-08-27T12:07:07" time="0.215" tests="5">
    <testcase classname="Time &amp; Conflict Utilities toMinutes parses HH:MM" name="Time &amp; Conflict Utilities toMinutes parses HH:MM" time="0.014">
    </testcase>
    <testcase classname="Time &amp; Conflict Utilities computeDuration normal and over-midnight" name="Time &amp; Conflict Utilities computeDuration normal and over-midnight" time="0.001">
    </testcase>
    <testcase classname="Time &amp; Conflict Utilities overlaps handles over-midnight segments" name="Time &amp; Conflict Utilities overlaps handles over-midnight segments" time="0">
    </testcase>
    <testcase classname="Time &amp; Conflict Utilities computeShiftConflicts TIME_OVERLAP detection" name="Time &amp; Conflict Utilities computeShiftConflicts TIME_OVERLAP detection" time="0.001">
    </testcase>
    <testcase classname="Time &amp; Conflict Utilities computeShiftConflicts DOUBLE_APPLICATION &amp; ASSIGNMENT_COLLISION &amp; LOCATION_MISMATCH" name="Time &amp; Conflict Utilities computeShiftConflicts DOUBLE_APPLICATION &amp; ASSIGNMENT_COLLISION &amp; LOCATION_MISMATCH" time="0.001">
    </testcase>
  </testsuite>
  <testsuite name="Status Model" errors="0" failures="0" skipped="0" timestamp="2025-08-27T12:07:07" time="0.27" tests="3">
    <testcase classname="Status Model allowed transitions" name="Status Model allowed transitions" time="0.003">
    </testcase>
    <testcase classname="Status Model disallowed transitions" name="Status Model disallowed transitions" time="0.001">
    </testcase>
    <testcase classname="Status Model assertTransition throws on invalid" name="Status Model assertTransition throws on invalid" time="0.009">
    </testcase>
  </testsuite>
  <testsuite name="Deterministic Seed" errors="0" failures="0" skipped="0" timestamp="2025-08-27T12:07:07" time="0.267" tests="1">
    <testcase classname="Deterministic Seed snapshot of initial seed shifts remains stable" name="Deterministic Seed snapshot of initial seed shifts remains stable" time="0.009">
    </testcase>
  </testsuite>
  <testsuite name="role capability helpers" errors="0" failures="0" skipped="0" timestamp="2025-08-27T12:07:07" time="0.207" tests="16">
    <testcase classname="role capability helpers canManageShifts(admin)" name="role capability helpers canManageShifts(admin)" time="0.002">
    </testcase>
    <testcase classname="role capability helpers canManageShifts(chief)" name="role capability helpers canManageShifts(chief)" time="0.001">
    </testcase>
    <testcase classname="role capability helpers canManageShifts(disponent)" name="role capability helpers canManageShifts(disponent)" time="0">
    </testcase>
    <testcase classname="role capability helpers canManageShifts(analyst)" name="role capability helpers canManageShifts(analyst)" time="0">
    </testcase>
    <testcase classname="role capability helpers canAssignShifts(admin)" name="role capability helpers canAssignShifts(admin)" time="0.001">
    </testcase>
    <testcase classname="role capability helpers canAssignShifts(chief)" name="role capability helpers canAssignShifts(chief)" time="0">
    </testcase>
    <testcase classname="role capability helpers canAssignShifts(disponent)" name="role capability helpers canAssignShifts(disponent)" time="0.001">
    </testcase>
    <testcase classname="role capability helpers canAssignShifts(analyst)" name="role capability helpers canAssignShifts(analyst)" time="0">
    </testcase>
    <testcase classname="role capability helpers canManageTemplates(admin)" name="role capability helpers canManageTemplates(admin)" time="0.001">
    </testcase>
    <testcase classname="role capability helpers canManageTemplates(chief)" name="role capability helpers canManageTemplates(chief)" time="0">
    </testcase>
    <testcase classname="role capability helpers canManageTemplates(disponent)" name="role capability helpers canManageTemplates(disponent)" time="0">
    </testcase>
    <testcase classname="role capability helpers canManageTemplates(analyst)" name="role capability helpers canManageTemplates(analyst)" time="0.001">
    </testcase>
    <testcase classname="role capability helpers canViewAnalytics(admin)" name="role capability helpers canViewAnalytics(admin)" time="0">
    </testcase>
    <testcase classname="role capability helpers canViewAnalytics(chief)" name="role capability helpers canViewAnalytics(chief)" time="0.001">
    </testcase>
    <testcase classname="role capability helpers canViewAnalytics(disponent)" name="role capability helpers canViewAnalytics(disponent)" time="0">
    </testcase>
    <testcase classname="role capability helpers canViewAnalytics(analyst)" name="role capability helpers canViewAnalytics(analyst)" time="0">
    </testcase>
  </testsuite>
  <testsuite name="shiftReducer" errors="0" failures="0" skipped="0" timestamp="2025-08-27T12:07:07" time="0.197" tests="4">
    <testcase classname="shiftReducer returns state for unknown action" name="shiftReducer returns state for unknown action" time="0.002">
    </testcase>
    <testcase classname="shiftReducer adds a shift" name="shiftReducer adds a shift" time="0">
    </testcase>
    <testcase classname="shiftReducer updates a shift" name="shiftReducer updates a shift" time="0">
    </testcase>
    <testcase classname="shiftReducer assigns a shift (ASSIGN_SHIFT)" name="shiftReducer assigns a shift (ASSIGN_SHIFT)" time="0">
    </testcase>
  </testsuite>
  <testsuite name="auth permission helpers" errors="0" failures="0" skipped="0" timestamp="2025-08-27T12:07:07" time="0.194" tests="2">
    <testcase classname="auth permission helpers role hierarchy enforces expected permissions" name="auth permission helpers role hierarchy enforces expected permissions" time="0.003">
    </testcase>
    <testcase classname="auth permission helpers no higher role incorrectly gains audit permission" name="auth permission helpers no higher role incorrectly gains audit permission" time="0.001">
    </testcase>
  </testsuite>
</testsuites>