{"numFailedTestSuites":8,"numFailedTests":23,"numPassedTestSuites":50,"numPassedTests":160,"numPendingTestSuites":1,"numPendingTests":1,"numRuntimeErrorTestSuites":0,"numTodoTests":0,"numTotalTestSuites":59,"numTotalTests":184,"openHandles":[],"snapshot":{"added":0,"didUpdate":false,"failure":false,"filesAdded":0,"filesRemoved":0,"filesRemovedList":[],"filesUnmatched":0,"filesUpdated":0,"matched":1,"total":1,"unchecked":0,"uncheckedKeysByFile":[],"unmatched":0,"updated":0},"startTime":1756296406951,"success":false,"testResults":[{"assertionResults":[{"ancestorTitles":["SeriesApplicationModal focus management"],"duration":89,"failing":false,"failureDetails":[{}],"failureMessages":["ReferenceError: lastActiveRef is not defined\n    at lastActiveRef (/home/runner/work/swaxi-dispo-v6/swaxi-dispo-v6/src/components/SeriesApplicationModal.jsx:17:7)\n    at Object.react_stack_bottom_frame (/home/runner/work/swaxi-dispo-v6/swaxi-dispo-v6/node_modules/react-dom/cjs/react-dom-client.development.js:23953:20)\n    at runWithFiberInDEV (/home/runner/work/swaxi-dispo-v6/swaxi-dispo-v6/node_modules/react-dom/cjs/react-dom-client.development.js:1522:13)\n    at commitHookEffectListMount (/home/runner/work/swaxi-dispo-v6/swaxi-dispo-v6/node_modules/react-dom/cjs/react-dom-client.development.js:11905:29)\n    at commitHookPassiveMountEffects (/home/runner/work/swaxi-dispo-v6/swaxi-dispo-v6/node_modules/react-dom/cjs/react-dom-client.development.js:12028:11)\n    at commitPassiveMountOnFiber (/home/runner/work/swaxi-dispo-v6/swaxi-dispo-v6/node_modules/react-dom/cjs/react-dom-client.development.js:13841:13)\n    at recursivelyTraversePassiveMountEffects (/home/runner/work/swaxi-dispo-v6/swaxi-dispo-v6/node_modules/react-dom/cjs/react-dom-client.development.js:13815:11)\n    at commitPassiveMountOnFiber (/home/runner/work/swaxi-dispo-v6/swaxi-dispo-v6/node_modules/react-dom/cjs/react-dom-client.development.js:13957:11)\n    at recursivelyTraversePassiveMountEffects (/home/runner/work/swaxi-dispo-v6/swaxi-dispo-v6/node_modules/react-dom/cjs/react-dom-client.development.js:13815:11)\n    at commitPassiveMountOnFiber (/home/runner/work/swaxi-dispo-v6/swaxi-dispo-v6/node_modules/react-dom/cjs/react-dom-client.development.js:13834:11)\n    at recursivelyTraversePassiveMountEffects (/home/runner/work/swaxi-dispo-v6/swaxi-dispo-v6/node_modules/react-dom/cjs/react-dom-client.development.js:13815:11)\n    at commitPassiveMountOnFiber (/home/runner/work/swaxi-dispo-v6/swaxi-dispo-v6/node_modules/react-dom/cjs/react-dom-client.development.js:13957:11)\n    at recursivelyTraversePassiveMountEffects (/home/runner/work/swaxi-dispo-v6/swaxi-dispo-v6/node_modules/react-dom/cjs/react-dom-client.development.js:13815:11)\n    at commitPassiveMountOnFiber (/home/runner/work/swaxi-dispo-v6/swaxi-dispo-v6/node_modules/react-dom/cjs/react-dom-client.development.js:13834:11)\n    at recursivelyTraversePassiveMountEffects (/home/runner/work/swaxi-dispo-v6/swaxi-dispo-v6/node_modules/react-dom/cjs/react-dom-client.development.js:13815:11)\n    at commitPassiveMountOnFiber (/home/runner/work/swaxi-dispo-v6/swaxi-dispo-v6/node_modules/react-dom/cjs/react-dom-client.development.js:13957:11)\n    at recursivelyTraversePassiveMountEffects (/home/runner/work/swaxi-dispo-v6/swaxi-dispo-v6/node_modules/react-dom/cjs/react-dom-client.development.js:13815:11)\n    at commitPassiveMountOnFiber (/home/runner/work/swaxi-dispo-v6/swaxi-dispo-v6/node_modules/react-dom/cjs/react-dom-client.development.js:13853:11)\n    at flushPassiveEffects (/home/runner/work/swaxi-dispo-v6/swaxi-dispo-v6/node_modules/react-dom/cjs/react-dom-client.development.js:15737:9)\n    at /home/runner/work/swaxi-dispo-v6/swaxi-dispo-v6/node_modules/react-dom/cjs/react-dom-client.development.js:15379:15\n    at flushActQueue (/home/runner/work/swaxi-dispo-v6/swaxi-dispo-v6/node_modules/react/cjs/react.development.js:566:34)\n    at process.env.NODE_ENV.exports.act (/home/runner/work/swaxi-dispo-v6/swaxi-dispo-v6/node_modules/react/cjs/react.development.js:860:10)\n    at /home/runner/work/swaxi-dispo-v6/swaxi-dispo-v6/node_modules/@testing-library/react/dist/act-compat.js:47:25\n    at renderRoot (/home/runner/work/swaxi-dispo-v6/swaxi-dispo-v6/node_modules/@testing-library/react/dist/pure.js:190:26)\n    at render (/home/runner/work/swaxi-dispo-v6/swaxi-dispo-v6/node_modules/@testing-library/react/dist/pure.js:292:10)\n    at renderWithProviders (/home/runner/work/swaxi-dispo-v6/swaxi-dispo-v6/src/tests/testUtils.jsx:14:16)\n    at Object.<anonymous> (/home/runner/work/swaxi-dispo-v6/swaxi-dispo-v6/src/tests/unit/SeriesApplicationModal.focus.test.jsx:40:24)\n    at Promise.finally.completed (/home/runner/work/swaxi-dispo-v6/swaxi-dispo-v6/node_modules/jest-circus/build/jestAdapterInit.js:1556:28)\n    at new Promise (<anonymous>)\n    at callAsyncCircusFn (/home/runner/work/swaxi-dispo-v6/swaxi-dispo-v6/node_modules/jest-circus/build/jestAdapterInit.js:1496:10)\n    at _callCircusTest (/home/runner/work/swaxi-dispo-v6/swaxi-dispo-v6/node_modules/jest-circus/build/jestAdapterInit.js:1006:40)\n    at processTicksAndRejections (node:internal/process/task_queues:95:5)\n    at _runTest (/home/runner/work/swaxi-dispo-v6/swaxi-dispo-v6/node_modules/jest-circus/build/jestAdapterInit.js:946:3)\n    at _runTestsForDescribeBlock (/home/runner/work/swaxi-dispo-v6/swaxi-dispo-v6/node_modules/jest-circus/build/jestAdapterInit.js:839:13)\n    at _runTestsForDescribeBlock (/home/runner/work/swaxi-dispo-v6/swaxi-dispo-v6/node_modules/jest-circus/build/jestAdapterInit.js:829:11)\n    at run (/home/runner/work/swaxi-dispo-v6/swaxi-dispo-v6/node_modules/jest-circus/build/jestAdapterInit.js:757:3)\n    at runAndTransformResultsToJestFormat (/home/runner/work/swaxi-dispo-v6/swaxi-dispo-v6/node_modules/jest-circus/build/jestAdapterInit.js:1917:21)\n    at jestAdapter (/home/runner/work/swaxi-dispo-v6/swaxi-dispo-v6/node_modules/jest-circus/build/runner.js:101:19)\n    at runTestInternal (/home/runner/work/swaxi-dispo-v6/swaxi-dispo-v6/node_modules/jest-runner/build/testWorker.js:275:16)\n    at runTest (/home/runner/work/swaxi-dispo-v6/swaxi-dispo-v6/node_modules/jest-runner/build/testWorker.js:343:7)\n    at Object.worker (/home/runner/work/swaxi-dispo-v6/swaxi-dispo-v6/node_modules/jest-runner/build/testWorker.js:497:12)"],"fullName":"SeriesApplicationModal focus management has correct accessibility attributes","invocations":1,"location":null,"numPassingAsserts":0,"retryReasons":[],"startAt":1756296410289,"status":"failed","title":"has correct accessibility attributes"},{"ancestorTitles":["SeriesApplicationModal focus management"],"duration":16,"failing":false,"failureDetails":[{}],"failureMessages":["ReferenceError: lastActiveRef is not defined\n    at lastActiveRef (/home/runner/work/swaxi-dispo-v6/swaxi-dispo-v6/src/components/SeriesApplicationModal.jsx:17:7)\n    at Object.react_stack_bottom_frame (/home/runner/work/swaxi-dispo-v6/swaxi-dispo-v6/node_modules/react-dom/cjs/react-dom-client.development.js:23953:20)\n    at runWithFiberInDEV (/home/runner/work/swaxi-dispo-v6/swaxi-dispo-v6/node_modules/react-dom/cjs/react-dom-client.development.js:1522:13)\n    at commitHookEffectListMount (/home/runner/work/swaxi-dispo-v6/swaxi-dispo-v6/node_modules/react-dom/cjs/react-dom-client.development.js:11905:29)\n    at commitHookPassiveMountEffects (/home/runner/work/swaxi-dispo-v6/swaxi-dispo-v6/node_modules/react-dom/cjs/react-dom-client.development.js:12028:11)\n    at commitPassiveMountOnFiber (/home/runner/work/swaxi-dispo-v6/swaxi-dispo-v6/node_modules/react-dom/cjs/react-dom-client.development.js:13841:13)\n    at recursivelyTraversePassiveMountEffects (/home/runner/work/swaxi-dispo-v6/swaxi-dispo-v6/node_modules/react-dom/cjs/react-dom-client.development.js:13815:11)\n    at commitPassiveMountOnFiber (/home/runner/work/swaxi-dispo-v6/swaxi-dispo-v6/node_modules/react-dom/cjs/react-dom-client.development.js:13957:11)\n    at recursivelyTraversePassiveMountEffects (/home/runner/work/swaxi-dispo-v6/swaxi-dispo-v6/node_modules/react-dom/cjs/react-dom-client.development.js:13815:11)\n    at commitPassiveMountOnFiber (/home/runner/work/swaxi-dispo-v6/swaxi-dispo-v6/node_modules/react-dom/cjs/react-dom-client.development.js:13834:11)\n    at recursivelyTraversePassiveMountEffects (/home/runner/work/swaxi-dispo-v6/swaxi-dispo-v6/node_modules/react-dom/cjs/react-dom-client.development.js:13815:11)\n    at commitPassiveMountOnFiber (/home/runner/work/swaxi-dispo-v6/swaxi-dispo-v6/node_modules/react-dom/cjs/react-dom-client.development.js:13957:11)\n    at recursivelyTraversePassiveMountEffects (/home/runner/work/swaxi-dispo-v6/swaxi-dispo-v6/node_modules/react-dom/cjs/react-dom-client.development.js:13815:11)\n    at commitPassiveMountOnFiber (/home/runner/work/swaxi-dispo-v6/swaxi-dispo-v6/node_modules/react-dom/cjs/react-dom-client.development.js:13834:11)\n    at recursivelyTraversePassiveMountEffects (/home/runner/work/swaxi-dispo-v6/swaxi-dispo-v6/node_modules/react-dom/cjs/react-dom-client.development.js:13815:11)\n    at commitPassiveMountOnFiber (/home/runner/work/swaxi-dispo-v6/swaxi-dispo-v6/node_modules/react-dom/cjs/react-dom-client.development.js:13957:11)\n    at recursivelyTraversePassiveMountEffects (/home/runner/work/swaxi-dispo-v6/swaxi-dispo-v6/node_modules/react-dom/cjs/react-dom-client.development.js:13815:11)\n    at commitPassiveMountOnFiber (/home/runner/work/swaxi-dispo-v6/swaxi-dispo-v6/node_modules/react-dom/cjs/react-dom-client.development.js:13853:11)\n    at flushPassiveEffects (/home/runner/work/swaxi-dispo-v6/swaxi-dispo-v6/node_modules/react-dom/cjs/react-dom-client.development.js:15737:9)\n    at /home/runner/work/swaxi-dispo-v6/swaxi-dispo-v6/node_modules/react-dom/cjs/react-dom-client.development.js:15379:15\n    at flushActQueue (/home/runner/work/swaxi-dispo-v6/swaxi-dispo-v6/node_modules/react/cjs/react.development.js:566:34)\n    at process.env.NODE_ENV.exports.act (/home/runner/work/swaxi-dispo-v6/swaxi-dispo-v6/node_modules/react/cjs/react.development.js:860:10)\n    at /home/runner/work/swaxi-dispo-v6/swaxi-dispo-v6/node_modules/@testing-library/react/dist/act-compat.js:47:25\n    at renderRoot (/home/runner/work/swaxi-dispo-v6/swaxi-dispo-v6/node_modules/@testing-library/react/dist/pure.js:190:26)\n    at render (/home/runner/work/swaxi-dispo-v6/swaxi-dispo-v6/node_modules/@testing-library/react/dist/pure.js:292:10)\n    at renderWithProviders (/home/runner/work/swaxi-dispo-v6/swaxi-dispo-v6/src/tests/testUtils.jsx:14:16)\n    at Object.<anonymous> (/home/runner/work/swaxi-dispo-v6/swaxi-dispo-v6/src/tests/unit/SeriesApplicationModal.focus.test.jsx:63:24)\n    at Promise.finally.completed (/home/runner/work/swaxi-dispo-v6/swaxi-dispo-v6/node_modules/jest-circus/build/jestAdapterInit.js:1556:28)\n    at new Promise (<anonymous>)\n    at callAsyncCircusFn (/home/runner/work/swaxi-dispo-v6/swaxi-dispo-v6/node_modules/jest-circus/build/jestAdapterInit.js:1496:10)\n    at _callCircusTest (/home/runner/work/swaxi-dispo-v6/swaxi-dispo-v6/node_modules/jest-circus/build/jestAdapterInit.js:1006:40)\n    at processTicksAndRejections (node:internal/process/task_queues:95:5)\n    at _runTest (/home/runner/work/swaxi-dispo-v6/swaxi-dispo-v6/node_modules/jest-circus/build/jestAdapterInit.js:946:3)\n    at _runTestsForDescribeBlock (/home/runner/work/swaxi-dispo-v6/swaxi-dispo-v6/node_modules/jest-circus/build/jestAdapterInit.js:839:13)\n    at _runTestsForDescribeBlock (/home/runner/work/swaxi-dispo-v6/swaxi-dispo-v6/node_modules/jest-circus/build/jestAdapterInit.js:829:11)\n    at run (/home/runner/work/swaxi-dispo-v6/swaxi-dispo-v6/node_modules/jest-circus/build/jestAdapterInit.js:757:3)\n    at runAndTransformResultsToJestFormat (/home/runner/work/swaxi-dispo-v6/swaxi-dispo-v6/node_modules/jest-circus/build/jestAdapterInit.js:1917:21)\n    at jestAdapter (/home/runner/work/swaxi-dispo-v6/swaxi-dispo-v6/node_modules/jest-circus/build/runner.js:101:19)\n    at runTestInternal (/home/runner/work/swaxi-dispo-v6/swaxi-dispo-v6/node_modules/jest-runner/build/testWorker.js:275:16)\n    at runTest (/home/runner/work/swaxi-dispo-v6/swaxi-dispo-v6/node_modules/jest-runner/build/testWorker.js:343:7)\n    at Object.worker (/home/runner/work/swaxi-dispo-v6/swaxi-dispo-v6/node_modules/jest-runner/build/testWorker.js:497:12)"],"fullName":"SeriesApplicationModal focus management stores focused element when modal opens","invocations":1,"location":null,"numPassingAsserts":1,"retryReasons":[],"startAt":1756296410437,"status":"failed","title":"stores focused element when modal opens"},{"ancestorTitles":["SeriesApplicationModal focus management"],"duration":10,"failing":false,"failureDetails":[{}],"failureMessages":["ReferenceError: lastActiveRef is not defined\n    at lastActiveRef (/home/runner/work/swaxi-dispo-v6/swaxi-dispo-v6/src/components/SeriesApplicationModal.jsx:17:7)\n    at Object.react_stack_bottom_frame (/home/runner/work/swaxi-dispo-v6/swaxi-dispo-v6/node_modules/react-dom/cjs/react-dom-client.development.js:23953:20)\n    at runWithFiberInDEV (/home/runner/work/swaxi-dispo-v6/swaxi-dispo-v6/node_modules/react-dom/cjs/react-dom-client.development.js:1522:13)\n    at commitHookEffectListMount (/home/runner/work/swaxi-dispo-v6/swaxi-dispo-v6/node_modules/react-dom/cjs/react-dom-client.development.js:11905:29)\n    at commitHookPassiveMountEffects (/home/runner/work/swaxi-dispo-v6/swaxi-dispo-v6/node_modules/react-dom/cjs/react-dom-client.development.js:12028:11)\n    at commitPassiveMountOnFiber (/home/runner/work/swaxi-dispo-v6/swaxi-dispo-v6/node_modules/react-dom/cjs/react-dom-client.development.js:13841:13)\n    at recursivelyTraversePassiveMountEffects (/home/runner/work/swaxi-dispo-v6/swaxi-dispo-v6/node_modules/react-dom/cjs/react-dom-client.development.js:13815:11)\n    at commitPassiveMountOnFiber (/home/runner/work/swaxi-dispo-v6/swaxi-dispo-v6/node_modules/react-dom/cjs/react-dom-client.development.js:13957:11)\n    at recursivelyTraversePassiveMountEffects (/home/runner/work/swaxi-dispo-v6/swaxi-dispo-v6/node_modules/react-dom/cjs/react-dom-client.development.js:13815:11)\n    at commitPassiveMountOnFiber (/home/runner/work/swaxi-dispo-v6/swaxi-dispo-v6/node_modules/react-dom/cjs/react-dom-client.development.js:13834:11)\n    at recursivelyTraversePassiveMountEffects (/home/runner/work/swaxi-dispo-v6/swaxi-dispo-v6/node_modules/react-dom/cjs/react-dom-client.development.js:13815:11)\n    at commitPassiveMountOnFiber (/home/runner/work/swaxi-dispo-v6/swaxi-dispo-v6/node_modules/react-dom/cjs/react-dom-client.development.js:13957:11)\n    at recursivelyTraversePassiveMountEffects (/home/runner/work/swaxi-dispo-v6/swaxi-dispo-v6/node_modules/react-dom/cjs/react-dom-client.development.js:13815:11)\n    at commitPassiveMountOnFiber (/home/runner/work/swaxi-dispo-v6/swaxi-dispo-v6/node_modules/react-dom/cjs/react-dom-client.development.js:13834:11)\n    at recursivelyTraversePassiveMountEffects (/home/runner/work/swaxi-dispo-v6/swaxi-dispo-v6/node_modules/react-dom/cjs/react-dom-client.development.js:13815:11)\n    at commitPassiveMountOnFiber (/home/runner/work/swaxi-dispo-v6/swaxi-dispo-v6/node_modules/react-dom/cjs/react-dom-client.development.js:13957:11)\n    at recursivelyTraversePassiveMountEffects (/home/runner/work/swaxi-dispo-v6/swaxi-dispo-v6/node_modules/react-dom/cjs/react-dom-client.development.js:13815:11)\n    at commitPassiveMountOnFiber (/home/runner/work/swaxi-dispo-v6/swaxi-dispo-v6/node_modules/react-dom/cjs/react-dom-client.development.js:13853:11)\n    at flushPassiveEffects (/home/runner/work/swaxi-dispo-v6/swaxi-dispo-v6/node_modules/react-dom/cjs/react-dom-client.development.js:15737:9)\n    at /home/runner/work/swaxi-dispo-v6/swaxi-dispo-v6/node_modules/react-dom/cjs/react-dom-client.development.js:15379:15\n    at flushActQueue (/home/runner/work/swaxi-dispo-v6/swaxi-dispo-v6/node_modules/react/cjs/react.development.js:566:34)\n    at process.env.NODE_ENV.exports.act (/home/runner/work/swaxi-dispo-v6/swaxi-dispo-v6/node_modules/react/cjs/react.development.js:860:10)\n    at /home/runner/work/swaxi-dispo-v6/swaxi-dispo-v6/node_modules/@testing-library/react/dist/act-compat.js:47:25\n    at renderRoot (/home/runner/work/swaxi-dispo-v6/swaxi-dispo-v6/node_modules/@testing-library/react/dist/pure.js:190:26)\n    at render (/home/runner/work/swaxi-dispo-v6/swaxi-dispo-v6/node_modules/@testing-library/react/dist/pure.js:292:10)\n    at renderWithProviders (/home/runner/work/swaxi-dispo-v6/swaxi-dispo-v6/src/tests/testUtils.jsx:14:16)\n    at Object.<anonymous> (/home/runner/work/swaxi-dispo-v6/swaxi-dispo-v6/src/tests/unit/SeriesApplicationModal.focus.test.jsx:79:45)\n    at Promise.finally.completed (/home/runner/work/swaxi-dispo-v6/swaxi-dispo-v6/node_modules/jest-circus/build/jestAdapterInit.js:1556:28)\n    at new Promise (<anonymous>)\n    at callAsyncCircusFn (/home/runner/work/swaxi-dispo-v6/swaxi-dispo-v6/node_modules/jest-circus/build/jestAdapterInit.js:1496:10)\n    at _callCircusTest (/home/runner/work/swaxi-dispo-v6/swaxi-dispo-v6/node_modules/jest-circus/build/jestAdapterInit.js:1006:40)\n    at processTicksAndRejections (node:internal/process/task_queues:95:5)\n    at _runTest (/home/runner/work/swaxi-dispo-v6/swaxi-dispo-v6/node_modules/jest-circus/build/jestAdapterInit.js:946:3)\n    at _runTestsForDescribeBlock (/home/runner/work/swaxi-dispo-v6/swaxi-dispo-v6/node_modules/jest-circus/build/jestAdapterInit.js:839:13)\n    at _runTestsForDescribeBlock (/home/runner/work/swaxi-dispo-v6/swaxi-dispo-v6/node_modules/jest-circus/build/jestAdapterInit.js:829:11)\n    at run (/home/runner/work/swaxi-dispo-v6/swaxi-dispo-v6/node_modules/jest-circus/build/jestAdapterInit.js:757:3)\n    at runAndTransformResultsToJestFormat (/home/runner/work/swaxi-dispo-v6/swaxi-dispo-v6/node_modules/jest-circus/build/jestAdapterInit.js:1917:21)\n    at jestAdapter (/home/runner/work/swaxi-dispo-v6/swaxi-dispo-v6/node_modules/jest-circus/build/runner.js:101:19)\n    at runTestInternal (/home/runner/work/swaxi-dispo-v6/swaxi-dispo-v6/node_modules/jest-runner/build/testWorker.js:275:16)\n    at runTest (/home/runner/work/swaxi-dispo-v6/swaxi-dispo-v6/node_modules/jest-runner/build/testWorker.js:343:7)\n    at Object.worker (/home/runner/work/swaxi-dispo-v6/swaxi-dispo-v6/node_modules/jest-runner/build/testWorker.js:497:12)"],"fullName":"SeriesApplicationModal focus management restores focus to trigger element when modal closes","invocations":1,"location":null,"numPassingAsserts":1,"retryReasons":[],"startAt":1756296410454,"status":"failed","title":"restores focus to trigger element when modal closes"},{"ancestorTitles":["SeriesApplicationModal focus management"],"duration":12,"failing":false,"failureDetails":[{}],"failureMessages":["ReferenceError: lastActiveRef is not defined\n    at lastActiveRef (/home/runner/work/swaxi-dispo-v6/swaxi-dispo-v6/src/components/SeriesApplicationModal.jsx:17:7)\n    at Object.react_stack_bottom_frame (/home/runner/work/swaxi-dispo-v6/swaxi-dispo-v6/node_modules/react-dom/cjs/react-dom-client.development.js:23953:20)\n    at runWithFiberInDEV (/home/runner/work/swaxi-dispo-v6/swaxi-dispo-v6/node_modules/react-dom/cjs/react-dom-client.development.js:1522:13)\n    at commitHookEffectListMount (/home/runner/work/swaxi-dispo-v6/swaxi-dispo-v6/node_modules/react-dom/cjs/react-dom-client.development.js:11905:29)\n    at commitHookPassiveMountEffects (/home/runner/work/swaxi-dispo-v6/swaxi-dispo-v6/node_modules/react-dom/cjs/react-dom-client.development.js:12028:11)\n    at commitPassiveMountOnFiber (/home/runner/work/swaxi-dispo-v6/swaxi-dispo-v6/node_modules/react-dom/cjs/react-dom-client.development.js:13841:13)\n    at recursivelyTraversePassiveMountEffects (/home/runner/work/swaxi-dispo-v6/swaxi-dispo-v6/node_modules/react-dom/cjs/react-dom-client.development.js:13815:11)\n    at commitPassiveMountOnFiber (/home/runner/work/swaxi-dispo-v6/swaxi-dispo-v6/node_modules/react-dom/cjs/react-dom-client.development.js:13957:11)\n    at recursivelyTraversePassiveMountEffects (/home/runner/work/swaxi-dispo-v6/swaxi-dispo-v6/node_modules/react-dom/cjs/react-dom-client.development.js:13815:11)\n    at commitPassiveMountOnFiber (/home/runner/work/swaxi-dispo-v6/swaxi-dispo-v6/node_modules/react-dom/cjs/react-dom-client.development.js:13834:11)\n    at recursivelyTraversePassiveMountEffects (/home/runner/work/swaxi-dispo-v6/swaxi-dispo-v6/node_modules/react-dom/cjs/react-dom-client.development.js:13815:11)\n    at commitPassiveMountOnFiber (/home/runner/work/swaxi-dispo-v6/swaxi-dispo-v6/node_modules/react-dom/cjs/react-dom-client.development.js:13957:11)\n    at recursivelyTraversePassiveMountEffects (/home/runner/work/swaxi-dispo-v6/swaxi-dispo-v6/node_modules/react-dom/cjs/react-dom-client.development.js:13815:11)\n    at commitPassiveMountOnFiber (/home/runner/work/swaxi-dispo-v6/swaxi-dispo-v6/node_modules/react-dom/cjs/react-dom-client.development.js:13834:11)\n    at recursivelyTraversePassiveMountEffects (/home/runner/work/swaxi-dispo-v6/swaxi-dispo-v6/node_modules/react-dom/cjs/react-dom-client.development.js:13815:11)\n    at commitPassiveMountOnFiber (/home/runner/work/swaxi-dispo-v6/swaxi-dispo-v6/node_modules/react-dom/cjs/react-dom-client.development.js:13957:11)\n    at recursivelyTraversePassiveMountEffects (/home/runner/work/swaxi-dispo-v6/swaxi-dispo-v6/node_modules/react-dom/cjs/react-dom-client.development.js:13815:11)\n    at commitPassiveMountOnFiber (/home/runner/work/swaxi-dispo-v6/swaxi-dispo-v6/node_modules/react-dom/cjs/react-dom-client.development.js:13853:11)\n    at flushPassiveEffects (/home/runner/work/swaxi-dispo-v6/swaxi-dispo-v6/node_modules/react-dom/cjs/react-dom-client.development.js:15737:9)\n    at /home/runner/work/swaxi-dispo-v6/swaxi-dispo-v6/node_modules/react-dom/cjs/react-dom-client.development.js:15379:15\n    at flushActQueue (/home/runner/work/swaxi-dispo-v6/swaxi-dispo-v6/node_modules/react/cjs/react.development.js:566:34)\n    at process.env.NODE_ENV.exports.act (/home/runner/work/swaxi-dispo-v6/swaxi-dispo-v6/node_modules/react/cjs/react.development.js:860:10)\n    at /home/runner/work/swaxi-dispo-v6/swaxi-dispo-v6/node_modules/@testing-library/react/dist/act-compat.js:47:25\n    at renderRoot (/home/runner/work/swaxi-dispo-v6/swaxi-dispo-v6/node_modules/@testing-library/react/dist/pure.js:190:26)\n    at render (/home/runner/work/swaxi-dispo-v6/swaxi-dispo-v6/node_modules/@testing-library/react/dist/pure.js:292:10)\n    at renderWithProviders (/home/runner/work/swaxi-dispo-v6/swaxi-dispo-v6/src/tests/testUtils.jsx:14:16)\n    at Object.<anonymous> (/home/runner/work/swaxi-dispo-v6/swaxi-dispo-v6/src/tests/unit/SeriesApplicationModal.focus.test.jsx:102:24)\n    at Promise.finally.completed (/home/runner/work/swaxi-dispo-v6/swaxi-dispo-v6/node_modules/jest-circus/build/jestAdapterInit.js:1556:28)\n    at new Promise (<anonymous>)\n    at callAsyncCircusFn (/home/runner/work/swaxi-dispo-v6/swaxi-dispo-v6/node_modules/jest-circus/build/jestAdapterInit.js:1496:10)\n    at _callCircusTest (/home/runner/work/swaxi-dispo-v6/swaxi-dispo-v6/node_modules/jest-circus/build/jestAdapterInit.js:1006:40)\n    at processTicksAndRejections (node:internal/process/task_queues:95:5)\n    at _runTest (/home/runner/work/swaxi-dispo-v6/swaxi-dispo-v6/node_modules/jest-circus/build/jestAdapterInit.js:946:3)\n    at _runTestsForDescribeBlock (/home/runner/work/swaxi-dispo-v6/swaxi-dispo-v6/node_modules/jest-circus/build/jestAdapterInit.js:839:13)\n    at _runTestsForDescribeBlock (/home/runner/work/swaxi-dispo-v6/swaxi-dispo-v6/node_modules/jest-circus/build/jestAdapterInit.js:829:11)\n    at run (/home/runner/work/swaxi-dispo-v6/swaxi-dispo-v6/node_modules/jest-circus/build/jestAdapterInit.js:757:3)\n    at runAndTransformResultsToJestFormat (/home/runner/work/swaxi-dispo-v6/swaxi-dispo-v6/node_modules/jest-circus/build/jestAdapterInit.js:1917:21)\n    at jestAdapter (/home/runner/work/swaxi-dispo-v6/swaxi-dispo-v6/node_modules/jest-circus/build/runner.js:101:19)\n    at runTestInternal (/home/runner/work/swaxi-dispo-v6/swaxi-dispo-v6/node_modules/jest-runner/build/testWorker.js:275:16)\n    at runTest (/home/runner/work/swaxi-dispo-v6/swaxi-dispo-v6/node_modules/jest-runner/build/testWorker.js:343:7)\n    at Object.worker (/home/runner/work/swaxi-dispo-v6/swaxi-dispo-v6/node_modules/jest-runner/build/testWorker.js:497:12)"],"fullName":"SeriesApplicationModal focus management focus remains trapped within modal during interaction","invocations":1,"location":null,"numPassingAsserts":0,"retryReasons":[],"startAt":1756296410466,"status":"failed","title":"focus remains trapped within modal during interaction"},{"ancestorTitles":["SeriesApplicationModal focus management"],"duration":12,"failing":false,"failureDetails":[{}],"failureMessages":["ReferenceError: lastActiveRef is not defined\n    at lastActiveRef (/home/runner/work/swaxi-dispo-v6/swaxi-dispo-v6/src/components/SeriesApplicationModal.jsx:17:7)\n    at Object.react_stack_bottom_frame (/home/runner/work/swaxi-dispo-v6/swaxi-dispo-v6/node_modules/react-dom/cjs/react-dom-client.development.js:23953:20)\n    at runWithFiberInDEV (/home/runner/work/swaxi-dispo-v6/swaxi-dispo-v6/node_modules/react-dom/cjs/react-dom-client.development.js:1522:13)\n    at commitHookEffectListMount (/home/runner/work/swaxi-dispo-v6/swaxi-dispo-v6/node_modules/react-dom/cjs/react-dom-client.development.js:11905:29)\n    at commitHookPassiveMountEffects (/home/runner/work/swaxi-dispo-v6/swaxi-dispo-v6/node_modules/react-dom/cjs/react-dom-client.development.js:12028:11)\n    at commitPassiveMountOnFiber (/home/runner/work/swaxi-dispo-v6/swaxi-dispo-v6/node_modules/react-dom/cjs/react-dom-client.development.js:13841:13)\n    at recursivelyTraversePassiveMountEffects (/home/runner/work/swaxi-dispo-v6/swaxi-dispo-v6/node_modules/react-dom/cjs/react-dom-client.development.js:13815:11)\n    at commitPassiveMountOnFiber (/home/runner/work/swaxi-dispo-v6/swaxi-dispo-v6/node_modules/react-dom/cjs/react-dom-client.development.js:13957:11)\n    at recursivelyTraversePassiveMountEffects (/home/runner/work/swaxi-dispo-v6/swaxi-dispo-v6/node_modules/react-dom/cjs/react-dom-client.development.js:13815:11)\n    at commitPassiveMountOnFiber (/home/runner/work/swaxi-dispo-v6/swaxi-dispo-v6/node_modules/react-dom/cjs/react-dom-client.development.js:13834:11)\n    at recursivelyTraversePassiveMountEffects (/home/runner/work/swaxi-dispo-v6/swaxi-dispo-v6/node_modules/react-dom/cjs/react-dom-client.development.js:13815:11)\n    at commitPassiveMountOnFiber (/home/runner/work/swaxi-dispo-v6/swaxi-dispo-v6/node_modules/react-dom/cjs/react-dom-client.development.js:13957:11)\n    at recursivelyTraversePassiveMountEffects (/home/runner/work/swaxi-dispo-v6/swaxi-dispo-v6/node_modules/react-dom/cjs/react-dom-client.development.js:13815:11)\n    at commitPassiveMountOnFiber (/home/runner/work/swaxi-dispo-v6/swaxi-dispo-v6/node_modules/react-dom/cjs/react-dom-client.development.js:13834:11)\n    at recursivelyTraversePassiveMountEffects (/home/runner/work/swaxi-dispo-v6/swaxi-dispo-v6/node_modules/react-dom/cjs/react-dom-client.development.js:13815:11)\n    at commitPassiveMountOnFiber (/home/runner/work/swaxi-dispo-v6/swaxi-dispo-v6/node_modules/react-dom/cjs/react-dom-client.development.js:13957:11)\n    at recursivelyTraversePassiveMountEffects (/home/runner/work/swaxi-dispo-v6/swaxi-dispo-v6/node_modules/react-dom/cjs/react-dom-client.development.js:13815:11)\n    at commitPassiveMountOnFiber (/home/runner/work/swaxi-dispo-v6/swaxi-dispo-v6/node_modules/react-dom/cjs/react-dom-client.development.js:13853:11)\n    at flushPassiveEffects (/home/runner/work/swaxi-dispo-v6/swaxi-dispo-v6/node_modules/react-dom/cjs/react-dom-client.development.js:15737:9)\n    at /home/runner/work/swaxi-dispo-v6/swaxi-dispo-v6/node_modules/react-dom/cjs/react-dom-client.development.js:15379:15\n    at flushActQueue (/home/runner/work/swaxi-dispo-v6/swaxi-dispo-v6/node_modules/react/cjs/react.development.js:566:34)\n    at process.env.NODE_ENV.exports.act (/home/runner/work/swaxi-dispo-v6/swaxi-dispo-v6/node_modules/react/cjs/react.development.js:860:10)\n    at /home/runner/work/swaxi-dispo-v6/swaxi-dispo-v6/node_modules/@testing-library/react/dist/act-compat.js:47:25\n    at renderRoot (/home/runner/work/swaxi-dispo-v6/swaxi-dispo-v6/node_modules/@testing-library/react/dist/pure.js:190:26)\n    at render (/home/runner/work/swaxi-dispo-v6/swaxi-dispo-v6/node_modules/@testing-library/react/dist/pure.js:292:10)\n    at renderWithProviders (/home/runner/work/swaxi-dispo-v6/swaxi-dispo-v6/src/tests/testUtils.jsx:14:16)\n    at Object.<anonymous> (/home/runner/work/swaxi-dispo-v6/swaxi-dispo-v6/src/tests/unit/SeriesApplicationModal.focus.test.jsx:128:24)\n    at Promise.finally.completed (/home/runner/work/swaxi-dispo-v6/swaxi-dispo-v6/node_modules/jest-circus/build/jestAdapterInit.js:1556:28)\n    at new Promise (<anonymous>)\n    at callAsyncCircusFn (/home/runner/work/swaxi-dispo-v6/swaxi-dispo-v6/node_modules/jest-circus/build/jestAdapterInit.js:1496:10)\n    at _callCircusTest (/home/runner/work/swaxi-dispo-v6/swaxi-dispo-v6/node_modules/jest-circus/build/jestAdapterInit.js:1006:40)\n    at processTicksAndRejections (node:internal/process/task_queues:95:5)\n    at _runTest (/home/runner/work/swaxi-dispo-v6/swaxi-dispo-v6/node_modules/jest-circus/build/jestAdapterInit.js:946:3)\n    at _runTestsForDescribeBlock (/home/runner/work/swaxi-dispo-v6/swaxi-dispo-v6/node_modules/jest-circus/build/jestAdapterInit.js:839:13)\n    at _runTestsForDescribeBlock (/home/runner/work/swaxi-dispo-v6/swaxi-dispo-v6/node_modules/jest-circus/build/jestAdapterInit.js:829:11)\n    at run (/home/runner/work/swaxi-dispo-v6/swaxi-dispo-v6/node_modules/jest-circus/build/jestAdapterInit.js:757:3)\n    at runAndTransformResultsToJestFormat (/home/runner/work/swaxi-dispo-v6/swaxi-dispo-v6/node_modules/jest-circus/build/jestAdapterInit.js:1917:21)\n    at jestAdapter (/home/runner/work/swaxi-dispo-v6/swaxi-dispo-v6/node_modules/jest-circus/build/runner.js:101:19)\n    at runTestInternal (/home/runner/work/swaxi-dispo-v6/swaxi-dispo-v6/node_modules/jest-runner/build/testWorker.js:275:16)\n    at runTest (/home/runner/work/swaxi-dispo-v6/swaxi-dispo-v6/node_modules/jest-runner/build/testWorker.js:343:7)\n    at Object.worker (/home/runner/work/swaxi-dispo-v6/swaxi-dispo-v6/node_modules/jest-runner/build/testWorker.js:497:12)"],"fullName":"SeriesApplicationModal focus management returns focus to trigger button when closed via close button","invocations":1,"location":null,"numPassingAsserts":1,"retryReasons":[],"startAt":1756296410481,"status":"failed","title":"returns focus to trigger button when closed via close button"}],"endTime":1756296410578,"message":"\u001b[1m\u001b[31m  \u001b[1m● \u001b[22m\u001b[1mSeriesApplicationModal focus management › has correct accessibility attributes\u001b[39m\u001b[22m\n\n    ReferenceError: lastActiveRef is not defined\n\u001b[2m\u001b[22m\n\u001b[2m    \u001b[0m \u001b[90m 15 |\u001b[39m   useEffect(() \u001b[33m=>\u001b[39m {\u001b[22m\n\u001b[2m     \u001b[90m 16 |\u001b[39m     \u001b[36mif\u001b[39m (isOpen) {\u001b[22m\n\u001b[2m    \u001b[31m\u001b[1m>\u001b[22m\u001b[2m\u001b[39m\u001b[90m 17 |\u001b[39m       lastActiveRef\u001b[33m.\u001b[39mcurrent \u001b[33m=\u001b[39m document\u001b[33m.\u001b[39mactiveElement\u001b[33m;\u001b[39m\u001b[22m\n\u001b[2m     \u001b[90m    |\u001b[39m       \u001b[31m\u001b[1m^\u001b[22m\u001b[2m\u001b[39m\u001b[22m\n\u001b[2m     \u001b[90m 18 |\u001b[39m     }\u001b[22m\n\u001b[2m     \u001b[90m 19 |\u001b[39m     \u001b[90m// When modal closes, restore focus to last active element\u001b[39m\u001b[22m\n\u001b[2m     \u001b[90m 20 |\u001b[39m     \u001b[36mif\u001b[39m (\u001b[33m!\u001b[39misOpen \u001b[33m&&\u001b[39m lastActiveRef\u001b[33m.\u001b[39mcurrent) {\u001b[0m\u001b[22m\n\u001b[2m\u001b[22m\n\u001b[2m      \u001b[2mat lastActiveRef (\u001b[22m\u001b[2msrc/components/SeriesApplicationModal.jsx\u001b[2m:17:7)\u001b[22m\u001b[2m\u001b[22m\n\u001b[2m      \u001b[2mat Object.react_stack_bottom_frame (\u001b[22m\u001b[2mnode_modules/react-dom/cjs/react-dom-client.development.js\u001b[2m:23953:20)\u001b[22m\u001b[2m\u001b[22m\n\u001b[2m      \u001b[2mat runWithFiberInDEV (\u001b[22m\u001b[2mnode_modules/react-dom/cjs/react-dom-client.development.js\u001b[2m:1522:13)\u001b[22m\u001b[2m\u001b[22m\n\u001b[2m      \u001b[2mat commitHookEffectListMount (\u001b[22m\u001b[2mnode_modules/react-dom/cjs/react-dom-client.development.js\u001b[2m:11905:29)\u001b[22m\u001b[2m\u001b[22m\n\u001b[2m      \u001b[2mat commitHookPassiveMountEffects (\u001b[22m\u001b[2mnode_modules/react-dom/cjs/react-dom-client.development.js\u001b[2m:12028:11)\u001b[22m\u001b[2m\u001b[22m\n\u001b[2m      \u001b[2mat commitPassiveMountOnFiber (\u001b[22m\u001b[2mnode_modules/react-dom/cjs/react-dom-client.development.js\u001b[2m:13841:13)\u001b[22m\u001b[2m\u001b[22m\n\u001b[2m      \u001b[2mat recursivelyTraversePassiveMountEffects (\u001b[22m\u001b[2mnode_modules/react-dom/cjs/react-dom-client.development.js\u001b[2m:13815:11)\u001b[22m\u001b[2m\u001b[22m\n\u001b[2m      \u001b[2mat commitPassiveMountOnFiber (\u001b[22m\u001b[2mnode_modules/react-dom/cjs/react-dom-client.development.js\u001b[2m:13957:11)\u001b[22m\u001b[2m\u001b[22m\n\u001b[2m      \u001b[2mat recursivelyTraversePassiveMountEffects (\u001b[22m\u001b[2mnode_modules/react-dom/cjs/react-dom-client.development.js\u001b[2m:13815:11)\u001b[22m\u001b[2m\u001b[22m\n\u001b[2m      \u001b[2mat commitPassiveMountOnFiber (\u001b[22m\u001b[2mnode_modules/react-dom/cjs/react-dom-client.development.js\u001b[2m:13834:11)\u001b[22m\u001b[2m\u001b[22m\n\u001b[2m      \u001b[2mat recursivelyTraversePassiveMountEffects (\u001b[22m\u001b[2mnode_modules/react-dom/cjs/react-dom-client.development.js\u001b[2m:13815:11)\u001b[22m\u001b[2m\u001b[22m\n\u001b[2m      \u001b[2mat commitPassiveMountOnFiber (\u001b[22m\u001b[2mnode_modules/react-dom/cjs/react-dom-client.development.js\u001b[2m:13957:11)\u001b[22m\u001b[2m\u001b[22m\n\u001b[2m      \u001b[2mat recursivelyTraversePassiveMountEffects (\u001b[22m\u001b[2mnode_modules/react-dom/cjs/react-dom-client.development.js\u001b[2m:13815:11)\u001b[22m\u001b[2m\u001b[22m\n\u001b[2m      \u001b[2mat commitPassiveMountOnFiber (\u001b[22m\u001b[2mnode_modules/react-dom/cjs/react-dom-client.development.js\u001b[2m:13834:11)\u001b[22m\u001b[2m\u001b[22m\n\u001b[2m      \u001b[2mat recursivelyTraversePassiveMountEffects (\u001b[22m\u001b[2mnode_modules/react-dom/cjs/react-dom-client.development.js\u001b[2m:13815:11)\u001b[22m\u001b[2m\u001b[22m\n\u001b[2m      \u001b[2mat commitPassiveMountOnFiber (\u001b[22m\u001b[2mnode_modules/react-dom/cjs/react-dom-client.development.js\u001b[2m:13957:11)\u001b[22m\u001b[2m\u001b[22m\n\u001b[2m      \u001b[2mat recursivelyTraversePassiveMountEffects (\u001b[22m\u001b[2mnode_modules/react-dom/cjs/react-dom-client.development.js\u001b[2m:13815:11)\u001b[22m\u001b[2m\u001b[22m\n\u001b[2m      \u001b[2mat commitPassiveMountOnFiber (\u001b[22m\u001b[2mnode_modules/react-dom/cjs/react-dom-client.development.js\u001b[2m:13853:11)\u001b[22m\u001b[2m\u001b[22m\n\u001b[2m      \u001b[2mat flushPassiveEffects (\u001b[22m\u001b[2mnode_modules/react-dom/cjs/react-dom-client.development.js\u001b[2m:15737:9)\u001b[22m\u001b[2m\u001b[22m\n\u001b[2m      \u001b[2mat \u001b[22m\u001b[2mnode_modules/react-dom/cjs/react-dom-client.development.js\u001b[2m:15379:15\u001b[22m\u001b[2m\u001b[22m\n\u001b[2m      \u001b[2mat flushActQueue (\u001b[22m\u001b[2mnode_modules/react/cjs/react.development.js\u001b[2m:566:34)\u001b[22m\u001b[2m\u001b[22m\n\u001b[2m      \u001b[2mat process.env.NODE_ENV.exports.act (\u001b[22m\u001b[2mnode_modules/react/cjs/react.development.js\u001b[2m:860:10)\u001b[22m\u001b[2m\u001b[22m\n\u001b[2m      \u001b[2mat \u001b[22m\u001b[2mnode_modules/@testing-library/react/dist/act-compat.js\u001b[2m:47:25\u001b[22m\u001b[2m\u001b[22m\n\u001b[2m      \u001b[2mat renderRoot (\u001b[22m\u001b[2mnode_modules/@testing-library/react/dist/pure.js\u001b[2m:190:26)\u001b[22m\u001b[2m\u001b[22m\n\u001b[2m      \u001b[2mat render (\u001b[22m\u001b[2mnode_modules/@testing-library/react/dist/pure.js\u001b[2m:292:10)\u001b[22m\u001b[2m\u001b[22m\n\u001b[2m      \u001b[2mat renderWithProviders (\u001b[22m\u001b[2msrc/tests/testUtils.jsx\u001b[2m:14:16)\u001b[22m\u001b[2m\u001b[22m\n\u001b[2m      \u001b[2mat Object.<anonymous> (\u001b[22m\u001b[2m\u001b[0m\u001b[36msrc/tests/unit/SeriesApplicationModal.focus.test.jsx\u001b[39m\u001b[0m\u001b[2m:40:24)\u001b[22m\u001b[2m\u001b[22m\n\n\u001b[1m\u001b[31m  \u001b[1m● \u001b[22m\u001b[1mSeriesApplicationModal focus management › stores focused element when modal opens\u001b[39m\u001b[22m\n\n    ReferenceError: lastActiveRef is not defined\n\u001b[2m\u001b[22m\n\u001b[2m    \u001b[0m \u001b[90m 15 |\u001b[39m   useEffect(() \u001b[33m=>\u001b[39m {\u001b[22m\n\u001b[2m     \u001b[90m 16 |\u001b[39m     \u001b[36mif\u001b[39m (isOpen) {\u001b[22m\n\u001b[2m    \u001b[31m\u001b[1m>\u001b[22m\u001b[2m\u001b[39m\u001b[90m 17 |\u001b[39m       lastActiveRef\u001b[33m.\u001b[39mcurrent \u001b[33m=\u001b[39m document\u001b[33m.\u001b[39mactiveElement\u001b[33m;\u001b[39m\u001b[22m\n\u001b[2m     \u001b[90m    |\u001b[39m       \u001b[31m\u001b[1m^\u001b[22m\u001b[2m\u001b[39m\u001b[22m\n\u001b[2m     \u001b[90m 18 |\u001b[39m     }\u001b[22m\n\u001b[2m     \u001b[90m 19 |\u001b[39m     \u001b[90m// When modal closes, restore focus to last active element\u001b[39m\u001b[22m\n\u001b[2m     \u001b[90m 20 |\u001b[39m     \u001b[36mif\u001b[39m (\u001b[33m!\u001b[39misOpen \u001b[33m&&\u001b[39m lastActiveRef\u001b[33m.\u001b[39mcurrent) {\u001b[0m\u001b[22m\n\u001b[2m\u001b[22m\n\u001b[2m      \u001b[2mat lastActiveRef (\u001b[22m\u001b[2msrc/components/SeriesApplicationModal.jsx\u001b[2m:17:7)\u001b[22m\u001b[2m\u001b[22m\n\u001b[2m      \u001b[2mat Object.react_stack_bottom_frame (\u001b[22m\u001b[2mnode_modules/react-dom/cjs/react-dom-client.development.js\u001b[2m:23953:20)\u001b[22m\u001b[2m\u001b[22m\n\u001b[2m      \u001b[2mat runWithFiberInDEV (\u001b[22m\u001b[2mnode_modules/react-dom/cjs/react-dom-client.development.js\u001b[2m:1522:13)\u001b[22m\u001b[2m\u001b[22m\n\u001b[2m      \u001b[2mat commitHookEffectListMount (\u001b[22m\u001b[2mnode_modules/react-dom/cjs/react-dom-client.development.js\u001b[2m:11905:29)\u001b[22m\u001b[2m\u001b[22m\n\u001b[2m      \u001b[2mat commitHookPassiveMountEffects (\u001b[22m\u001b[2mnode_modules/react-dom/cjs/react-dom-client.development.js\u001b[2m:12028:11)\u001b[22m\u001b[2m\u001b[22m\n\u001b[2m      \u001b[2mat commitPassiveMountOnFiber (\u001b[22m\u001b[2mnode_modules/react-dom/cjs/react-dom-client.development.js\u001b[2m:13841:13)\u001b[22m\u001b[2m\u001b[22m\n\u001b[2m      \u001b[2mat recursivelyTraversePassiveMountEffects (\u001b[22m\u001b[2mnode_modules/react-dom/cjs/react-dom-client.development.js\u001b[2m:13815:11)\u001b[22m\u001b[2m\u001b[22m\n\u001b[2m      \u001b[2mat commitPassiveMountOnFiber (\u001b[22m\u001b[2mnode_modules/react-dom/cjs/react-dom-client.development.js\u001b[2m:13957:11)\u001b[22m\u001b[2m\u001b[22m\n\u001b[2m      \u001b[2mat recursivelyTraversePassiveMountEffects (\u001b[22m\u001b[2mnode_modules/react-dom/cjs/react-dom-client.development.js\u001b[2m:13815:11)\u001b[22m\u001b[2m\u001b[22m\n\u001b[2m      \u001b[2mat commitPassiveMountOnFiber (\u001b[22m\u001b[2mnode_modules/react-dom/cjs/react-dom-client.development.js\u001b[2m:13834:11)\u001b[22m\u001b[2m\u001b[22m\n\u001b[2m      \u001b[2mat recursivelyTraversePassiveMountEffects (\u001b[22m\u001b[2mnode_modules/react-dom/cjs/react-dom-client.development.js\u001b[2m:13815:11)\u001b[22m\u001b[2m\u001b[22m\n\u001b[2m      \u001b[2mat commitPassiveMountOnFiber (\u001b[22m\u001b[2mnode_modules/react-dom/cjs/react-dom-client.development.js\u001b[2m:13957:11)\u001b[22m\u001b[2m\u001b[22m\n\u001b[2m      \u001b[2mat recursivelyTraversePassiveMountEffects (\u001b[22m\u001b[2mnode_modules/react-dom/cjs/react-dom-client.development.js\u001b[2m:13815:11)\u001b[22m\u001b[2m\u001b[22m\n\u001b[2m      \u001b[2mat commitPassiveMountOnFiber (\u001b[22m\u001b[2mnode_modules/react-dom/cjs/react-dom-client.development.js\u001b[2m:13834:11)\u001b[22m\u001b[2m\u001b[22m\n\u001b[2m      \u001b[2mat recursivelyTraversePassiveMountEffects (\u001b[22m\u001b[2mnode_modules/react-dom/cjs/react-dom-client.development.js\u001b[2m:13815:11)\u001b[22m\u001b[2m\u001b[22m\n\u001b[2m      \u001b[2mat commitPassiveMountOnFiber (\u001b[22m\u001b[2mnode_modules/react-dom/cjs/react-dom-client.development.js\u001b[2m:13957:11)\u001b[22m\u001b[2m\u001b[22m\n\u001b[2m      \u001b[2mat recursivelyTraversePassiveMountEffects (\u001b[22m\u001b[2mnode_modules/react-dom/cjs/react-dom-client.development.js\u001b[2m:13815:11)\u001b[22m\u001b[2m\u001b[22m\n\u001b[2m      \u001b[2mat commitPassiveMountOnFiber (\u001b[22m\u001b[2mnode_modules/react-dom/cjs/react-dom-client.development.js\u001b[2m:13853:11)\u001b[22m\u001b[2m\u001b[22m\n\u001b[2m      \u001b[2mat flushPassiveEffects (\u001b[22m\u001b[2mnode_modules/react-dom/cjs/react-dom-client.development.js\u001b[2m:15737:9)\u001b[22m\u001b[2m\u001b[22m\n\u001b[2m      \u001b[2mat \u001b[22m\u001b[2mnode_modules/react-dom/cjs/react-dom-client.development.js\u001b[2m:15379:15\u001b[22m\u001b[2m\u001b[22m\n\u001b[2m      \u001b[2mat flushActQueue (\u001b[22m\u001b[2mnode_modules/react/cjs/react.development.js\u001b[2m:566:34)\u001b[22m\u001b[2m\u001b[22m\n\u001b[2m      \u001b[2mat process.env.NODE_ENV.exports.act (\u001b[22m\u001b[2mnode_modules/react/cjs/react.development.js\u001b[2m:860:10)\u001b[22m\u001b[2m\u001b[22m\n\u001b[2m      \u001b[2mat \u001b[22m\u001b[2mnode_modules/@testing-library/react/dist/act-compat.js\u001b[2m:47:25\u001b[22m\u001b[2m\u001b[22m\n\u001b[2m      \u001b[2mat renderRoot (\u001b[22m\u001b[2mnode_modules/@testing-library/react/dist/pure.js\u001b[2m:190:26)\u001b[22m\u001b[2m\u001b[22m\n\u001b[2m      \u001b[2mat render (\u001b[22m\u001b[2mnode_modules/@testing-library/react/dist/pure.js\u001b[2m:292:10)\u001b[22m\u001b[2m\u001b[22m\n\u001b[2m      \u001b[2mat renderWithProviders (\u001b[22m\u001b[2msrc/tests/testUtils.jsx\u001b[2m:14:16)\u001b[22m\u001b[2m\u001b[22m\n\u001b[2m      \u001b[2mat Object.<anonymous> (\u001b[22m\u001b[2m\u001b[0m\u001b[36msrc/tests/unit/SeriesApplicationModal.focus.test.jsx\u001b[39m\u001b[0m\u001b[2m:63:24)\u001b[22m\u001b[2m\u001b[22m\n\n\u001b[1m\u001b[31m  \u001b[1m● \u001b[22m\u001b[1mSeriesApplicationModal focus management › restores focus to trigger element when modal closes\u001b[39m\u001b[22m\n\n    ReferenceError: lastActiveRef is not defined\n\u001b[2m\u001b[22m\n\u001b[2m    \u001b[0m \u001b[90m 15 |\u001b[39m   useEffect(() \u001b[33m=>\u001b[39m {\u001b[22m\n\u001b[2m     \u001b[90m 16 |\u001b[39m     \u001b[36mif\u001b[39m (isOpen) {\u001b[22m\n\u001b[2m    \u001b[31m\u001b[1m>\u001b[22m\u001b[2m\u001b[39m\u001b[90m 17 |\u001b[39m       lastActiveRef\u001b[33m.\u001b[39mcurrent \u001b[33m=\u001b[39m document\u001b[33m.\u001b[39mactiveElement\u001b[33m;\u001b[39m\u001b[22m\n\u001b[2m     \u001b[90m    |\u001b[39m       \u001b[31m\u001b[1m^\u001b[22m\u001b[2m\u001b[39m\u001b[22m\n\u001b[2m     \u001b[90m 18 |\u001b[39m     }\u001b[22m\n\u001b[2m     \u001b[90m 19 |\u001b[39m     \u001b[90m// When modal closes, restore focus to last active element\u001b[39m\u001b[22m\n\u001b[2m     \u001b[90m 20 |\u001b[39m     \u001b[36mif\u001b[39m (\u001b[33m!\u001b[39misOpen \u001b[33m&&\u001b[39m lastActiveRef\u001b[33m.\u001b[39mcurrent) {\u001b[0m\u001b[22m\n\u001b[2m\u001b[22m\n\u001b[2m      \u001b[2mat lastActiveRef (\u001b[22m\u001b[2msrc/components/SeriesApplicationModal.jsx\u001b[2m:17:7)\u001b[22m\u001b[2m\u001b[22m\n\u001b[2m      \u001b[2mat Object.react_stack_bottom_frame (\u001b[22m\u001b[2mnode_modules/react-dom/cjs/react-dom-client.development.js\u001b[2m:23953:20)\u001b[22m\u001b[2m\u001b[22m\n\u001b[2m      \u001b[2mat runWithFiberInDEV (\u001b[22m\u001b[2mnode_modules/react-dom/cjs/react-dom-client.development.js\u001b[2m:1522:13)\u001b[22m\u001b[2m\u001b[22m\n\u001b[2m      \u001b[2mat commitHookEffectListMount (\u001b[22m\u001b[2mnode_modules/react-dom/cjs/react-dom-client.development.js\u001b[2m:11905:29)\u001b[22m\u001b[2m\u001b[22m\n\u001b[2m      \u001b[2mat commitHookPassiveMountEffects (\u001b[22m\u001b[2mnode_modules/react-dom/cjs/react-dom-client.development.js\u001b[2m:12028:11)\u001b[22m\u001b[2m\u001b[22m\n\u001b[2m      \u001b[2mat commitPassiveMountOnFiber (\u001b[22m\u001b[2mnode_modules/react-dom/cjs/react-dom-client.development.js\u001b[2m:13841:13)\u001b[22m\u001b[2m\u001b[22m\n\u001b[2m      \u001b[2mat recursivelyTraversePassiveMountEffects (\u001b[22m\u001b[2mnode_modules/react-dom/cjs/react-dom-client.development.js\u001b[2m:13815:11)\u001b[22m\u001b[2m\u001b[22m\n\u001b[2m      \u001b[2mat commitPassiveMountOnFiber (\u001b[22m\u001b[2mnode_modules/react-dom/cjs/react-dom-client.development.js\u001b[2m:13957:11)\u001b[22m\u001b[2m\u001b[22m\n\u001b[2m      \u001b[2mat recursivelyTraversePassiveMountEffects (\u001b[22m\u001b[2mnode_modules/react-dom/cjs/react-dom-client.development.js\u001b[2m:13815:11)\u001b[22m\u001b[2m\u001b[22m\n\u001b[2m      \u001b[2mat commitPassiveMountOnFiber (\u001b[22m\u001b[2mnode_modules/react-dom/cjs/react-dom-client.development.js\u001b[2m:13834:11)\u001b[22m\u001b[2m\u001b[22m\n\u001b[2m      \u001b[2mat recursivelyTraversePassiveMountEffects (\u001b[22m\u001b[2mnode_modules/react-dom/cjs/react-dom-client.development.js\u001b[2m:13815:11)\u001b[22m\u001b[2m\u001b[22m\n\u001b[2m      \u001b[2mat commitPassiveMountOnFiber (\u001b[22m\u001b[2mnode_modules/react-dom/cjs/react-dom-client.development.js\u001b[2m:13957:11)\u001b[22m\u001b[2m\u001b[22m\n\u001b[2m      \u001b[2mat recursivelyTraversePassiveMountEffects (\u001b[22m\u001b[2mnode_modules/react-dom/cjs/react-dom-client.development.js\u001b[2m:13815:11)\u001b[22m\u001b[2m\u001b[22m\n\u001b[2m      \u001b[2mat commitPassiveMountOnFiber (\u001b[22m\u001b[2mnode_modules/react-dom/cjs/react-dom-client.development.js\u001b[2m:13834:11)\u001b[22m\u001b[2m\u001b[22m\n\u001b[2m      \u001b[2mat recursivelyTraversePassiveMountEffects (\u001b[22m\u001b[2mnode_modules/react-dom/cjs/react-dom-client.development.js\u001b[2m:13815:11)\u001b[22m\u001b[2m\u001b[22m\n\u001b[2m      \u001b[2mat commitPassiveMountOnFiber (\u001b[22m\u001b[2mnode_modules/react-dom/cjs/react-dom-client.development.js\u001b[2m:13957:11)\u001b[22m\u001b[2m\u001b[22m\n\u001b[2m      \u001b[2mat recursivelyTraversePassiveMountEffects (\u001b[22m\u001b[2mnode_modules/react-dom/cjs/react-dom-client.development.js\u001b[2m:13815:11)\u001b[22m\u001b[2m\u001b[22m\n\u001b[2m      \u001b[2mat commitPassiveMountOnFiber (\u001b[22m\u001b[2mnode_modules/react-dom/cjs/react-dom-client.development.js\u001b[2m:13853:11)\u001b[22m\u001b[2m\u001b[22m\n\u001b[2m      \u001b[2mat flushPassiveEffects (\u001b[22m\u001b[2mnode_modules/react-dom/cjs/react-dom-client.development.js\u001b[2m:15737:9)\u001b[22m\u001b[2m\u001b[22m\n\u001b[2m      \u001b[2mat \u001b[22m\u001b[2mnode_modules/react-dom/cjs/react-dom-client.development.js\u001b[2m:15379:15\u001b[22m\u001b[2m\u001b[22m\n\u001b[2m      \u001b[2mat flushActQueue (\u001b[22m\u001b[2mnode_modules/react/cjs/react.development.js\u001b[2m:566:34)\u001b[22m\u001b[2m\u001b[22m\n\u001b[2m      \u001b[2mat process.env.NODE_ENV.exports.act (\u001b[22m\u001b[2mnode_modules/react/cjs/react.development.js\u001b[2m:860:10)\u001b[22m\u001b[2m\u001b[22m\n\u001b[2m      \u001b[2mat \u001b[22m\u001b[2mnode_modules/@testing-library/react/dist/act-compat.js\u001b[2m:47:25\u001b[22m\u001b[2m\u001b[22m\n\u001b[2m      \u001b[2mat renderRoot (\u001b[22m\u001b[2mnode_modules/@testing-library/react/dist/pure.js\u001b[2m:190:26)\u001b[22m\u001b[2m\u001b[22m\n\u001b[2m      \u001b[2mat render (\u001b[22m\u001b[2mnode_modules/@testing-library/react/dist/pure.js\u001b[2m:292:10)\u001b[22m\u001b[2m\u001b[22m\n\u001b[2m      \u001b[2mat renderWithProviders (\u001b[22m\u001b[2msrc/tests/testUtils.jsx\u001b[2m:14:16)\u001b[22m\u001b[2m\u001b[22m\n\u001b[2m      \u001b[2mat Object.<anonymous> (\u001b[22m\u001b[2m\u001b[0m\u001b[36msrc/tests/unit/SeriesApplicationModal.focus.test.jsx\u001b[39m\u001b[0m\u001b[2m:79:45)\u001b[22m\u001b[2m\u001b[22m\n\n\u001b[1m\u001b[31m  \u001b[1m● \u001b[22m\u001b[1mSeriesApplicationModal focus management › focus remains trapped within modal during interaction\u001b[39m\u001b[22m\n\n    ReferenceError: lastActiveRef is not defined\n\u001b[2m\u001b[22m\n\u001b[2m    \u001b[0m \u001b[90m 15 |\u001b[39m   useEffect(() \u001b[33m=>\u001b[39m {\u001b[22m\n\u001b[2m     \u001b[90m 16 |\u001b[39m     \u001b[36mif\u001b[39m (isOpen) {\u001b[22m\n\u001b[2m    \u001b[31m\u001b[1m>\u001b[22m\u001b[2m\u001b[39m\u001b[90m 17 |\u001b[39m       lastActiveRef\u001b[33m.\u001b[39mcurrent \u001b[33m=\u001b[39m document\u001b[33m.\u001b[39mactiveElement\u001b[33m;\u001b[39m\u001b[22m\n\u001b[2m     \u001b[90m    |\u001b[39m       \u001b[31m\u001b[1m^\u001b[22m\u001b[2m\u001b[39m\u001b[22m\n\u001b[2m     \u001b[90m 18 |\u001b[39m     }\u001b[22m\n\u001b[2m     \u001b[90m 19 |\u001b[39m     \u001b[90m// When modal closes, restore focus to last active element\u001b[39m\u001b[22m\n\u001b[2m     \u001b[90m 20 |\u001b[39m     \u001b[36mif\u001b[39m (\u001b[33m!\u001b[39misOpen \u001b[33m&&\u001b[39m lastActiveRef\u001b[33m.\u001b[39mcurrent) {\u001b[0m\u001b[22m\n\u001b[2m\u001b[22m\n\u001b[2m      \u001b[2mat lastActiveRef (\u001b[22m\u001b[2msrc/components/SeriesApplicationModal.jsx\u001b[2m:17:7)\u001b[22m\u001b[2m\u001b[22m\n\u001b[2m      \u001b[2mat Object.react_stack_bottom_frame (\u001b[22m\u001b[2mnode_modules/react-dom/cjs/react-dom-client.development.js\u001b[2m:23953:20)\u001b[22m\u001b[2m\u001b[22m\n\u001b[2m      \u001b[2mat runWithFiberInDEV (\u001b[22m\u001b[2mnode_modules/react-dom/cjs/react-dom-client.development.js\u001b[2m:1522:13)\u001b[22m\u001b[2m\u001b[22m\n\u001b[2m      \u001b[2mat commitHookEffectListMount (\u001b[22m\u001b[2mnode_modules/react-dom/cjs/react-dom-client.development.js\u001b[2m:11905:29)\u001b[22m\u001b[2m\u001b[22m\n\u001b[2m      \u001b[2mat commitHookPassiveMountEffects (\u001b[22m\u001b[2mnode_modules/react-dom/cjs/react-dom-client.development.js\u001b[2m:12028:11)\u001b[22m\u001b[2m\u001b[22m\n\u001b[2m      \u001b[2mat commitPassiveMountOnFiber (\u001b[22m\u001b[2mnode_modules/react-dom/cjs/react-dom-client.development.js\u001b[2m:13841:13)\u001b[22m\u001b[2m\u001b[22m\n\u001b[2m      \u001b[2mat recursivelyTraversePassiveMountEffects (\u001b[22m\u001b[2mnode_modules/react-dom/cjs/react-dom-client.development.js\u001b[2m:13815:11)\u001b[22m\u001b[2m\u001b[22m\n\u001b[2m      \u001b[2mat commitPassiveMountOnFiber (\u001b[22m\u001b[2mnode_modules/react-dom/cjs/react-dom-client.development.js\u001b[2m:13957:11)\u001b[22m\u001b[2m\u001b[22m\n\u001b[2m      \u001b[2mat recursivelyTraversePassiveMountEffects (\u001b[22m\u001b[2mnode_modules/react-dom/cjs/react-dom-client.development.js\u001b[2m:13815:11)\u001b[22m\u001b[2m\u001b[22m\n\u001b[2m      \u001b[2mat commitPassiveMountOnFiber (\u001b[22m\u001b[2mnode_modules/react-dom/cjs/react-dom-client.development.js\u001b[2m:13834:11)\u001b[22m\u001b[2m\u001b[22m\n\u001b[2m      \u001b[2mat recursivelyTraversePassiveMountEffects (\u001b[22m\u001b[2mnode_modules/react-dom/cjs/react-dom-client.development.js\u001b[2m:13815:11)\u001b[22m\u001b[2m\u001b[22m\n\u001b[2m      \u001b[2mat commitPassiveMountOnFiber (\u001b[22m\u001b[2mnode_modules/react-dom/cjs/react-dom-client.development.js\u001b[2m:13957:11)\u001b[22m\u001b[2m\u001b[22m\n\u001b[2m      \u001b[2mat recursivelyTraversePassiveMountEffects (\u001b[22m\u001b[2mnode_modules/react-dom/cjs/react-dom-client.development.js\u001b[2m:13815:11)\u001b[22m\u001b[2m\u001b[22m\n\u001b[2m      \u001b[2mat commitPassiveMountOnFiber (\u001b[22m\u001b[2mnode_modules/react-dom/cjs/react-dom-client.development.js\u001b[2m:13834:11)\u001b[22m\u001b[2m\u001b[22m\n\u001b[2m      \u001b[2mat recursivelyTraversePassiveMountEffects (\u001b[22m\u001b[2mnode_modules/react-dom/cjs/react-dom-client.development.js\u001b[2m:13815:11)\u001b[22m\u001b[2m\u001b[22m\n\u001b[2m      \u001b[2mat commitPassiveMountOnFiber (\u001b[22m\u001b[2mnode_modules/react-dom/cjs/react-dom-client.development.js\u001b[2m:13957:11)\u001b[22m\u001b[2m\u001b[22m\n\u001b[2m      \u001b[2mat recursivelyTraversePassiveMountEffects (\u001b[22m\u001b[2mnode_modules/react-dom/cjs/react-dom-client.development.js\u001b[2m:13815:11)\u001b[22m\u001b[2m\u001b[22m\n\u001b[2m      \u001b[2mat commitPassiveMountOnFiber (\u001b[22m\u001b[2mnode_modules/react-dom/cjs/react-dom-client.development.js\u001b[2m:13853:11)\u001b[22m\u001b[2m\u001b[22m\n\u001b[2m      \u001b[2mat flushPassiveEffects (\u001b[22m\u001b[2mnode_modules/react-dom/cjs/react-dom-client.development.js\u001b[2m:15737:9)\u001b[22m\u001b[2m\u001b[22m\n\u001b[2m      \u001b[2mat \u001b[22m\u001b[2mnode_modules/react-dom/cjs/react-dom-client.development.js\u001b[2m:15379:15\u001b[22m\u001b[2m\u001b[22m\n\u001b[2m      \u001b[2mat flushActQueue (\u001b[22m\u001b[2mnode_modules/react/cjs/react.development.js\u001b[2m:566:34)\u001b[22m\u001b[2m\u001b[22m\n\u001b[2m      \u001b[2mat process.env.NODE_ENV.exports.act (\u001b[22m\u001b[2mnode_modules/react/cjs/react.development.js\u001b[2m:860:10)\u001b[22m\u001b[2m\u001b[22m\n\u001b[2m      \u001b[2mat \u001b[22m\u001b[2mnode_modules/@testing-library/react/dist/act-compat.js\u001b[2m:47:25\u001b[22m\u001b[2m\u001b[22m\n\u001b[2m      \u001b[2mat renderRoot (\u001b[22m\u001b[2mnode_modules/@testing-library/react/dist/pure.js\u001b[2m:190:26)\u001b[22m\u001b[2m\u001b[22m\n\u001b[2m      \u001b[2mat render (\u001b[22m\u001b[2mnode_modules/@testing-library/react/dist/pure.js\u001b[2m:292:10)\u001b[22m\u001b[2m\u001b[22m\n\u001b[2m      \u001b[2mat renderWithProviders (\u001b[22m\u001b[2msrc/tests/testUtils.jsx\u001b[2m:14:16)\u001b[22m\u001b[2m\u001b[22m\n\u001b[2m      \u001b[2mat Object.<anonymous> (\u001b[22m\u001b[2m\u001b[0m\u001b[36msrc/tests/unit/SeriesApplicationModal.focus.test.jsx\u001b[39m\u001b[0m\u001b[2m:102:24)\u001b[22m\u001b[2m\u001b[22m\n\n\u001b[1m\u001b[31m  \u001b[1m● \u001b[22m\u001b[1mSeriesApplicationModal focus management › returns focus to trigger button when closed via close button\u001b[39m\u001b[22m\n\n    ReferenceError: lastActiveRef is not defined\n\u001b[2m\u001b[22m\n\u001b[2m    \u001b[0m \u001b[90m 15 |\u001b[39m   useEffect(() \u001b[33m=>\u001b[39m {\u001b[22m\n\u001b[2m     \u001b[90m 16 |\u001b[39m     \u001b[36mif\u001b[39m (isOpen) {\u001b[22m\n\u001b[2m    \u001b[31m\u001b[1m>\u001b[22m\u001b[2m\u001b[39m\u001b[90m 17 |\u001b[39m       lastActiveRef\u001b[33m.\u001b[39mcurrent \u001b[33m=\u001b[39m document\u001b[33m.\u001b[39mactiveElement\u001b[33m;\u001b[39m\u001b[22m\n\u001b[2m     \u001b[90m    |\u001b[39m       \u001b[31m\u001b[1m^\u001b[22m\u001b[2m\u001b[39m\u001b[22m\n\u001b[2m     \u001b[90m 18 |\u001b[39m     }\u001b[22m\n\u001b[2m     \u001b[90m 19 |\u001b[39m     \u001b[90m// When modal closes, restore focus to last active element\u001b[39m\u001b[22m\n\u001b[2m     \u001b[90m 20 |\u001b[39m     \u001b[36mif\u001b[39m (\u001b[33m!\u001b[39misOpen \u001b[33m&&\u001b[39m lastActiveRef\u001b[33m.\u001b[39mcurrent) {\u001b[0m\u001b[22m\n\u001b[2m\u001b[22m\n\u001b[2m      \u001b[2mat lastActiveRef (\u001b[22m\u001b[2msrc/components/SeriesApplicationModal.jsx\u001b[2m:17:7)\u001b[22m\u001b[2m\u001b[22m\n\u001b[2m      \u001b[2mat Object.react_stack_bottom_frame (\u001b[22m\u001b[2mnode_modules/react-dom/cjs/react-dom-client.development.js\u001b[2m:23953:20)\u001b[22m\u001b[2m\u001b[22m\n\u001b[2m      \u001b[2mat runWithFiberInDEV (\u001b[22m\u001b[2mnode_modules/react-dom/cjs/react-dom-client.development.js\u001b[2m:1522:13)\u001b[22m\u001b[2m\u001b[22m\n\u001b[2m      \u001b[2mat commitHookEffectListMount (\u001b[22m\u001b[2mnode_modules/react-dom/cjs/react-dom-client.development.js\u001b[2m:11905:29)\u001b[22m\u001b[2m\u001b[22m\n\u001b[2m      \u001b[2mat commitHookPassiveMountEffects (\u001b[22m\u001b[2mnode_modules/react-dom/cjs/react-dom-client.development.js\u001b[2m:12028:11)\u001b[22m\u001b[2m\u001b[22m\n\u001b[2m      \u001b[2mat commitPassiveMountOnFiber (\u001b[22m\u001b[2mnode_modules/react-dom/cjs/react-dom-client.development.js\u001b[2m:13841:13)\u001b[22m\u001b[2m\u001b[22m\n\u001b[2m      \u001b[2mat recursivelyTraversePassiveMountEffects (\u001b[22m\u001b[2mnode_modules/react-dom/cjs/react-dom-client.development.js\u001b[2m:13815:11)\u001b[22m\u001b[2m\u001b[22m\n\u001b[2m      \u001b[2mat commitPassiveMountOnFiber (\u001b[22m\u001b[2mnode_modules/react-dom/cjs/react-dom-client.development.js\u001b[2m:13957:11)\u001b[22m\u001b[2m\u001b[22m\n\u001b[2m      \u001b[2mat recursivelyTraversePassiveMountEffects (\u001b[22m\u001b[2mnode_modules/react-dom/cjs/react-dom-client.development.js\u001b[2m:13815:11)\u001b[22m\u001b[2m\u001b[22m\n\u001b[2m      \u001b[2mat commitPassiveMountOnFiber (\u001b[22m\u001b[2mnode_modules/react-dom/cjs/react-dom-client.development.js\u001b[2m:13834:11)\u001b[22m\u001b[2m\u001b[22m\n\u001b[2m      \u001b[2mat recursivelyTraversePassiveMountEffects (\u001b[22m\u001b[2mnode_modules/react-dom/cjs/react-dom-client.development.js\u001b[2m:13815:11)\u001b[22m\u001b[2m\u001b[22m\n\u001b[2m      \u001b[2mat commitPassiveMountOnFiber (\u001b[22m\u001b[2mnode_modules/react-dom/cjs/react-dom-client.development.js\u001b[2m:13957:11)\u001b[22m\u001b[2m\u001b[22m\n\u001b[2m      \u001b[2mat recursivelyTraversePassiveMountEffects (\u001b[22m\u001b[2mnode_modules/react-dom/cjs/react-dom-client.development.js\u001b[2m:13815:11)\u001b[22m\u001b[2m\u001b[22m\n\u001b[2m      \u001b[2mat commitPassiveMountOnFiber (\u001b[22m\u001b[2mnode_modules/react-dom/cjs/react-dom-client.development.js\u001b[2m:13834:11)\u001b[22m\u001b[2m\u001b[22m\n\u001b[2m      \u001b[2mat recursivelyTraversePassiveMountEffects (\u001b[22m\u001b[2mnode_modules/react-dom/cjs/react-dom-client.development.js\u001b[2m:13815:11)\u001b[22m\u001b[2m\u001b[22m\n\u001b[2m      \u001b[2mat commitPassiveMountOnFiber (\u001b[22m\u001b[2mnode_modules/react-dom/cjs/react-dom-client.development.js\u001b[2m:13957:11)\u001b[22m\u001b[2m\u001b[22m\n\u001b[2m      \u001b[2mat recursivelyTraversePassiveMountEffects (\u001b[22m\u001b[2mnode_modules/react-dom/cjs/react-dom-client.development.js\u001b[2m:13815:11)\u001b[22m\u001b[2m\u001b[22m\n\u001b[2m      \u001b[2mat commitPassiveMountOnFiber (\u001b[22m\u001b[2mnode_modules/react-dom/cjs/react-dom-client.development.js\u001b[2m:13853:11)\u001b[22m\u001b[2m\u001b[22m\n\u001b[2m      \u001b[2mat flushPassiveEffects (\u001b[22m\u001b[2mnode_modules/react-dom/cjs/react-dom-client.development.js\u001b[2m:15737:9)\u001b[22m\u001b[2m\u001b[22m\n\u001b[2m      \u001b[2mat \u001b[22m\u001b[2mnode_modules/react-dom/cjs/react-dom-client.development.js\u001b[2m:15379:15\u001b[22m\u001b[2m\u001b[22m\n\u001b[2m      \u001b[2mat flushActQueue (\u001b[22m\u001b[2mnode_modules/react/cjs/react.development.js\u001b[2m:566:34)\u001b[22m\u001b[2m\u001b[22m\n\u001b[2m      \u001b[2mat process.env.NODE_ENV.exports.act (\u001b[22m\u001b[2mnode_modules/react/cjs/react.development.js\u001b[2m:860:10)\u001b[22m\u001b[2m\u001b[22m\n\u001b[2m      \u001b[2mat \u001b[22m\u001b[2mnode_modules/@testing-library/react/dist/act-compat.js\u001b[2m:47:25\u001b[22m\u001b[2m\u001b[22m\n\u001b[2m      \u001b[2mat renderRoot (\u001b[22m\u001b[2mnode_modules/@testing-library/react/dist/pure.js\u001b[2m:190:26)\u001b[22m\u001b[2m\u001b[22m\n\u001b[2m      \u001b[2mat render (\u001b[22m\u001b[2mnode_modules/@testing-library/react/dist/pure.js\u001b[2m:292:10)\u001b[22m\u001b[2m\u001b[22m\n\u001b[2m      \u001b[2mat renderWithProviders (\u001b[22m\u001b[2msrc/tests/testUtils.jsx\u001b[2m:14:16)\u001b[22m\u001b[2m\u001b[22m\n\u001b[2m      \u001b[2mat Object.<anonymous> (\u001b[22m\u001b[2m\u001b[0m\u001b[36msrc/tests/unit/SeriesApplicationModal.focus.test.jsx\u001b[39m\u001b[0m\u001b[2m:128:24)\u001b[22m\u001b[2m\u001b[22m\n","name":"/home/runner/work/swaxi-dispo-v6/swaxi-dispo-v6/src/tests/unit/SeriesApplicationModal.focus.test.jsx","startTime":1756296407611,"status":"failed","summary":""},{"assertionResults":[{"ancestorTitles":["Shift creation via template (Schicht anlegen)"],"duration":161,"failing":false,"failureDetails":[{}],"failureMessages":["ReferenceError: lastActiveRef is not defined\n    at current (/home/runner/work/swaxi-dispo-v6/swaxi-dispo-v6/src/components/SeriesApplicationModal.jsx:20:34)\n    at Object.react_stack_bottom_frame (/home/runner/work/swaxi-dispo-v6/swaxi-dispo-v6/node_modules/react-dom/cjs/react-dom-client.development.js:23953:20)\n    at runWithFiberInDEV (/home/runner/work/swaxi-dispo-v6/swaxi-dispo-v6/node_modules/react-dom/cjs/react-dom-client.development.js:1522:13)\n    at commitHookEffectListMount (/home/runner/work/swaxi-dispo-v6/swaxi-dispo-v6/node_modules/react-dom/cjs/react-dom-client.development.js:11905:29)\n    at commitHookPassiveMountEffects (/home/runner/work/swaxi-dispo-v6/swaxi-dispo-v6/node_modules/react-dom/cjs/react-dom-client.development.js:12028:11)\n    at commitPassiveMountOnFiber (/home/runner/work/swaxi-dispo-v6/swaxi-dispo-v6/node_modules/react-dom/cjs/react-dom-client.development.js:13841:13)\n    at recursivelyTraversePassiveMountEffects (/home/runner/work/swaxi-dispo-v6/swaxi-dispo-v6/node_modules/react-dom/cjs/react-dom-client.development.js:13815:11)\n    at commitPassiveMountOnFiber (/home/runner/work/swaxi-dispo-v6/swaxi-dispo-v6/node_modules/react-dom/cjs/react-dom-client.development.js:13957:11)\n    at recursivelyTraversePassiveMountEffects (/home/runner/work/swaxi-dispo-v6/swaxi-dispo-v6/node_modules/react-dom/cjs/react-dom-client.development.js:13815:11)\n    at commitPassiveMountOnFiber (/home/runner/work/swaxi-dispo-v6/swaxi-dispo-v6/node_modules/react-dom/cjs/react-dom-client.development.js:13834:11)\n    at recursivelyTraversePassiveMountEffects (/home/runner/work/swaxi-dispo-v6/swaxi-dispo-v6/node_modules/react-dom/cjs/react-dom-client.development.js:13815:11)\n    at commitPassiveMountOnFiber (/home/runner/work/swaxi-dispo-v6/swaxi-dispo-v6/node_modules/react-dom/cjs/react-dom-client.development.js:13957:11)\n    at recursivelyTraversePassiveMountEffects (/home/runner/work/swaxi-dispo-v6/swaxi-dispo-v6/node_modules/react-dom/cjs/react-dom-client.development.js:13815:11)\n    at commitPassiveMountOnFiber (/home/runner/work/swaxi-dispo-v6/swaxi-dispo-v6/node_modules/react-dom/cjs/react-dom-client.development.js:13957:11)\n    at recursivelyTraversePassiveMountEffects (/home/runner/work/swaxi-dispo-v6/swaxi-dispo-v6/node_modules/react-dom/cjs/react-dom-client.development.js:13815:11)\n    at commitPassiveMountOnFiber (/home/runner/work/swaxi-dispo-v6/swaxi-dispo-v6/node_modules/react-dom/cjs/react-dom-client.development.js:13834:11)\n    at recursivelyTraversePassiveMountEffects (/home/runner/work/swaxi-dispo-v6/swaxi-dispo-v6/node_modules/react-dom/cjs/react-dom-client.development.js:13815:11)\n    at commitPassiveMountOnFiber (/home/runner/work/swaxi-dispo-v6/swaxi-dispo-v6/node_modules/react-dom/cjs/react-dom-client.development.js:13957:11)\n    at recursivelyTraversePassiveMountEffects (/home/runner/work/swaxi-dispo-v6/swaxi-dispo-v6/node_modules/react-dom/cjs/react-dom-client.development.js:13815:11)\n    at commitPassiveMountOnFiber (/home/runner/work/swaxi-dispo-v6/swaxi-dispo-v6/node_modules/react-dom/cjs/react-dom-client.development.js:13957:11)\n    at recursivelyTraversePassiveMountEffects (/home/runner/work/swaxi-dispo-v6/swaxi-dispo-v6/node_modules/react-dom/cjs/react-dom-client.development.js:13815:11)\n    at commitPassiveMountOnFiber (/home/runner/work/swaxi-dispo-v6/swaxi-dispo-v6/node_modules/react-dom/cjs/react-dom-client.development.js:13834:11)\n    at recursivelyTraversePassiveMountEffects (/home/runner/work/swaxi-dispo-v6/swaxi-dispo-v6/node_modules/react-dom/cjs/react-dom-client.development.js:13815:11)\n    at commitPassiveMountOnFiber (/home/runner/work/swaxi-dispo-v6/swaxi-dispo-v6/node_modules/react-dom/cjs/react-dom-client.development.js:13957:11)\n    at recursivelyTraversePassiveMountEffects (/home/runner/work/swaxi-dispo-v6/swaxi-dispo-v6/node_modules/react-dom/cjs/react-dom-client.development.js:13815:11)\n    at commitPassiveMountOnFiber (/home/runner/work/swaxi-dispo-v6/swaxi-dispo-v6/node_modules/react-dom/cjs/react-dom-client.development.js:13834:11)\n    at recursivelyTraversePassiveMountEffects (/home/runner/work/swaxi-dispo-v6/swaxi-dispo-v6/node_modules/react-dom/cjs/react-dom-client.development.js:13815:11)\n    at commitPassiveMountOnFiber (/home/runner/work/swaxi-dispo-v6/swaxi-dispo-v6/node_modules/react-dom/cjs/react-dom-client.development.js:13834:11)\n    at recursivelyTraversePassiveMountEffects (/home/runner/work/swaxi-dispo-v6/swaxi-dispo-v6/node_modules/react-dom/cjs/react-dom-client.development.js:13815:11)\n    at commitPassiveMountOnFiber (/home/runner/work/swaxi-dispo-v6/swaxi-dispo-v6/node_modules/react-dom/cjs/react-dom-client.development.js:13957:11)\n    at recursivelyTraversePassiveMountEffects (/home/runner/work/swaxi-dispo-v6/swaxi-dispo-v6/node_modules/react-dom/cjs/react-dom-client.development.js:13815:11)\n    at commitPassiveMountOnFiber (/home/runner/work/swaxi-dispo-v6/swaxi-dispo-v6/node_modules/react-dom/cjs/react-dom-client.development.js:13834:11)\n    at recursivelyTraversePassiveMountEffects (/home/runner/work/swaxi-dispo-v6/swaxi-dispo-v6/node_modules/react-dom/cjs/react-dom-client.development.js:13815:11)\n    at commitPassiveMountOnFiber (/home/runner/work/swaxi-dispo-v6/swaxi-dispo-v6/node_modules/react-dom/cjs/react-dom-client.development.js:13957:11)\n    at recursivelyTraversePassiveMountEffects (/home/runner/work/swaxi-dispo-v6/swaxi-dispo-v6/node_modules/react-dom/cjs/react-dom-client.development.js:13815:11)\n    at commitPassiveMountOnFiber (/home/runner/work/swaxi-dispo-v6/swaxi-dispo-v6/node_modules/react-dom/cjs/react-dom-client.development.js:13853:11)\n    at flushPassiveEffects (/home/runner/work/swaxi-dispo-v6/swaxi-dispo-v6/node_modules/react-dom/cjs/react-dom-client.development.js:15737:9)\n    at flushPendingEffects (/home/runner/work/swaxi-dispo-v6/swaxi-dispo-v6/node_modules/react-dom/cjs/react-dom-client.development.js:15702:14)\n    at performSyncWorkOnRoot (/home/runner/work/swaxi-dispo-v6/swaxi-dispo-v6/node_modules/react-dom/cjs/react-dom-client.development.js:16228:11)\n    at flushSyncWorkAcrossRoots_impl (/home/runner/work/swaxi-dispo-v6/swaxi-dispo-v6/node_modules/react-dom/cjs/react-dom-client.development.js:16079:21)\n    at flushSpawnedWork (/home/runner/work/swaxi-dispo-v6/swaxi-dispo-v6/node_modules/react-dom/cjs/react-dom-client.development.js:15677:9)\n    at commitRoot (/home/runner/work/swaxi-dispo-v6/swaxi-dispo-v6/node_modules/react-dom/cjs/react-dom-client.development.js:15403:9)\n    at performWorkOnRoot (/home/runner/work/swaxi-dispo-v6/swaxi-dispo-v6/node_modules/react-dom/cjs/react-dom-client.development.js:14526:15)\n    at performWorkOnRootViaSchedulerTask (/home/runner/work/swaxi-dispo-v6/swaxi-dispo-v6/node_modules/react-dom/cjs/react-dom-client.development.js:16216:7)\n    at flushActQueue (/home/runner/work/swaxi-dispo-v6/swaxi-dispo-v6/node_modules/react/cjs/react.development.js:566:34)\n    at process.env.NODE_ENV.exports.act (/home/runner/work/swaxi-dispo-v6/swaxi-dispo-v6/node_modules/react/cjs/react.development.js:860:10)\n    at /home/runner/work/swaxi-dispo-v6/swaxi-dispo-v6/node_modules/@testing-library/react/dist/act-compat.js:47:25\n    at renderRoot (/home/runner/work/swaxi-dispo-v6/swaxi-dispo-v6/node_modules/@testing-library/react/dist/pure.js:190:26)\n    at render (/home/runner/work/swaxi-dispo-v6/swaxi-dispo-v6/node_modules/@testing-library/react/dist/pure.js:292:10)\n    at renderApp (/home/runner/work/swaxi-dispo-v6/swaxi-dispo-v6/src/tests/shiftCreation.integration.test.jsx:28:18)\n    at Object.renderApp (/home/runner/work/swaxi-dispo-v6/swaxi-dispo-v6/src/tests/shiftCreation.integration.test.jsx:45:5)\n    at Promise.finally.completed (/home/runner/work/swaxi-dispo-v6/swaxi-dispo-v6/node_modules/jest-circus/build/jestAdapterInit.js:1556:28)\n    at new Promise (<anonymous>)\n    at callAsyncCircusFn (/home/runner/work/swaxi-dispo-v6/swaxi-dispo-v6/node_modules/jest-circus/build/jestAdapterInit.js:1496:10)\n    at _callCircusTest (/home/runner/work/swaxi-dispo-v6/swaxi-dispo-v6/node_modules/jest-circus/build/jestAdapterInit.js:1006:40)\n    at processTicksAndRejections (node:internal/process/task_queues:95:5)\n    at _runTest (/home/runner/work/swaxi-dispo-v6/swaxi-dispo-v6/node_modules/jest-circus/build/jestAdapterInit.js:946:3)\n    at _runTestsForDescribeBlock (/home/runner/work/swaxi-dispo-v6/swaxi-dispo-v6/node_modules/jest-circus/build/jestAdapterInit.js:839:13)\n    at _runTestsForDescribeBlock (/home/runner/work/swaxi-dispo-v6/swaxi-dispo-v6/node_modules/jest-circus/build/jestAdapterInit.js:829:11)\n    at run (/home/runner/work/swaxi-dispo-v6/swaxi-dispo-v6/node_modules/jest-circus/build/jestAdapterInit.js:757:3)\n    at runAndTransformResultsToJestFormat (/home/runner/work/swaxi-dispo-v6/swaxi-dispo-v6/node_modules/jest-circus/build/jestAdapterInit.js:1917:21)\n    at jestAdapter (/home/runner/work/swaxi-dispo-v6/swaxi-dispo-v6/node_modules/jest-circus/build/runner.js:101:19)\n    at runTestInternal (/home/runner/work/swaxi-dispo-v6/swaxi-dispo-v6/node_modules/jest-runner/build/testWorker.js:275:16)\n    at runTest (/home/runner/work/swaxi-dispo-v6/swaxi-dispo-v6/node_modules/jest-runner/build/testWorker.js:343:7)\n    at Object.worker (/home/runner/work/swaxi-dispo-v6/swaxi-dispo-v6/node_modules/jest-runner/build/testWorker.js:497:12)"],"fullName":"Shift creation via template (Schicht anlegen) generates a shift for today after adding a template including today's weekday","invocations":1,"location":null,"numPassingAsserts":0,"retryReasons":[],"startAt":1756296410744,"status":"failed","title":"generates a shift for today after adding a template including today's weekday"}],"endTime":1756296410965,"message":"\u001b[1m\u001b[31m  \u001b[1m● \u001b[22m\u001b[1mShift creation via template (Schicht anlegen) › generates a shift for today after adding a template including today's weekday\u001b[39m\u001b[22m\n\n    ReferenceError: lastActiveRef is not defined\n\u001b[2m\u001b[22m\n\u001b[2m    \u001b[0m \u001b[90m 18 |\u001b[39m     }\u001b[22m\n\u001b[2m     \u001b[90m 19 |\u001b[39m     \u001b[90m// When modal closes, restore focus to last active element\u001b[39m\u001b[22m\n\u001b[2m    \u001b[31m\u001b[1m>\u001b[22m\u001b[2m\u001b[39m\u001b[90m 20 |\u001b[39m     \u001b[36mif\u001b[39m (\u001b[33m!\u001b[39misOpen \u001b[33m&&\u001b[39m lastActiveRef\u001b[33m.\u001b[39mcurrent) {\u001b[22m\n\u001b[2m     \u001b[90m    |\u001b[39m                                  \u001b[31m\u001b[1m^\u001b[22m\u001b[2m\u001b[39m\u001b[22m\n\u001b[2m     \u001b[90m 21 |\u001b[39m       \u001b[90m// Use setTimeout to ensure focus after modal unmount\u001b[39m\u001b[22m\n\u001b[2m     \u001b[90m 22 |\u001b[39m       setTimeout(() \u001b[33m=>\u001b[39m {\u001b[22m\n\u001b[2m     \u001b[90m 23 |\u001b[39m         \u001b[36mif\u001b[39m (lastActiveRef\u001b[33m.\u001b[39mcurrent \u001b[33m&&\u001b[39m \u001b[36mtypeof\u001b[39m lastActiveRef\u001b[33m.\u001b[39mcurrent\u001b[33m.\u001b[39mfocus \u001b[33m===\u001b[39m \u001b[32m'function'\u001b[39m) {\u001b[0m\u001b[22m\n\u001b[2m\u001b[22m\n\u001b[2m      \u001b[2mat current (\u001b[22m\u001b[2msrc/components/SeriesApplicationModal.jsx\u001b[2m:20:34)\u001b[22m\u001b[2m\u001b[22m\n\u001b[2m      \u001b[2mat Object.react_stack_bottom_frame (\u001b[22m\u001b[2mnode_modules/react-dom/cjs/react-dom-client.development.js\u001b[2m:23953:20)\u001b[22m\u001b[2m\u001b[22m\n\u001b[2m      \u001b[2mat runWithFiberInDEV (\u001b[22m\u001b[2mnode_modules/react-dom/cjs/react-dom-client.development.js\u001b[2m:1522:13)\u001b[22m\u001b[2m\u001b[22m\n\u001b[2m      \u001b[2mat commitHookEffectListMount (\u001b[22m\u001b[2mnode_modules/react-dom/cjs/react-dom-client.development.js\u001b[2m:11905:29)\u001b[22m\u001b[2m\u001b[22m\n\u001b[2m      \u001b[2mat commitHookPassiveMountEffects (\u001b[22m\u001b[2mnode_modules/react-dom/cjs/react-dom-client.development.js\u001b[2m:12028:11)\u001b[22m\u001b[2m\u001b[22m\n\u001b[2m      \u001b[2mat commitPassiveMountOnFiber (\u001b[22m\u001b[2mnode_modules/react-dom/cjs/react-dom-client.development.js\u001b[2m:13841:13)\u001b[22m\u001b[2m\u001b[22m\n\u001b[2m      \u001b[2mat recursivelyTraversePassiveMountEffects (\u001b[22m\u001b[2mnode_modules/react-dom/cjs/react-dom-client.development.js\u001b[2m:13815:11)\u001b[22m\u001b[2m\u001b[22m\n\u001b[2m      \u001b[2mat commitPassiveMountOnFiber (\u001b[22m\u001b[2mnode_modules/react-dom/cjs/react-dom-client.development.js\u001b[2m:13957:11)\u001b[22m\u001b[2m\u001b[22m\n\u001b[2m      \u001b[2mat recursivelyTraversePassiveMountEffects (\u001b[22m\u001b[2mnode_modules/react-dom/cjs/react-dom-client.development.js\u001b[2m:13815:11)\u001b[22m\u001b[2m\u001b[22m\n\u001b[2m      \u001b[2mat commitPassiveMountOnFiber (\u001b[22m\u001b[2mnode_modules/react-dom/cjs/react-dom-client.development.js\u001b[2m:13834:11)\u001b[22m\u001b[2m\u001b[22m\n\u001b[2m      \u001b[2mat recursivelyTraversePassiveMountEffects (\u001b[22m\u001b[2mnode_modules/react-dom/cjs/react-dom-client.development.js\u001b[2m:13815:11)\u001b[22m\u001b[2m\u001b[22m\n\u001b[2m      \u001b[2mat commitPassiveMountOnFiber (\u001b[22m\u001b[2mnode_modules/react-dom/cjs/react-dom-client.development.js\u001b[2m:13957:11)\u001b[22m\u001b[2m\u001b[22m\n\u001b[2m      \u001b[2mat recursivelyTraversePassiveMountEffects (\u001b[22m\u001b[2mnode_modules/react-dom/cjs/react-dom-client.development.js\u001b[2m:13815:11)\u001b[22m\u001b[2m\u001b[22m\n\u001b[2m      \u001b[2mat commitPassiveMountOnFiber (\u001b[22m\u001b[2mnode_modules/react-dom/cjs/react-dom-client.development.js\u001b[2m:13957:11)\u001b[22m\u001b[2m\u001b[22m\n\u001b[2m      \u001b[2mat recursivelyTraversePassiveMountEffects (\u001b[22m\u001b[2mnode_modules/react-dom/cjs/react-dom-client.development.js\u001b[2m:13815:11)\u001b[22m\u001b[2m\u001b[22m\n\u001b[2m      \u001b[2mat commitPassiveMountOnFiber (\u001b[22m\u001b[2mnode_modules/react-dom/cjs/react-dom-client.development.js\u001b[2m:13834:11)\u001b[22m\u001b[2m\u001b[22m\n\u001b[2m      \u001b[2mat recursivelyTraversePassiveMountEffects (\u001b[22m\u001b[2mnode_modules/react-dom/cjs/react-dom-client.development.js\u001b[2m:13815:11)\u001b[22m\u001b[2m\u001b[22m\n\u001b[2m      \u001b[2mat commitPassiveMountOnFiber (\u001b[22m\u001b[2mnode_modules/react-dom/cjs/react-dom-client.development.js\u001b[2m:13957:11)\u001b[22m\u001b[2m\u001b[22m\n\u001b[2m      \u001b[2mat recursivelyTraversePassiveMountEffects (\u001b[22m\u001b[2mnode_modules/react-dom/cjs/react-dom-client.development.js\u001b[2m:13815:11)\u001b[22m\u001b[2m\u001b[22m\n\u001b[2m      \u001b[2mat commitPassiveMountOnFiber (\u001b[22m\u001b[2mnode_modules/react-dom/cjs/react-dom-client.development.js\u001b[2m:13957:11)\u001b[22m\u001b[2m\u001b[22m\n\u001b[2m      \u001b[2mat recursivelyTraversePassiveMountEffects (\u001b[22m\u001b[2mnode_modules/react-dom/cjs/react-dom-client.development.js\u001b[2m:13815:11)\u001b[22m\u001b[2m\u001b[22m\n\u001b[2m      \u001b[2mat commitPassiveMountOnFiber (\u001b[22m\u001b[2mnode_modules/react-dom/cjs/react-dom-client.development.js\u001b[2m:13834:11)\u001b[22m\u001b[2m\u001b[22m\n\u001b[2m      \u001b[2mat recursivelyTraversePassiveMountEffects (\u001b[22m\u001b[2mnode_modules/react-dom/cjs/react-dom-client.development.js\u001b[2m:13815:11)\u001b[22m\u001b[2m\u001b[22m\n\u001b[2m      \u001b[2mat commitPassiveMountOnFiber (\u001b[22m\u001b[2mnode_modules/react-dom/cjs/react-dom-client.development.js\u001b[2m:13957:11)\u001b[22m\u001b[2m\u001b[22m\n\u001b[2m      \u001b[2mat recursivelyTraversePassiveMountEffects (\u001b[22m\u001b[2mnode_modules/react-dom/cjs/react-dom-client.development.js\u001b[2m:13815:11)\u001b[22m\u001b[2m\u001b[22m\n\u001b[2m      \u001b[2mat commitPassiveMountOnFiber (\u001b[22m\u001b[2mnode_modules/react-dom/cjs/react-dom-client.development.js\u001b[2m:13834:11)\u001b[22m\u001b[2m\u001b[22m\n\u001b[2m      \u001b[2mat recursivelyTraversePassiveMountEffects (\u001b[22m\u001b[2mnode_modules/react-dom/cjs/react-dom-client.development.js\u001b[2m:13815:11)\u001b[22m\u001b[2m\u001b[22m\n\u001b[2m      \u001b[2mat commitPassiveMountOnFiber (\u001b[22m\u001b[2mnode_modules/react-dom/cjs/react-dom-client.development.js\u001b[2m:13834:11)\u001b[22m\u001b[2m\u001b[22m\n\u001b[2m      \u001b[2mat recursivelyTraversePassiveMountEffects (\u001b[22m\u001b[2mnode_modules/react-dom/cjs/react-dom-client.development.js\u001b[2m:13815:11)\u001b[22m\u001b[2m\u001b[22m\n\u001b[2m      \u001b[2mat commitPassiveMountOnFiber (\u001b[22m\u001b[2mnode_modules/react-dom/cjs/react-dom-client.development.js\u001b[2m:13957:11)\u001b[22m\u001b[2m\u001b[22m\n\u001b[2m      \u001b[2mat recursivelyTraversePassiveMountEffects (\u001b[22m\u001b[2mnode_modules/react-dom/cjs/react-dom-client.development.js\u001b[2m:13815:11)\u001b[22m\u001b[2m\u001b[22m\n\u001b[2m      \u001b[2mat commitPassiveMountOnFiber (\u001b[22m\u001b[2mnode_modules/react-dom/cjs/react-dom-client.development.js\u001b[2m:13834:11)\u001b[22m\u001b[2m\u001b[22m\n\u001b[2m      \u001b[2mat recursivelyTraversePassiveMountEffects (\u001b[22m\u001b[2mnode_modules/react-dom/cjs/react-dom-client.development.js\u001b[2m:13815:11)\u001b[22m\u001b[2m\u001b[22m\n\u001b[2m      \u001b[2mat commitPassiveMountOnFiber (\u001b[22m\u001b[2mnode_modules/react-dom/cjs/react-dom-client.development.js\u001b[2m:13957:11)\u001b[22m\u001b[2m\u001b[22m\n\u001b[2m      \u001b[2mat recursivelyTraversePassiveMountEffects (\u001b[22m\u001b[2mnode_modules/react-dom/cjs/react-dom-client.development.js\u001b[2m:13815:11)\u001b[22m\u001b[2m\u001b[22m\n\u001b[2m      \u001b[2mat commitPassiveMountOnFiber (\u001b[22m\u001b[2mnode_modules/react-dom/cjs/react-dom-client.development.js\u001b[2m:13853:11)\u001b[22m\u001b[2m\u001b[22m\n\u001b[2m      \u001b[2mat flushPassiveEffects (\u001b[22m\u001b[2mnode_modules/react-dom/cjs/react-dom-client.development.js\u001b[2m:15737:9)\u001b[22m\u001b[2m\u001b[22m\n\u001b[2m      \u001b[2mat flushPendingEffects (\u001b[22m\u001b[2mnode_modules/react-dom/cjs/react-dom-client.development.js\u001b[2m:15702:14)\u001b[22m\u001b[2m\u001b[22m\n\u001b[2m      \u001b[2mat performSyncWorkOnRoot (\u001b[22m\u001b[2mnode_modules/react-dom/cjs/react-dom-client.development.js\u001b[2m:16228:11)\u001b[22m\u001b[2m\u001b[22m\n\u001b[2m      \u001b[2mat flushSyncWorkAcrossRoots_impl (\u001b[22m\u001b[2mnode_modules/react-dom/cjs/react-dom-client.development.js\u001b[2m:16079:21)\u001b[22m\u001b[2m\u001b[22m\n\u001b[2m      \u001b[2mat flushSpawnedWork (\u001b[22m\u001b[2mnode_modules/react-dom/cjs/react-dom-client.development.js\u001b[2m:15677:9)\u001b[22m\u001b[2m\u001b[22m\n\u001b[2m      \u001b[2mat commitRoot (\u001b[22m\u001b[2mnode_modules/react-dom/cjs/react-dom-client.development.js\u001b[2m:15403:9)\u001b[22m\u001b[2m\u001b[22m\n\u001b[2m      \u001b[2mat performWorkOnRoot (\u001b[22m\u001b[2mnode_modules/react-dom/cjs/react-dom-client.development.js\u001b[2m:14526:15)\u001b[22m\u001b[2m\u001b[22m\n\u001b[2m      \u001b[2mat performWorkOnRootViaSchedulerTask (\u001b[22m\u001b[2mnode_modules/react-dom/cjs/react-dom-client.development.js\u001b[2m:16216:7)\u001b[22m\u001b[2m\u001b[22m\n\u001b[2m      \u
[...]
t":{"line":3,"column":42},"end":{"line":3,"column":72}},"3":{"start":{"line":4,"column":19},"end":{"line":4,"column":72}},"4":{"start":{"line":4,"column":30},"end":{"line":4,"column":71}},"5":{"start":{"line":5,"column":26},"end":{"line":8,"column":2}},"6":{"start":{"line":5,"column":33},"end":{"line":8,"column":1}},"7":{"start":{"line":6,"column":22},"end":{"line":6,"column":61}},"8":{"start":{"line":7,"column":22},"end":{"line":7,"column":26}},"9":{"start":{"line":9,"column":23},"end":{"line":9,"column":132}},"10":{"start":{"line":9,"column":40},"end":{"line":9,"column":131}},"11":{"start":{"line":9,"column":111},"end":{"line":9,"column":125}},"12":{"start":{"line":10,"column":28},"end":{"line":10,"column":41}}},"fnMap":{"0":{"name":"(anonymous_0)","decl":{"start":{"line":3,"column":26},"end":{"line":3,"column":27}},"loc":{"start":{"line":3,"column":42},"end":{"line":3,"column":72}},"line":3},"1":{"name":"(anonymous_1)","decl":{"start":{"line":4,"column":19},"end":{"line":4,"column":20}},"loc":{"start":{"line":4,"column":30},"end":{"line":4,"column":71}},"line":4},"2":{"name":"(anonymous_2)","decl":{"start":{"line":5,"column":26},"end":{"line":5,"column":27}},"loc":{"start":{"line":5,"column":33},"end":{"line":8,"column":1}},"line":5},"3":{"name":"(anonymous_3)","decl":{"start":{"line":6,"column":7},"end":{"line":6,"column":8}},"loc":{"start":{"line":6,"column":22},"end":{"line":6,"column":61}},"line":6},"4":{"name":"(anonymous_4)","decl":{"start":{"line":7,"column":10},"end":{"line":7,"column":11}},"loc":{"start":{"line":7,"column":22},"end":{"line":7,"column":26}},"line":7},"5":{"name":"(anonymous_5)","decl":{"start":{"line":9,"column":23},"end":{"line":9,"column":24}},"loc":{"start":{"line":9,"column":40},"end":{"line":9,"column":131}},"line":9},"6":{"name":"(anonymous_6)","decl":{"start":{"line":9,"column":104},"end":{"line":9,"column":105}},"loc":{"start":{"line":9,"column":111},"end":{"line":9,"column":125}},"line":9},"7":{"name":"__reset","decl":{"start":{"line":10,"column":16},"end":{"line":10,"column":23}},"loc":{"start":{"line":10,"column":26},"end":{"line":10,"column":43}},"line":10}},"branchMap":{"0":{"loc":{"start":{"line":9,"column":48},"end":{"line":9,"column":78}},"type":"cond-expr","locations":[{"start":{"line":9,"column":73},"end":{"line":9,"column":74}},{"start":{"line":9,"column":77},"end":{"line":9,"column":78}}],"line":9}},"s":{"0":1,"1":1,"2":9,"3":1,"4":3,"5":1,"6":1,"7":2,"8":1,"9":1,"10":5,"11":4,"12":0},"f":{"0":9,"1":3,"2":1,"3":2,"4":1,"5":5,"6":4,"7":0},"b":{"0":[2,3]},"_coverageSchema":"1a1c01bbd47fc00a2c39e90264f33305004495a9","hash":"642eab39f84f7b6cef32a82d607041b175d44b27"},"/home/runner/work/swaxi-dispo-v6/swaxi-dispo-v6/src/services/migrationService.js":{"path":"/home/runner/work/swaxi-dispo-v6/swaxi-dispo-v6/src/services/migrationService.js","statementMap":{"0":{"start":{"line":10,"column":17},"end":{"line":15,"column":5}},"1":{"start":{"line":18,"column":17},"end":{"line":18,"column":88}},"2":{"start":{"line":19,"column":16},"end":{"line":19,"column":41}},"3":{"start":{"line":21,"column":14},"end":{"line":21,"column":41}},"4":{"start":{"line":22,"column":4},"end":{"line":22,"column":17}},"5":{"start":{"line":23,"column":4},"end":{"line":23,"column":79}},"6":{"start":{"line":24,"column":4},"end":{"line":24,"column":33}},"7":{"start":{"line":25,"column":4},"end":{"line":25,"column":14}},"8":{"start":{"line":26,"column":4},"end":{"line":26,"column":33}},"9":{"start":{"line":27,"column":4},"end":{"line":27,"column":29}},"10":{"start":{"line":29,"column":4},"end":{"line":29,"column":16}},"11":{"start":{"line":33,"column":25},"end":{"line":33,"column":26}},"12":{"start":{"line":34,"column":23},"end":{"line":34,"column":26}},"13":{"start":{"line":36,"column":4},"end":{"line":67,"column":5}},"14":{"start":{"line":38,"column":6},"end":{"line":60,"column":7}},"15":{"start":{"line":39,"column":23},"end":{"line":39,"column":38}},"16":{"start":{"line":41,"column":8},"end":{"line":59,"column":9}},"17":{"start":{"line":41,"column":21},"end":{"line":41,"column":22}},"18":{"start":{"line":42,"column":24},"end":{"line":42,"column":38}},"19":{"start":{"line":43,"column":30},"end":{"line":43,"column":61}},"20":{"start":{"line":45,"column":10},"end":{"line":55,"column":11}},"21":{"start":{"line":46,"column":29},"end":{"line":46,"column":58}},"22":{"start":{"line":47,"column":12},"end":{"line":53,"column":15}},"23":{"start":{"line":54,"column":12},"end":{"line":54,"column":29}},"24":{"start":{"line":57,"column":10},"end":{"line":57,"column":31}},"25":{"start":{"line":58,"column":10},"end":{"line":58,"column":103}},"26":{"start":{"line":62,"column":6},"end":{"line":62,"column":79}},"27":{"start":{"line":63,"column":6},"end":{"line":63,"column":54}},"28":{"start":{"line":65,"column":6},"end":{"line":65,"column":45}},"29":{"start":{"line":66,"column":6},"end":{"line":66,"column":54}},"30":{"start":{"line":71,"column":4},"end":{"line":90,"column":5}},"31":{"start":{"line":72,"column":29},"end":{"line":72,"column":68}},"32":{"start":{"line":73,"column":33},"end":{"line":73,"column":52}},"33":{"start":{"line":75,"column":31},"end":{"line":75,"column":104}},"34":{"start":{"line":76,"column":30},"end":{"line":76,"column":66}},"35":{"start":{"line":78,"column":25},"end":{"line":83,"column":7}},"36":{"start":{"line":85,"column":6},"end":{"line":85,"column":51}},"37":{"start":{"line":86,"column":6},"end":{"line":86,"column":24}},"38":{"start":{"line":88,"column":6},"end":{"line":88,"column":43}},"39":{"start":{"line":89,"column":6},"end":{"line":89,"column":38}},"40":{"start":{"line":94,"column":4},"end":{"line":124,"column":5}},"41":{"start":{"line":95,"column":26},"end":{"line":95,"column":78}},"42":{"start":{"line":96,"column":21},"end":{"line":99,"column":7}},"43":{"start":{"line":101,"column":6},"end":{"line":107,"column":7}},"44":{"start":{"line":102,"column":25},"end":{"line":102,"column":70}},"45":{"start":{"line":103,"column":8},"end":{"line":106,"column":12}},"46":{"start":{"line":103,"column":64},"end":{"line":106,"column":9}},"47":{"start":{"line":109,"column":19},"end":{"line":109,"column":92}},"48":{"start":{"line":110,"column":18},"end":{"line":110,"column":43}},"49":{"start":{"line":112,"column":16},"end":{"line":112,"column":43}},"50":{"start":{"line":113,"column":6},"end":{"line":113,"column":19}},"51":{"start":{"line":114,"column":6},"end":{"line":114,"column":81}},"52":{"start":{"line":115,"column":6},"end":{"line":115,"column":35}},"53":{"start":{"line":116,"column":6},"end":{"line":116,"column":16}},"54":{"start":{"line":117,"column":6},"end":{"line":117,"column":35}},"55":{"start":{"line":118,"column":6},"end":{"line":118,"column":31}},"56":{"start":{"line":120,"column":6},"end":{"line":120,"column":20}},"57":{"start":{"line":122,"column":6},"end":{"line":122,"column":45}},"58":{"start":{"line":123,"column":6},"end":{"line":123,"column":18}}},"fnMap":{"0":{"name":"(anonymous_0)","decl":{"start":{"line":9,"column":2},"end":{"line":9,"column":3}},"loc":{"start":{"line":9,"column":33},"end":{"line":30,"column":3}},"line":9},"1":{"name":"(anonymous_1)","decl":{"start":{"line":32,"column":2},"end":{"line":32,"column":3}},"loc":{"start":{"line":32,"column":35},"end":{"line":68,"column":3}},"line":32},"2":{"name":"(anonymous_2)","decl":{"start":{"line":70,"column":2},"end":{"line":70,"column":3}},"loc":{"start":{"line":70,"column":28},"end":{"line":91,"column":3}},"line":70},"3":{"name":"(anonymous_3)","decl":{"start":{"line":93,"column":2},"end":{"line":93,"column":3}},"loc":{"start":{"line":93,"column":23},"end":{"line":125,"column":3}},"line":93},"4":{"name":"(anonymous_4)","decl":{"start":{"line":103,"column":56},"end":{"line":103,"column":57}},"loc":{"start":{"line":103,"column":64},"end":{"line":106,"column":9}},"line":103}},"branchMap":{"0":{"loc":{"start":{"line":11,"column":25},"end":{"line":11,"column":86}},"type":"binary-expr","locations":[{"start":{"line":11,"column":25},"end":{"line":11,"column":66}},{"start":{"line":11,"column":70},"end":{"line":11,"column":86}}],"line":11},"1":{"loc":{"start":{"line":12,"column":23},"end":{"line":12,"column":65}},"type":"binary-expr","locations":[{"start":{"line":12,"column":23},"end":{"line":12,"column":57}},{"start":{"line":12,"column":61},"end":{"line":12,"column":65}}],"line":12},"2":{"loc":{"start":{"line":38,"column":6},"end":{"line":60,"column":7}},"type":"if","locations":[{"start":{"line":38,"column":6},"end":{"line":60,"column":7}},{"start":{},"end":{}}],"line":38},"3":{"loc":{"start":{"line":38,"column":10},"end":{"line":38,"column":59}},"type":"binary-expr","locations":[{"start":{"line":38,"column":10},"end":{"line":38,"column":25}},{"start":{"line":38,"column":29},"end":{"line":38,"column":59}}],"line":38},"4":{"loc":{"start":{"line":75,"column":42},"end":{"line":75,"column":103}},"type":"binary-expr","locations":[{"start":{"line":75,"column":42},"end":{"line":75,"column":83}},{"start":{"line":75,"column":87},"end":{"line":75,"column":103}}],"line":75},"5":{"loc":{"start":{"line":76,"column":30},"end":{"line":76,"column":66}},"type":"binary-expr","locations":[{"start":{"line":76,"column":30},"end":{"line":76,"column":61}},{"start":{"line":76,"column":65},"end":{"line":76,"column":66}}],"line":76}},"s":{"0":1,"1":1,"2":1,"3":1,"4":1,"5":1,"6":1,"7":1,"8":1,"9":1,"10":1,"11":2,"12":2,"13":2,"14":2,"15":2,"16":2,"17":2,"18":2,"19":2,"20":2,"21":3,"22":3,"23":3,"24":2,"25":1,"26":1,"27":1,"28":1,"29":1,"30":1,"31":1,"32":1,"33":1,"34":1,"35":1,"36":1,"37":1,"38":0,"39":0,"40":2,"41":2,"42":2,"43":2,"44":5,"45":4,"46":4,"47":1,"48":1,"49":1,"50":1,"51":1,"52":1,"53":1,"54":1,"55":1,"56":1,"57":1,"58":1},"f":{"0":1,"1":2,"2":1,"3":2,"4":4},"b":{"0":[1,0],"1":[1,0],"2":[2,0],"3":[2,2],"4":[1,0],"5":[1,0]},"_coverageSchema":"1a1c01bbd47fc00a2c39e90264f33305004495a9","hash":"835dc4660297ae6ded746b54a843a187931d2ba1"},"/home/runner/work/swaxi-dispo-v6/swaxi-dispo-v6/src/services/shiftGenerationService.js":{"path":"/home/runner/work/swaxi-dispo-v6/swaxi-dispo-v6/src/services/shiftGenerationService.js","statementMap":{"0":{"start":{"line":3,"column":19},"end":{"line":11,"column":1}},"1":{"start":{"line":14,"column":20},"end":{"line":14,"column":22}},"2":{"start":{"line":15,"column":16},"end":{"line":15,"column":26}},"3":{"start":{"line":17,"column":2},"end":{"line":34,"column":3}},"4":{"start":{"line":17,"column":15},"end":{"line":17,"column":16}},"5":{"start":{"line":18,"column":17},"end":{"line":18,"column":34}},"6":{"start":{"line":19,"column":22},"end":{"line":19,"column":34}},"7":{"start":{"line":21,"column":4},"end":{"line":33,"column":6}},"8":{"start":{"line":22,"column":6},"end":{"line":32,"column":7}},"9":{"start":{"line":22,"column":33},"end":{"line":22,"column":46}},"10":{"start":{"line":23,"column":8},"end":{"line":31,"column":10}},"11":{"start":{"line":35,"column":2},"end":{"line":35,"column":18}}},"fnMap":{"0":{"name":"generateShifts","decl":{"start":{"line":13,"column":16},"end":{"line":13,"column":30}},"loc":{"start":{"line":13,"column":42},"end":{"line":36,"column":1}},"line":13},"1":{"name":"(anonymous_1)","decl":{"start":{"line":21,"column":22},"end":{"line":21,"column":23}},"loc":{"start":{"line":21,"column":36},"end":{"line":33,"column":5}},"line":21},"2":{"name":"(anonymous_2)","decl":{"start":{"line":22,"column":28},"end":{"line":22,"column":29}},"loc":{"start":{"line":22,"column":33},"end":{"line":22,"column":46}},"line":22}},"branchMap":{"0":{"loc":{"start":{"line":22,"column":6},"end":{"line":32,"column":7}},"type":"if","locations":[{"start":{"line":22,"column":6},"end":{"line":32,"column":7}},{"start":{},"end":{}}],"line":22}},"s":{"0":1,"1":2,"2":2,"3":2,"4":2,"5":20,"6":20,"7":20,"8":30,"9":70,"10":10,"11":2},"f":{"0":2,"1":30,"2":70},"b":{"0":[10,20]},"_coverageSchema":"1a1c01bbd47fc00a2c39e90264f33305004495a9","hash":"9d57f2b438850539ceaa6d057f8a34d72533c51f"},"/home/runner/work/swaxi-dispo-v6/swaxi-dispo-v6/src/tests/utils/factories.js":{"path":"/home/runner/work/swaxi-dispo-v6/swaxi-dispo-v6/src/tests/utils/factories.js","statementMap":{"0":{"start":{"line":4,"column":18},"end":{"line":4,"column":19}},"1":{"start":{"line":5,"column":15},"end":{"line":5,"column":64}},"2":{"start":{"line":5,"column":26},"end":{"line":5,"column":64}},"3":{"start":{"line":8,"column":2},"end":{"line":13,"column":4}},"4":{"start":{"line":17,"column":15},"end":{"line":26,"column":3}},"5":{"start":{"line":27,"column":2},"end":{"line":27,"column":35}},"6":{"start":{"line":31,"column":2},"end":{"line":37,"column":4}},"7":{"start":{"line":40,"column":36},"end":{"line":40,"column":52}}},"fnMap":{"0":{"name":"(anonymous_0)","decl":{"start":{"line":5,"column":15},"end":{"line":5,"column":16}},"loc":{"start":{"line":5,"column":26},"end":{"line":5,"column":64}},"line":5},"1":{"name":"buildUser","decl":{"start":{"line":7,"column":16},"end":{"line":7,"column":25}},"loc":{"start":{"line":7,"column":40},"end":{"line":14,"column":1}},"line":7},"2":{"name":"buildShift","decl":{"start":{"line":16,"column":16},"end":{"line":16,"column":26}},"loc":{"start":{"line":16,"column":41},"end":{"line":28,"column":1}},"line":16},"3":{"name":"buildApplication","decl":{"start":{"line":30,"column":16},"end":{"line":30,"column":32}},"loc":{"start":{"line":30,"column":47},"end":{"line":38,"column":1}},"line":30},"4":{"name":"resetFactoryIds","decl":{"start":{"line":40,"column":16},"end":{"line":40,"column":31}},"loc":{"start":{"line":40,"column":34},"end":{"line":40,"column":54}},"line":40}},"branchMap":{"0":{"loc":{"start":{"line":5,"column":16},"end":{"line":5,"column":21}},"type":"default-arg","locations":[{"start":{"line":5,"column":18},"end":{"line":5,"column":21}}],"line":5},"1":{"loc":{"start":{"line":7,"column":26},"end":{"line":7,"column":38}},"type":"default-arg","locations":[{"start":{"line":7,"column":36},"end":{"line":7,"column":38}}],"line":7},"2":{"loc":{"start":{"line":9,"column":8},"end":{"line":9,"column":37}},"type":"binary-expr","locations":[{"start":{"line":9,"column":8},"end":{"line":9,"column":20}},{"start":{"line":9,"column":24},"end":{"line":9,"column":37}}],"line":9},"3":{"loc":{"start":{"line":10,"column":10},"end":{"line":10,"column":39}},"type":"binary-expr","locations":[{"start":{"line":10,"column":10},"end":{"line":10,"column":24}},{"start":{"line":10,"column":28},"end":{"line":10,"column":39}}],"line":10},"4":{"loc":{"start":{"line":11,"column":10},"end":{"line":11,"column":39}},"type":"binary-expr","locations":[{"start":{"line":11,"column":10},"end":{"line":11,"column":24}},{"start":{"line":11,"column":28},"end":{"line":11,"column":39}}],"line":11},"5":{"loc":{"start":{"line":16,"column":27},"end":{"line":16,"column":39}},"type":"default-arg","locations":[{"start":{"line":16,"column":37},"end":{"line":16,"column":39}}],"line":16},"6":{"loc":{"start":{"line":18,"column":8},"end":{"line":18,"column":37}},"type":"binary-expr","locations":[{"start":{"line":18,"column":8},"end":{"line":18,"column":20}},{"start":{"line":18,"column":24},"end":{"line":18,"column":37}}],"line":18},"7":{"loc":{"start":{"line":19,"column":10},"end":{"line":19,"column":64}},"type":"binary-expr","locations":[{"start":{"line":19,"column":10},"end":{"line":19,"column":24}},{"start":{"line":19,"column":28},"end":{"line":19,"column":64}}],"line":19},"8":{"loc":{"start":{"line":20,"column":11},"end":{"line":20,"column":37}},"type":"binary-expr","locations":[{"start":{"line":20,"column":11},"end":{"line":20,"column":26}},{"start":{"line":20,"column":30},"end":{"line":20,"column":37}}],"line":20},"9":{"loc":{"start":{"line":21,"column":9},"end":{"line":21,"column":33}},"type":"binary-expr","locations":[{"start":{"line":21,"column":9},"end":{"line":21,"column":22}},{"start":{"line":21,"column":26},"end":{"line":21,"column":33}}],"line":21},"10":{"loc":{"start":{"line":22,"column":14},"end":{"line":22,"column":39}},"type":"binary-expr","locations":[{"start":{"line":22,"column":14},"end":{"line":22,"column":32}},{"start":{"line":22,"column":36},"end":{"line":22,"column":39}}],"line":22},"11":{"loc":{"start":{"line":23,"column":12},"end":{"line":23,"column":38}},"type":"binary-expr","locations":[{"start":{"line":23,"column":12},"end":{"line":23,"column":28}},{"start":{"line":23,"column":32},"end":{"line":23,"column":38}}],"line":23},"12":{"loc":{"start":{"line":24,"column":17},"end":{"line":24,"column":44}},"type":"binary-expr","locations":[{"start":{"line":24,"column":17},"end":{"line":24,"column":38}},{"start":{"line":24,"column":42},"end":{"line":24,"column":44}}],"line":24},"13":{"loc":{"start":{"line":25,"column":18},"end":{"line":25,"column":46}},"type":"binary-expr","locations":[{"start":{"line":25,"column":18},"end":{"line":25,"column":40}},{"start":{"line":25,"column":44},"end":{"line":25,"column":46}}],"line":25},"14":{"loc":{"start":{"line":30,"column":33},"end":{"line":30,"column":45}},"type":"default-arg","locations":[{"start":{"line":30,"column":43},"end":{"line":30,"column":45}}],"line":30},"15":{"loc":{"start":{"line":32,"column":8},"end":{"line":32,"column":37}},"type":"binary-expr","locations":[{"start":{"line":32,"column":8},"end":{"line":32,"column":20}},{"start":{"line":32,"column":24},"end":{"line":32,"column":37}}],"line":32},"16":{"loc":{"start":{"line":33,"column":13},"end":{"line":33,"column":47}},"type":"binary-expr","locations":[{"start":{"line":33,"column":13},"end":{"line":33,"column":30}},{"start":{"line":33,"column":34},"end":{"line":33,"column":47}}],"line":33},"17":{"loc":{"start":{"line":34,"column":12},"end":{"line":34,"column":45}},"type":"binary-expr","locations":[{"start":{"line":34,"column":12},"end":{"line":34,"column":28}},{"start":{"line":34,"column":32},"end":{"line":34,"column":45}}],"line":34},"18":{"loc":{"start":{"line":35,"column":15},"end":{"line":35,"column":48}},"type":"binary-expr","locations":[{"start":{"line":35,"column":15},"end":{"line":35,"column":34}},{"start":{"line":35,"column":38},"end":{"line":35,"column":48}}],"line":35}},"s":{"0":1,"1":1,"2":5,"3":2,"4":1,"5":1,"6":1,"7":3},"f":{"0":5,"1":2,"2":1,"3":1,"4":3},"b":{"0":[0],"1":[2],"2":[2,2],"3":[2,2],"4":[2,2],"5":[0],"6":[1,1],"7":[1,1],"8":[1,0],"9":[1,1],"10":[1,1],"11":[1,0],"12":[1,1],"13":[1,1],"14":[0],"15":[1,1],"16":[1,1],"17":[1,0],"18":[1,1]},"_coverageSchema":"1a1c01bbd47fc00a2c39e90264f33305004495a9","hash":"d55cb16740f820f376b12f753cfeb4bf1805c956"},"/home/runner/work/swaxi-dispo-v6/swaxi-dispo-v6/src/services/firebaseConfig.js":{"path":"/home/runner/work/swaxi-dispo-v6/swaxi-dispo-v6/src/services/firebaseConfig.js","statementMap":{"0":{"start":{"line":9,"column":18},"end":{"line":9,"column":22}},"1":{"start":{"line":10,"column":20},"end":{"line":10,"column":24}},"2":{"start":{"line":11,"column":12},"end":{"line":11,"column":16}},"3":{"start":{"line":15,"column":14},"end":{"line":15,"column":80}},"4":{"start":{"line":16,"column":2},"end":{"line":20,"column":3}}},"fnMap":{"0":{"name":"isFirebaseConfigured","decl":{"start":{"line":14,"column":16},"end":{"line":14,"column":36}},"loc":{"start":{"line":14,"column":39},"end":{"line":21,"column":1}},"line":14}},"branchMap":{"0":{"loc":{"start":{"line":15,"column":14},"end":{"line":15,"column":80}},"type":"cond-expr","locations":[{"start":{"line":15,"column":64},"end":{"line":15,"column":75}},{"start":{"line":15,"column":78},"end":{"line":15,"column":80}}],"line":15},"1":{"loc":{"start":{"line":15,"column":15},"end":{"line":15,"column":60}},"type":"binary-expr","locations":[{"start":{"line":15,"column":15},"end":{"line":15,"column":45}},{"start":{"line":15,"column":49},"end":{"line":15,"column":60}}],"line":15},"2":{"loc":{"start":{"line":17,"column":4},"end":{"line":19,"column":28}},"type":"binary-expr","locations":[{"start":{"line":17,"column":4},"end":{"line":17,"column":29}},{"start":{"line":18,"column":4},"end":{"line":18,"column":32}},{"start":{"line":19,"column":4},"end":{"line":19,"column":28}}],"line":17}},"s":{"0":0,"1":0,"2":0,"3":0,"4":0},"f":{"0":0},"b":{"0":[0,0],"1":[0,0],"2":[0,0,0]}}}}
