{"numFailedTestSuites":0,"numFailedTests":0,"numPassedTestSuites":55,"numPassedTests":138,"numPendingTestSuites":1,"numPendingTests":1,"numRuntimeErrorTestSuites":0,"numTodoTests":0,"numTotalTestSuites":56,"numTotalTests":139,"openHandles":[],"snapshot":{"added":0,"didUpdate":false,"failure":false,"filesAdded":0,"filesRemoved":0,"filesRemovedList":[],"filesUnmatched":0,"filesUpdated":0,"matched":1,"total":1,"unchecked":0,"uncheckedKeysByFile":[],"unmatched":0,"updated":0},"startTime":1756286363388,"success":true,"testResults":[{"assertionResults":[{"ancestorTitles":[],"duration":null,"failing":false,"failureDetails":[],"failureMessages":[],"fullName":"MigrationService tests deferred until Firebase enabled","invocations":1,"location":null,"numPassingAsserts":0,"retryReasons":[],"startAt":1756286364799,"status":"pending","title":"MigrationService tests deferred until Firebase enabled"}],"coverage":{},"endTime":1756286375411,"message":"","name":"/home/runner/work/swaxi-dispo-v6/swaxi-dispo-v6/src/tests/migrationService.test.js","startTime":1756286375411,"status":"skipped","summary":""},{"assertionResults":[{"ancestorTitles":["Navigation accessibility"],"duration":307,"failing":false,"failureDetails":[],"failureMessages":[],"fullName":"Navigation accessibility has no axe violations","invocations":1,"location":null,"numPassingAsserts":2,"retryReasons":[],"startAt":1756286365685,"status":"passed","title":"has no axe violations"}],"endTime":1756286365994,"message":"","name":"/home/runner/work/swaxi-dispo-v6/swaxi-dispo-v6/src/tests/a11y/Navigation.a11y.test.jsx","startTime":1756286364032,"status":"passed","summary":""},{"assertionResults":[{"ancestorTitles":["AutosaveManager"],"duration":89,"failing":false,"failureDetails":[],"failureMessages":[],"fullName":"AutosaveManager creates an initial snapshot and shows autosave indicator","invocations":1,"location":null,"numPassingAsserts":3,"retryReasons":[],"startAt":1756286366717,"status":"passed","title":"creates an initial snapshot and shows autosave indicator"},{"ancestorTitles":["AutosaveManager"],"duration":21,"failing":false,"failureDetails":[],"failureMessages":[],"fullName":"AutosaveManager adds multiple snapshots over time (interval advance)","invocations":1,"location":null,"numPassingAsserts":1,"retryReasons":[],"startAt":1756286366807,"status":"passed","title":"adds multiple snapshots over time (interval advance)"},{"ancestorTitles":["AutosaveManager"],"duration":18,"failing":false,"failureDetails":[],"failureMessages":[],"fullName":"AutosaveManager opens recovery panel when snapshots exist & unsaved work flag present","invocations":1,"location":null,"numPassingAsserts":2,"retryReasons":[],"startAt":1756286366829,"status":"passed","title":"opens recovery panel when snapshots exist & unsaved work flag present"},{"ancestorTitles":["AutosaveManager"],"duration":29,"failing":false,"failureDetails":[],"failureMessages":[],"fullName":"AutosaveManager can dismiss recovery panel via Überspringen","invocations":1,"location":null,"numPassingAsserts":1,"retryReasons":[],"startAt":1756286366847,"status":"passed","title":"can dismiss recovery panel via Überspringen"},{"ancestorTitles":["AutosaveManager"],"duration":132,"failing":false,"failureDetails":[],"failureMessages":[],"fullName":"AutosaveManager restores snapshot shifts into context","invocations":1,"location":null,"numPassingAsserts":2,"retryReasons":[],"startAt":1756286366876,"status":"passed","title":"restores snapshot shifts into context"}],"endTime":1756286367010,"message":"","name":"/home/runner/work/swaxi-dispo-v6/swaxi-dispo-v6/src/tests/AutosaveManager.test.jsx","startTime":1756286364817,"status":"passed","summary":""},{"assertionResults":[{"ancestorTitles":["offline queue integration"],"duration":59,"failing":false,"failureDetails":[],"failureMessages":[],"fullName":"offline queue integration failed create is queued and pendingSync then drained when online","invocations":1,"location":null,"numPassingAsserts":4,"retryReasons":[],"startAt":1756286367421,"status":"passed","title":"failed create is queued and pendingSync then drained when online"},{"ancestorTitles":["offline queue integration"],"duration":28,"failing":false,"failureDetails":[],"failureMessages":[],"fullName":"offline queue integration apply action enqueued on failure and retried","invocations":1,"location":null,"numPassingAsserts":1,"retryReasons":[],"startAt":1756286367480,"status":"passed","title":"apply action enqueued on failure and retried"}],"endTime":1756286367512,"message":"","name":"/home/runner/work/swaxi-dispo-v6/swaxi-dispo-v6/src/tests/offlineQueue.integration.test.jsx","startTime":1756286367069,"status":"passed","summary":""},{"assertionResults":[{"ancestorTitles":["Calendar page"],"duration":172,"failing":false,"failureDetails":[],"failureMessages":[],"fullName":"Calendar page renders week header and shifts","invocations":1,"location":null,"numPassingAsserts":3,"retryReasons":[],"startAt":1756286367157,"status":"passed","title":"renders week header and shifts"},{"ancestorTitles":["Calendar page"],"duration":205,"failing":false,"failureDetails":[],"failureMessages":[],"fullName":"Calendar page navigates weeks forward and back","invocations":1,"location":null,"numPassingAsserts":1,"retryReasons":[],"startAt":1756286367330,"status":"passed","title":"navigates weeks forward and back"},{"ancestorTitles":["Calendar page"],"duration":138,"failing":false,"failureDetails":[],"failureMessages":[],"fullName":"Calendar page resets to today","invocations":1,"location":null,"numPassingAsserts":1,"retryReasons":[],"startAt":1756286367538,"status":"passed","title":"resets to today"},{"ancestorTitles":["Calendar page"],"duration":161,"failing":false,"failureDetails":[],"failureMessages":[],"fullName":"Calendar page shows create shift button for manager role","invocations":1,"location":null,"numPassingAsserts":1,"retryReasons":[],"startAt":1756286367676,"status":"passed","title":"shows create shift button for manager role"}],"endTime":1756286367844,"message":"","name":"/home/runner/work/swaxi-dispo-v6/swaxi-dispo-v6/src/tests/Calendar.test.jsx","startTime":1756286366019,"status":"passed","summary":""},{"assertionResults":[{"ancestorTitles":["Shift creation via template (Schicht anlegen)"],"duration":247,"failing":false,"failureDetails":[],"failureMessages":[],"fullName":"Shift creation via template (Schicht anlegen) generates a shift for today after adding a template including today's weekday","invocations":1,"location":null,"numPassingAsserts":1,"retryReasons":[],"startAt":1756286368147,"status":"passed","title":"generates a shift for today after adding a template including today's weekday"}],"endTime":1756286368395,"message":"","name":"/home/runner/work/swaxi-dispo-v6/swaxi-dispo-v6/src/tests/shiftCreation.integration.test.jsx","startTime":1756286367564,"status":"passed","summary":""},{"assertionResults":[{"ancestorTitles":["Accessibility smoke test"],"duration":583,"failing":false,"failureDetails":[],"failureMessages":[],"fullName":"Accessibility smoke test has no obvious a11y violations on dashboard route","invocations":1,"location":null,"numPassingAsserts":1,"retryReasons":[],"startAt":1756286367889,"status":"passed","title":"has no obvious a11y violations on dashboard route"}],"endTime":1756286368474,"message":"","name":"/home/runner/work/swaxi-dispo-v6/swaxi-dispo-v6/src/tests/accessibility.test.jsx","startTime":1756286364071,"status":"passed","summary":""},{"assertionResults":[{"ancestorTitles":["Dashboard page"],"duration":99,"failing":false,"failureDetails":[],"failureMessages":[],"fullName":"Dashboard page renders heading and analytics","invocations":1,"location":null,"numPassingAsserts":2,"retryReasons":[],"startAt":1756286368483,"status":"passed","title":"renders heading and analytics"},{"ancestorTitles":["Dashboard page"],"duration":145,"failing":false,"failureDetails":[],"failureMessages":[],"fullName":"Dashboard page filters by status (open, assigned, cancelled)","invocations":1,"location":null,"numPassingAsserts":3,"retryReasons":[],"startAt":1756286368583,"status":"passed","title":"filters by status (open, assigned, cancelled)"},{"ancestorTitles":["Dashboard page"],"duration":61,"failing":false,"failureDetails":[],"failureMessages":[],"fullName":"Dashboard page shows auto assign button when user can manage shifts","invocations":1,"location":null,"numPassingAsserts":1,"retryReasons":[],"startAt":1756286368731,"status":"passed","title":"shows auto assign button when user can manage shifts"}],"endTime":1756286368793,"message":"","name":"/home/runner/work/swaxi-dispo-v6/swaxi-dispo-v6/src/tests/Dashboard.test.jsx","startTime":1756286367921,"status":"passed","summary":""},{"assertionResults":[{"ancestorTitles":["Navigation"],"duration":48,"failing":false,"failureDetails":[],"failureMessages":[],"fullName":"Navigation shows login link (Anmelden) when not authenticated","invocations":1,"location":null,"numPassingAsserts":2,"retryReasons":[],"startAt":1756286368898,"status":"passed","title":"shows login link (Anmelden) when not authenticated"},{"ancestorTitles":["Navigation"],"duration":36,"failing":false,"failureDetails":[],"failureMessages":[],"fullName":"Navigation shows admin links and logout when admin","invocations":1,"location":null,"numPassingAsserts":3,"retryReasons":[],"startAt":1756286368947,"status":"passed","title":"shows admin links and logout when admin"}],"endTime":1756286368984,"message":"","name":"/home/runner/work/swaxi-dispo-v6/swaxi-dispo-v6/src/tests/Navigation.test.jsx","startTime":1756286368522,"status":"passed","summary":""},{"assertionResults":[{"ancestorTitles":["NotificationMenu"],"duration":119,"failing":false,"failureDetails":[],"failureMessages":[],"fullName":"NotificationMenu marks single notification read","invocations":1,"location":null,"numPassingAsserts":1,"retryReasons":[],"startAt":1756286369055,"status":"passed","title":"marks single notification read"},{"ancestorTitles":["NotificationMenu"],"duration":41,"failing":false,"failureDetails":[],"failureMessages":[],"fullName":"NotificationMenu marks all notifications read","invocations":1,"location":null,"numPassingAsserts":1,"retryReasons":[],"startAt":1756286369175,"status":"passed","title":"marks all notifications read"}],"endTime":1756286369217,"message":"","name":"/home/runner/work/swaxi-dispo-v6/swaxi-dispo-v6/src/tests/NotificationMenu.test.jsx","startTime":1756286368610,"status":"passed","summary":""},{"assertionResults":[{"ancestorTitles":["ShiftTable actions"],"duration":97,"failing":false,"failureDetails":[],"failureMessages":[],"fullName":"ShiftTable actions invokes applyToShift when Bewerben clicked","invocations":1,"location":null,"numPassingAsserts":1,"retryReasons":[],"startAt":1756286369282,"status":"passed","title":"invokes applyToShift when Bewerben clicked"},{"ancestorTitles":["ShiftTable actions"],"duration":13,"failing":false,"failureDetails":[],"failureMessages":[],"fullName":"ShiftTable actions invokes assignShift when Zuweisen clicked for manager role","invocations":1,"location":null,"numPassingAsserts":1,"retryReasons":[],"startAt":1756286369380,"status":"passed","title":"invokes assignShift when Zuweisen clicked for manager role"},{"ancestorTitles":["ShiftTable actions"],"duration":14,"failing":false,"failureDetails":[],"failureMessages":[],"fullName":"ShiftTable actions calls cancelShift when Absagen clicked on assigned shift","invocations":1,"location":null,"numPassingAsserts":1,"retryReasons":[],"startAt":1756286369393,"status":"passed","title":"calls cancelShift when Absagen clicked on assigned shift"},{"ancestorTitles":["ShiftTable actions"],"duration":10,"failing":false,"failureDetails":[],"failureMessages":[],"fullName":"ShiftTable actions disables Bewerben when not logged in","invocations":1,"location":null,"numPassingAsserts":2,"retryReasons":[],"startAt":1756286369408,"status":"passed","title":"disables Bewerben when not logged in"},{"ancestorTitles":["ShiftTable actions"],"duration":8,"failing":false,"failureDetails":[],"failureMessages":[],"fullName":"ShiftTable actions disables Zuweisen when status not open","invocations":1,"location":null,"numPassingAsserts":1,"retryReasons":[],"startAt":1756286369419,"status":"passed","title":"disables Zuweisen when status not open"}],"endTime":1756286369430,"message":"","name":"/home/runner/work/swaxi-dispo-v6/swaxi-dispo-v6/src/tests/ShiftTable.actions.test.jsx","startTime":1756286368852,"status":"passed","summary":""},{"assertionResults":[{"ancestorTitles":["ShiftTemplateManager"],"duration":159,"failing":false,"failureDetails":[],"failureMessages":[],"fullName":"ShiftTemplateManager adds a new template","invocations":1,"location":null,"numPassingAsserts":1,"retryReasons":[],"startAt":1756286369343,"status":"passed","title":"adds a new template"},{"ancestorTitles":["ShiftTemplateManager"],"duration":53,"failing":false,"failureDetails":[],"failureMessages":[],"fullName":"ShiftTemplateManager edits existing template","invocations":1,"location":null,"numPassingAsserts":1,"retryReasons":[],"startAt":1756286369502,"status":"passed","title":"edits existing template"},{"ancestorTitles":["ShiftTemplateManager"],"duration":29,"failing":false,"failureDetails":[],"failureMessages":[],"fullName":"ShiftTemplateManager deletes template","invocations":1,"location":null,"numPassingAsserts":1,"retryReasons":[],"startAt":1756286369555,"status":"passed","title":"deletes template"}],"endTime":1756286369585,"message":"","name":"/home/runner/work/swaxi-dispo-v6/swaxi-dispo-v6/src/tests/ShiftTemplateManager.test.jsx","startTime":1756286368995,"status":"passed","summary":""},{"assertionResults":[{"ancestorTitles":["TestPage"],"duration":42,"failing":false,"failureDetails":[],"failureMessages":[],"fullName":"TestPage renders heading and status blocks","invocations":1,"location":null,"numPassingAsserts":2,"retryReasons":[],"startAt":1756286369647,"status":"passed","title":"renders heading and status blocks"},{"ancestorTitles":["TestPage"],"duration":67,"failing":false,"failureDetails":[],"failureMessages":[],"fullName":"TestPage runs tests and shows results","invocations":1,"location":null,"numPassingAsserts":1,"retryReasons":[],"startAt":1756286369690,"status":"passed","title":"runs tests and shows results"}],"endTime":1756286369758,"message":"","name":"/home/runner/work/swaxi-dispo-v6/swaxi-dispo-v6/src/tests/TestPage.test.jsx","startTime":1756286369257,"status":"passed","summary":""},{"assertionResults":[{"ancestorTitles":["ThemeToggle"],"duration":45,"failing":false,"failureDetails":[],"failureMessages":[],"fullName":"ThemeToggle renders moon icon initially (light mode) and toggles to sun icon (dark mode)","invocations":1,"location":null,"numPassingAsserts":2,"retryReasons":[],"startAt":1756286369903,"status":"passed","title":"renders moon icon initially (light mode) and toggles to sun icon (dark mode)"},{"ancestorTitles":["ThemeToggle"],"duration":13,"failing":false,"failureDetails":[],"failureMessages":[],"fullName":"ThemeToggle sets data-theme attribute on documentElement when toggled","invocations":1,"location":null,"numPassingAsserts":3,"retryReasons":[],"startAt":1756286369949,"status":"passed","title":"sets data-theme attribute on documentElement when toggled"}],"endTime":1756286369963,"message":"","name":"/home/runner/work/swaxi-dispo-v6/swaxi-dispo-v6/src/tests/ThemeToggle.test.jsx","startTime":1756286369509,"status":"passed","summary":""},{"assertionResults":[{"ancestorTitles":["CreateShiftModal"],"duration":85,"failing":false,"failureDetails":[],"failureMessages":[],"fullName":"CreateShiftModal creates a shift and closes","invocations":1,"location":null,"numPassingAsserts":1,"retryReasons":[],"startAt":1756286369873,"status":"passed","title":"creates a shift and closes"},{"ancestorTitles":["CreateShiftModal"],"duration":23,"failing":false,"failureDetails":[],"failureMessages":[],"fullName":"CreateShiftModal shows validation error when missing date","invocations":1,"location":null,"numPassingAsserts":2,"retryReasons":[],"startAt":1756286369959,"status":"passed","title":"shows validation error when missing date"},{"ancestorTitles":["CreateShiftModal"],"duration":18,"failing":false,"failureDetails":[],"failureMessages":[],"fullName":"CreateShiftModal shows validation error when missing work location","invocations":1,"location":null,"numPassingAsserts":2,"retryReasons":[],"startAt":1756286369983,"status":"passed","title":"shows validation error when missing work location"}],"endTime":1756286370003,"message":"","name":"/home/runner/work/swaxi-dispo-v6/swaxi-dispo-v6/src/tests/CreateShiftModal.test.jsx","startTime":1756286369595,"status":"passed","summary":""},{"assertionResults":[{"ancestorTitles":["SeriesApplicationModal"],"duration":73,"failing":false,"failureDetails":[],"failureMessages":[],"fullName":"SeriesApplicationModal renders available shifts and allows selecting multiple via type shortcut","invocations":1,"location":null,"numPassingAsserts":7,"retryReasons":[],"startAt":1756286370189,"status":"passed","title":"renders available shifts and allows selecting multiple via type shortcut"},{"ancestorTitles":["SeriesApplicationModal"],"duration":30,"failing":false,"failureDetails":[],"failureMessages":[],"fullName":"SeriesApplicationModal disables submit when no selection and enables after selecting one","invocations":1,"location":null,"numPassingAsserts":2,"retryReasons":[],"startAt":1756286370263,"status":"passed","title":"disables submit when no selection and enables after selecting one"}],"endTime":1756286370295,"message":"","name":"/home/runner/work/swaxi-dispo-v6/swaxi-dispo-v6/src/tests/SeriesApplicationModal.test.jsx","startTime":1756286369818,"status":"passed","summary":""},{"assertionResults":[{"ancestorTitles":["shiftGenerationService.generateShifts"],"duration":4,"failing":false,"failureDetails":[],"failureMessages":[],"fullName":"shiftGenerationService.generateShifts generates shifts for matching weekday templates over 10 days","invocations":1,"location":null,"numPassingAsserts":4,"retryReasons":[],"startAt":1756286370383,"status":"passed","title":"generates shifts for matching weekday templates over 10 days"},{"ancestorTitles":["shiftGenerationService.generateShifts"],"duration":1,"failing":false,"failureDetails":[],"failureMessages":[],"fullName":"shiftGenerationService.generateShifts returns empty array when no templates match any days","invocations":1,"location":null,"numPassingAsserts":1,"retryReasons":[],"startAt":1756286370387,"status":"passed","title":"returns empty array when no templates match any days"}],"endTime":1756286370389,"message":"","name":"/home/runner/work/swaxi-dispo-v6/swaxi-dispo-v6/src/tests/shiftGenerationService.test.js","startTime":1756286370033,"status":"passed","summary":""},{"assertionResults":[{"ancestorTitles":["Shift create persistence"],"duration":74,"failing":false,"failureDetails":[],"failureMessages":[],"fullName":"Shift create persistence marks shift pendingSync when repository create fails","invocations":1,"location":null,"numPassingAsserts":3,"retryReasons":[],"startAt":1756286370332,"status":"passed","title":"marks shift pendingSync when repository create fails"}],"endTime":1756286370407,"message":"","name":"/home/runner/work/swaxi-dispo-v6/swaxi-dispo-v6/src/tests/ShiftCreate.persistence.test.jsx","startTime":1756286369982,"status":"passed","summary":""},{"assertionResults":[{"ancestorTitles":["Dark theme toggle (a11y precondition)"],"duration":44,"failing":false,"failureDetails":[],"failureMessages":[],"fullName":"Dark theme toggle (a11y precondition) toggles data-theme attribute and persists preference","invocations":1,"location":null,"numPassingAsserts":4,"retryReasons":[],"startAt":1756286370712,"status":"passed","title":"toggles data-theme attribute and persists preference"}],"endTime":1756286370757,"message":"","name":"/home/runner/work/swaxi-dispo-v6/swaxi-dispo-v6/src/tests/a11y/ThemeTokens.a11y.test.jsx","startTime":1756286370344,"status":"passed","summary":""},{"assertionResults":[{"ancestorTitles":["Shift domain guards"],"duration":69,"failing":false,"failureDetails":[],"failureMessages":[],"fullName":"Shift domain guards duplicate shift detection returns reason duplicate","invocations":1,"location":null,"numPassingAsserts":4,"retryReasons":[],"startAt":1756286370740,"status":"passed","title":"duplicate shift detection returns reason duplicate"}],"endTime":1756286370811,"message":"","name":"/home/runner/work/swaxi-dispo-v6/swaxi-dispo-v6/src/tests/shiftDomainGuards.test.jsx","startTime":1756286370458,"status":"passed","summary":""},{"assertionResults":[{"ancestorTitles":["Audit page"],"duration":36,"failing":false,"failureDetails":[],"failureMessages":[],"fullName":"Audit page renders heading and all logs initially","invocations":1,"location":null,"numPassingAsserts":4,"retryReasons":[],"startAt":1756286370772,"status":"passed","title":"renders heading and all logs initially"},{"ancestorTitles":["Audit page"],"duration":20,"failing":false,"failureDetails":[],"failureMessages":[],"fullName":"Audit page filters by type","invocations":1,"location":null,"numPassingAsserts":2,"retryReasons":[],"startAt":1756286370809,"status":"passed","title":"filters by type"}],"endTime":1756286370831,"message":"","name":"/home/runner/work/swaxi-dispo-v6/swaxi-dispo-v6/src/tests/Audit.test.jsx","startTime":1756286370402,"status":"passed","summary":""},{"assertionResults":[{"ancestorTitles":["Shift assignment & notifications"],"duration":42,"failing":false,"failureDetails":[],"failureMessages":[],"fullName":"Shift assignment & notifications assigns a shift and updates status","invocations":1,"location":null,"numPassingAsserts":5,"retryReasons":[],"startAt":1756286371092,"status":"passed","title":"assigns a shift and updates status"}],"endTime":1756286371136,"message":"","name":"/home/runner/work/swaxi-dispo-v6/swaxi-dispo-v6/src/tests/ShiftAssignNotifications.test.jsx","startTime":1756286370772,"status":"passed","summary":""},{"assertionResults":[{"ancestorTitles":["ShiftContext isOnline heartbeat"],"duration":48,"failing":false,"failureDetails":[],"failureMessages":[],"fullName":"ShiftContext isOnline heartbeat sets isOnline boolean after heartbeat","invocations":1,"location":null,"numPassingAsserts":1,"retryReasons":[],"startAt":1756286371170,"status":"passed","title":"sets isOnline boolean after heartbeat"}],"endTime":1756286371219,"message":"","name":"/home/runner/work/swaxi-dispo-v6/swaxi-dispo-v6/src/tests/onlineStatus.test.jsx","startTime":1756286370862,"status":"passed","summary":""},{"assertionResults":[{"ancestorTitles":["FeedbackModal"],"duration":68,"failing":false,"failureDetails":[],"failureMessages":[],"fullName":"FeedbackModal submits feedback and closes","invocations":1,"location":null,"numPassingAsserts":2,"retryReasons":[],"startAt":1756286371213,"status":"passed","title":"submits feedback and closes"}],"endTime":1756286371283,"message":"","name":"/home/runner/work/swaxi-dispo-v6/swaxi-dispo-v6/src/tests/FeedbackModal.test.jsx","startTime":1756286370897,"status":"passed","summary":""},{"assertionResults":[{"ancestorTitles":["ErrorBoundary"],"duration":56,"failing":false,"failureDetails":[],"failureMessages":[],"fullName":"ErrorBoundary renders fallback UI and dispatches telemetry on error","invocations":1,"location":null,"numPassingAsserts":4,"retryReasons":[],"startAt":1756286371427,"status":"passed","title":"renders fallback UI and dispatches telemetry on error"}],"endTime":1756286371485,"message":"","name":"/home/runner/work/swaxi-dispo-v6/swaxi-dispo-v6/src/tests/unit/ErrorBoundary.test.jsx","startTime":1756286371169,"status":"passed","summary":""},{"assertionResults":[{"ancestorTitles":["ConnectionStatus"],"duration":24,"failing":false,"failureDetails":[],"failureMessages":[],"fullName":"ConnectionStatus shows sharepoint connected state (green)","invocations":1,"location":null,"numPassingAsserts":3,"retryReasons":[],"startAt":1756286371589,"status":"passed","title":"shows sharepoint connected state (green)"},{"ancestorTitles":["ConnectionStatus"],"duration":5,"failing":false,"failureDetails":[],"failureMessages":[],"fullName":"ConnectionStatus shows localStorage offline mode with tip (yellow)","invocations":1,"location":null,"numPassingAsserts":3,"retryReasons":[],"startAt":1756286371614,"status":"passed","title":"shows localStorage offline mode with tip (yellow)"},{"ancestorTitles":["ConnectionStatus"],"duration":4,"failing":false,"failureDetails":[],"failureMessages":[],"fullName":"ConnectionStatus shows error state (red) when sharepoint not online","invocations":1,"location":null,"numPassingAsserts":2,"retryReasons":[],"startAt":1756286371620,"status":"passed","title":"shows error state (red) when sharepoint not online"},{"ancestorTitles":["ConnectionStatus"],"duration":25,"failing":false,"failureDetails":[],"failureMessages":[],"fullName":"ConnectionStatus clicking test button triggers handler (smoke)","invocations":1,"location":null,"numPassingAsserts":1,"retryReasons":[],"startAt":1756286371624,"status":"passed","title":"clicking test button triggers handler (smoke)"}],"endTime":1756286371650,"message":"","name":"/home/runner/work/swaxi-dispo-v6/swaxi-dispo-v6/src/tests/ConnectionStatus.test.jsx","startTime":1756286371275,"status":"passed","summary":""},{"assertionResults":[{"ancestorTitles":["ShiftContext integration basics"],"duration":60,"failing":false,"failureDetails":[],"failureMessages":[],"fullName":"ShiftContext integration basics initializes shifts and supports core actions","invocations":1,"location":null,"numPassingAsserts":3,"retryReasons":[],"startAt":1756286371672,"status":"passed","title":"initializes shifts and supports core actions"}],"endTime":1756286371733,"message":"","name":"/home/runner/work/swaxi-dispo-v6/swaxi-dispo-v6/src/tests/ShiftContext.test.jsx","startTime":1756286371302,"status":"passed","summary":""},{"assertionResults":[{"ancestorTitles":["LiveVersionBanner"],"duration":29,"failing":false,"failureDetails":[],"failureMessages":[],"fullName":"LiveVersionBanner renders with demo badge and localStorage icon","invocations":1,"location":null,"numPassingAsserts":3,"retryReasons":[],"startAt":1756286371784,"status":"passed","title":"renders with demo badge and localStorage icon"},{"ancestorTitles":["LiveVersionBanner"],"duration":16,"failing":false,"failureDetails":[],"failureMessages":[],"fullName":"LiveVersionBanner dismiss button hides banner and stores flag","invocations":1,"location":null,"numPassingAsserts":2,"retryReasons":[],"startAt":1756286371814,"status":"passed","title":"dismiss button hides banner and stores flag"}],"endTime":1756286371831,"message":"","name":"/home/runner/work/swaxi-dispo-v6/swaxi-dispo-v6/src/tests/LiveVersionBanner.test.jsx","startTime":1756286371512,"status":"passed","summary":""},{"assertionResults":[{"ancestorTitles":["FeedbackModal accessibility basics"],"duration":67,"failing":false,"failureDetails":[],"failureMessages":[],"fullName":"FeedbackModal accessibility basics traps focus and blocks empty submit","invocations":1,"location":null,"numPassingAsserts":2,"retryReasons":[],"startAt":1756286372011,"status":"passed","title":"traps focus and blocks empty submit"}],"endTime":1756286372080,"message":"","name":"/home/runner/work/swaxi-dispo-v6/swaxi-dispo-v6/src/tests/unit/FeedbackModal.focus.test.jsx","startTime":1756286371689,"status":"passed","summary":""},{"assertionResults":[{"ancestorTitles":["Login"],"duration":32,"failing":false,"failureDetails":[],"failureMessages":[],"fullName":"Login renders role buttons when logged out and logs in on click","invocations":1,"location":null,"numPassingAsserts":1,"retryReasons":[],"startAt":1756286372115,"status":"passed","title":"renders role buttons when logged out and logs in on click"},{"ancestorTitles":["Login"],"duration":8,"failing":false,"failureDetails":[],"failureMessages":[],"fullName":"Login shows welcome and logout when user present","invocations":1,"location":null,"numPassingAsserts":2,"retryReasons":[],"startAt":1756286372150,"status":"passed","title":"shows welcome and logout when user present"}],"endTime":1756286372162,"message":"","name":"/home/runner/work/swaxi-dispo-v6/swaxi-dispo-v6/src/tests/Login.test.jsx","startTime":1756286371851,"status":"passed","summary":""},{"assertionResults":[{"ancestorTitles":["ShiftTable"],"duration":24,"failing":false,"failureDetails":[],"failureMessages":[],"fullName":"ShiftTable renders shifts correctly","invocations":1,"location":null,"numPassingAsserts":4,"retryReasons":[],"startAt":1756286372115,"status":"passed","title":"renders shifts correctly"},{"ancestorTitles":["ShiftTable"],"duration":9,"failing":false,"failureDetails":[],"failureMessages":[],"fullName":"ShiftTable handles apply action","invocations":1,"location":null,"numPassingAsserts":0,"retryReasons":[],"startAt":1756286372140,"status":"passed","title":"handles apply action"}],"endTime":1756286372150,"message":"","name":"/home/runner/work/swaxi-dispo-v6/swaxi-dispo-v6/src/tests/ShiftTable.test.jsx","startTime":1756286371788,"status":"passed","summary":""},{"assertionResults":[{"ancestorTitles":["RoleManagement runtime safety"],"duration":20,"failing":false,"failureDetails":[],"failureMessages":[],"fullName":"RoleManagement runtime safety renders empty state when no users prop provided","invocations":1,"location":null,"numPassingAsserts":2,"retryReasons":[],"startAt":1756286372441,"status":"passed","title":"renders empty state when no users prop provided"}],"endTime":1756286372463,"message":"","name":"/home/runner/work/swaxi-dispo-v6/swaxi-dispo-v6/src/tests/RoleManagement.runtime.test.jsx","startTime":1756286372192,"status":"passed","summary":""},{"assertionResults":[{"ancestorTitles":["RoleManagement"],"duration":29,"failing":false,"failureDetails":[],"failureMessages":[],"fullName":"RoleManagement renders users and allows editing manageable role","invocations":1,"location":null,"numPassingAsserts":2,"retryReasons":[],"startAt":1756286372469,"status":"passed","title":"renders users and allows editing manageable role"}],"endTime":1756286372499,"message":"","name":"/home/runner/work/swaxi-dispo-v6/swaxi-dispo-v6/src/tests/RoleManagement.test.jsx","startTime":1756286372187,"status":"passed","summary":""},{"assertionResults":[{"ancestorTitles":["ActiveRoleBadge"],"duration":15,"failing":false,"failureDetails":[],"failureMessages":[],"fullName":"ActiveRoleBadge renders nothing when no user","invocations":1,"location":null,"numPassingAsserts":1,"retryReasons":[],"startAt":1756286372485,"status":"passed","title":"renders nothing when no user"},{"ancestorTitles":["ActiveRoleBadge"],"duration":12,"failing":false,"failureDetails":[],"failureMessages":[],"fullName":"ActiveRoleBadge shows role badge for each role","invocations":1,"location":null,"numPassingAsserts":4,"retryReasons":[],"startAt":1756286372501,"status":"passed","title":"shows role badge for each role"},{"ancestorTitles":["ActiveRoleBadge"],"duration":33,"failing":false,"failureDetails":[],"failureMessages":[],"fullName":"ActiveRoleBadge shows admin only nav items and hides for analyst","invocations":1,"location":null,"numPassingAsserts":6,"retryReasons":[],"startAt":1756286372514,"status":"passed","title":"shows admin only nav items and hides for analyst"}],"endTime":1756286372548,"message":"","name":"/home/runner/work/swaxi-dispo-v6/swaxi-dispo-v6/src/tests/ActiveRoleBadge.test.jsx","startTime":1756286372100,"status":"passed","summary":""},{"assertionResults":[{"ancestorTitles":["AuthProvider"],"duration":33,"failing":false,"failureDetails":[],"failureMessages":[],"fullName":"AuthProvider logs in and persists user, then restores on reload","invocations":1,"location":null,"numPassingAsserts":3,"retryReasons":[],"startAt":1756286372755,"status":"passed","title":"logs in and persists user, then restores on reload"},{"ancestorTitles":["AuthProvider"],"duration":7,"failing":false,"failureDetails":[],"failureMessages":[],"fullName":"AuthProvider logout clears user and storage","invocations":1,"location":null,"numPassingAsserts":3,"retryReasons":[],"startAt":1756286372788,"status":"passed","title":"logout clears user and storage"}],"endTime":1756286372797,"message":"","name":"/home/runner/work/swaxi-dispo-v6/swaxi-dispo-v6/src/tests/AuthContext.test.jsx","startTime":1756286372509,"status":"passed","summary":""},{"assertionResults":[{"ancestorTitles":["Administration page"],"duration":27,"failing":false,"failureDetails":[],"failureMessages":[],"fullName":"Administration page renders heading and child managers","invocations":1,"location":null,"numPassingAsserts":3,"retryReasons":[],"startAt":1756286372805,"status":"passed","title":"renders heading and child managers"}],"endTime":1756286372833,"message":"","name":"/home/runner/work/swaxi-dispo-v6/swaxi-dispo-v6/src/tests/Administration.test.jsx","startTime":1756286372482,"status":"passed","summary":""},{"assertionResults":[{"ancestorTitles":["MigrationService"],"duration":6,"failing":false,"failureDetails":[],"failureMessages":[],"fullName":"MigrationService exports local storage data and creates a blob URL","invocations":1,"location":null,"numPassingAsserts":5,"retryReasons":[],"startAt":1756286372957,"status":"passed","title":"exports local storage data and creates a blob URL"},{"ancestorTitles":["MigrationService"],"duration":1,"failing":false,"failureDetails":[],"failureMessages":[],"fullName":"MigrationService imports shifts to firebase","invocations":1,"location":null,"numPassingAsserts":2,"retryReasons":[],"startAt":1756286372964,"status":"passed","title":"imports shifts to firebase"},{"ancestorTitles":["MigrationService"],"duration":2,"failing":false,"failureDetails":[],"failureMessages":[],"fullName":"MigrationService handles import error","invocations":1,"location":null,"numPassingAsserts":2,"retryReasons":[],"startAt":1756286372965,"status":"passed","title":"handles import error"},{"ancestorTitles":["MigrationService"],"duration":1,"failing":false,"failureDetails":[],"failureMessages":[],"fullName":"MigrationService validates migration counts","invocations":1,"location":null,"numPassingAsserts":2,"retryReasons":[],"startAt":1756286372967,"status":"passed","title":"validates migration counts"},{"ancestorTitles":["MigrationService"],"duration":3,"failing":false,"failureDetails":[],"failureMessages":[],"fullName":"MigrationService creates backup","invocations":1,"location":null,"numPassingAsserts":4,"retryReasons":[],"startAt":1756286372968,"status":"passed","title":"creates backup"},{"ancestorTitles":["MigrationService"],"duration":22,"failing":false,"failureDetails":[],"failureMessages":[],"fullName":"MigrationService propagates backup failure","invocations":1,"location":null,"numPassingAsserts":1,"retryReasons":[],"startAt":1756286372971,"status":"passed","title":"propagates backup failure"}],"endTime":1756286372995,"message":"","name":"/home/runner/work/swaxi-dispo-v6/swaxi-dispo-v6/src/tests/unit/migrationService.test.js","startTime":1756286372606,"status":"passed","summary":""},{"assertionResults":[{"ancestorTitles":["SharePointService"],"duration":4,"failing":false,"failureDetails":[],"failureMessages":[],"fullName":"SharePointService getShifts returns transformed data on success","invocations":1,"location":null,"numPassingAsserts":3,"retryReasons":[],"startAt":1756286373074,"status":"passed","title":"getShifts returns transformed data on success"},{"ancestorTitles":["SharePointService"],"duration":2,"failing":false,"failureDetails":[],"failureMessages":[],"fullName":"SharePointService getShifts falls back to localStorage on fetch error","invocations":1,"location":null,"numPassingAsserts":1,"retryReasons":[],"startAt":1756286373078,"status":"passed","title":"getShifts falls back to localStorage on fetch error"},{"ancestorTitles":["SharePointService"],"duration":12,"failing":false,"failureDetails":[],"failureMessages":[],"fullName":"SharePointService createShift returns transformed shift on success","invocations":1,"location":null,"numPassingAsserts":2,"retryReasons":[],"startAt":1756286373080,"status":"passed","title":"createShift returns transformed shift on success"},{"ancestorTitles":["SharePointService"],"duration":1,"failing":false,"failureDetails":[],"failureMessages":[],"fullName":"SharePointService createShift fallback to localStorage on failing token fetch","invocations":1,"location":null,"numPassingAsserts":1,"retryReasons":[],"startAt":1756286373092,"status":"passed","title":"createShift fallback to localStorage on failing token fetch"},{"ancestorTitles":["SharePointService"],"duration":1,"failing":false,"failureDetails":[],"failureMessages":[],"fullName":"SharePointService isSharePointAvailable returns true when response ok","invocations":1,"location":null,"numPassingAsserts":1,"retryReasons":[],"startAt":1756286373093,"status":"passed","title":"isSharePointAvailable returns true when response ok"},{"ancestorTitles":["SharePointService"],"duration":1,"failing":false,"failureDetails":[],"failureMessages":[],"fullName":"SharePointService isSharePointAvailable returns false on error","invocations":1,"location":null,"numPassingAsserts":1,"retryReasons":[],"startAt":1756286373094,"status":"passed","title":"isSharePointAvailable returns false on error"}],"endTime":1756286373096,"message":"","name":"/home/runner/work/swaxi-dispo-v6/swaxi-dispo-v6/src/tests/sharePointService.test.js","startTime":1756286372810,"status":"passed","summary":""},{"assertionResults":[{"ancestorTitles":["ShiftContext heartbeat ping failure transition"],"duration":17,"failing":false,"failureDetails":[],"failureMessages":[],"fullName":"ShiftContext heartbeat ping failure transition transitions online -> offline when subsequent ping fails","invocations":1,"location":null,"numPassingAsserts":5,"retryReasons":[],"startAt":1756286373160,"status":"passed","title":"transitions online -> offline when subsequent ping fails"}],"endTime":1756286373178,"message":"","name":"/home/runner/work/swaxi-dispo-v6/swaxi-dispo-v6/src/tests/ShiftContext.pingFailure.test.jsx","startTime":1756286372889,"status":"passed","summary":""},{"assertionResults":[{"ancestorTitles":["ThemeContext tokens"],"duration":33,"failing":false,"failureDetails":[],"failureMessages":[],"fullName":"ThemeContext tokens toggles data-theme attribute and persists","invocations":1,"location":null,"numPassingAsserts":3,"retryReasons":[],"startAt":1756286373314,"status":"passed","title":"toggles data-theme attribute and persists"}],"endTime":1756286373348,"message":"","name":"/home/runner/work/swaxi-dispo-v6/swaxi-dispo-v6/src/tests/ThemeContext.test.jsx","startTime":1756286373009,"status":"passed","summary":""},{"assertionResults":[{"ancestorTitles":["VersionBadge"],"duration":20,"failing":false,"failureDetails":[],"failureMessages":[],"fullName":"VersionBadge renders version badge with defined version","invocations":1,"location":null,"numPassingAsserts":2,"retryReasons":[],"startAt":1756286373402,"status":"passed","title":"renders version badge with defined version"}],"endTime":1756286373423,"message":"","name":"/home/runner/work/swaxi-dispo-v6/swaxi-dispo-v6/src/tests/VersionBadge.test.jsx","startTime":1756286373113,"status":"passed","summary":""},{"assertionResults":[{"ancestorTitles":["ConnectionStatus feature flag badge"],"duration":25,"failing":false,"failureDetails":[],"failureMessages":[],"fullName":"ConnectionStatus feature flag badge renders SP deaktiviert badge when sharepoint flag off","invocations":1,"location":null,"numPassingAsserts":1,"retryReasons":[],"startAt":1756286373505,"status":"passed","title":"renders SP deaktiviert badge when sharepoint flag off"}],"endTime":1756286373531,"message":"","name":"/home/runner/work/swaxi-dispo-v6/swaxi-dispo-v6/src/tests/ConnectionStatus.flag.test.jsx","startTime":1756286373201,"status":"passed","summary":""},{"assertionResults":[{"ancestorTitles":["role capability helpers"],"duration":2,"failing":false,"failureDetails":[],"failureMessages":[],"fullName":"role capability helpers canManageShifts(admin)","invocations":1,"location":null,"numPassingAsserts":1,"retryReasons":[],"startAt":1756286373653,"status":"passed","title":"canManageShifts(admin)"},{"ancestorTitles":["role capability helpers"],"duration":1,"failing":false,"failureDetails":[],"failureMessages":[],"fullName":"role capability helpers canManageShifts(chief)","invocations":1,"location":null,"numPassingAsserts":1,"retryReasons":[],"startAt":1756286373656,"status":"passed","title":"canManageShifts(chief)"},{"ancestorTitles":["role capability helpers"],"duration":0,"failing":false,"failureDetails":[],"failureMessages":[],"fullName":"role capability helpers canManageShifts(disponent)","invocations":1,"location":null,"numPassingAsserts":1,"retryReasons":[],"startAt":1756286373657,"status":"passed","title":"canManageShifts(disponent)"},{"ancestorTitles":["role capability helpers"],"duration":1,"failing":false,"failureDetails":[],"failureMessages":[],"fullName":"role capability helpers canManageShifts(analyst)","invocations":1,"location":null,"numPassingAsserts":1,"retryReasons":[],"startAt":1756286373657,"status":"passed","title":"canManageShifts(analyst)"},{"ancestorTitles":["role capability helpers"],"duration":0,"failing":false,"failureDetails":[],"failureMessages":[],"fullName":"role capability helpers canAssignShifts(admin)","invocations":1,"location":null,"numPassingAsserts":1,"retryReasons":[],"startAt":1756286373658,"status":"passed","title":"canAssignShifts(admin)"},{"ancestorTitles":["role capability helpers"],"duration":1,"failing":false,"failureDetails":[],"failureMessages":[],"fullName":"role capability helpers canAssignShifts(chief)","invocations":1,"location":null,"numPassingAsserts":1,"retryReasons":[],"startAt":1756286373658,"status":"passed","title":"canAssignShifts(chief)"},{"ancestorTitles":["role capability helpers"],"duration":1,"failing":false,"failureDetails":[],"failureMessages":[],"fullName":"role capability helpers canAssignShifts(disponent)","invocations":1,"location":null,"numPassingAsserts":1,"retryReasons":[],"startAt":1756286373659,"status":"passed","title":"canAssignShifts(disponent)"},{"ancestorTitles":["role capability helpers"],"duration":1,"failing":false,"failureDetails":[],"failureMessages":[],"fullName":"role capability helpers canAssignShifts(analyst)","invocations":1,"location":null,"numPassingAsserts":1,"retryReasons":[],"startAt":1756286373660,"status":"passed","title":"canAssignShifts(analyst)"},{"ancestorTitles":["role capability helpers"],"duration":0,"failing":false,"failureDetails":[],"failureMessages":[],"fullName":"role capability helpers canManageTemplates(admin)","invocations":1,"location":null,"numPassingAsserts":1,"retryReasons":[],"startAt":1756286373661,"status":"passed","title":"canManageTemplates(admin)"},{"ancestorTitles":["role capability helpers"],"duration":0,"failing":false,"failureDetails":[],"failureMessages":[],"fullName":"role capability helpers canManageTemplates(chief)","invocations":1,"location":null,"numPassingAsserts":1,"retryReasons":[],"startAt":1756286373662,"status":"passed","title":"canManageTemplates(chief)"},{"ancestorTitles":["role capability helpers"],"duration":1,"failing":false,"failureDetails":[],"failureMessages":[],"fullName":"role capability helpers canManageTemplates(disponent)","invocations":1,"location":null,"numPassingAsserts":1,"retryReasons":[],"startAt":1756286373662,"status":"passed","title":"canManageTemplates(disponent)"},{"ancestorTitles":["role capability helpers"],"duration":1,"failing":false,"failureDetails":[],"failureMessages":[],"fullName":"role capability helpers canManageTemplates(analyst)","invocations":1,"location":null,"numPassingAsserts":1,"retryReasons":[],"startAt":1756286373663,"status":"passed","title":"canManageTemplates(analyst)"},{"ancestorTitles":["role capability helpers"],"duration":0,"failing":false,"failureDetails":[],"failureMessages":[],"fullName":"role capability helpers canViewAnalytics(admin)","invocations":1,"location":null,"numPassingAsserts":1,"retryReasons":[],"startAt":1756286373664,"status":"passed","title":"canViewAnalytics(admin)"},{"ancestorTitles":["role capability helpers"],"duration":0,"failing":false,"failureDetails":[],"failureMessages":[],"fullName":"role capability helpers canViewAnalytics(chief)","invocations":1,"location":null,"numPassingAsserts":1,"retryReasons":[],"startAt":1756286373665,"status":"passed","title":"canViewAnalytics(chief)"},{"ancestorTitles":["role capability helpers"],"duration":1,"failing":false,"failureDetails":[],"failureMessages":[],"fullName":"role capability helpers canViewAnalytics(disponent)","invocations":1,"location":null,"numPassingAsserts":1,"retryReasons":[],"startAt":1756286373665,"status":"passed","title":"canViewAnalytics(disponent)"},{"ancestorTitles":["role capability helpers"],"duration":0,"failing":false,"failureDetails":[],"failureMessages":[],"fullName":"role capability helpers canViewAnalytics(analyst)","invocations":1,"location":null,"numPassingAsserts":1,"retryReasons":[],"startAt":1756286373666,"status":"passed","title":"canViewAnalytics(analyst)"}],"endTime":1756286373668,"message":"","name":"/home/runner/work/swaxi-dispo-v6/swaxi-dispo-v6/src/tests/unit/constants.roleCapabilities.test.js","startTime":1756286373356,"status":"passed","summary":""},{"assertionResults":[{"ancestorTitles":["auth permission helpers"],"duration":4,"failing":false,"failureDetails":[],"failureMessages":[],"fullName":"auth permission helpers role hierarchy enforces expected permissions","invocations":1,"location":null,"numPassingAsserts":4,"retryReasons":[],"startAt":1756286373759,"status":"passed","title":"role hierarchy enforces expected permissions"},{"ancestorTitles":["auth permission helpers"],"duration":1,"failing":false,"failureDetails":[],"failureMessages":[],"fullName":"auth permission helpers no higher role incorrectly gains audit permission","invocations":1,"location":null,"numPassingAsserts":3,"retryReasons":[],"startAt":1756286373763,"status":"passed","title":"no higher role incorrectly gains audit permission"}],"endTime":1756286373765,"message":"","name":"/home/runner/work/swaxi-dispo-v6/swaxi-dispo-v6/src/tests/authPermissions.test.js","startTime":1756286373480,"status":"passed","summary":""},{"assertionResults":[{"ancestorTitles":["Time & Conflict Utilities"],"duration":3,"failing":false,"failureDetails":[],"failureMessages":[],"fullName":"Time & Conflict Utilities toMinutes parses HH:MM","invocations":1,"location":null,"numPassingAsserts":3,"retryReasons":[],"startAt":1756286373803,"status":"passed","title":"toMinutes parses HH:MM"},{"ancestorTitles":["Time & Conflict Utilities"],"duration":1,"failing":false,"failureDetails":[],"failureMessages":[],"fullName":"Time & Conflict Utilities computeDuration normal and over-midnight","invocations":1,"location":null,"numPassingAsserts":2,"retryReasons":[],"startAt":1756286373807,"status":"passed","title":"computeDuration normal and over-midnight"},{"ancestorTitles":["Time & Conflict Utilities"],"duration":1,"failing":false,"failureDetails":[],"failureMessages":[],"fullName":"Time & Conflict Utilities overlaps handles over-midnight segments","invocations":1,"location":null,"numPassingAsserts":2,"retryReasons":[],"startAt":1756286373808,"status":"passed","title":"overlaps handles over-midnight segments"},{"ancestorTitles":["Time & Conflict Utilities"],"duration":11,"failing":false,"failureDetails":[],"failureMessages":[],"fullName":"Time & Conflict Utilities computeShiftConflicts TIME_OVERLAP detection","invocations":1,"location":null,"numPassingAsserts":1,"retryReasons":[],"startAt":1756286373809,"status":"passed","title":"computeShiftConflicts TIME_OVERLAP detection"},{"ancestorTitles":["Time & Conflict Utilities"],"duration":1,"failing":false,"failureDetails":[],"failureMessages":[],"fullName":"Time & Conflict Utilities computeShiftConflicts DOUBLE_APPLICATION & ASSIGNMENT_COLLISION & LOCATION_MISMATCH","invocations":1,"location":null,"numPassingAsserts":1,"retryReasons":[],"startAt":1756286373820,"status":"passed","title":"computeShiftConflicts DOUBLE_APPLICATION & ASSIGNMENT_COLLISION & LOCATION_MISMATCH"}],"endTime":1756286373822,"message":"","name":"/home/runner/work/swaxi-dispo-v6/swaxi-dispo-v6/src/tests/timeAndConflict.test.js","startTime":1756286373546,"status":"passed","summary":""},{"assertionResults":[{"ancestorTitles":["error telemetry utility"],"duration":2,"failing":false,"failureDetails":[],"failureMessages":[],"fullName":"error telemetry utility invokes registered handler with payload","invocations":1,"location":null,"numPassingAsserts":3,"retryReasons":[],"startAt":1756286373936,"status":"passed","title":"invokes registered handler with payload"},{"ancestorTitles":["error telemetry utility"],"duration":1,"failing":false,"failureDetails":[],"failureMessages":[],"fullName":"error telemetry utility swallows errors in handler","invocations":1,"location":null,"numPassingAsserts":1,"retryReasons":[],"startAt":1756286373939,"status":"passed","title":"swallows errors in handler"},{"ancestorTitles":["error telemetry utility"],"duration":0,"failing":false,"failureDetails":[],"failureMessages":[],"fullName":"error telemetry utility returns false when no handler registered","invocations":1,"location":null,"numPassingAsserts":1,"retryReasons":[],"startAt":1756286373940,"status":"passed","title":"returns false when no handler registered"}],"endTime":1756286373941,"message":"","name":"/home/runner/work/swaxi-dispo-v6/swaxi-dispo-v6/src/tests/unit/errorTelemetry.test.js","startTime":1756286373680,"status":"passed","summary":""},{"assertionResults":[{"ancestorTitles":["validation utils"],"duration":2,"failing":false,"failureDetails":[],"failureMessages":[],"fullName":"validation utils accepts a well-formed shift","invocations":1,"location":null,"numPassingAsserts":1,"retryReasons":[],"startAt":1756286373969,"status":"passed","title":"accepts a well-formed shift"},{"ancestorTitles":["validation utils"],"duration":1,"failing":false,"failureDetails":[],"failureMessages":[],"fullName":"validation utils filters malformed shifts","invocations":1,"location":null,"numPassingAsserts":2,"retryReasons":[],"startAt":1756286373971,"status":"passed","title":"filters malformed shifts"}],"endTime":1756286373973,"message":"","name":"/home/runner/work/swaxi-dispo-v6/swaxi-dispo-v6/src/tests/validation.test.js","startTime":1756286373779,"status":"passed","summary":""},{"assertionResults":[{"ancestorTitles":["shiftReducer notifications & filters"],"duration":2,"failing":false,"failureDetails":[],"failureMessages":[],"fullName":"shiftReducer notifications & filters adds a notification","invocations":1,"location":null,"numPassingAsserts":2,"retryReasons":[],"startAt":1756286374102,"status":"passed","title":"adds a notification"},{"ancestorTitles":["shiftReducer notifications & filters"],"duration":0,"failing":false,"failureDetails":[],"failureMessages":[],"fullName":"shiftReducer notifications & filters marks one notification read","invocations":1,"location":null,"numPassingAsserts":2,"retryReasons":[],"startAt":1756286374105,"status":"passed","title":"marks one notification read"},{"ancestorTitles":["shiftReducer notifications & filters"],"duration":1,"failing":false,"failureDetails":[],"failureMessages":[],"fullName":"shiftReducer notifications & filters marks all notifications read","invocations":1,"location":null,"numPassingAsserts":1,"retryReasons":[],"startAt":1756286374105,"status":"passed","title":"marks all notifications read"},{"ancestorTitles":["shiftReducer notifications & filters"],"duration":0,"failing":false,"failureDetails":[],"failureMessages":[],"fullName":"shiftReducer notifications & filters deletes a notification","invocations":1,"location":null,"numPassingAsserts":2,"retryReasons":[],"startAt":1756286374106,"status":"passed","title":"deletes a notification"},{"ancestorTitles":["shiftReducer notifications & filters"],"duration":1,"failing":false,"failureDetails":[],"failureMessages":[],"fullName":"shiftReducer notifications & filters updates filters","invocations":1,"location":null,"numPassingAsserts":1,"retryReasons":[],"startAt":1756286374106,"status":"passed","title":"updates filters"}],"endTime":1756286374107,"message":"","name":"/home/runner/work/swaxi-dispo-v6/swaxi-dispo-v6/src/tests/ShiftContextCore.notifications.test.js","startTime":1756286373839,"status":"passed","summary":""},{"assertionResults":[{"ancestorTitles":["test data factories"],"duration":3,"failing":false,"failureDetails":[],"failureMessages":[],"fullName":"test data factories buildUser applies defaults and unique ids","invocations":1,"location":null,"numPassingAsserts":2,"retryReasons":[],"startAt":1756286374198,"status":"passed","title":"buildUser applies defaults and unique ids"},{"ancestorTitles":["test data factories"],"duration":1,"failing":false,"failureDetails":[],"failureMessages":[],"fullName":"test data factories buildShift allows overrides and defaults","invocations":1,"location":null,"numPassingAsserts":3,"retryReasons":[],"startAt":1756286374201,"status":"passed","title":"buildShift allows overrides and defaults"},{"ancestorTitles":["test data factories"],"duration":1,"failing":false,"failureDetails":[],"failureMessages":[],"fullName":"test data factories buildApplication sets relations and allows override","invocations":1,"location":null,"numPassingAsserts":3,"retryReasons":[],"startAt":1756286374202,"status":"passed","title":"buildApplication sets relations and allows override"}],"endTime":1756286374203,"message":"","name":"/home/runner/work/swaxi-dispo-v6/swaxi-dispo-v6/src/tests/unit/factories.test.js","startTime":1756286373982,"status":"passed","summary":""},{"assertionResults":[{"ancestorTitles":["IndexedDBShiftRepository"],"duration":16,"failing":false,"failureDetails":[],"failureMessages":[],"fullName":"IndexedDBShiftRepository CRUD + domain operations","invocations":1,"location":null,"numPassingAsserts":8,"retryReasons":[],"startAt":1756286374222,"status":"passed","title":"CRUD + domain operations"}],"endTime":1756286374240,"message":"","name":"/home/runner/work/swaxi-dispo-v6/swaxi-dispo-v6/src/tests/IndexedDBShiftRepository.test.js","startTime":1756286373953,"status":"passed","summary":""},{"assertionResults":[{"ancestorTitles":["conflicts mapping utilities"],"duration":3,"failing":false,"failureDetails":[],"failureMessages":[],"fullName":"conflicts mapping utilities CONFLICT_LABELS keys stable","invocations":1,"location":null,"numPassingAsserts":1,"retryReasons":[],"startAt":1756286374381,"status":"passed","title":"CONFLICT_LABELS keys stable"},{"ancestorTitles":["conflicts mapping utilities"],"duration":10,"failing":false,"failureDetails":[],"failureMessages":[],"fullName":"conflicts mapping utilities describeConflicts maps known codes and preserves unknown","invocations":1,"location":null,"numPassingAsserts":2,"retryReasons":[],"startAt":1756286374384,"status":"passed","title":"describeConflicts maps known codes and preserves unknown"},{"ancestorTitles":["conflicts mapping utilities"],"duration":1,"failing":false,"failureDetails":[],"failureMessages":[],"fullName":"conflicts mapping utilities firstConflictTooltip concatenates labels","invocations":1,"location":null,"numPassingAsserts":2,"retryReasons":[],"startAt":1756286374394,"status":"passed","title":"firstConflictTooltip concatenates labels"},{"ancestorTitles":["conflicts mapping utilities"],"duration":1,"failing":false,"failureDetails":[],"failureMessages":[],"fullName":"conflicts mapping utilities empty arrays produce empty tooltip","invocations":1,"location":null,"numPassingAsserts":1,"retryReasons":[],"startAt":1756286374395,"status":"passed","title":"empty arrays produce empty tooltip"}],"endTime":1756286374397,"message":"","name":"/home/runner/work/swaxi-dispo-v6/swaxi-dispo-v6/src/tests/conflictsMapping.test.js","startTime":1756286374120,"status":"passed","summary":""},{"assertionResults":[{"ancestorTitles":["Status Model"],"duration":2,"failing":false,"failureDetails":[],"failureMessages":[],"fullName":"Status Model allowed transitions","invocations":1,"location":null,"numPassingAsserts":3,"retryReasons":[],"startAt":1756286374394,"status":"passed","title":"allowed transitions"},{"ancestorTitles":["Status Model"],"duration":1,"failing":false,"failureDetails":[],"failureMessages":[],"fullName":"Status Model disallowed transitions","invocations":1,"location":null,"numPassingAsserts":3,"retryReasons":[],"startAt":1756286374396,"status":"passed","title":"disallowed transitions"},{"ancestorTitles":["Status Model"],"duration":6,"failing":false,"failureDetails":[],"failureMessages":[],"fullName":"Status Model assertTransition throws on invalid","invocations":1,"location":null,"numPassingAsserts":1,"retryReasons":[],"startAt":1756286374397,"status":"passed","title":"assertTransition throws on invalid"}],"endTime":1756286374404,"message":"","name":"/home/runner/work/swaxi-dispo-v6/swaxi-dispo-v6/src/tests/statusModel.test.js","startTime":1756286374213,"status":"passed","summary":""},{"assertionResults":[{"ancestorTitles":["shiftReducer"],"duration":3,"failing":false,"failureDetails":[],"failureMessages":[],"fullName":"shiftReducer returns state for unknown action","invocations":1,"location":null,"numPassingAsserts":1,"retryReasons":[],"startAt":1756286374600,"status":"passed","title":"returns state for unknown action"},{"ancestorTitles":["shiftReducer"],"duration":2,"failing":false,"failureDetails":[],"failureMessages":[],"fullName":"shiftReducer adds a shift","invocations":1,"location":null,"numPassingAsserts":2,"retryReasons":[],"startAt":1756286374603,"status":"passed","title":"adds a shift"},{"ancestorTitles":["shiftReducer"],"duration":1,"failing":false,"failureDetails":[],"failureMessages":[],"fullName":"shiftReducer updates a shift","invocations":1,"location":null,"numPassingAsserts":2,"retryReasons":[],"startAt":1756286374605,"status":"passed","title":"updates a shift"},{"ancestorTitles":["shiftReducer"],"duration":0,"failing":false,"failureDetails":[],"failureMessages":[],"fullName":"shiftReducer assigns a shift (ASSIGN_SHIFT)","invocations":1,"location":null,"numPassingAsserts":2,"retryReasons":[],"startAt":1756286374606,"status":"passed","title":"assigns a shift (ASSIGN_SHIFT)"}],"endTime":1756286374608,"message":"","name":"/home/runner/work/swaxi-dispo-v6/swaxi-dispo-v6/src/tests/ShiftContextCore.reducer.test.js","startTime":1756286374255,"status":"passed","summary":""},{"assertionResults":[{"ancestorTitles":["logger"],"duration":2,"failing":false,"failureDetails":[],"failureMessages":[],"fullName":"logger emits when not silent","invocations":1,"location":null,"numPassingAsserts":2,"retryReasons":[],"startAt":1756286374723,"status":"passed","title":"emits when not silent"},{"ancestorTitles":["logger"],"duration":0,"failing":false,"failureDetails":[],"failureMessages":[],"fullName":"logger suppresses when silent","invocations":1,"location":null,"numPassingAsserts":2,"retryReasons":[],"startAt":1756286374726,"status":"passed","title":"suppresses when silent"}],"endTime":1756286374727,"message":"","name":"/home/runner/work/swaxi-dispo-v6/swaxi-dispo-v6/src/tests/unit/logger.test.js","startTime":1756286374446,"status":"passed","summary":""},{"assertionResults":[{"ancestorTitles":["Deterministic Seed"],"duration":5,"failing":false,"failureDetails":[],"failureMessages":[],"fullName":"Deterministic Seed snapshot of initial seed shifts remains stable","invocations":1,"location":null,"numPassingAsserts":1,"retryReasons":[],"startAt":1756286374729,"status":"passed","title":"snapshot of initial seed shifts remains stable"}],"endTime":1756286374735,"message":"","name":"/home/runner/work/swaxi-dispo-v6/swaxi-dispo-v6/src/tests/seedSnapshot.test.js","startTime":1756286374415,"status":"passed","summary":""},{"assertionResults":[{"ancestorTitles":["ID Generator"],"duration":3,"failing":false,"failureDetails":[],"failureMessages":[],"fullName":"ID Generator monotonic increasing with zero padding","invocations":1,"location":null,"numPassingAsserts":4,"retryReasons":[],"startAt":1756286374823,"status":"passed","title":"monotonic increasing with zero padding"},{"ancestorTitles":["ID Generator"],"duration":1,"failing":false,"failureDetails":[],"failureMessages":[],"fullName":"ID Generator persists counter value","invocations":1,"location":null,"numPassingAsserts":1,"retryReasons":[],"startAt":1756286374826,"status":"passed","title":"persists counter value"}],"endTime":1756286374827,"message":"","name":"/home/runner/work/swaxi-dispo-v6/swaxi-dispo-v6/src/tests/idGenerator.test.js","startTime":1756286374621,"status":"passed","summary":""}],"wasInterrupted":false,"coverageMap":{"/home/runner/work/swaxi-dispo-v6/swaxi-dispo-v6/src/contexts/FeedbackContext.jsx":{"path":"/home/runner/work/swaxi-dispo-v6/swaxi-dispo-v6/src/contexts/FeedbackContext.jsx","statementMap":{"0":{"start":{"line":6,"column":24},"end":{"line":6,"column":43}},"1":{"start":{"line":10,"column":21},"end":{"line":10,"column":85}},"2":{"start":{"line":11,"column":17},"end":{"line":11,"column":81}},"3":{"start":{"line":12,"column":2},"end":{"line":12,"column":31}},"4":{"start":{"line":16,"column":28},"end":{"line":22,"column":4}},"5":{"start":{"line":17,"column":4},"end":{"line":20,"column":28}},"6":{"start":{"line":18,"column":18},"end":{"line":18,"column":56}},"7":{"start":{"line":19,"column":6},"end":{"line":19,"column":37}},"8":{"start":{"line":19,"column":15},"end":{"line":19,"column":37}},"9":{"start":{"line":21,"column":4},"end":{"line":21,"column":13}},"10":{"start":{"line":23,"column":30},"end":{"line":23,"column":45}},"11":{"start":{"line":25,"column":2},"end":{"line":27,"column":13}},"12":{"start":{"line":26,"column":4},"end":{"line":26,"column":96}},"13":{"start":{"line":26,"column":10},"end":{"line":26,"column":71}},"14":{"start":{"line":29,"column":15},"end":{"line":29,"column":53}},"15":{"start":{"line":29,"column":33},"end":{"line":29,"column":48}},"16":{"start":{"line":30,"column":16},"end":{"line":30,"column":55}},"17":{"start":{"line":30,"column":34},"end":{"line":30,"column":50}},"18":{"start":{"line":32,"column":22},"end":{"line":50,"column":28}},"19":{"start":{"line":33,"column":4},"end":{"line":33,"column":74}},"20":{"start":{"line":33,"column":37},"end":{"line":33,"column":74}},"21":{"start":{"line":34,"column":35},"end":{"line":34,"column":51}},"22":{"start":{"line":35,"column":18},"end":{"line":44,"column":5}},"23":{"start":{"line":45,"column":4},"end":{"line":45,"column":38}},"24":{"start":{"line":45,"column":21},"end":{"line":45,"column":37}},"25":{"start":{"line":46,"column":4},"end":{"line":46,"column":11}},"26":{"start":{"line":48,"column":4},"end":{"line":48,"column":57}},"27":{"start":{"line":48,"column":10},"end":{"line":48,"column":32}},"28":{"start":{"line":49,"column":4},"end":{"line":49,"column":37}},"29":{"start":{"line":52,"column":21},"end":{"line":60,"column":13}},"30":{"start":{"line":53,"column":17},"end":{"line":53,"column":89}},"31":{"start":{"line":54,"column":16},"end":{"line":54,"column":41}},"32":{"start":{"line":55,"column":14},"end":{"line":55,"column":41}},"33":{"start":{"line":56,"column":4},"end":{"line":56,"column":16}},"34":{"start":{"line":57,"column":4},"end":{"line":57,"column":39}},"35":{"start":{"line":58,"column":4},"end":{"line":58,"column":13}},"36":{"start":{"line":59,"column":4},"end":{"line":59,"column":28}},"37":{"start":{"line":62,"column":16},"end":{"line":62,"column":143}},"38":{"start":{"line":62,"column":31},"end":{"line":62,"column":86}},"39":{"start":{"line":63,"column":2},"end":{"line":67,"column":3}}},"fnMap":{"0":{"name":"safeGetGlobals","decl":{"start":{"line":8,"column":9},"end":{"line":8,"column":23}},"loc":{"start":{"line":8,"column":26},"end":{"line":13,"column":1}},"line":8},"1":{"name":"FeedbackProvider","decl":{"start":{"line":15,"column":16},"end":{"line":15,"column":32}},"loc":{"start":{"line":15,"column":62},"end":{"line":68,"column":1}},"line":15},"2":{"name":"(anonymous_2)","decl":{"start":{"line":16,"column":37},"end":{"line":16,"column":38}},"loc":{"start":{"line":16,"column":43},"end":{"line":22,"column":3}},"line":16},"3":{"name":"(anonymous_3)","decl":{"start":{"line":25,"column":12},"end":{"line":25,"column":13}},"loc":{"start":{"line":25,"column":18},"end":{"line":27,"column":3}},"line":25},"4":{"name":"(anonymous_4)","decl":{"start":{"line":29,"column":27},"end":{"line":29,"column":28}},"loc":{"start":{"line":29,"column":33},"end":{"line":29,"column":48}},"line":29},"5":{"name":"(anonymous_5)","decl":{"start":{"line":30,"column":28},"end":{"line":30,"column":29}},"loc":{"start":{"line":30,"column":34},"end":{"line":30,"column":50}},"line":30},"6":{"name":"(anonymous_6)","decl":{"start":{"line":32,"column":34},"end":{"line":32,"column":35}},"loc":{"start":{"line":32,"column":84},"end":{"line":50,"column":3}},"line":32},"7":{"name":"(anonymous_7)","decl":{"start":{"line":45,"column":13},"end":{"line":45,"column":14}},"loc":{"start":{"line":45,"column":21},"end":{"line":45,"column":37}},"line":45},"8":{"name":"(anonymous_8)","decl":{"start":{"line":52,"column":33},"end":{"line":52,"column":34}},"loc":{"start":{"line":52,"column":39},"end":{"line":60,"column":3}},"line":52},"9":{"name":"(anonymous_9)","decl":{"start":{"line":62,"column":24},"end":{"line":62,"column":25}},"loc":{"start":{"line":62,"column":31},"end":{"line":62,"column":86}},"line":62}},"branchMap":{"0":{"loc":{"start":{"line":10,"column":21},"end":{"line":10,"column":85}},"type":"cond-expr","locations":[{"start":{"line":10,"column":62},"end":{"line":10,"column":77}},{"start":{"line":10,"column":80},"end":{"line":10,"column":85}}],"line":10},"1":{"loc":{"start":{"line":11,"column":17},"end":{"line":11,"column":81}},"type":"cond-expr","locations":[{"start":{"line":11,"column":57},"end":{"line":11,"column":71}},{"start":{"line":11,"column":74},"end":{"line":11,"column":81}}],"line":11},"2":{"loc":{"start":{"line":19,"column":6},"end":{"line":19,"column":37}},"type":"if","locations":[{"start":{"line":19,"column":6},"end":{"line":19,"column":37}},{"start":{},"end":{}}],"line":19},"3":{"loc":{"start":{"line":32,"column":44},"end":{"line":32,"column":79}},"type":"default-arg","locations":[{"start":{"line":32,"column":77},"end":{"line":32,"column":79}}],"line":32},"4":{"loc":{"start":{"line":32,"column":46},"end":{"line":32,"column":66}},"type":"default-arg","locations":[{"start":{"line":32,"column":57},"end":{"line":32,"column":66}}],"line":32},"5":{"loc":{"start":{"line":33,"column":4},"end":{"line":33,"column":74}},"type":"if","locations":[{"start":{"line":33,"column":4},"end":{"line":33,"column":74}},{"start":{},"end":{}}],"line":33},"6":{"loc":{"start":{"line":33,"column":8},"end":{"line":33,"column":35}},"type":"binary-expr","locations":[{"start":{"line":33,"column":8},"end":{"line":33,"column":16}},{"start":{"line":33,"column":20},"end":{"line":33,"column":35}}],"line":33},"7":{"loc":{"start":{"line":39,"column":14},"end":{"line":39,"column":44}},"type":"binary-expr","locations":[{"start":{"line":39,"column":14},"end":{"line":39,"column":22}},{"start":{"line":39,"column":26},"end":{"line":39,"column":36}},{"start":{"line":39,"column":40},"end":{"line":39,"column":44}}],"line":39},"8":{"loc":{"start":{"line":40,"column":12},"end":{"line":40,"column":37}},"type":"binary-expr","locations":[{"start":{"line":40,"column":12},"end":{"line":40,"column":22}},{"start":{"line":40,"column":26},"end":{"line":40,"column":37}}],"line":40}},"s":{"0":6,"1":1,"2":1,"3":1,"4":7,"5":3,"6":3,"7":3,"8":0,"9":3,"10":7,"11":7,"12":4,"13":4,"14":7,"15":2,"16":7,"17":1,"18":7,"19":1,"20":0,"21":1,"22":1,"23":1,"24":1,"25":1,"26":1,"27":1,"28":1,"29":7,"30":0,"31":0,"32":0,"33":0,"34":0,"35":0,"36":0,"37":7,"38":7,"39":7},"f":{"0":1,"1":7,"2":3,"3":4,"4":2,"5":1,"6":1,"7":1,"8":0,"9":7},"b":{"0":[0,1],"1":[0,1],"2":[0,3],"3":[0],"4":[0],"5":[0,1],"6":[1,1],"7":[1,0,0],"8":[1,0]},"_coverageSchema":"1a1c01bbd47fc00a2c39e90264f33305004495a9","hash":"24dc190ed5fd306b3c537b98c4635dbb4767657b"},"/home/runner/work/swaxi-dispo-v6/swaxi-dispo-v6/src/contexts/useFeedback.js":{"path":"/home/runner/work/swaxi-dispo-v6/swaxi-dispo-v6/src/contexts/useFeedback.js","statementMap":{"0":{"start":{"line":6,"column":14},"end":{"line":6,"column":41}},"1":{"start":{"line":7,"column":2},"end":{"line":7,"column":79}},"2":{"start":{"line":7,"column":12},"end":{"line":7,"column":79}},"3":{"start":{"line":8,"column":2},"end":{"line":8,"column":12}}},"fnMap":{"0":{"name":"useFeedback","decl":{"start":{"line":5,"column":16},"end":{"line":5,"column":27}},"loc":{"start":{"line":5,"column":30},"end":{"line":9,"column":1}},"line":5}},"branchMap":{"0":{"loc":{"start":{"line":7,"column":2},"end":{"line":7,"column":79}},"type":"if","locations":[{"start":{"line":7,"column":2},"end":{"line":7,"column":79}},{"start":{},"end":{}}],"line":7}},"s":{"0":20,"1":20,"2":5,"3":15},"f":{"0":20},"b":{"0":[5,15]},"_coverageSchema":"1a1c01bbd47fc00a2c39e90264f33305004495a9","hash":"f61a3e3dbe6cbf9844e18de6a52079a38ec583a3"},"/home/runner/work/swaxi-dispo-v6/swaxi-dispo-v6/src/contexts/AuthContext.jsx":{"path":"/home/runner/work/swaxi-dispo-v6/swaxi-dispo-v6/src/contexts/AuthContext.jsx","statementMap":{"0":{"start":{"line":3,"column":20},"end":{"line":3,"column":35}},"1":{"start":{"line":8,"column":18},"end":{"line":13,"column":1}},"2":{"start":{"line":16,"column":26},"end":{"line":16,"column":40}},"3":{"start":{"line":18,"column":16},"end":{"line":24,"column":3}},"4":{"start":{"line":19,"column":24},"end":{"line":19,"column":42}},"5":{"start":{"line":20,"column":4},"end":{"line":23,"column":5}},"6":{"start":{"line":21,"column":6},"end":{"line":21,"column":27}},"7":{"start":{"line":22,"column":6},"end":{"line":22,"column":64}},"8":{"start":{"line":26,"column":17},"end":{"line":29,"column":3}},"9":{"start":{"line":27,"column":4},"end":{"line":27,"column":18}},"10":{"start":{"line":28,"column":4},"end":{"line":28,"column":36}},"11":{"start":{"line":31,"column":2},"end":{"line":50,"column":9}},"12":{"start":{"line":32,"column":23},"end":{"line":32,"column":51}},"13":{"start":{"line":33,"column":4},"end":{"line":49,"column":5}},"14":{"start":{"line":34,"column":6},"end":{"line":48,"column":30}},"15":{"start":{"line":35,"column":23},"end":{"line":35,"column":45}},"16":{"start":{"line":37,"column":22},"end":{"line":37,"column":48}},"17":{"start":{"line":38,"column":8},"end":{"line":41,"column":9}},"18":{"start":{"line":39,"column":10},"end":{"line":39,"column":30}},"19":{"start":{"line":40,"column":10},"end":{"line":40,"column":63}},"20":{"start":{"line":43,"column":8},"end":{"line":46,"column":9}},"21":{"start":{"line":44,"column":10},"end":{"line":44,"column":34}},"22":{"start":{"line":45,"column":10},"end":{"line":45,"column":63}},"23":{"start":{"line":47,"column":8},"end":{"line":47,"column":24}},"24":{"start":{"line":52,"column":2},"end":{"line":56,"column":4}}},"fnMap":{"0":{"name":"AuthProvider","decl":{"start":{"line":15,"column":16},"end":{"line":15,"column":28}},"loc":{"start":{"line":15,"column":43},"end":{"line":57,"column":1}},"line":15},"1":{"name":"(anonymous_1)","decl":{"start":{"line":18,"column":16},"end":{"line":18,"column":17}},"loc":{"start":{"line":18,"column":29},"end":{"line":24,"column":3}},"line":18},"2":{"name":"(anonymous_2)","decl":{"start":{"line":26,"column":17},"end":{"line":26,"column":18}},"loc":{"start":{"line":26,"column":23},"end":{"line":29,"column":3}},"line":26},"3":{"name":"(anonymous_3)","decl":{"start":{"line":31,"column":12},"end":{"line":31,"column":13}},"loc":{"start":{"line":31,"column":18},"end":{"line":50,"column":3}},"line":31}},"branchMap":{"0":{"loc":{"start":{"line":20,"column":4},"end":{"line":23,"column":5}},"type":"if","locations":[{"start":{"line":20,"column":4},"end":{"line":23,"column":5}},{"start":{},"end":{}}],"line":20},"1":{"loc":{"start":{"line":33,"column":4},"end":{"line":49,"column":5}},"type":"if","locations":[{"start":{"line":33,"column":4},"end":{"line":49,"column":5}},{"start":{},"end":{}}],"line":33},"2":{"loc":{"start":{"line":38,"column":8},"end":{"line":41,"column":9}},"type":"if","locations":[{"start":{"line":38,"column":8},"end":{"line":41,"column":9}},{"start":{},"end":{}}],"line":38},"3":{"loc":{"start":{"line":38,"column":12},"end":{"line":38,"column":42}},"type":"binary-expr","locations":[{"start":{"line":38,"column":12},"end":{"line":38,"column":17}},{"start":{"line":38,"column":21},"end":{"line":38,"column":42}}],"line":38},"4":{"loc":{"start":{"line":43,"column":8},"end":{"line":46,"column":9}},"type":"if","locations":[{"start":{"line":43,"column":8},"end":{"line":46,"column":9}},{"start":{},"end":{}}],"line":43},"5":{"loc":{"start":{"line":43,"column":12},"end":{"line":43,"column":37}},"type":"binary-expr","locations":[{"start":{"line":43,"column":12},"end":{"line":43,"column":22}},{"start":{"line":43,"column":26},"end":{"line":43,"column":37}}],"line":43}},"s":{"0":21,"1":21,"2":11,"3":11,"4":2,"5":2,"6":2,"7":2,"8":11,"9":1,"10":1,"11":11,"12":6,"13":6,"14":1,"15":1,"16":1,"17":1,"18":0,"19":0,"20":1,"21":0,"22":0,"23":1,"24":11},"f":{"0":11,"1":2,"2":1,"3":6},"b":{"0":[2,0],"1":[1,5],"2":[0,1],"3":[1,1],"4":[0,1],"5":[1,0]},"_coverageSchema":"1a1c01bbd47fc00a2c39e90264f33305004495a9","hash":"e86c2cf98599d0ce937f76efb86d69bb2ddb14c7"},"/home/runner/work/swaxi-dispo-v6/swaxi-dispo-v6/src/utils/constants.js":{"path":"/home/runner/work/swaxi-dispo-v6/swaxi-dispo-v6/src/utils/constants.js","statementMap":{"0":{"start":{"line":1,"column":21},"end":{"line":6,"column":1}},"1":{"start":{"line":8,"column":28},"end":{"line":12,"column":1}},"2":{"start":{"line":14,"column":30},"end":{"line":17,"column":1}},"3":{"start":{"line":21,"column":2},"end":{"line":21,"column":82}},"4":{"start":{"line":24,"column":2},"end":{"line":24,"column":54}},"5":{"start":{"line":27,"column":2},"end":{"line":27,"column":54}},"6":{"start":{"line":30,"column":2},"end":{"line":30,"column":80}},"7":{"start":{"line":33,"column":31},"end":{"line":42,"column":1}}},"fnMap":{"0":{"name":"canManageShifts","decl":{"start":{"line":20,"column":16},"end":{"line":20,"column":31}},"loc":{"start":{"line":20,"column":38},"end":{"line":22,"column":1}},"line":20},"1":{"name":"canAssignShifts","decl":{"start":{"line":23,"column":16},"end":{"line":23,"column":31}},"loc":{"start":{"line":23,"column":38},"end":{"line":25,"column":1}},"line":23},"2":{"name":"canManageTemplates","decl":{"start":{"line":26,"column":16},"end":{"line":26,"column":34}},"loc":{"start":{"line":26,"column":41},"end":{"line":28,"column":1}},"line":26},"3":{"name":"canViewAnalytics","decl":{"start":{"line":29,"column":16},"end":{"line":29,"column":32}},"loc":{"start":{"line":29,"column":39},"end":{"line":31,"column":1}},"line":29}},"branchMap":{"0":{"loc":{"start":{"line":21,"column":9},"end":{"line":21,"column":81}},"type":"binary-expr","locations":[{"start":{"line":21,"column":9},"end":{"line":21,"column":29}},{"start":{"line":21,"column":33},"end":{"line":21,"column":53}},{"start":{"line":21,"column":57},"end":{"line":21,"column":81}}],"line":21},"1":{"loc":{"start":{"line":24,"column":9},"end":{"line":24,"column":53}},"type":"binary-expr","locations":[{"start":{"line":24,"column":9},"end":{"line":24,"column":29}},{"start":{"line":24,"column":33},"end":{"line":24,"column":53}}],"line":24},"2":{"loc":{"start":{"line":27,"column":9},"end":{"line":27,"column":53}},"type":"binary-expr","locations":[{"start":{"line":27,"column":9},"end":{"line":27,"column":29}},{"start":{"line":27,"column":33},"end":{"line":27,"column":53}}],"line":27},"3":{"loc":{"start":{"line":30,"column":9},"end":{"line":30,"column":79}},"type":"binary-expr","locations":[{"start":{"line":30,"column":9},"end":{"line":30,"column":29}},{"start":{"line":30,"column":33},"end":{"line":30,"column":55}},{"start":{"line":30,"column":59},"end":{"line":30,"column":79}}],"line":30}},"s":{"0":30,"1":30,"2":30,"3":4,"4":4,"5":4,"6":4,"7":30},"f":{"0":4,"1":4,"2":4,"3":4},"b":{"0":[4,3,2],"1":[4,3],"2":[4,3],"3":[4,3,2]},"_coverageSchema":"1a1c01bbd47fc00a2c39e90264f33305004495a9","hash":"7b8201301f06df8faf7f76e832716952cc44bfce"},"/home/runner/work/swaxi-dispo-v6/swaxi-dispo-v6/src/components/ActiveRoleBadge.jsx":{"path":"/home/runner/work/swaxi-dispo-v6/swaxi-dispo-v6/src/components/ActiveRoleBadge.jsx","statementMap":{"0":{"start":{"line":8,"column":2},"end":{"line":14,"column":3}},"1":{"start":{"line":9,"column":22},"end":{"line":9,"column":53}},"2":{"start":{"line":10,"column":22},"end":{"line":10,"column":55}},"3":{"start":{"line":11,"column":26},"end":{"line":11,"column":58}},"4":{"start":{"line":12,"column":24},"end":{"line":12,"column":55}},"5":{"start":{"line":13,"column":13},"end":{"line":13,"column":44}},"6":{"start":{"line":18,"column":15},"end":{"line":18,"column":38}},"7":{"start":{"line":19,"column":15},"end":{"line":19,"column":31}},"8":{"start":{"line":20,"column":2},"end":{"line":20,"column":24}},"9":{"start":{"line":20,"column":13},"end":{"line":20,"column":24}},"10":{"start":{"line":21,"column":2},"end":{"line":29,"column":3}}},"fnMap":{"0":{"name":"roleStyle","decl":{"start":{"line":7,"column":9},"end":{"line":7,"column":18}},"loc":{"start":{"line":7,"column":25},"end":{"line":15,"column":1}},"line":7},"1":{"name":"ActiveRoleBadge","decl":{"start":{"line":17,"column":24},"end":{"line":17,"column":39}},"loc":{"start":{"line":17,"column":60},"end":{"line":30,"column":1}},"line":17}},"branchMap":{"0":{"loc":{"start":{"line":8,"column":2},"end":{"line":14,"column":3}},"type":"switch","locations":[{"start":{"line":9,"column":4},"end":{"line":9,"column":53}},{"start":{"line":10,"column":4},"end":{"line":10,"column":55}},{"start":{"line":11,"column":4},"end":{"line":11,"column":58}},{"start":{"line":12,"column":4},"end":{"line":12,"column":55}},{"start":{"line":13,"column":4},"end":{"line":13,"column":44}}],"line":8},"1":{"loc":{"start":{"line":17,"column":42},"end":{"line":17,"column":56}},"type":"default-arg","locations":[{"start":{"line":17,"column":54},"end":{"line":17,"column":56}}],"line":17},"2":{"loc":{"start":{"line":20,"column":2},"end":{"line":20,"column":24}},"type":"if","locations":[{"start":{"line":20,"column":2},"end":{"line":20,"column":24}},{"start":{},"end":{}}],"line":20}},"s":{"0":7,"1":3,"2":1,"3":1,"4":2,"5":0,"6":8,"7":8,"8":8,"9":1,"10":7},"f":{"0":7,"1":8},"b":{"0":[3,1,1,2,0],"1":[5],"2":[1,7]},"_coverageSchema":"1a1c01bbd47fc00a2c39e90264f33305004495a9","hash":"4e150866c3ead7011ee9d2f0003d27843990dac1"},"/home/runner/work/swaxi-dispo-v6/swaxi-dispo-v6/src/components/VersionBadge.jsx":{"path":"/home/runner/work/swaxi-dispo-v6/swaxi-dispo-v6/src/components/VersionBadge.jsx","statementMap":{"0":{"start":{"line":6,"column":18},"end":{"line":6,"column":82}},"1":{"start":{"line":7,"column":17},"end":{"line":7,"column":81}},"2":{"start":{"line":8,"column":16},"end":{"line":8,"column":74}},"3":{"start":{"line":9,"column":20},"end":{"line":9,"column":87}},"4":{"start":{"line":10,"column":16},"end":{"line":10,"column":90}},"5":{"start":{"line":11,"column":2},"end":{"line":18,"column":3}}},"fnMap":{"0":{"name":"VersionBadge","decl":{"start":{"line":5,"column":24},"end":{"line":5,"column":36}},"loc":{"start":{"line":5,"column":57},"end":{"line":19,"column":1}},"line":5}},"branchMap":{"0":{"loc":{"start":{"line":5,"column":39},"end":{"line":5,"column":53}},"type":"default-arg","locations":[{"start":{"line":5,"column":51},"end":{"line":5,"column":53}}],"line":5},"1":{"loc":{"start":{"line":6,"column":18},"end":{"line":6,"column":82}},"type":"cond-expr","locations":[{"start":{"line":6,"column":59},"end":{"line":6,"column":74}},{"start":{"line":6,"column":77},"end":{"line":6,"column":82}}],"line":6},"2":{"loc":{"start":{"line":7,"column":17},"end":{"line":7,"column":81}},"type":"cond-expr","locations":[{"start":{"line":7,"column":57},"end":{"line":7,"column":71}},{"start":{"line":7,"column":74
[...]
6/src/services/shiftGenerationService.js":{"path":"/home/runner/work/swaxi-dispo-v6/swaxi-dispo-v6/src/services/shiftGenerationService.js","statementMap":{"0":{"start":{"line":3,"column":19},"end":{"line":11,"column":1}},"1":{"start":{"line":14,"column":20},"end":{"line":14,"column":22}},"2":{"start":{"line":15,"column":16},"end":{"line":15,"column":26}},"3":{"start":{"line":17,"column":2},"end":{"line":34,"column":3}},"4":{"start":{"line":17,"column":15},"end":{"line":17,"column":16}},"5":{"start":{"line":18,"column":17},"end":{"line":18,"column":34}},"6":{"start":{"line":19,"column":22},"end":{"line":19,"column":34}},"7":{"start":{"line":21,"column":4},"end":{"line":33,"column":6}},"8":{"start":{"line":22,"column":6},"end":{"line":32,"column":7}},"9":{"start":{"line":22,"column":33},"end":{"line":22,"column":46}},"10":{"start":{"line":23,"column":8},"end":{"line":31,"column":10}},"11":{"start":{"line":35,"column":2},"end":{"line":35,"column":18}}},"fnMap":{"0":{"name":"generateShifts","decl":{"start":{"line":13,"column":16},"end":{"line":13,"column":30}},"loc":{"start":{"line":13,"column":42},"end":{"line":36,"column":1}},"line":13},"1":{"name":"(anonymous_1)","decl":{"start":{"line":21,"column":22},"end":{"line":21,"column":23}},"loc":{"start":{"line":21,"column":36},"end":{"line":33,"column":5}},"line":21},"2":{"name":"(anonymous_2)","decl":{"start":{"line":22,"column":28},"end":{"line":22,"column":29}},"loc":{"start":{"line":22,"column":33},"end":{"line":22,"column":46}},"line":22}},"branchMap":{"0":{"loc":{"start":{"line":22,"column":6},"end":{"line":32,"column":7}},"type":"if","locations":[{"start":{"line":22,"column":6},"end":{"line":32,"column":7}},{"start":{},"end":{}}],"line":22}},"s":{"0":1,"1":2,"2":2,"3":2,"4":2,"5":20,"6":20,"7":20,"8":30,"9":70,"10":10,"11":2},"f":{"0":2,"1":30,"2":70},"b":{"0":[10,20]},"_coverageSchema":"1a1c01bbd47fc00a2c39e90264f33305004495a9","hash":"9d57f2b438850539ceaa6d057f8a34d72533c51f"},"/home/runner/work/swaxi-dispo-v6/swaxi-dispo-v6/src/tests/mocks/firebaseFirestore.js":{"path":"/home/runner/work/swaxi-dispo-v6/swaxi-dispo-v6/src/tests/mocks/firebaseFirestore.js","statementMap":{"0":{"start":{"line":2,"column":15},"end":{"line":2,"column":17}},"1":{"start":{"line":3,"column":26},"end":{"line":3,"column":73}},"2":{"start":{"line":3,"column":42},"end":{"line":3,"column":72}},"3":{"start":{"line":4,"column":19},"end":{"line":4,"column":72}},"4":{"start":{"line":4,"column":30},"end":{"line":4,"column":71}},"5":{"start":{"line":5,"column":26},"end":{"line":8,"column":2}},"6":{"start":{"line":5,"column":33},"end":{"line":8,"column":1}},"7":{"start":{"line":6,"column":22},"end":{"line":6,"column":61}},"8":{"start":{"line":7,"column":22},"end":{"line":7,"column":26}},"9":{"start":{"line":9,"column":23},"end":{"line":9,"column":132}},"10":{"start":{"line":9,"column":40},"end":{"line":9,"column":131}},"11":{"start":{"line":9,"column":111},"end":{"line":9,"column":125}},"12":{"start":{"line":10,"column":28},"end":{"line":10,"column":41}}},"fnMap":{"0":{"name":"(anonymous_0)","decl":{"start":{"line":3,"column":26},"end":{"line":3,"column":27}},"loc":{"start":{"line":3,"column":42},"end":{"line":3,"column":72}},"line":3},"1":{"name":"(anonymous_1)","decl":{"start":{"line":4,"column":19},"end":{"line":4,"column":20}},"loc":{"start":{"line":4,"column":30},"end":{"line":4,"column":71}},"line":4},"2":{"name":"(anonymous_2)","decl":{"start":{"line":5,"column":26},"end":{"line":5,"column":27}},"loc":{"start":{"line":5,"column":33},"end":{"line":8,"column":1}},"line":5},"3":{"name":"(anonymous_3)","decl":{"start":{"line":6,"column":7},"end":{"line":6,"column":8}},"loc":{"start":{"line":6,"column":22},"end":{"line":6,"column":61}},"line":6},"4":{"name":"(anonymous_4)","decl":{"start":{"line":7,"column":10},"end":{"line":7,"column":11}},"loc":{"start":{"line":7,"column":22},"end":{"line":7,"column":26}},"line":7},"5":{"name":"(anonymous_5)","decl":{"start":{"line":9,"column":23},"end":{"line":9,"column":24}},"loc":{"start":{"line":9,"column":40},"end":{"line":9,"column":131}},"line":9},"6":{"name":"(anonymous_6)","decl":{"start":{"line":9,"column":104},"end":{"line":9,"column":105}},"loc":{"start":{"line":9,"column":111},"end":{"line":9,"column":125}},"line":9},"7":{"name":"__reset","decl":{"start":{"line":10,"column":16},"end":{"line":10,"column":23}},"loc":{"start":{"line":10,"column":26},"end":{"line":10,"column":43}},"line":10}},"branchMap":{"0":{"loc":{"start":{"line":9,"column":48},"end":{"line":9,"column":78}},"type":"cond-expr","locations":[{"start":{"line":9,"column":73},"end":{"line":9,"column":74}},{"start":{"line":9,"column":77},"end":{"line":9,"column":78}}],"line":9}},"s":{"0":1,"1":1,"2":9,"3":1,"4":3,"5":1,"6":1,"7":2,"8":1,"9":1,"10":5,"11":4,"12":0},"f":{"0":9,"1":3,"2":1,"3":2,"4":1,"5":5,"6":4,"7":0},"b":{"0":[2,3]},"_coverageSchema":"1a1c01bbd47fc00a2c39e90264f33305004495a9","hash":"642eab39f84f7b6cef32a82d607041b175d44b27"},"/home/runner/work/swaxi-dispo-v6/swaxi-dispo-v6/src/services/migrationService.js":{"path":"/home/runner/work/swaxi-dispo-v6/swaxi-dispo-v6/src/services/migrationService.js","statementMap":{"0":{"start":{"line":8,"column":17},"end":{"line":13,"column":5}},"1":{"start":{"line":16,"column":17},"end":{"line":16,"column":88}},"2":{"start":{"line":17,"column":16},"end":{"line":17,"column":41}},"3":{"start":{"line":19,"column":14},"end":{"line":19,"column":41}},"4":{"start":{"line":20,"column":4},"end":{"line":20,"column":17}},"5":{"start":{"line":21,"column":4},"end":{"line":21,"column":79}},"6":{"start":{"line":22,"column":4},"end":{"line":22,"column":33}},"7":{"start":{"line":23,"column":4},"end":{"line":23,"column":14}},"8":{"start":{"line":24,"column":4},"end":{"line":24,"column":33}},"9":{"start":{"line":25,"column":4},"end":{"line":25,"column":29}},"10":{"start":{"line":27,"column":4},"end":{"line":27,"column":16}},"11":{"start":{"line":31,"column":18},"end":{"line":31,"column":32}},"12":{"start":{"line":32,"column":25},"end":{"line":32,"column":26}},"13":{"start":{"line":34,"column":4},"end":{"line":58,"column":5}},"14":{"start":{"line":36,"column":6},"end":{"line":48,"column":7}},"15":{"start":{"line":37,"column":8},"end":{"line":47,"column":11}},"16":{"start":{"line":38,"column":27},"end":{"line":38,"column":56}},"17":{"start":{"line":39,"column":10},"end":{"line":45,"column":13}},"18":{"start":{"line":46,"column":10},"end":{"line":46,"column":27}},"19":{"start":{"line":51,"column":6},"end":{"line":51,"column":27}},"20":{"start":{"line":53,"column":6},"end":{"line":53,"column":83}},"21":{"start":{"line":54,"column":6},"end":{"line":54,"column":54}},"22":{"start":{"line":56,"column":6},"end":{"line":56,"column":50}},"23":{"start":{"line":57,"column":6},"end":{"line":57,"column":54}},"24":{"start":{"line":62,"column":4},"end":{"line":81,"column":5}},"25":{"start":{"line":63,"column":29},"end":{"line":63,"column":68}},"26":{"start":{"line":64,"column":33},"end":{"line":64,"column":52}},"27":{"start":{"line":66,"column":31},"end":{"line":66,"column":104}},"28":{"start":{"line":67,"column":30},"end":{"line":67,"column":66}},"29":{"start":{"line":69,"column":25},"end":{"line":74,"column":7}},"30":{"start":{"line":76,"column":6},"end":{"line":76,"column":55}},"31":{"start":{"line":77,"column":6},"end":{"line":77,"column":24}},"32":{"start":{"line":79,"column":6},"end":{"line":79,"column":48}},"33":{"start":{"line":80,"column":6},"end":{"line":80,"column":38}},"34":{"start":{"line":85,"column":4},"end":{"line":115,"column":5}},"35":{"start":{"line":86,"column":26},"end":{"line":86,"column":78}},"36":{"start":{"line":87,"column":21},"end":{"line":90,"column":7}},"37":{"start":{"line":92,"column":6},"end":{"line":98,"column":7}},"38":{"start":{"line":93,"column":25},"end":{"line":93,"column":70}},"39":{"start":{"line":94,"column":8},"end":{"line":97,"column":12}},"40":{"start":{"line":94,"column":64},"end":{"line":97,"column":9}},"41":{"start":{"line":100,"column":19},"end":{"line":100,"column":92}},"42":{"start":{"line":101,"column":18},"end":{"line":101,"column":43}},"43":{"start":{"line":103,"column":16},"end":{"line":103,"column":43}},"44":{"start":{"line":104,"column":6},"end":{"line":104,"column":19}},"45":{"start":{"line":105,"column":6},"end":{"line":105,"column":81}},"46":{"start":{"line":106,"column":6},"end":{"line":106,"column":35}},"47":{"start":{"line":107,"column":6},"end":{"line":107,"column":16}},"48":{"start":{"line":108,"column":6},"end":{"line":108,"column":35}},"49":{"start":{"line":109,"column":6},"end":{"line":109,"column":31}},"50":{"start":{"line":111,"column":6},"end":{"line":111,"column":20}},"51":{"start":{"line":113,"column":6},"end":{"line":113,"column":45}},"52":{"start":{"line":114,"column":6},"end":{"line":114,"column":18}}},"fnMap":{"0":{"name":"(anonymous_0)","decl":{"start":{"line":7,"column":2},"end":{"line":7,"column":3}},"loc":{"start":{"line":7,"column":33},"end":{"line":28,"column":3}},"line":7},"1":{"name":"(anonymous_1)","decl":{"start":{"line":30,"column":2},"end":{"line":30,"column":3}},"loc":{"start":{"line":30,"column":35},"end":{"line":59,"column":3}},"line":30},"2":{"name":"(anonymous_2)","decl":{"start":{"line":37,"column":32},"end":{"line":37,"column":33}},"loc":{"start":{"line":37,"column":43},"end":{"line":47,"column":9}},"line":37},"3":{"name":"(anonymous_3)","decl":{"start":{"line":61,"column":2},"end":{"line":61,"column":3}},"loc":{"start":{"line":61,"column":28},"end":{"line":82,"column":3}},"line":61},"4":{"name":"(anonymous_4)","decl":{"start":{"line":84,"column":2},"end":{"line":84,"column":3}},"loc":{"start":{"line":84,"column":23},"end":{"line":116,"column":3}},"line":84},"5":{"name":"(anonymous_5)","decl":{"start":{"line":94,"column":56},"end":{"line":94,"column":57}},"loc":{"start":{"line":94,"column":64},"end":{"line":97,"column":9}},"line":94}},"branchMap":{"0":{"loc":{"start":{"line":9,"column":25},"end":{"line":9,"column":86}},"type":"binary-expr","locations":[{"start":{"line":9,"column":25},"end":{"line":9,"column":66}},{"start":{"line":9,"column":70},"end":{"line":9,"column":86}}],"line":9},"1":{"loc":{"start":{"line":10,"column":23},"end":{"line":10,"column":65}},"type":"binary-expr","locations":[{"start":{"line":10,"column":23},"end":{"line":10,"column":57}},{"start":{"line":10,"column":61},"end":{"line":10,"column":65}}],"line":10},"2":{"loc":{"start":{"line":36,"column":6},"end":{"line":48,"column":7}},"type":"if","locations":[{"start":{"line":36,"column":6},"end":{"line":48,"column":7}},{"start":{},"end":{}}],"line":36},"3":{"loc":{"start":{"line":36,"column":10},"end":{"line":36,"column":59}},"type":"binary-expr","locations":[{"start":{"line":36,"column":10},"end":{"line":36,"column":25}},{"start":{"line":36,"column":29},"end":{"line":36,"column":59}}],"line":36},"4":{"loc":{"start":{"line":66,"column":42},"end":{"line":66,"column":103}},"type":"binary-expr","locations":[{"start":{"line":66,"column":42},"end":{"line":66,"column":83}},{"start":{"line":66,"column":87},"end":{"line":66,"column":103}}],"line":66},"5":{"loc":{"start":{"line":67,"column":30},"end":{"line":67,"column":66}},"type":"binary-expr","locations":[{"start":{"line":67,"column":30},"end":{"line":67,"column":61}},{"start":{"line":67,"column":65},"end":{"line":67,"column":66}}],"line":67}},"s":{"0":1,"1":1,"2":1,"3":1,"4":1,"5":1,"6":1,"7":1,"8":1,"9":1,"10":1,"11":2,"12":2,"13":2,"14":2,"15":2,"16":3,"17":3,"18":3,"19":2,"20":1,"21":1,"22":1,"23":1,"24":1,"25":1,"26":1,"27":1,"28":1,"29":1,"30":1,"31":1,"32":0,"33":0,"34":2,"35":2,"36":2,"37":2,"38":5,"39":4,"40":4,"41":1,"42":1,"43":1,"44":1,"45":1,"46":1,"47":1,"48":1,"49":1,"50":1,"51":1,"52":1},"f":{"0":1,"1":2,"2":3,"3":1,"4":2,"5":4},"b":{"0":[1,0],"1":[1,0],"2":[2,0],"3":[2,2],"4":[1,0],"5":[1,0]},"_coverageSchema":"1a1c01bbd47fc00a2c39e90264f33305004495a9","hash":"35ae2a6007b39c39595e753f1b893e0e1c4b22dc"},"/home/runner/work/swaxi-dispo-v6/swaxi-dispo-v6/src/tests/utils/factories.js":{"path":"/home/runner/work/swaxi-dispo-v6/swaxi-dispo-v6/src/tests/utils/factories.js","statementMap":{"0":{"start":{"line":4,"column":18},"end":{"line":4,"column":19}},"1":{"start":{"line":5,"column":15},"end":{"line":5,"column":64}},"2":{"start":{"line":5,"column":26},"end":{"line":5,"column":64}},"3":{"start":{"line":8,"column":2},"end":{"line":13,"column":4}},"4":{"start":{"line":17,"column":15},"end":{"line":26,"column":3}},"5":{"start":{"line":27,"column":2},"end":{"line":27,"column":35}},"6":{"start":{"line":31,"column":2},"end":{"line":37,"column":4}},"7":{"start":{"line":40,"column":36},"end":{"line":40,"column":52}}},"fnMap":{"0":{"name":"(anonymous_0)","decl":{"start":{"line":5,"column":15},"end":{"line":5,"column":16}},"loc":{"start":{"line":5,"column":26},"end":{"line":5,"column":64}},"line":5},"1":{"name":"buildUser","decl":{"start":{"line":7,"column":16},"end":{"line":7,"column":25}},"loc":{"start":{"line":7,"column":40},"end":{"line":14,"column":1}},"line":7},"2":{"name":"buildShift","decl":{"start":{"line":16,"column":16},"end":{"line":16,"column":26}},"loc":{"start":{"line":16,"column":41},"end":{"line":28,"column":1}},"line":16},"3":{"name":"buildApplication","decl":{"start":{"line":30,"column":16},"end":{"line":30,"column":32}},"loc":{"start":{"line":30,"column":47},"end":{"line":38,"column":1}},"line":30},"4":{"name":"resetFactoryIds","decl":{"start":{"line":40,"column":16},"end":{"line":40,"column":31}},"loc":{"start":{"line":40,"column":34},"end":{"line":40,"column":54}},"line":40}},"branchMap":{"0":{"loc":{"start":{"line":5,"column":16},"end":{"line":5,"column":21}},"type":"default-arg","locations":[{"start":{"line":5,"column":18},"end":{"line":5,"column":21}}],"line":5},"1":{"loc":{"start":{"line":7,"column":26},"end":{"line":7,"column":38}},"type":"default-arg","locations":[{"start":{"line":7,"column":36},"end":{"line":7,"column":38}}],"line":7},"2":{"loc":{"start":{"line":9,"column":8},"end":{"line":9,"column":37}},"type":"binary-expr","locations":[{"start":{"line":9,"column":8},"end":{"line":9,"column":20}},{"start":{"line":9,"column":24},"end":{"line":9,"column":37}}],"line":9},"3":{"loc":{"start":{"line":10,"column":10},"end":{"line":10,"column":39}},"type":"binary-expr","locations":[{"start":{"line":10,"column":10},"end":{"line":10,"column":24}},{"start":{"line":10,"column":28},"end":{"line":10,"column":39}}],"line":10},"4":{"loc":{"start":{"line":11,"column":10},"end":{"line":11,"column":39}},"type":"binary-expr","locations":[{"start":{"line":11,"column":10},"end":{"line":11,"column":24}},{"start":{"line":11,"column":28},"end":{"line":11,"column":39}}],"line":11},"5":{"loc":{"start":{"line":16,"column":27},"end":{"line":16,"column":39}},"type":"default-arg","locations":[{"start":{"line":16,"column":37},"end":{"line":16,"column":39}}],"line":16},"6":{"loc":{"start":{"line":18,"column":8},"end":{"line":18,"column":37}},"type":"binary-expr","locations":[{"start":{"line":18,"column":8},"end":{"line":18,"column":20}},{"start":{"line":18,"column":24},"end":{"line":18,"column":37}}],"line":18},"7":{"loc":{"start":{"line":19,"column":10},"end":{"line":19,"column":64}},"type":"binary-expr","locations":[{"start":{"line":19,"column":10},"end":{"line":19,"column":24}},{"start":{"line":19,"column":28},"end":{"line":19,"column":64}}],"line":19},"8":{"loc":{"start":{"line":20,"column":11},"end":{"line":20,"column":37}},"type":"binary-expr","locations":[{"start":{"line":20,"column":11},"end":{"line":20,"column":26}},{"start":{"line":20,"column":30},"end":{"line":20,"column":37}}],"line":20},"9":{"loc":{"start":{"line":21,"column":9},"end":{"line":21,"column":33}},"type":"binary-expr","locations":[{"start":{"line":21,"column":9},"end":{"line":21,"column":22}},{"start":{"line":21,"column":26},"end":{"line":21,"column":33}}],"line":21},"10":{"loc":{"start":{"line":22,"column":14},"end":{"line":22,"column":39}},"type":"binary-expr","locations":[{"start":{"line":22,"column":14},"end":{"line":22,"column":32}},{"start":{"line":22,"column":36},"end":{"line":22,"column":39}}],"line":22},"11":{"loc":{"start":{"line":23,"column":12},"end":{"line":23,"column":38}},"type":"binary-expr","locations":[{"start":{"line":23,"column":12},"end":{"line":23,"column":28}},{"start":{"line":23,"column":32},"end":{"line":23,"column":38}}],"line":23},"12":{"loc":{"start":{"line":24,"column":17},"end":{"line":24,"column":44}},"type":"binary-expr","locations":[{"start":{"line":24,"column":17},"end":{"line":24,"column":38}},{"start":{"line":24,"column":42},"end":{"line":24,"column":44}}],"line":24},"13":{"loc":{"start":{"line":25,"column":18},"end":{"line":25,"column":46}},"type":"binary-expr","locations":[{"start":{"line":25,"column":18},"end":{"line":25,"column":40}},{"start":{"line":25,"column":44},"end":{"line":25,"column":46}}],"line":25},"14":{"loc":{"start":{"line":30,"column":33},"end":{"line":30,"column":45}},"type":"default-arg","locations":[{"start":{"line":30,"column":43},"end":{"line":30,"column":45}}],"line":30},"15":{"loc":{"start":{"line":32,"column":8},"end":{"line":32,"column":37}},"type":"binary-expr","locations":[{"start":{"line":32,"column":8},"end":{"line":32,"column":20}},{"start":{"line":32,"column":24},"end":{"line":32,"column":37}}],"line":32},"16":{"loc":{"start":{"line":33,"column":13},"end":{"line":33,"column":47}},"type":"binary-expr","locations":[{"start":{"line":33,"column":13},"end":{"line":33,"column":30}},{"start":{"line":33,"column":34},"end":{"line":33,"column":47}}],"line":33},"17":{"loc":{"start":{"line":34,"column":12},"end":{"line":34,"column":45}},"type":"binary-expr","locations":[{"start":{"line":34,"column":12},"end":{"line":34,"column":28}},{"start":{"line":34,"column":32},"end":{"line":34,"column":45}}],"line":34},"18":{"loc":{"start":{"line":35,"column":15},"end":{"line":35,"column":48}},"type":"binary-expr","locations":[{"start":{"line":35,"column":15},"end":{"line":35,"column":34}},{"start":{"line":35,"column":38},"end":{"line":35,"column":48}}],"line":35}},"s":{"0":1,"1":1,"2":5,"3":2,"4":1,"5":1,"6":1,"7":3},"f":{"0":5,"1":2,"2":1,"3":1,"4":3},"b":{"0":[0],"1":[2],"2":[2,2],"3":[2,2],"4":[2,2],"5":[0],"6":[1,1],"7":[1,1],"8":[1,0],"9":[1,1],"10":[1,1],"11":[1,0],"12":[1,1],"13":[1,1],"14":[0],"15":[1,1],"16":[1,1],"17":[1,0],"18":[1,1]},"_coverageSchema":"1a1c01bbd47fc00a2c39e90264f33305004495a9","hash":"d55cb16740f820f376b12f753cfeb4bf1805c956"},"/home/runner/work/swaxi-dispo-v6/swaxi-dispo-v6/src/services/firebaseConfig.js":{"path":"/home/runner/work/swaxi-dispo-v6/swaxi-dispo-v6/src/services/firebaseConfig.js","statementMap":{"0":{"start":{"line":9,"column":18},"end":{"line":9,"column":22}},"1":{"start":{"line":10,"column":20},"end":{"line":10,"column":24}},"2":{"start":{"line":11,"column":12},"end":{"line":11,"column":16}},"3":{"start":{"line":15,"column":14},"end":{"line":15,"column":80}},"4":{"start":{"line":16,"column":2},"end":{"line":20,"column":3}}},"fnMap":{"0":{"name":"isFirebaseConfigured","decl":{"start":{"line":14,"column":16},"end":{"line":14,"column":36}},"loc":{"start":{"line":14,"column":39},"end":{"line":21,"column":1}},"line":14}},"branchMap":{"0":{"loc":{"start":{"line":15,"column":14},"end":{"line":15,"column":80}},"type":"cond-expr","locations":[{"start":{"line":15,"column":64},"end":{"line":15,"column":75}},{"start":{"line":15,"column":78},"end":{"line":15,"column":80}}],"line":15},"1":{"loc":{"start":{"line":15,"column":15},"end":{"line":15,"column":60}},"type":"binary-expr","locations":[{"start":{"line":15,"column":15},"end":{"line":15,"column":45}},{"start":{"line":15,"column":49},"end":{"line":15,"column":60}}],"line":15},"2":{"loc":{"start":{"line":17,"column":4},"end":{"line":19,"column":28}},"type":"binary-expr","locations":[{"start":{"line":17,"column":4},"end":{"line":17,"column":29}},{"start":{"line":18,"column":4},"end":{"line":18,"column":32}},{"start":{"line":19,"column":4},"end":{"line":19,"column":28}}],"line":17}},"s":{"0":0,"1":0,"2":0,"3":0,"4":0},"f":{"0":0},"b":{"0":[0,0],"1":[0,0],"2":[0,0,0]}}}}
