<?xml version="1.0" encoding="UTF-8"?>
<coverage generated="1756219009278" clover="3.2.0">
  <project timestamp="1756219009278" name="All files">
    <metrics statements="896" coveredstatements="664" conditionals="500" coveredconditionals="333" methods="313" coveredmethods="227" elements="1709" coveredelements="1224" complexity="0" loc="896" ncloc="896" packages="8" files="43" classes="43"/>
    <package name="src">
      <metrics statements="3" coveredstatements="0" conditionals="0" coveredconditionals="0" methods="2" coveredmethods="0"/>
      <file name="App.jsx" path="/Users/vonwillert/Documents/GitHub/swaxi-dispo-v6/src/App.jsx">
        <metrics statements="3" coveredstatements="0" conditionals="0" coveredconditionals="0" methods="2" coveredmethods="0"/>
        <line num="16" count="0" type="stmt"/>
        <line num="19" count="0" type="stmt"/>
        <line num="27" count="0" type="stmt"/>
      </file>
    </package>
    <package name="src.components">
      <metrics statements="298" coveredstatements="228" conditionals="206" coveredconditionals="151" methods="107" coveredmethods="81"/>
      <file name="AutosaveManager.jsx" path="/Users/vonwillert/Documents/GitHub/swaxi-dispo-v6/src/components/AutosaveManager.jsx">
        <metrics statements="102" coveredstatements="60" conditionals="53" coveredconditionals="31" methods="20" coveredmethods="9"/>
        <line num="5" count="1" type="stmt"/>
        <line num="6" count="1" type="stmt"/>
        <line num="23" count="11" type="stmt"/>
        <line num="24" count="11" type="stmt"/>
        <line num="25" count="11" type="stmt"/>
        <line num="26" count="11" type="stmt"/>
        <line num="27" count="11" type="stmt"/>
        <line num="28" count="11" type="stmt"/>
        <line num="31" count="11" type="stmt"/>
        <line num="32" count="6" type="stmt"/>
        <line num="33" count="8" type="stmt"/>
        <line num="35" count="8" type="stmt"/>
        <line num="41" count="8" type="cond" truecount="1" falsecount="1"/>
        <line num="42" count="0" type="cond" truecount="0" falsecount="2"/>
        <line num="43" count="0" type="stmt"/>
        <line num="46" count="8" type="stmt"/>
        <line num="47" count="8" type="cond" truecount="1" falsecount="1"/>
        <line num="51" count="8" type="stmt"/>
        <line num="64" count="8" type="cond" truecount="2" falsecount="0"/>
        <line num="65" count="8" type="stmt"/>
        <line num="67" count="8" type="stmt"/>
        <line num="68" count="8" type="stmt"/>
        <line num="73" count="8" type="stmt"/>
        <line num="74" count="8" type="stmt"/>
        <line num="75" count="8" type="cond" truecount="1" falsecount="1"/>
        <line num="77" count="0" type="cond" truecount="0" falsecount="2"/>
        <line num="82" count="6" type="stmt"/>
        <line num="83" count="6" type="stmt"/>
        <line num="84" count="6" type="stmt"/>
        <line num="88" count="11" type="stmt"/>
        <line num="89" count="3" type="stmt"/>
        <line num="90" count="3" type="cond" truecount="1" falsecount="1"/>
        <line num="91" count="3" type="stmt"/>
        <line num="93" count="3" type="cond" truecount="1" falsecount="1"/>
        <line num="94" count="3" type="cond" truecount="1" falsecount="1"/>
        <line num="95" count="3" type="stmt"/>
        <line num="98" count="0" type="stmt"/>
        <line num="103" count="11" type="stmt"/>
        <line num="104" count="3" type="stmt"/>
        <line num="105" count="2" type="stmt"/>
        <line num="106" count="2" type="stmt"/>
        <line num="107" count="2" type="cond" truecount="1" falsecount="1"/>
        <line num="109" count="2" type="cond" truecount="3" falsecount="1"/>
        <line num="110" count="2" type="stmt"/>
        <line num="111" count="2" type="stmt"/>
        <line num="114" count="2" type="cond" truecount="1" falsecount="1"/>
        <line num="115" count="2" type="stmt"/>
        <line num="119" count="0" type="stmt"/>
        <line num="124" count="3" type="stmt"/>
        <line num="127" count="11" type="stmt"/>
        <line num="128" count="0" type="stmt"/>
        <line num="129" count="0" type="stmt"/>
        <line num="130" count="0" type="stmt"/>
        <line num="132" count="0" type="cond" truecount="0" falsecount="2"/>
        <line num="133" count="0" type="stmt"/>
        <line num="138" count="0" type="stmt"/>
        <line num="141" count="0" type="stmt"/>
        <line num="143" count="0" type="stmt"/>
        <line num="144" count="0" type="stmt"/>
        <line num="147" count="0" type="stmt"/>
        <line num="149" count="0" type="stmt"/>
        <line num="151" count="0" type="stmt"/>
        <line num="152" count="0" type="stmt"/>
        <line num="153" count="0" type="stmt"/>
        <line num="157" count="11" type="stmt"/>
        <line num="158" count="0" type="stmt"/>
        <line num="159" count="0" type="stmt"/>
        <line num="160" count="0" type="stmt"/>
        <line num="161" count="0" type="stmt"/>
        <line num="163" count="0" type="stmt"/>
        <line num="167" count="11" type="stmt"/>
        <line num="168" count="0" type="stmt"/>
        <line num="169" count="0" type="stmt"/>
        <line num="175" count="0" type="stmt"/>
        <line num="176" count="0" type="stmt"/>
        <line num="178" count="0" type="stmt"/>
        <line num="179" count="0" type="stmt"/>
        <line num="180" count="0" type="stmt"/>
        <line num="181" count="0" type="stmt"/>
        <line num="182" count="0" type="stmt"/>
        <line num="183" count="0" type="stmt"/>
        <line num="184" count="0" type="stmt"/>
        <line num="186" count="0" type="stmt"/>
        <line num="190" count="11" type="stmt"/>
        <line num="191" count="8" type="stmt"/>
        <line num="192" count="8" type="stmt"/>
        <line num="193" count="8" type="stmt"/>
        <line num="194" count="8" type="stmt"/>
        <line num="195" count="8" type="stmt"/>
        <line num="197" count="8" type="cond" truecount="1" falsecount="1"/>
        <line num="198" count="8" type="cond" truecount="1" falsecount="1"/>
        <line num="199" count="8" type="cond" truecount="1" falsecount="1"/>
        <line num="200" count="8" type="stmt"/>
        <line num="205" count="11" type="cond" truecount="2" falsecount="0"/>
        <line num="221" count="6" type="stmt"/>
        <line num="231" count="0" type="stmt"/>
        <line num="243" count="0" type="stmt"/>
        <line num="250" count="0" type="stmt"/>
        <line num="251" count="0" type="stmt"/>
        <line num="265" count="0" type="stmt"/>
        <line num="279" count="11" type="stmt"/>
        <line num="289" count="0" type="stmt"/>
      </file>
      <file name="ConnectionStatus.jsx" path="/Users/vonwillert/Documents/GitHub/swaxi-dispo-v6/src/components/ConnectionStatus.jsx">
        <metrics statements="22" coveredstatements="21" conditionals="20" coveredconditionals="18" methods="4" coveredmethods="4"/>
        <line num="5" count="16" type="stmt"/>
        <line num="6" count="16" type="stmt"/>
        <line num="8" count="16" type="stmt"/>
        <line num="9" count="1" type="stmt"/>
        <line num="10" count="1" type="stmt"/>
        <line num="12" count="1" type="stmt"/>
        <line num="13" count="1" type="cond" truecount="1" falsecount="1"/>
        <line num="15" count="0" type="stmt"/>
        <line num="17" count="1" type="stmt"/>
        <line num="21" count="16" type="stmt"/>
        <line num="22" count="16" type="cond" truecount="4" falsecount="0"/>
        <line num="23" count="1" type="stmt"/>
        <line num="24" count="15" type="cond" truecount="2" falsecount="0"/>
        <line num="25" count="14" type="stmt"/>
        <line num="27" count="1" type="stmt"/>
        <line num="31" count="16" type="stmt"/>
        <line num="32" count="16" type="cond" truecount="4" falsecount="0"/>
        <line num="33" count="1" type="stmt"/>
        <line num="34" count="15" type="cond" truecount="2" falsecount="0"/>
        <line num="35" count="14" type="stmt"/>
        <line num="37" count="1" type="stmt"/>
        <line num="41" count="16" type="stmt"/>
      </file>
      <file name="LiveVersionBanner.jsx" path="/Users/vonwillert/Documents/GitHub/swaxi-dispo-v6/src/components/LiveVersionBanner.jsx">
        <metrics statements="27" coveredstatements="23" conditionals="27" coveredconditionals="17" methods="6" coveredmethods="6"/>
        <line num="3" count="1" type="cond" truecount="4" falsecount="1"/>
        <line num="9" count="5" type="stmt"/>
        <line num="10" count="5" type="stmt"/>
        <line num="11" count="5" type="stmt"/>
        <line num="13" count="5" type="stmt"/>
        <line num="15" count="2" type="stmt"/>
        <line num="16" count="2" type="stmt"/>
        <line num="18" count="2" type="cond" truecount="1" falsecount="1"/>
        <line num="20" count="2" type="stmt"/>
        <line num="29" count="5" type="stmt"/>
        <line num="30" count="1" type="stmt"/>
        <line num="32" count="1" type="stmt"/>
        <line num="36" count="5" type="stmt"/>
        <line num="37" count="2" type="stmt"/>
        <line num="38" count="2" type="cond" truecount="1" falsecount="1"/>
        <line num="39" count="0" type="stmt"/>
        <line num="43" count="5" type="cond" truecount="4" falsecount="0"/>
        <line num="45" count="2" type="stmt"/>
        <line num="46" count="2" type="cond" truecount="1" falsecount="2"/>
        <line num="48" count="0" type="stmt"/>
        <line num="50" count="2" type="stmt"/>
        <line num="52" count="0" type="stmt"/>
        <line num="56" count="2" type="stmt"/>
        <line num="57" count="2" type="cond" truecount="1" falsecount="1"/>
        <line num="58" count="0" type="stmt"/>
        <line num="64" count="2" type="stmt"/>
        <line num="71" count="2" type="stmt"/>
      </file>
      <file name="Login.jsx" path="/Users/vonwillert/Documents/GitHub/swaxi-dispo-v6/src/components/Login.jsx">
        <metrics statements="6" coveredstatements="6" conditionals="2" coveredconditionals="2" methods="3" coveredmethods="3"/>
        <line num="4" count="2" type="stmt"/>
        <line num="6" count="2" type="cond" truecount="2" falsecount="0"/>
        <line num="7" count="1" type="stmt"/>
        <line num="17" count="1" type="stmt"/>
        <line num="22" count="2" type="stmt"/>
        <line num="24" count="1" type="stmt"/>
      </file>
      <file name="MiniAnalytics.jsx" path="/Users/vonwillert/Documents/GitHub/swaxi-dispo-v6/src/components/MiniAnalytics.jsx">
        <metrics statements="8" coveredstatements="8" conditionals="0" coveredconditionals="0" methods="6" coveredmethods="6"/>
        <line num="5" count="11" type="stmt"/>
        <line num="7" count="11" type="stmt"/>
        <line num="10" count="20" type="stmt"/>
        <line num="16" count="20" type="stmt"/>
        <line num="22" count="20" type="stmt"/>
        <line num="28" count="20" type="stmt"/>
        <line num="34" count="11" type="stmt"/>
        <line num="37" count="44" type="stmt"/>
      </file>
      <file name="Navigation.jsx" path="/Users/vonwillert/Documents/GitHub/swaxi-dispo-v6/src/components/Navigation.jsx">
        <metrics statements="10" coveredstatements="10" conditionals="14" coveredconditionals="13" methods="5" coveredmethods="5"/>
        <line num="3" count="1" type="stmt"/>
        <line num="8" count="9" type="stmt"/>
        <line num="12" count="2" type="stmt"/>
        <line num="13" count="2" type="stmt"/>
        <line num="14" count="2" type="cond" truecount="2" falsecount="0"/>
        <line num="15" count="2" type="stmt"/>
        <line num="23" count="2" type="stmt"/>
        <line num="33" count="8" type="stmt"/>
        <line num="38" count="8" type="stmt"/>
        <line num="53" count="1" type="stmt"/>
      </file>
      <file name="NotificationMenu.jsx" path="/Users/vonwillert/Documents/GitHub/swaxi-dispo-v6/src/components/NotificationMenu.jsx">
        <metrics statements="6" coveredstatements="6" conditionals="16" coveredconditionals="15" methods="4" coveredmethods="4"/>
        <line num="5" count="3" type="stmt"/>
        <line num="9" count="17" type="stmt"/>
        <line num="11" count="17" type="stmt"/>
        <line num="37" count="6" type="stmt"/>
        <line num="39" count="6" type="stmt"/>
        <line num="48" count="1" type="stmt"/>
      </file>
      <file name="RoleManagement.jsx" path="/Users/vonwillert/Documents/GitHub/swaxi-dispo-v6/src/components/RoleManagement.jsx">
        <metrics statements="17" coveredstatements="14" conditionals="9" coveredconditionals="6" methods="7" coveredmethods="7"/>
        <line num="5" count="1" type="stmt"/>
        <line num="13" count="3" type="stmt"/>
        <line num="15" count="3" type="stmt"/>
        <line num="16" count="1" type="stmt"/>
        <line num="17" count="1" type="stmt"/>
        <line num="20" count="3" type="stmt"/>
        <line num="21" count="5" type="cond" truecount="2" falsecount="3"/>
        <line num="23" count="2" type="stmt"/>
        <line num="25" count="0" type="stmt"/>
        <line num="27" count="3" type="stmt"/>
        <line num="29" count="0" type="stmt"/>
        <line num="31" count="0" type="stmt"/>
        <line num="35" count="3" type="stmt"/>
        <line num="39" count="6" type="stmt"/>
        <line num="49" count="1" type="stmt"/>
        <line num="53" count="4" type="stmt"/>
        <line num="65" count="1" type="stmt"/>
      </file>
      <file name="SeriesApplicationModal.jsx" path="/Users/vonwillert/Documents/GitHub/swaxi-dispo-v6/src/components/SeriesApplicationModal.jsx">
        <metrics statements="39" coveredstatements="24" conditionals="18" coveredconditionals="8" methods="23" coveredmethods="12"/>
        <line num="6" count="35" type="stmt"/>
        <line num="7" count="35" type="stmt"/>
        <line num="8" count="35" type="stmt"/>
        <line num="10" count="40" type="stmt"/>
        <line num="12" count="35" type="stmt"/>
        <line num="13" count="1" type="stmt"/>
        <line num="14" count="1" type="cond" truecount="1" falsecount="1"/>
        <line num="15" count="0" type="stmt"/>
        <line num="20" count="35" type="stmt"/>
        <line num="21" count="1" type="cond" truecount="1" falsecount="1"/>
        <line num="22" count="1" type="stmt"/>
        <line num="23" count="1" type="stmt"/>
        <line num="24" count="1" type="stmt"/>
        <line num="28" count="35" type="stmt"/>
        <line num="29" count="1" type="stmt"/>
        <line num="30" count="3" type="stmt"/>
        <line num="31" count="2" type="stmt"/>
        <line num="32" count="1" type="stmt"/>
        <line num="35" count="35" type="stmt"/>
        <line num="36" count="0" type="stmt"/>
        <line num="38" count="0" type="stmt"/>
        <line num="39" count="0" type="stmt"/>
        <line num="40" count="0" type="cond" truecount="0" falsecount="2"/>
        <line num="42" count="0" type="stmt"/>
        <line num="43" count="0" type="stmt"/>
        <line num="46" count="35" type="stmt"/>
        <line num="47" count="0" type="stmt"/>
        <line num="49" count="0" type="stmt"/>
        <line num="50" count="0" type="stmt"/>
        <line num="51" count="0" type="cond" truecount="0" falsecount="3"/>
        <line num="53" count="0" type="stmt"/>
        <line num="54" count="0" type="stmt"/>
        <line num="57" count="35" type="cond" truecount="2" falsecount="0"/>
        <line num="59" count="5" type="stmt"/>
        <line num="83" count="1" type="stmt"/>
        <line num="89" count="0" type="stmt"/>
        <line num="95" count="0" type="stmt"/>
        <line num="121" count="11" type="stmt"/>
        <line num="126" count="1" type="stmt"/>
      </file>
      <file name="ShiftTable.jsx" path="/Users/vonwillert/Documents/GitHub/swaxi-dispo-v6/src/components/ShiftTable.jsx">
        <metrics statements="29" coveredstatements="25" conditionals="35" coveredconditionals="30" methods="15" coveredmethods="12"/>
        <line num="9" count="30" type="stmt"/>
        <line num="10" count="30" type="stmt"/>
        <line num="11" count="30" type="stmt"/>
        <line num="12" count="30" type="cond" truecount="2" falsecount="0"/>
        <line num="14" count="30" type="stmt"/>
        <line num="15" count="29" type="cond" truecount="3" falsecount="1"/>
        <line num="17" count="22" type="stmt"/>
        <line num="19" count="6" type="stmt"/>
        <line num="21" count="1" type="stmt"/>
        <line num="23" count="0" type="stmt"/>
        <line num="27" count="30" type="stmt"/>
        <line num="28" count="2" type="cond" truecount="2" falsecount="0"/>
        <line num="29" count="1" type="cond" truecount="1" falsecount="1"/>
        <line num="32" count="30" type="stmt"/>
        <line num="33" count="2" type="cond" truecount="1" falsecount="1"/>
        <line num="34" count="2" type="cond" truecount="1" falsecount="1"/>
        <line num="37" count="30" type="stmt"/>
        <line num="38" count="1" type="stmt"/>
        <line num="41" count="1" type="stmt"/>
        <line num="47" count="30" type="stmt"/>
        <line num="51" count="29" type="stmt"/>
        <line num="88" count="2" type="stmt"/>
        <line num="95" count="2" type="stmt"/>
        <line num="105" count="1" type="stmt"/>
        <line num="126" count="29" type="cond" truecount="3" falsecount="0"/>
        <line num="129" count="0" type="stmt"/>
        <line num="132" count="12" type="stmt"/>
        <line num="140" count="0" type="stmt"/>
        <line num="148" count="0" type="stmt"/>
      </file>
      <file name="ShiftTemplateManager.jsx" path="/Users/vonwillert/Documents/GitHub/swaxi-dispo-v6/src/components/ShiftTemplateManager.jsx">
        <metrics statements="29" coveredstatements="28" conditionals="10" coveredconditionals="9" methods="12" coveredmethods="11"/>
        <line num="5" count="17" type="stmt"/>
        <line num="6" count="17" type="stmt"/>
        <line num="7" count="17" type="stmt"/>
        <line num="14" count="17" type="stmt"/>
        <line num="15" count="7" type="stmt"/>
        <line num="16" count="7" type="stmt"/>
        <line num="19" count="17" type="stmt"/>
        <line num="20" count="2" type="cond" truecount="1" falsecount="1"/>
        <line num="21" count="0" type="stmt"/>
        <line num="23" count="2" type="stmt"/>
        <line num="26" count="17" type="stmt"/>
        <line num="27" count="3" type="stmt"/>
        <line num="28" count="3" type="cond" truecount="2" falsecount="0"/>
        <line num="29" count="1" type="stmt"/>
        <line num="31" count="2" type="stmt"/>
        <line num="33" count="3" type="stmt"/>
        <line num="36" count="17" type="stmt"/>
        <line num="37" count="1" type="stmt"/>
        <line num="38" count="1" type="stmt"/>
        <line num="41" count="17" type="stmt"/>
        <line num="42" count="3" type="stmt"/>
        <line num="43" count="3" type="stmt"/>
        <line num="46" count="17" type="stmt"/>
        <line num="48" count="17" type="stmt"/>
        <line num="83" count="119" type="stmt"/>
        <line num="86" count="2" type="stmt"/>
        <line num="117" count="12" type="stmt"/>
        <line num="123" count="1" type="stmt"/>
        <line num="126" count="1" type="stmt"/>
      </file>
      <file name="ThemeToggle.jsx" path="/Users/vonwillert/Documents/GitHub/swaxi-dispo-v6/src/components/ThemeToggle.jsx">
        <metrics statements="3" coveredstatements="3" conditionals="2" coveredconditionals="2" methods="2" coveredmethods="2"/>
        <line num="5" count="16" type="stmt"/>
        <line num="7" count="16" type="stmt"/>
        <line num="10" count="3" type="stmt"/>
      </file>
    </package>
    <package name="src.contexts">
      <metrics statements="181" coveredstatements="161" conditionals="94" coveredconditionals="67" methods="78" coveredmethods="61"/>
      <file name="AuthContext.jsx" path="/Users/vonwillert/Documents/GitHub/swaxi-dispo-v6/src/contexts/AuthContext.jsx">
        <metrics statements="22" coveredstatements="20" conditionals="8" coveredconditionals="6" methods="4" coveredmethods="4"/>
        <line num="3" count="14" type="stmt"/>
        <line num="7" count="14" type="stmt"/>
        <line num="15" count="8" type="stmt"/>
        <line num="17" count="8" type="stmt"/>
        <line num="18" count="2" type="stmt"/>
        <line num="19" count="2" type="cond" truecount="1" falsecount="1"/>
        <line num="20" count="2" type="stmt"/>
        <line num="21" count="2" type="stmt"/>
        <line num="25" count="8" type="stmt"/>
        <line num="26" count="1" type="stmt"/>
        <line num="27" count="1" type="stmt"/>
        <line num="30" count="8" type="stmt"/>
        <line num="31" count="4" type="stmt"/>
        <line num="32" count="4" type="cond" truecount="2" falsecount="0"/>
        <line num="33" count="1" type="stmt"/>
        <line num="34" count="1" type="stmt"/>
        <line num="36" count="1" type="stmt"/>
        <line num="37" count="1" type="cond" truecount="3" falsecount="1"/>
        <line num="38" count="0" type="stmt"/>
        <line num="39" count="0" type="stmt"/>
        <line num="41" count="1" type="stmt"/>
        <line num="46" count="8" type="stmt"/>
      </file>
      <file name="ShiftContext.jsx" path="/Users/vonwillert/Documents/GitHub/swaxi-dispo-v6/src/contexts/ShiftContext.jsx">
        <metrics statements="99" coveredstatements="92" conditionals="46" coveredconditionals="35" methods="41" coveredmethods="34"/>
        <line num="9" count="12" type="stmt"/>
        <line num="12" count="49" type="cond" truecount="1" falsecount="1"/>
        <line num="13" count="49" type="cond" truecount="1" falsecount="1"/>
        <line num="15" count="49" type="stmt"/>
        <line num="17" count="49" type="stmt"/>
        <line num="18" count="49" type="cond" truecount="2" falsecount="0"/>
        <line num="19" count="49" type="stmt"/>
        <line num="21" count="49" type="stmt"/>
        <line num="22" count="23" type="stmt"/>
        <line num="25" count="23" type="stmt"/>
        <line num="26" count="23" type="stmt"/>
        <line num="27" count="23" type="cond" truecount="2" falsecount="0"/>
        <line num="28" count="13" type="stmt"/>
        <line num="29" count="13" type="cond" truecount="4" falsecount="0"/>
        <line num="30" count="18" type="stmt"/>
        <line num="32" count="44" type="stmt"/>
        <line num="34" count="8" type="stmt"/>
        <line num="35" count="8" type="stmt"/>
        <line num="38" count="23" type="stmt"/>
        <line num="39" count="23" type="cond" truecount="2" falsecount="0"/>
        <line num="40" count="8" type="stmt"/>
        <line num="42" count="23" type="stmt"/>
        <line num="43" count="23" type="cond" truecount="2" falsecount="0"/>
        <line num="44" count="9" type="stmt"/>
        <line num="50" count="23" type="cond" truecount="1" falsecount="1"/>
        <line num="51" count="23" type="cond" truecount="2" falsecount="0"/>
        <line num="52" count="15" type="stmt"/>
        <line num="53" count="15" type="stmt"/>
        <line num="54" count="15" type="stmt"/>
        <line num="55" count="15" type="stmt"/>
        <line num="57" count="15" type="cond" truecount="3" falsecount="1"/>
        <line num="58" count="15" type="stmt"/>
        <line num="59" count="15" type="stmt"/>
        <line num="61" count="6000" type="stmt"/>
        <line num="62" count="15" type="cond" truecount="1" falsecount="1"/>
        <line num="65" count="23" type="stmt"/>
        <line num="66" count="23" type="stmt"/>
        <line num="70" count="49" type="stmt"/>
        <line num="71" count="37" type="cond" truecount="2" falsecount="0"/>
        <line num="73" count="49" type="stmt"/>
        <line num="74" count="49" type="stmt"/>
        <line num="76" count="49" type="stmt"/>
        <line num="77" count="46" type="cond" truecount="2" falsecount="0"/>
        <line num="78" count="2" type="stmt"/>
        <line num="79" count="2" type="stmt"/>
        <line num="80" count="2" type="stmt"/>
        <line num="81" count="20" type="stmt"/>
        <line num="82" count="20" type="stmt"/>
        <line num="83" count="20" type="stmt"/>
        <line num="84" count="20" type="stmt"/>
        <line num="85" count="20" type="cond" truecount="1" falsecount="1"/>
        <line num="86" count="20" type="stmt"/>
        <line num="87" count="20" type="stmt"/>
        <line num="88" count="20" type="cond" truecount="2" falsecount="0"/>
        <line num="90" count="4" type="stmt"/>
        <line num="91" count="4" type="cond" truecount="2" falsecount="0"/>
        <line num="92" count="2" type="stmt"/>
        <line num="106" count="2" type="cond" truecount="2" falsecount="0"/>
        <line num="108" count="1" type="stmt"/>
        <line num="109" count="2" type="stmt"/>
        <line num="111" count="4" type="stmt"/>
        <line num="113" count="2" type="stmt"/>
        <line num="117" count="49" type="stmt"/>
        <line num="118" count="1" type="stmt"/>
        <line num="119" count="1" type="stmt"/>
        <line num="121" count="1" type="stmt"/>
        <line num="122" count="1" type="cond" truecount="1" falsecount="1"/>
        <line num="123" count="20" type="stmt"/>
        <line num="124" count="1" type="stmt"/>
        <line num="127" count="1" type="stmt"/>
        <line num="130" count="49" type="stmt"/>
        <line num="131" count="0" type="stmt"/>
        <line num="132" count="0" type="stmt"/>
        <line num="134" count="0" type="stmt"/>
        <line num="135" count="0" type="stmt"/>
        <line num="136" count="0" type="cond" truecount="0" falsecount="2"/>
        <line num="137" count="0" type="stmt"/>
        <line num="138" count="0" type="stmt"/>
        <line num="143" count="49" type="stmt"/>
        <line num="144" count="1" type="stmt"/>
        <line num="145" count="1" type="cond" truecount="1" falsecount="1"/>
        <line num="146" count="1" type="stmt"/>
        <line num="147" count="20" type="stmt"/>
        <line num="148" count="1" type="stmt"/>
        <line num="152" count="49" type="stmt"/>
        <line num="153" count="2" type="stmt"/>
        <line num="154" count="2" type="stmt"/>
        <line num="155" count="2" type="cond" truecount="1" falsecount="1"/>
        <line num="156" count="2" type="stmt"/>
        <line num="157" count="21" type="stmt"/>
        <line num="158" count="2" type="stmt"/>
        <line num="159" count="2" type="stmt"/>
        <line num="161" count="2" type="stmt"/>
        <line num="165" count="49" type="stmt"/>
        <line num="166" count="49" type="stmt"/>
        <line num="168" count="49" type="stmt"/>
        <line num="178" count="80" type="stmt"/>
        <line num="179" count="80" type="stmt"/>
        <line num="182" count="49" type="stmt"/>
      </file>
      <file name="ShiftContextCore.js" path="/Users/vonwillert/Documents/GitHub/swaxi-dispo-v6/src/contexts/ShiftContextCore.js">
        <metrics statements="22" coveredstatements="16" conditionals="24" coveredconditionals="16" methods="9" coveredmethods="8"/>
        <line num="3" count="12" type="stmt"/>
        <line num="14" count="300" type="cond" truecount="1" falsecount="1"/>
        <line num="15" count="300" type="stmt"/>
        <line num="19" count="300" type="stmt"/>
        <line num="33" count="39" type="cond" truecount="10" falsecount="6"/>
        <line num="35" count="9" type="stmt"/>
        <line num="37" count="0" type="stmt"/>
        <line num="39" count="2" type="stmt"/>
        <line num="41" count="61" type="cond" truecount="2" falsecount="0"/>
        <line num="43" count="2" type="stmt"/>
        <line num="44" count="21" type="cond" truecount="2" falsecount="0"/>
        <line num="47" count="8" type="stmt"/>
        <line num="49" count="1" type="stmt"/>
        <line num="51" count="0" type="stmt"/>
        <line num="53" count="9" type="stmt"/>
        <line num="55" count="0" type="stmt"/>
        <line num="57" count="2" type="stmt"/>
        <line num="59" count="0" type="stmt"/>
        <line num="61" count="1" type="cond" truecount="1" falsecount="1"/>
        <line num="63" count="2" type="stmt"/>
        <line num="65" count="0" type="stmt"/>
        <line num="67" count="0" type="stmt"/>
      </file>
      <file name="ShiftTemplateContext.jsx" path="/Users/vonwillert/Documents/GitHub/swaxi-dispo-v6/src/contexts/ShiftTemplateContext.jsx">
        <metrics statements="18" coveredstatements="15" conditionals="4" coveredconditionals="1" methods="13" coveredmethods="7"/>
        <line num="7" count="3" type="stmt"/>
        <line num="8" count="2" type="stmt"/>
        <line num="9" count="2" type="stmt"/>
        <line num="10" count="2" type="cond" truecount="1" falsecount="1"/>
        <line num="12" count="0" type="stmt"/>
        <line num="16" count="3" type="stmt"/>
        <line num="17" count="3" type="stmt"/>
        <line num="18" count="3" type="stmt"/>
        <line num="22" count="3" type="stmt"/>
        <line num="23" count="1" type="stmt"/>
        <line num="24" count="1" type="stmt"/>
        <line num="27" count="3" type="stmt"/>
        <line num="28" count="0" type="cond" truecount="0" falsecount="2"/>
        <line num="31" count="3" type="stmt"/>
        <line num="32" count="0" type="stmt"/>
        <line num="35" count="3" type="stmt"/>
        <line num="37" count="3" type="stmt"/>
        <line num="41" count="2" type="stmt"/>
      </file>
      <file name="ShiftTemplateContextCore.js" path="/Users/vonwillert/Documents/GitHub/swaxi-dispo-v6/src/contexts/ShiftTemplateContextCore.js">
        <metrics statements="1" coveredstatements="1" conditionals="0" coveredconditionals="0" methods="0" coveredmethods="0"/>
        <line num="3" count="12" type="stmt"/>
      </file>
      <file name="ThemeContext.jsx" path="/Users/vonwillert/Documents/GitHub/swaxi-dispo-v6/src/contexts/ThemeContext.jsx">
        <metrics statements="8" coveredstatements="7" conditionals="6" coveredconditionals="5" methods="3" coveredmethods="3"/>
        <line num="4" count="9" type="stmt"/>
        <line num="16" count="3" type="cond" truecount="1" falsecount="1"/>
        <line num="18" count="3" type="stmt"/>
        <line num="36" count="0" type="stmt"/>
        <line num="41" count="23" type="stmt"/>
        <line num="44" count="23" type="stmt"/>
        <line num="45" count="23" type="cond" truecount="2" falsecount="0"/>
        <line num="48" count="23" type="stmt"/>
      </file>
      <file name="ThemeContextCore.js" path="/Users/vonwillert/Documents/GitHub/swaxi-dispo-v6/src/contexts/ThemeContextCore.js">
        <metrics statements="1" coveredstatements="1" conditionals="0" coveredconditionals="0" methods="0" coveredmethods="0"/>
        <line num="3" count="9" type="stmt"/>
      </file>
      <file name="useAuth.js" path="/Users/vonwillert/Documents/GitHub/swaxi-dispo-v6/src/contexts/useAuth.js">
        <metrics statements="1" coveredstatements="1" conditionals="0" coveredconditionals="0" methods="1" coveredmethods="1"/>
        <line num="5" count="7" type="stmt"/>
      </file>
      <file name="useShiftTemplates.js" path="/Users/vonwillert/Documents/GitHub/swaxi-dispo-v6/src/contexts/useShiftTemplates.js">
        <metrics statements="2" coveredstatements="2" conditionals="2" coveredconditionals="2" methods="5" coveredmethods="2"/>
        <line num="7" count="55" type="stmt"/>
        <line num="8" count="55" type="cond" truecount="2" falsecount="0"/>
      </file>
      <file name="useShifts.js" path="/Users/vonwillert/Documents/GitHub/swaxi-dispo-v6/src/contexts/useShifts.js">
        <metrics statements="3" coveredstatements="3" conditionals="2" coveredconditionals="1" methods="1" coveredmethods="1"/>
        <line num="5" count="134" type="stmt"/>
        <line num="6" count="134" type="cond" truecount="1" falsecount="1"/>
        <line num="7" count="134" type="stmt"/>
      </file>
      <file name="useTheme.js" path="/Users/vonwillert/Documents/GitHub/swaxi-dispo-v6/src/contexts/useTheme.js">
        <metrics statements="4" coveredstatements="3" conditionals="2" coveredconditionals="1" methods="1" coveredmethods="1"/>
        <line num="5" count="16" type="stmt"/>
        <line num="6" count="16" type="cond" truecount="1" falsecount="1"/>
        <line num="7" count="0" type="stmt"/>
        <line num="9" count="16" type="stmt"/>
      </file>
    </package>
    <package name="src.pages">
      <metrics statements="149" coveredstatements="127" conditionals="79" coveredconditionals="57" methods="38" coveredmethods="33"/>
      <file name="Administration.jsx" path="/Users/vonwillert/Documents/GitHub/swaxi-dispo-v6/src/pages/Administration.jsx">
        <metrics statements="1" coveredstatements="1" conditionals="0" coveredconditionals="0" methods="1" coveredmethods="1"/>
        <line num="6" count="1" type="stmt"/>
      </file>
      <file name="Audit.jsx" path="/Users/vonwillert/Documents/GitHub/swaxi-dispo-v6/src/pages/Audit.jsx">
        <metrics statements="8" coveredstatements="8" conditionals="6" coveredconditionals="6" methods="5" coveredmethods="5"/>
        <line num="3" count="1" type="stmt"/>
        <line num="31" count="3" type="stmt"/>
        <line num="32" count="3" type="stmt"/>
        <line num="34" count="3" type="stmt"/>
        <line num="41" count="1" type="stmt"/>
        <line num="55" count="9" type="cond" truecount="2" falsecount="0"/>
        <line num="57" count="7" type="stmt"/>
        <line num="96" count="7" type="stmt"/>
      </file>
      <file name="Calendar.jsx" path="/Users/vonwillert/Documents/GitHub/swaxi-dispo-v6/src/pages/Calendar.jsx">
        <metrics statements="81" coveredstatements="77" conditionals="40" coveredconditionals="31" methods="20" coveredmethods="17"/>
        <line num="7" count="1" type="stmt"/>
        <line num="8" count="24" type="stmt"/>
        <line num="9" count="1" type="stmt"/>
        <line num="10" count="1" type="stmt"/>
        <line num="11" count="1" type="stmt"/>
        <line num="14" count="330" type="cond" truecount="2" falsecount="0"/>
        <line num="18" count="232" type="stmt"/>
        <line num="19" count="232" type="cond" truecount="1" falsecount="1"/>
        <line num="20" count="232" type="stmt"/>
        <line num="21" count="232" type="cond" truecount="2" falsecount="0"/>
        <line num="22" count="232" type="stmt"/>
        <line num="27" count="18" type="stmt"/>
        <line num="28" count="18" type="stmt"/>
        <line num="29" count="18" type="cond" truecount="2" falsecount="0"/>
        <line num="31" count="12" type="stmt"/>
        <line num="33" count="18" type="stmt"/>
        <line num="34" count="18" type="stmt"/>
        <line num="35" count="18" type="stmt"/>
        <line num="36" count="18" type="stmt"/>
        <line num="39" count="18" type="cond" truecount="3" falsecount="1"/>
        <line num="41" count="18" type="cond" truecount="2" falsecount="0"/>
        <line num="42" count="18" type="cond" truecount="2" falsecount="0"/>
        <line num="43" count="18" type="stmt"/>
        <line num="44" count="18" type="stmt"/>
        <line num="45" count="18" type="stmt"/>
        <line num="46" count="18" type="stmt"/>
        <line num="47" count="18" type="stmt"/>
        <line num="51" count="11" type="stmt"/>
        <line num="52" count="11" type="stmt"/>
        <line num="54" count="11" type="stmt"/>
        <line num="55" count="11" type="cond" truecount="1" falsecount="1"/>
        <line num="57" count="11" type="stmt"/>
        <line num="58" count="11" type="stmt"/>
        <line num="59" count="11" type="stmt"/>
        <line num="61" count="11" type="stmt"/>
        <line num="62" count="11" type="cond" truecount="1" falsecount="1"/>
        <line num="63" count="11" type="stmt"/>
        <line num="64" count="11" type="stmt"/>
        <line num="65" count="11" type="stmt"/>
        <line num="66" count="11" type="stmt"/>
        <line num="68" count="14" type="stmt"/>
        <line num="69" count="14" type="stmt"/>
        <line num="70" count="14" type="stmt"/>
        <line num="71" count="14" type="cond" truecount="2" falsecount="0"/>
        <line num="72" count="14" type="cond" truecount="2" falsecount="0"/>
        <line num="74" count="11" type="stmt"/>
        <line num="77" count="11" type="stmt"/>
        <line num="78" count="2" type="stmt"/>
        <line num="79" count="2" type="stmt"/>
        <line num="80" count="2" type="stmt"/>
        <line num="83" count="11" type="stmt"/>
        <line num="85" count="0" type="stmt"/>
        <line num="88" count="11" type="stmt"/>
        <line num="89" count="0" type="cond" truecount="0" falsecount="2"/>
        <line num="91" count="0" type="stmt"/>
        <line num="95" count="11" type="stmt"/>
        <line num="107" count="1" type="stmt"/>
        <line num="114" count="1" type="stmt"/>
        <line num="121" count="1" type="stmt"/>
        <line num="144" count="77" type="stmt"/>
        <line num="145" count="77" type="stmt"/>
        <line num="146" count="77" type="stmt"/>
        <line num="158" count="264" type="stmt"/>
        <line num="166" count="77" type="stmt"/>
        <line num="167" count="77" type="stmt"/>
        <line num="168" count="77" type="stmt"/>
        <line num="169" count="77" type="stmt"/>
        <line num="170" count="77" type="stmt"/>
        <line num="171" count="77" type="stmt"/>
        <line num="172" count="77" type="stmt"/>
        <line num="173" count="84" type="stmt"/>
        <line num="174" count="84" type="stmt"/>
        <line num="175" count="84" type="stmt"/>
        <line num="176" count="84" type="cond" truecount="2" falsecount="0"/>
        <line num="177" count="84" type="cond" truecount="2" falsecount="0"/>
        <line num="179" count="77" type="stmt"/>
        <line num="183" count="1848" type="stmt"/>
        <line num="186" count="18" type="stmt"/>
        <line num="187" count="18" type="cond" truecount="1" falsecount="1"/>
        <line num="188" count="18" type="stmt"/>
        <line num="193" count="0" type="stmt"/>
      </file>
      <file name="Dashboard.jsx" path="/Users/vonwillert/Documents/GitHub/swaxi-dispo-v6/src/pages/Dashboard.jsx">
        <metrics statements="20" coveredstatements="16" conditionals="8" coveredconditionals="6" methods="6" coveredmethods="5"/>
        <line num="12" count="11" type="stmt"/>
        <line num="20" count="11" type="stmt"/>
        <line num="23" count="55" type="stmt"/>
        <line num="25" count="3" type="stmt"/>
        <line num="36" count="11" type="stmt"/>
        <line num="37" count="11" type="stmt"/>
        <line num="38" count="11" type="stmt"/>
        <line num="40" count="11" type="stmt"/>
        <line num="41" count="20" type="stmt"/>
        <line num="42" count="20" type="stmt"/>
        <line num="44" count="20" type="cond" truecount="4" falsecount="2"/>
        <line num="46" count="11" type="stmt"/>
        <line num="48" count="0" type="stmt"/>
        <line num="49" count="0" type="stmt"/>
        <line num="52" count="3" type="stmt"/>
        <line num="54" count="3" type="stmt"/>
        <line num="56" count="3" type="stmt"/>
        <line num="58" count="0" type="stmt"/>
        <line num="62" count="11" type="stmt"/>
        <line num="82" count="0" type="stmt"/>
      </file>
      <file name="TestPage.jsx" path="/Users/vonwillert/Documents/GitHub/swaxi-dispo-v6/src/pages/TestPage.jsx">
        <metrics statements="39" coveredstatements="25" conditionals="25" coveredconditionals="14" methods="6" coveredmethods="5"/>
        <line num="6" count="5" type="stmt"/>
        <line num="7" count="5" type="stmt"/>
        <line num="8" count="5" type="stmt"/>
        <line num="10" count="5" type="cond" truecount="0" falsecount="1"/>
        <line num="11" count="4" type="stmt"/>
        <line num="19" count="5" type="stmt"/>
        <line num="20" count="1" type="stmt"/>
        <line num="21" count="1" type="stmt"/>
        <line num="24" count="1" type="stmt"/>
        <line num="25" count="1" type="stmt"/>
        <line num="26" count="1" type="stmt"/>
        <line num="32" count="0" type="stmt"/>
        <line num="36" count="1" type="stmt"/>
        <line num="37" count="1" type="stmt"/>
        <line num="38" count="1" type="stmt"/>
        <line num="44" count="0" type="stmt"/>
        <line num="48" count="1" type="stmt"/>
        <line num="49" count="1" type="stmt"/>
        <line num="58" count="1" type="stmt"/>
        <line num="59" count="1" type="stmt"/>
        <line num="65" count="0" type="stmt"/>
        <line num="69" count="1" type="stmt"/>
        <line num="70" count="1" type="stmt"/>
        <line num="71" count="1" type="stmt"/>
        <line num="77" count="0" type="stmt"/>
        <line num="80" count="1" type="stmt"/>
        <line num="83" count="5" type="stmt"/>
        <line num="84" count="0" type="stmt"/>
        <line num="92" count="0" type="stmt"/>
        <line num="93" count="0" type="stmt"/>
        <line num="95" count="0" type="stmt"/>
        <line num="96" count="0" type="stmt"/>
        <line num="97" count="0" type="stmt"/>
        <line num="98" count="0" type="stmt"/>
        <line num="99" count="0" type="stmt"/>
        <line num="100" count="0" type="stmt"/>
        <line num="101" count="0" type="stmt"/>
        <line num="104" count="5" type="stmt"/>
        <line num="168" count="6" type="stmt"/>
      </file>
    </package>
    <package name="src.repository">
      <metrics statements="76" coveredstatements="53" conditionals="32" coveredconditionals="19" methods="46" coveredmethods="27"/>
      <file name="InMemoryShiftRepository.js" path="/Users/vonwillert/Documents/GitHub/swaxi-dispo-v6/src/repository/InMemoryShiftRepository.js">
        <metrics statements="11" coveredstatements="7" conditionals="5" coveredconditionals="1" methods="9" coveredmethods="5"/>
        <line num="5" count="11" type="stmt"/>
        <line num="6" count="11" type="stmt"/>
        <line num="8" count="15" type="stmt"/>
        <line num="10" count="0" type="cond" truecount="0" falsecount="2"/>
        <line num="11" count="0" type="stmt"/>
        <line num="12" count="0" type="stmt"/>
        <line num="15" count="3" type="cond" truecount="0" falsecount="2"/>
        <line num="16" count="3" type="stmt"/>
        <line num="20" count="1" type="stmt"/>
        <line num="23" count="2" type="stmt"/>
        <line num="26" count="0" type="stmt"/>
      </file>
      <file name="IndexedDBShiftRepository.js" path="/Users/vonwillert/Documents/GitHub/swaxi-dispo-v6/src/repository/IndexedDBShiftRepository.js">
        <metrics statements="38" coveredstatements="38" conditionals="11" coveredconditionals="6" methods="22" coveredmethods="20"/>
        <line num="4" count="13" type="stmt"/>
        <line num="5" count="13" type="stmt"/>
        <line num="6" count="13" type="stmt"/>
        <line num="9" count="15" type="stmt"/>
        <line num="10" count="15" type="stmt"/>
        <line num="11" count="15" type="stmt"/>
        <line num="12" count="1" type="stmt"/>
        <line num="13" count="1" type="cond" truecount="1" falsecount="1"/>
        <line num="14" count="1" type="stmt"/>
        <line num="17" count="15" type="stmt"/>
        <line num="18" count="15" type="stmt"/>
        <line num="23" count="15" type="stmt"/>
        <line num="24" count="15" type="stmt"/>
        <line num="25" count="15" type="stmt"/>
        <line num="26" count="15" type="stmt"/>
        <line num="27" count="15" type="stmt"/>
        <line num="28" count="15" type="stmt"/>
        <line num="29" count="15" type="stmt"/>
        <line num="35" count="1" type="stmt"/>
        <line num="36" count="1" type="cond" truecount="1" falsecount="1"/>
        <line num="39" count="10" type="stmt"/>
        <line num="40" count="10" type="stmt"/>
        <line num="41" count="10" type="stmt"/>
        <line num="42" count="10" type="stmt"/>
        <line num="43" count="10" type="stmt"/>
        <line num="44" count="19" type="stmt"/>
        <line num="45" count="19" type="cond" truecount="2" falsecount="0"/>
        <line num="50" count="1" type="cond" truecount="1" falsecount="1"/>
        <line num="51" count="1" type="stmt"/>
        <line num="52" count="1" type="stmt"/>
        <line num="55" count="4" type="stmt"/>
        <line num="56" count="4" type="cond" truecount="1" falsecount="1"/>
        <line num="57" count="4" type="stmt"/>
        <line num="58" count="4" type="stmt"/>
        <line num="59" count="4" type="stmt"/>
        <line num="62" count="1" type="stmt"/>
        <line num="65" count="1" type="stmt"/>
        <line num="67" count="1" type="stmt"/>
      </file>
      <file name="SharePointShiftRepository.js" path="/Users/vonwillert/Documents/GitHub/swaxi-dispo-v6/src/repository/SharePointShiftRepository.js">
        <metrics statements="11" coveredstatements="0" conditionals="0" coveredconditionals="0" methods="7" coveredmethods="0"/>
        <line num="7" count="0" type="stmt"/>
        <line num="10" count="0" type="stmt"/>
        <line num="13" count="0" type="stmt"/>
        <line num="15" count="0" type="stmt"/>
        <line num="16" count="0" type="stmt"/>
        <line num="20" count="0" type="stmt"/>
        <line num="21" count="0" type="stmt"/>
        <line num="24" count="0" type="stmt"/>
        <line num="25" count="0" type="stmt"/>
        <line num="28" count="0" type="stmt"/>
        <line num="29" count="0" type="stmt"/>
      </file>
      <file name="ShiftRepository.js" path="/Users/vonwillert/Documents/GitHub/swaxi-dispo-v6/src/repository/ShiftRepository.js">
        <metrics statements="6" coveredstatements="0" conditionals="1" coveredconditionals="0" methods="6" coveredmethods="0"/>
        <line num="11" count="0" type="cond" truecount="0" falsecount="1"/>
        <line num="12" count="0" type="stmt"/>
        <line num="13" count="0" type="stmt"/>
        <line num="14" count="0" type="stmt"/>
        <line num="15" count="0" type="stmt"/>
        <line num="16" count="0" type="stmt"/>
      </file>
      <file name="repositoryFactory.js" path="/Users/vonwillert/Documents/GitHub/swaxi-dispo-v6/src/repository/repositoryFactory.js">
        <metrics statements="10" coveredstatements="8" conditionals="15" coveredconditionals="12" methods="2" coveredmethods="2"/>
        <line num="9" count="11" type="cond" truecount="4" falsecount="1"/>
        <line num="10" count="11" type="stmt"/>
        <line num="15" count="23" type="cond" truecount="2" falsecount="0"/>
        <line num="16" count="11" type="cond" truecount="2" falsecount="0"/>
        <line num="17" count="11" type="cond" truecount="1" falsecount="1"/>
        <line num="18" count="0" type="stmt"/>
        <line num="19" count="11" type="cond" truecount="3" falsecount="1"/>
        <line num="20" count="0" type="stmt"/>
        <line num="22" count="11" type="stmt"/>
        <line num="24" count="11" type="stmt"/>
      </file>
    </package>
    <package name="src.services">
      <metrics statements="134" coveredstatements="46" conditionals="58" coveredconditionals="17" methods="27" coveredmethods="12"/>
      <file name="firebaseConfig.js" path="/Users/vonwillert/Documents/GitHub/swaxi-dispo-v6/src/services/firebaseConfig.js">
        <metrics statements="5" coveredstatements="0" conditionals="7" coveredconditionals="0" methods="1" coveredmethods="0"/>
        <line num="9" count="0" type="stmt"/>
        <line num="10" count="0" type="stmt"/>
        <line num="11" count="0" type="stmt"/>
        <line num="15" count="0" type="cond" truecount="0" falsecount="4"/>
        <line num="16" count="0" type="stmt"/>
      </file>
      <file name="migrationService.js" path="/Users/vonwillert/Documents/GitHub/swaxi-dispo-v6/src/services/migrationService.js">
        <metrics statements="52" coveredstatements="0" conditionals="12" coveredconditionals="0" methods="6" coveredmethods="0"/>
        <line num="7" count="0" type="stmt"/>
        <line num="15" count="0" type="stmt"/>
        <line num="16" count="0" type="stmt"/>
        <line num="18" count="0" type="stmt"/>
        <line num="19" count="0" type="stmt"/>
        <line num="20" count="0" type="stmt"/>
        <line num="21" count="0" type="stmt"/>
        <line num="22" count="0" type="stmt"/>
        <line num="23" count="0" type="stmt"/>
        <line num="24" count="0" type="stmt"/>
        <line num="26" count="0" type="stmt"/>
        <line num="30" count="0" type="stmt"/>
        <line num="31" count="0" type="stmt"/>
        <line num="33" count="0" type="stmt"/>
        <line num="35" count="0" type="cond" truecount="0" falsecount="4"/>
        <line num="36" count="0" type="stmt"/>
        <line num="37" count="0" type="stmt"/>
        <line num="38" count="0" type="stmt"/>
        <line num="45" count="0" type="stmt"/>
        <line num="50" count="0" type="stmt"/>
        <line num="52" count="0" type="stmt"/>
        <line num="53" count="0" type="stmt"/>
        <line num="55" count="0" type="stmt"/>
        <line num="56" count="0" type="stmt"/>
        <line num="61" count="0" type="stmt"/>
        <line num="62" count="0" type="stmt"/>
        <line num="63" count="0" type="stmt"/>
        <line num="65" count="0" type="cond" truecount="0" falsecount="2"/>
        <line num="66" count="0" type="cond" truecount="0" falsecount="2"/>
        <line num="68" count="0" type="stmt"/>
        <line num="75" count="0" type="stmt"/>
        <line num="76" count="0" type="stmt"/>
        <line num="78" count="0" type="stmt"/>
        <line num="79" count="0" type="stmt"/>
        <line num="84" count="0" type="stmt"/>
        <line num="85" count="0" type="stmt"/>
        <line num="86" count="0" type="stmt"/>
        <line num="91" count="0" type="stmt"/>
        <line num="92" count="0" type="stmt"/>
        <line num="93" count="0" type="stmt"/>
        <line num="99" count="0" type="stmt"/>
        <line num="100" count="0" type="stmt"/>
        <line num="102" count="0" type="stmt"/>
        <line num="103" count="0" type="stmt"/>
        <line num="104" count="0" type="stmt"/>
        <line num="105" count="0" type="stmt"/>
        <line num="106" count="0" type="stmt"/>
        <line num="107" count="0" type="stmt"/>
        <line num="108" count="0" type="stmt"/>
        <line num="110" count="0" type="stmt"/>
        <line num="112" count="0" type="stmt"/>
        <line num="113" count="0" type="stmt"/>
      </file>
      <file name="sharePointService.js" path="/Users/vonwillert/Documents/GitHub/swaxi-dispo-v6/src/services/sharePointService.js">
        <metrics statements="67" coveredstatements="36" conditionals="37" coveredconditionals="15" methods="17" coveredmethods="9"/>
        <line num="10" count="19" type="stmt"/>
        <line num="11" count="19" type="stmt"/>
        <line num="22" count="2" type="stmt"/>
        <line num="31" count="1" type="stmt"/>
        <line num="32" count="1" type="stmt"/>
        <line num="36" count="2" type="stmt"/>
        <line num="37" count="2" type="stmt"/>
        <line num="39" count="2" type="stmt"/>
        <line num="46" count="1" type="cond" truecount="1" falsecount="1"/>
        <line num="47" count="0" type="stmt"/>
        <line num="50" count="1" type="stmt"/>
        <line num="51" count="1" type="stmt"/>
        <line num="53" count="1" type="stmt"/>
        <line num="55" count="1" type="stmt"/>
        <line num="60" count="2" type="stmt"/>
        <line num="61" count="2" type="stmt"/>
        <line num="62" count="1" type="stmt"/>
        <line num="64" count="1" type="stmt"/>
        <line num="78" count="1" type="cond" truecount="1" falsecount="1"/>
        <line num="79" count="0" type="stmt"/>
        <line num="82" count="1" type="stmt"/>
        <line num="83" count="1" type="stmt"/>
        <line num="85" count="1" type="stmt"/>
        <line num="87" count="1" type="stmt"/>
        <line num="92" count="0" type="stmt"/>
        <line num="93" count="0" type="stmt"/>
        <line num="94" count="0" type="stmt"/>
        <line num="96" count="0" type="stmt"/>
        <line num="112" count="0" type="cond" truecount="0" falsecount="2"/>
        <line num="113" count="0" type="stmt"/>
        <line num="116" count="0" type="stmt"/>
        <line num="118" count="0" type="stmt"/>
        <line num="119" count="0" type="stmt"/>
        <line num="124" count="0" type="stmt"/>
        <line num="125" count="0" type="stmt"/>
        <line num="135" count="0" type="stmt"/>
        <line num="136" count="0" type="stmt"/>
        <line num="138" count="0" type="stmt"/>
        <line num="139" count="0" type="stmt"/>
        <line num="144" count="0" type="stmt"/>
        <line num="145" count="0" type="stmt"/>
        <line num="146" count="0" type="stmt"/>
        <line num="154" count="0" type="stmt"/>
        <line num="168" count="0" type="stmt"/>
        <line num="170" count="0" type="stmt"/>
        <line num="176" count="2" type="stmt"/>
        <line num="192" count="1" type="stmt"/>
        <line num="205" count="0" type="stmt"/>
        <line num="217" count="1" type="cond" truecount="1" falsecount="1"/>
        <line num="218" count="1" type="cond" truecount="1" falsecount="1"/>
        <line num="222" count="1" type="cond" truecount="2" falsecount="0"/>
        <line num="223" count="1" type="stmt"/>
        <line num="229" count="1" type="cond" truecount="1" falsecount="1"/>
        <line num="230" count="1" type="stmt"/>
        <line num="231" count="1" type="stmt"/>
        <line num="235" count="0" type="cond" truecount="0" falsecount="2"/>
        <line num="236" count="0" type="stmt"/>
        <line num="237" count="0" type="cond" truecount="0" falsecount="2"/>
        <line num="239" count="0" type="stmt"/>
        <line num="240" count="0" type="stmt"/>
        <line num="245" count="0" type="stmt"/>
        <line num="255" count="0" type="cond" truecount="0" falsecount="2"/>
        <line num="260" count="2" type="stmt"/>
        <line num="261" count="2" type="stmt"/>
        <line num="265" count="1" type="stmt"/>
        <line num="267" count="1" type="stmt"/>
        <line num="273" count="13" type="stmt"/>
      </file>
      <file name="shiftGenerationService.js" path="/Users/vonwillert/Documents/GitHub/swaxi-dispo-v6/src/services/shiftGenerationService.js">
        <metrics statements="10" coveredstatements="10" conditionals="2" coveredconditionals="2" methods="3" coveredmethods="3"/>
        <line num="3" count="1" type="stmt"/>
        <line num="14" count="2" type="stmt"/>
        <line num="15" count="2" type="stmt"/>
        <line num="17" count="2" type="stmt"/>
        <line num="18" count="20" type="stmt"/>
        <line num="19" count="20" type="stmt"/>
        <line num="21" count="20" type="stmt"/>
        <line num="22" count="70" type="cond" truecount="2" falsecount="0"/>
        <line num="23" count="10" type="stmt"/>
        <line num="35" count="2" type="stmt"/>
      </file>
    </package>
    <package name="src.tests">
      <metrics statements="1" coveredstatements="1" conditionals="2" coveredconditionals="2" methods="1" coveredmethods="1"/>
      <file name="testUtils.jsx" path="/Users/vonwillert/Documents/GitHub/swaxi-dispo-v6/src/tests/testUtils.jsx">
        <metrics statements="1" coveredstatements="1" conditionals="2" coveredconditionals="2" methods="1" coveredmethods="1"/>
        <line num="13" count="17" type="stmt"/>
      </file>
    </package>
    <package name="src.utils">
      <metrics statements="54" coveredstatements="48" conditionals="29" coveredconditionals="20" methods="14" coveredmethods="12"/>
      <file name="auth.js" path="/Users/vonwillert/Documents/GitHub/swaxi-dispo-v6/src/utils/auth.js">
        <metrics statements="7" coveredstatements="7" conditionals="0" coveredconditionals="0" methods="5" coveredmethods="5"/>
        <line num="3" count="6" type="stmt"/>
        <line num="4" count="34" type="stmt"/>
        <line num="11" count="34" type="stmt"/>
        <line num="14" count="19" type="stmt"/>
        <line num="15" count="7" type="stmt"/>
        <line num="16" count="6" type="stmt"/>
        <line num="17" count="6" type="stmt"/>
      </file>
      <file name="constants.js" path="/Users/vonwillert/Documents/GitHub/swaxi-dispo-v6/src/utils/constants.js">
        <metrics statements="4" coveredstatements="4" conditionals="0" coveredconditionals="0" methods="0" coveredmethods="0"/>
        <line num="1" count="14" type="stmt"/>
        <line num="8" count="14" type="stmt"/>
        <line num="14" count="14" type="stmt"/>
        <line num="19" count="14" type="stmt"/>
      </file>
      <file name="logger.js" path="/Users/vonwillert/Documents/GitHub/swaxi-dispo-v6/src/utils/logger.js">
        <metrics statements="8" coveredstatements="5" conditionals="6" coveredconditionals="3" methods="4" coveredmethods="2"/>
        <line num="6" count="13" type="stmt"/>
        <line num="7" count="13" type="stmt"/>
        <line num="9" count="13" type="cond" truecount="2" falsecount="0"/>
        <line num="11" count="0" type="stmt"/>
        <line num="14" count="13" type="stmt"/>
        <line num="17" count="0" type="stmt"/>
        <line num="21" count="2" type="cond" truecount="1" falsecount="1"/>
        <line num="25" count="0" type="cond" truecount="0" falsecount="2"/>
      </file>
      <file name="shifts.js" path="/Users/vonwillert/Documents/GitHub/swaxi-dispo-v6/src/utils/shifts.js">
        <metrics statements="35" coveredstatements="32" conditionals="23" coveredconditionals="17" methods="5" coveredmethods="5"/>
        <line num="3" count="12" type="stmt"/>
        <line num="4" count="324" type="stmt"/>
        <line num="7" count="324" type="stmt"/>
        <line num="8" count="5785" type="stmt"/>
        <line num="9" count="5785" type="stmt"/>
        <line num="10" count="5785" type="stmt"/>
        <line num="11" count="5785" type="stmt"/>
        <line num="13" count="5785" type="cond" truecount="1" falsecount="1"/>
        <line num="16" count="324" type="cond" truecount="1" falsecount="1"/>
        <line num="17" count="0" type="stmt"/>
        <line num="21" count="324" type="stmt"/>
        <line num="22" count="3" type="cond" truecount="1" falsecount="1"/>
        <line num="25" count="324" type="cond" truecount="1" falsecount="1"/>
        <line num="26" count="0" type="stmt"/>
        <line num="30" count="324" type="stmt"/>
        <line num="31" count="5782" type="cond" truecount="3" falsecount="0"/>
        <line num="36" count="324" type="cond" truecount="2" falsecount="0"/>
        <line num="37" count="6" type="stmt"/>
        <line num="41" count="324" type="cond" truecount="1" falsecount="1"/>
        <line num="44" count="324" type="cond" truecount="1" falsecount="1"/>
        <line num="45" count="0" type="stmt"/>
        <line num="48" count="324" type="stmt"/>
        <line num="51" count="12" type="cond" truecount="1" falsecount="0"/>
        <line num="52" count="15" type="stmt"/>
        <line num="53" count="15" type="stmt"/>
        <line num="55" count="15" type="stmt"/>
        <line num="56" count="150" type="stmt"/>
        <line num="57" count="150" type="cond" truecount="3" falsecount="0"/>
        <line num="59" count="150" type="cond" truecount="2" falsecount="0"/>
        <line num="61" count="45" type="stmt"/>
        <line num="67" count="45" type="stmt"/>
        <line num="75" count="105" type="stmt"/>
        <line num="81" count="105" type="stmt"/>
        <line num="89" count="150" type="stmt"/>
        <line num="92" count="15" type="stmt"/>
      </file>
    </package>
  </project>
</coverage>
