{"total": {"lines":{"total":790,"covered":420,"skipped":0,"pct":53.16},"statements":{"total":863,"covered":462,"skipped":0,"pct":53.53},"functions":{"total":257,"covered":147,"skipped":0,"pct":57.19},"branches":{"total":431,"covered":218,"skipped":0,"pct":50.58},"branchesTrue":{"total":0,"covered":0,"skipped":0,"pct":100}}
,"/Users/vonwillert/Documents/GitHub/swaxi-dispo-v6/src/App.jsx": {"lines":{"total":3,"covered":0,"skipped":0,"pct":0},"functions":{"total":2,"covered":0,"skipped":0,"pct":0},"statements":{"total":3,"covered":0,"skipped":0,"pct":0},"branches":{"total":0,"covered":0,"skipped":0,"pct":100}}
,"/Users/vonwillert/Documents/GitHub/swaxi-dispo-v6/src/components/AutosaveManager.jsx": {"lines":{"total":96,"covered":53,"skipped":0,"pct":55.2},"functions":{"total":20,"covered":9,"skipped":0,"pct":45},"statements":{"total":103,"covered":55,"skipped":0,"pct":53.39},"branches":{"total":38,"covered":21,"skipped":0,"pct":55.26}}
,"/Users/vonwillert/Documents/GitHub/swaxi-dispo-v6/src/components/ConnectionStatus.jsx": {"lines":{"total":22,"covered":21,"skipped":0,"pct":95.45},"functions":{"total":4,"covered":4,"skipped":0,"pct":100},"statements":{"total":22,"covered":21,"skipped":0,"pct":95.45},"branches":{"total":20,"covered":18,"skipped":0,"pct":90}}
,"/Users/vonwillert/Documents/GitHub/swaxi-dispo-v6/src/components/LiveVersionBanner.jsx": {"lines":{"total":27,"covered":23,"skipped":0,"pct":85.18},"functions":{"total":6,"covered":6,"skipped":0,"pct":100},"statements":{"total":28,"covered":24,"skipped":0,"pct":85.71},"branches":{"total":27,"covered":17,"skipped":0,"pct":62.96}}
,"/Users/vonwillert/Documents/GitHub/swaxi-dispo-v6/src/components/Login.jsx": {"lines":{"total":6,"covered":6,"skipped":0,"pct":100},"functions":{"total":3,"covered":3,"skipped":0,"pct":100},"statements":{"total":6,"covered":6,"skipped":0,"pct":100},"branches":{"total":2,"covered":2,"skipped":0,"pct":100}}
,"/Users/vonwillert/Documents/GitHub/swaxi-dispo-v6/src/components/MiniAnalytics.jsx": {"lines":{"total":8,"covered":0,"skipped":0,"pct":0},"functions":{"total":6,"covered":0,"skipped":0,"pct":0},"statements":{"total":8,"covered":0,"skipped":0,"pct":0},"branches":{"total":0,"covered":0,"skipped":0,"pct":100}}
,"/Users/vonwillert/Documents/GitHub/swaxi-dispo-v6/src/components/Navigation.jsx": {"lines":{"total":10,"covered":10,"skipped":0,"pct":100},"functions":{"total":5,"covered":5,"skipped":0,"pct":100},"statements":{"total":10,"covered":10,"skipped":0,"pct":100},"branches":{"total":14,"covered":13,"skipped":0,"pct":92.85}}
,"/Users/vonwillert/Documents/GitHub/swaxi-dispo-v6/src/components/NotificationMenu.jsx": {"lines":{"total":6,"covered":6,"skipped":0,"pct":100},"functions":{"total":4,"covered":4,"skipped":0,"pct":100},"statements":{"total":6,"covered":6,"skipped":0,"pct":100},"branches":{"total":16,"covered":15,"skipped":0,"pct":93.75}}
,"/Users/vonwillert/Documents/GitHub/swaxi-dispo-v6/src/components/RoleManagement.jsx": {"lines":{"total":17,"covered":14,"skipped":0,"pct":82.35},"functions":{"total":7,"covered":7,"skipped":0,"pct":100},"statements":{"total":17,"covered":14,"skipped":0,"pct":82.35},"branches":{"total":9,"covered":6,"skipped":0,"pct":66.66}}
,"/Users/vonwillert/Documents/GitHub/swaxi-dispo-v6/src/components/SeriesApplicationModal.jsx": {"lines":{"total":39,"covered":24,"skipped":0,"pct":61.53},"functions":{"total":23,"covered":12,"skipped":0,"pct":52.17},"statements":{"total":44,"covered":27,"skipped":0,"pct":61.36},"branches":{"total":18,"covered":8,"skipped":0,"pct":44.44}}
,"/Users/vonwillert/Documents/GitHub/swaxi-dispo-v6/src/components/ShiftTable.jsx": {"lines":{"total":29,"covered":23,"skipped":0,"pct":79.31},"functions":{"total":15,"covered":11,"skipped":0,"pct":73.33},"statements":{"total":31,"covered":24,"skipped":0,"pct":77.41},"branches":{"total":35,"covered":27,"skipped":0,"pct":77.14}}
,"/Users/vonwillert/Documents/GitHub/swaxi-dispo-v6/src/components/ShiftTemplateManager.jsx": {"lines":{"total":29,"covered":28,"skipped":0,"pct":96.55},"functions":{"total":12,"covered":11,"skipped":0,"pct":91.66},"statements":{"total":29,"covered":28,"skipped":0,"pct":96.55},"branches":{"total":10,"covered":9,"skipped":0,"pct":90}}
,"/Users/vonwillert/Documents/GitHub/swaxi-dispo-v6/src/components/ThemeToggle.jsx": {"lines":{"total":3,"covered":3,"skipped":0,"pct":100},"functions":{"total":2,"covered":2,"skipped":0,"pct":100},"statements":{"total":3,"covered":3,"skipped":0,"pct":100},"branches":{"total":2,"covered":2,"skipped":0,"pct":100}}
,"/Users/vonwillert/Documents/GitHub/swaxi-dispo-v6/src/contexts/AuthContext.jsx": {"lines":{"total":22,"covered":20,"skipped":0,"pct":90.9},"functions":{"total":4,"covered":4,"skipped":0,"pct":100},"statements":{"total":22,"covered":20,"skipped":0,"pct":90.9},"branches":{"total":8,"covered":6,"skipped":0,"pct":75}}
,"/Users/vonwillert/Documents/GitHub/swaxi-dispo-v6/src/contexts/ShiftContext.jsx": {"lines":{"total":80,"covered":54,"skipped":0,"pct":67.5},"functions":{"total":35,"covered":25,"skipped":0,"pct":71.42},"statements":{"total":109,"covered":75,"skipped":0,"pct":68.8},"branches":{"total":32,"covered":16,"skipped":0,"pct":50}}
,"/Users/vonwillert/Documents/GitHub/swaxi-dispo-v6/src/contexts/ShiftContextCore.js": {"lines":{"total":22,"covered":15,"skipped":0,"pct":68.18},"functions":{"total":9,"covered":8,"skipped":0,"pct":88.88},"statements":{"total":28,"covered":20,"skipped":0,"pct":71.42},"branches":{"total":24,"covered":15,"skipped":0,"pct":62.5}}
,"/Users/vonwillert/Documents/GitHub/swaxi-dispo-v6/src/contexts/ShiftTemplateContext.jsx": {"lines":{"total":18,"covered":13,"skipped":0,"pct":72.22},"functions":{"total":13,"covered":5,"skipped":0,"pct":38.46},"statements":{"total":24,"covered":14,"skipped":0,"pct":58.33},"branches":{"total":4,"covered":1,"skipped":0,"pct":25}}
,"/Users/vonwillert/Documents/GitHub/swaxi-dispo-v6/src/contexts/ShiftTemplateContextCore.js": {"lines":{"total":1,"covered":1,"skipped":0,"pct":100},"functions":{"total":0,"covered":0,"skipped":0,"pct":100},"statements":{"total":1,"covered":1,"skipped":0,"pct":100},"branches":{"total":0,"covered":0,"skipped":0,"pct":100}}
,"/Users/vonwillert/Documents/GitHub/swaxi-dispo-v6/src/contexts/ThemeContext.jsx": {"lines":{"total":8,"covered":7,"skipped":0,"pct":87.5},"functions":{"total":3,"covered":3,"skipped":0,"pct":100},"statements":{"total":8,"covered":7,"skipped":0,"pct":87.5},"branches":{"total":6,"covered":5,"skipped":0,"pct":83.33}}
,"/Users/vonwillert/Documents/GitHub/swaxi-dispo-v6/src/contexts/ThemeContextCore.js": {"lines":{"total":1,"covered":1,"skipped":0,"pct":100},"functions":{"total":0,"covered":0,"skipped":0,"pct":100},"statements":{"total":1,"covered":1,"skipped":0,"pct":100},"branches":{"total":0,"covered":0,"skipped":0,"pct":100}}
,"/Users/vonwillert/Documents/GitHub/swaxi-dispo-v6/src/contexts/useAuth.js": {"lines":{"total":1,"covered":1,"skipped":0,"pct":100},"functions":{"total":1,"covered":1,"skipped":0,"pct":100},"statements":{"total":1,"covered":1,"skipped":0,"pct":100},"branches":{"total":0,"covered":0,"skipped":0,"pct":100}}
,"/Users/vonwillert/Documents/GitHub/swaxi-dispo-v6/src/contexts/useShiftTemplates.js": {"lines":{"total":2,"covered":2,"skipped":0,"pct":100},"functions":{"total":5,"covered":2,"skipped":0,"pct":40},"statements":{"total":3,"covered":3,"skipped":0,"pct":100},"branches":{"total":2,"covered":2,"skipped":0,"pct":100}}
,"/Users/vonwillert/Documents/GitHub/swaxi-dispo-v6/src/contexts/useShifts.js": {"lines":{"total":3,"covered":3,"skipped":0,"pct":100},"functions":{"total":1,"covered":1,"skipped":0,"pct":100},"statements":{"total":4,"covered":3,"skipped":0,"pct":75},"branches":{"total":2,"covered":1,"skipped":0,"pct":50}}
,"/Users/vonwillert/Documents/GitHub/swaxi-dispo-v6/src/contexts/useTheme.js": {"lines":{"total":4,"covered":3,"skipped":0,"pct":75},"functions":{"total":1,"covered":1,"skipped":0,"pct":100},"statements":{"total":4,"covered":3,"skipped":0,"pct":75},"branches":{"total":2,"covered":1,"skipped":0,"pct":50}}
,"/Users/vonwillert/Documents/GitHub/swaxi-dispo-v6/src/pages/Administration.jsx": {"lines":{"total":1,"covered":0,"skipped":0,"pct":0},"functions":{"total":1,"covered":0,"skipped":0,"pct":0},"statements":{"total":1,"covered":0,"skipped":0,"pct":0},"branches":{"total":0,"covered":0,"skipped":0,"pct":100}}
,"/Users/vonwillert/Documents/GitHub/swaxi-dispo-v6/src/pages/Audit.jsx": {"lines":{"total":8,"covered":0,"skipped":0,"pct":0},"functions":{"total":5,"covered":0,"skipped":0,"pct":0},"statements":{"total":8,"covered":0,"skipped":0,"pct":0},"branches":{"total":6,"covered":0,"skipped":0,"pct":0}}
,"/Users/vonwillert/Documents/GitHub/swaxi-dispo-v6/src/pages/Calendar.jsx": {"lines":{"total":81,"covered":0,"skipped":0,"pct":0},"functions":{"total":20,"covered":0,"skipped":0,"pct":0},"statements":{"total":87,"covered":0,"skipped":0,"pct":0},"branches":{"total":40,"covered":0,"skipped":0,"pct":0}}
,"/Users/vonwillert/Documents/GitHub/swaxi-dispo-v6/src/pages/Dashboard.jsx": {"lines":{"total":20,"covered":0,"skipped":0,"pct":0},"functions":{"total":6,"covered":0,"skipped":0,"pct":0},"statements":{"total":20,"covered":0,"skipped":0,"pct":0},"branches":{"total":8,"covered":0,"skipped":0,"pct":0}}
,"/Users/vonwillert/Documents/GitHub/swaxi-dispo-v6/src/pages/TestPage.jsx": {"lines":{"total":39,"covered":0,"skipped":0,"pct":0},"functions":{"total":6,"covered":0,"skipped":0,"pct":0},"statements":{"total":40,"covered":0,"skipped":0,"pct":0},"branches":{"total":25,"covered":0,"skipped":0,"pct":0}}
,"/Users/vonwillert/Documents/GitHub/swaxi-dispo-v6/src/services/firebaseConfig.js": {"lines":{"total":8,"covered":0,"skipped":0,"pct":0},"functions":{"total":1,"covered":0,"skipped":0,"pct":0},"statements":{"total":8,"covered":0,"skipped":0,"pct":0},"branches":{"total":5,"covered":0,"skipped":0,"pct":0}}
,"/Users/vonwillert/Documents/GitHub/swaxi-dispo-v6/src/services/migrationService.js": {"lines":{"total":52,"covered":0,"skipped":0,"pct":0},"functions":{"total":6,"covered":0,"skipped":0,"pct":0},"statements":{"total":53,"covered":0,"skipped":0,"pct":0},"branches":{"total":12,"covered":0,"skipped":0,"pct":0}}
,"/Users/vonwillert/Documents/GitHub/swaxi-dispo-v6/src/services/sharePointService.js": {"lines":{"total":67,"covered":36,"skipped":0,"pct":53.73},"functions":{"total":17,"covered":9,"skipped":0,"pct":52.94},"statements":{"total":67,"covered":36,"skipped":0,"pct":53.73},"branches":{"total":37,"covered":15,"skipped":0,"pct":40.54}}
,"/Users/vonwillert/Documents/GitHub/swaxi-dispo-v6/src/services/shiftGenerationService.js": {"lines":{"total":10,"covered":10,"skipped":0,"pct":100},"functions":{"total":3,"covered":3,"skipped":0,"pct":100},"statements":{"total":12,"covered":12,"skipped":0,"pct":100},"branches":{"total":2,"covered":2,"skipped":0,"pct":100}}
,"/Users/vonwillert/Documents/GitHub/swaxi-dispo-v6/src/tests/testUtils.jsx": {"lines":{"total":1,"covered":1,"skipped":0,"pct":100},"functions":{"total":1,"covered":1,"skipped":0,"pct":100},"statements":{"total":1,"covered":1,"skipped":0,"pct":100},"branches":{"total":2,"covered":2,"skipped":0,"pct":100}}
,"/Users/vonwillert/Documents/GitHub/swaxi-dispo-v6/src/utils/auth.js": {"lines":{"total":7,"covered":7,"skipped":0,"pct":100},"functions":{"total":5,"covered":5,"skipped":0,"pct":100},"statements":{"total":11,"covered":11,"skipped":0,"pct":100},"branches":{"total":0,"covered":0,"skipped":0,"pct":100}}
,"/Users/vonwillert/Documents/GitHub/swaxi-dispo-v6/src/utils/constants.js": {"lines":{"total":4,"covered":4,"skipped":0,"pct":100},"functions":{"total":0,"covered":0,"skipped":0,"pct":100},"statements":{"total":4,"covered":4,"skipped":0,"pct":100},"branches":{"total":0,"covered":0,"skipped":0,"pct":100}}
,"/Users/vonwillert/Documents/GitHub/swaxi-dispo-v6/src/utils/shifts.js": {"lines":{"total":35,"covered":31,"skipped":0,"pct":88.57},"functions":{"total":5,"covered":5,"skipped":0,"pct":100},"statements":{"total":36,"covered":32,"skipped":0,"pct":88.88},"branches":{"total":23,"covered":14,"skipped":0,"pct":60.86}}
}
