{"/Users/vonwillert/Documents/GitHub/swaxi-dispo-v6/src/App.jsx": {"path":"/Users/vonwillert/Documents/GitHub/swaxi-dispo-v6/src/App.jsx","statementMap":{"0":{"start":{"line":16,"column":20},"end":{"line":16,"column":27}},"1":{"start":{"line":19,"column":2},"end":{"line":23,"column":3}},"2":{"start":{"line":27,"column":2},"end":{"line":52,"column":3}}},"fnMap":{"0":{"name":"Footer","decl":{"start":{"line":18,"column":9},"end":{"line":18,"column":15}},"loc":{"start":{"line":18,"column":18},"end":{"line":24,"column":1}},"line":18},"1":{"name":"App","decl":{"start":{"line":26,"column":9},"end":{"line":26,"column":12}},"loc":{"start":{"line":26,"column":15},"end":{"line":53,"column":1}},"line":26}},"branchMap":{},"s":{"0":0,"1":0,"2":0},"f":{"0":0,"1":0},"b":{}}
,"/Users/vonwillert/Documents/GitHub/swaxi-dispo-v6/src/components/AutosaveManager.jsx": {"path":"/Users/vonwillert/Documents/GitHub/swaxi-dispo-v6/src/components/AutosaveManager.jsx","statementMap":{"0":{"start":{"line":5,"column":34},"end":{"line":5,"column":39}},"1":{"start":{"line":6,"column":30},"end":{"line":6,"column":32}},"2":{"start":{"line":23,"column":20},"end":{"line":23,"column":31}},"3":{"start":{"line":24,"column":34},"end":{"line":24,"column":48}},"4":{"start":{"line":25,"column":42},"end":{"line":25,"column":57}},"5":{"start":{"line":26,"column":54},"end":{"line":26,"column":66}},"6":{"start":{"line":27,"column":52},"end":{"line":27,"column":67}},"7":{"start":{"line":28,"column":27},"end":{"line":28,"column":39}},"8":{"start":{"line":31,"column":2},"end":{"line":85,"column":157}},"9":{"start":{"line":32,"column":25},"end":{"line":79,"column":5}},"10":{"start":{"line":33,"column":6},"end":{"line":78,"column":7}},"11":{"start":{"line":35,"column":26},"end":{"line":40,"column":19}},"12":{"start":{"line":41,"column":8},"end":{"line":44,"column":9}},"13":{"start":{"line":42,"column":10},"end":{"line":42,"column":60}},"14":{"start":{"line":42,"column":54},"end":{"line":42,"column":60}},"15":{"start":{"line":43,"column":10},"end":{"line":43,"column":46}},"16":{"start":{"line":46,"column":20},"end":{"line":46,"column":30}},"17":{"start":{"line":47,"column":27},"end":{"line":49,"column":56}},"18":{"start":{"line":51,"column":25},"end":{"line":62,"column":9}},"19":{"start":{"line":64,"column":34},"end":{"line":64,"column":102}},"20":{"start":{"line":65,"column":33},"end":{"line":65,"column":88}},"21":{"start":{"line":67,"column":8},"end":{"line":67,"column":90}},"22":{"start":{"line":68,"column":8},"end":{"line":71,"column":11}},"23":{"start":{"line":73,"column":8},"end":{"line":73,"column":49}},"24":{"start":{"line":74,"column":8},"end":{"line":74,"column":47}},"25":{"start":{"line":75,"column":8},"end":{"line":75,"column":85}},"26":{"start":{"line":75,"column":27},"end":{"line":75,"column":85}},"27":{"start":{"line":77,"column":8},"end":{"line":77,"column":69}},"28":{"start":{"line":77,"column":27},"end":{"line":77,"column":69}},"29":{"start":{"line":82,"column":4},"end":{"line":82,"column":18}},"30":{"start":{"line":83,"column":21},"end":{"line":83,"column":58}},"31":{"start":{"line":84,"column":4},"end":{"line":84,"column":40}},"32":{"start":{"line":84,"column":17},"end":{"line":84,"column":40}},"33":{"start":{"line":88,"column":2},"end":{"line":100,"column":9}},"34":{"start":{"line":89,"column":4},"end":{"line":99,"column":5}},"35":{"start":{"line":90,"column":24},"end":{"line":90,"column":92}},"36":{"start":{"line":91,"column":6},"end":{"line":91,"column":39}},"37":{"start":{"line":93,"column":27},"end":{"line":93,"column":92}},"38":{"start":{"line":94,"column":6},"end":{"line":96,"column":7}},"39":{"start":{"line":95,"column":8},"end":{"line":95,"column":54}},"40":{"start":{"line":98,"column":6},"end":{"line":98,"column":55}},"41":{"start":{"line":103,"column":2},"end":{"line":125,"column":9}},"42":{"start":{"line":104,"column":29},"end":{"line":121,"column":5}},"43":{"start":{"line":105,"column":6},"end":{"line":120,"column":7}},"44":{"start":{"line":106,"column":31},"end":{"line":106,"column":73}},"45":{"start":{"line":107,"column":26},"end":{"line":107,"column":94}},"46":{"start":{"line":109,"column":8},"end":{"line":117,"column":9}},"47":{"start":{"line":110,"column":31},"end":{"line":110,"column":43}},"48":{"start":{"line":111,"column":40},"end":{"line":111,"column":95}},"49":{"start":{"line":114,"column":10},"end":{"line":116,"column":11}},"50":{"start":{"line":115,"column":12},"end":{"line":115,"column":39}},"51":{"start":{"line":119,"column":8},"end":{"line":119,"column":61}},"52":{"start":{"line":124,"column":4},"end":{"line":124,"column":39}},"53":{"start":{"line":127,"column":30},"end":{"line":155,"column":3}},"54":{"start":{"line":128,"column":4},"end":{"line":154,"column":5}},"55":{"start":{"line":129,"column":6},"end":{"line":129,"column":28}},"56":{"start":{"line":130,"column":23},"end":{"line":130,"column":72}},"57":{"start":{"line":130,"column":52},"end":{"line":130,"column":71}},"58":{"start":{"line":132,"column":6},"end":{"line":134,"column":7}},"59":{"start":{"line":133,"column":8},"end":{"line":133,"column":51}},"60":{"start":{"line":138,"column":6},"end":{"line":138,"column":66}},"61":{"start":{"line":141,"column":6},"end":{"line":141,"column":62}},"62":{"start":{"line":141,"column":35},"end":{"line":141,"column":60}},"63":{"start":{"line":143,"column":6},"end":{"line":143,"column":34}},"64":{"start":{"line":144,"column":6},"end":{"line":144,"column":29}},"65":{"start":{"line":147,"column":6},"end":{"line":147,"column":52}},"66":{"start":{"line":149,"column":6},"end":{"line":149,"column":164}},"67":{"start":{"line":151,"column":6},"end":{"line":151,"column":66}},"68":{"start":{"line":152,"column":6},"end":{"line":152,"column":68}},"69":{"start":{"line":153,"column":6},"end":{"line":153,"column":29}},"70":{"start":{"line":157,"column":25},"end":{"line":165,"column":3}},"71":{"start":{"line":158,"column":4},"end":{"line":164,"column":5}},"72":{"start":{"line":159,"column":31},"end":{"line":159,"column":82}},"73":{"start":{"line":159,"column":62},"end":{"line":159,"column":81}},"74":{"start":{"line":160,"column":6},"end":{"line":160,"column":89}},"75":{"start":{"line":161,"column":6},"end":{"line":161,"column":46}},"76":{"start":{"line":163,"column":6},"end":{"line":163,"column":55}},"77":{"start":{"line":167,"column":26},"end":{"line":188,"column":3}},"78":{"start":{"line":168,"column":4},"end":{"line":187,"column":5}},"79":{"start":{"line":169,"column":25},"end":{"line":173,"column":7}},"80":{"start":{"line":175,"column":19},"end":{"line":175,"column":96}},"81":{"start":{"line":176,"column":18},"end":{"line":176,"column":43}},"82":{"start":{"line":178,"column":16},"end":{"line":178,"column":43}},"83":{"start":{"line":179,"column":6},"end":{"line":179,"column":19}},"84":{"start":{"line":180,"column":6},"end":{"line":180,"column":84}},"85":{"start":{"line":181,"column":6},"end":{"line":181,"column":35}},"86":{"start":{"line":182,"column":6},"end":{"line":182,"column":16}},"87":{"start":{"line":183,"column":6},"end":{"line":183,"column":35}},"88":{"start":{"line":184,"column":6},"end":{"line":184,"column":31}},"89":{"start":{"line":186,"column":6},"end":{"line":186,"column":45}},"90":{"start":{"line":190,"column":24},"end":{"line":201,"column":3}},"91":{"start":{"line":191,"column":16},"end":{"line":191,"column":26}},"92":{"start":{"line":192,"column":17},"end":{"line":192,"column":36}},"93":{"start":{"line":193,"column":19},"end":{"line":193,"column":29}},"94":{"start":{"line":194,"column":21},"end":{"line":194,"column":47}},"95":{"start":{"line":195,"column":22},"end":{"line":195,"column":50}},"96":{"start":{"line":197,"column":4},"end":{"line":197,"column":43}},"97":{"start":{"line":197,"column":22},"end":{"line":197,"column":43}},"98":{"start":{"line":198,"column":4},"end":{"line":198,"column":52}},"99":{"start":{"line":198,"column":23},"end":{"line":198,"column":52}},"100":{"start":{"line":199,"column":4},"end":{"line":199,"column":54}},"101":{"start":{"line":199,"column":24},"end":{"line":199,"column":54}},"102":{"start":{"line":200,"column":4},"end":{"line":200,"column":44}},"103":{"start":{"line":205,"column":26},"end":{"line":276,"column":3}},"104":{"start":{"line":221,"column":14},"end":{"line":237,"column":20}},"105":{"start":{"line":231,"column":33},"end":{"line":231,"column":65}},"106":{"start":{"line":243,"column":29},"end":{"line":243,"column":56}},"107":{"start":{"line":250,"column":16},"end":{"line":250,"column":61}},"108":{"start":{"line":251,"column":16},"end":{"line":251,"column":43}},"109":{"start":{"line":265,"column":31},"end":{"line":265,"column":99}},"110":{"start":{"line":279,"column":2},"end":{"line":305,"column":3}},"111":{"start":{"line":289,"column":29},"end":{"line":289,"column":55}}},"fnMap":{"0":{"name":"AutosaveManager","decl":{"start":{"line":17,"column":24},"end":{"line":17,"column":39}},"loc":{"start":{"line":22,"column":8},"end":{"line":306,"column":1}},"line":22},"1":{"name":"(anonymous_1)","decl":{"start":{"line":31,"column":12},"end":{"line":31,"column":13}},"loc":{"start":{"line":31,"column":18},"end":{"line":85,"column":3}},"line":31},"2":{"name":"(anonymous_2)","decl":{"start":{"line":32,"column":25},"end":{"line":32,"column":26}},"loc":{"start":{"line":32,"column":31},"end":{"line":79,"column":5}},"line":32},"3":{"name":"(anonymous_3)","decl":{"start":{"line":84,"column":11},"end":{"line":84,"column":12}},"loc":{"start":{"line":84,"column":17},"end":{"line":84,"column":40}},"line":84},"4":{"name":"(anonymous_4)","decl":{"start":{"line":88,"column":12},"end":{"line":88,"column":13}},"loc":{"start":{"line":88,"column":18},"end":{"line":100,"column":3}},"line":88},"5":{"name":"(anonymous_5)","decl":{"start":{"line":103,"column":12},"end":{"line":103,"column":13}},"loc":{"start":{"line":103,"column":18},"end":{"line":125,"column":3}},"line":103},"6":{"name":"(anonymous_6)","decl":{"start":{"line":104,"column":29},"end":{"line":104,"column":30}},"loc":{"start":{"line":104,"column":35},"end":{"line":121,"column":5}},"line":104},"7":{"name":"(anonymous_7)","decl":{"start":{"line":127,"column":30},"end":{"line":127,"column":31}},"loc":{"start":{"line":127,"column":52},"end":{"line":155,"column":3}},"line":127},"8":{"name":"(anonymous_8)","decl":{"start":{"line":130,"column":47},"end":{"line":130,"column":48}},"loc":{"start":{"line":130,"column":52},"end":{"line":130,"column":71}},"line":130},"9":{"name":"(anonymous_9)","decl":{"start":{"line":141,"column":24},"end":{"line":141,"column":25}},"loc":{"start":{"line":141,"column":35},"end":{"line":141,"column":60}},"line":141},"10":{"name":"(anonymous_10)","decl":{"start":{"line":157,"column":25},"end":{"line":157,"column":26}},"loc":{"start":{"line":157,"column":41},"end":{"line":165,"column":3}},"line":157},"11":{"name":"(anonymous_11)","decl":{"start":{"line":159,"column":57},"end":{"line":159,"column":58}},"loc":{"start":{"line":159,"column":62},"end":{"line":159,"column":81}},"line":159},"12":{"name":"(anonymous_12)","decl":{"start":{"line":167,"column":26},"end":{"line":167,"column":27}},"loc":{"start":{"line":167,"column":32},"end":{"line":188,"column":3}},"line":167},"13":{"name":"(anonymous_13)","decl":{"start":{"line":190,"column":24},"end":{"line":190,"column":25}},"loc":{"start":{"line":190,"column":39},"end":{"line":201,"column":3}},"line":190},"14":{"name":"(anonymous_14)","decl":{"start":{"line":220,"column":48},"end":{"line":220,"column":49}},"loc":{"start":{"line":221,"column":14},"end":{"line":237,"column":20}},"line":221},"15":{"name":"(anonymous_15)","decl":{"start":{"line":231,"column":27},"end":{"line":231,"column":28}},"loc":{"start":{"line":231,"column":33},"end":{"line":231,"column":65}},"line":231},"16":{"name":"(anonymous_16)","decl":{"start":{"line":243,"column":23},"end":{"line":243,"column":24}},"loc":{"start":{"line":243,"column":29},"end":{"line":243,"column":56}},"line":243},"17":{"name":"(anonymous_17)","decl":{"start":{"line":249,"column":23},"end":{"line":249,"column":24}},"loc":{"start":{"line":249,"column":29},"end":{"line":252,"column":15}},"line":249},"18":{"name":"(anonymous_18)","decl":{"start":{"line":265,"column":25},"end":{"line":265,"column":26}},"loc":{"start":{"line":265,"column":31},"end":{"line":265,"column":99}},"line":265},"19":{"name":"(anonymous_19)","decl":{"start":{"line":289,"column":23},"end":{"line":289,"column":24}},"loc":{"start":{"line":289,"column":29},"end":{"line":289,"column":55}},"line":289}},"branchMap":{"0":{"loc":{"start":{"line":17,"column":40},"end":{"line":22,"column":6}},"type":"default-arg","locations":[{"start":{"line":22,"column":4},"end":{"line":22,"column":6}}],"line":17},"1":{"loc":{"start":{"line":18,"column":2},"end":{"line":18,"column":40}},"type":"default-arg","locations":[{"start":{"line":18,"column":15},"end":{"line":18,"column":40}}],"line":18},"2":{"loc":{"start":{"line":19,"column":2},"end":{"line":19,"column":38}},"type":"default-arg","locations":[{"start":{"line":19,"column":17},"end":{"line":19,"column":38}}],"line":19},"3":{"loc":{"start":{"line":20,"column":2},"end":{"line":20,"column":23}},"type":"default-arg","locations":[{"start":{"line":20,"column":18},"end":{"line":20,"column":23}}],"line":20},"4":{"loc":{"start":{"line":21,"column":2},"end":{"line":21,"column":25}},"type":"default-arg","locations":[{"start":{"line":21,"column":20},"end":{"line":21,"column":25}}],"line":21},"5":{"loc":{"start":{"line":39,"column":10},"end":{"line":39,"column":33}},"type":"binary-expr","locations":[{"start":{"line":39,"column":10},"end":{"line":39,"column":28}},{"start":{"line":39,"column":32},"end":{"line":39,"column":33}}],"line":39},"6":{"loc":{"start":{"line":41,"column":8},"end":{"line":44,"column":9}},"type":"if","locations":[{"start":{"line":41,"column":8},"end":{"line":44,"column":9}},{"start":{},"end":{}}],"line":41},"7":{"loc":{"start":{"line":42,"column":10},"end":{"line":42,"column":60}},"type":"if","locations":[{"start":{"line":42,"column":10},"end":{"line":42,"column":60}},{"start":{},"end":{}}],"line":42},"8":{"loc":{"start":{"line":47,"column":27},"end":{"line":49,"column":56}},"type":"cond-expr","locations":[{"start":{"line":48,"column":12},"end":{"line":48,"column":28}},{"start":{"line":49,"column":13},"end":{"line":49,"column":55}}],"line":47},"9":{"loc":{"start":{"line":49,"column":13},"end":{"line":49,"column":55}},"type":"binary-expr","locations":[{"start":{"line":49,"column":13},"end":{"line":49,"column":37}},{"start":{"line":49,"column":41},"end":{"line":49,"column":55}}],"line":49},"10":{"loc":{"start":{"line":64,"column":45},"end":{"line":64,"column":101}},"type":"binary-expr","locations":[{"start":{"line":64,"column":45},"end":{"line":64,"column":93}},{"start":{"line":64,"column":97},"end":{"line":64,"column":101}}],"line":64},"11":{"loc":{"start":{"line":75,"column":8},"end":{"line":75,"column":85}},"type":"if","locations":[{"start":{"line":75,"column":8},"end":{"line":75,"column":85}},{"start":{},"end":{}}],"line":75},"12":{"loc":{"start":{"line":77,"column":8},"end":{"line":77,"column":69}},"type":"if","locations":[{"start":{"line":77,"column":8},"end":{"line":77,"column":69}},{"start":{},"end":{}}],"line":77},"13":{"loc":{"start":{"line":90,"column":35},"end":{"line":90,"column":91}},"type":"binary-expr","locations":[{"start":{"line":90,"column":35},"end":{"line":90,"column":83}},{"start":{"line":90,"column":87},"end":{"line":90,"column":91}}],"line":90},"14":{"loc":{"start":{"line":93,"column":38},"end":{"line":93,"column":91}},"type":"binary-expr","locations":[{"start":{"line":93,"column":38},"end":{"line":93,"column":81}},{"start":{"line":93,"column":85},"end":{"line":93,"column":91}}],"line":93},"15":{"loc":{"start":{"line":94,"column":6},"end":{"line":96,"column":7}},"type":"if","locations":[{"start":{"line":94,"column":6},"end":{"line":96,"column":7}},{"start":{},"end":{}}],"line":94},"16":{"loc":{"start":{"line":107,"column":37},"end":{"line":107,"column":93}},"type":"binary-expr","locations":[{"start":{"line":107,"column":37},"end":{"line":107,"column":85}},{"start":{"line":107,"column":89},"end":{"line":107,"column":93}}],"line":107},"17":{"loc":{"start":{"line":109,"column":8},"end":{"line":117,"column":9}},"type":"if","locations":[{"start":{"line":109,"column":8},"end":{"line":117,"column":9}},{"start":{},"end":{}}],"line":109},"18":{"loc":{"start":{"line":109,"column":12},"end":{"line":109,"column":50}},"type":"binary-expr","locations":[{"start":{"line":109,"column":12},"end":{"line":109,"column":26}},{"start":{"line":109,"column":30},"end":{"line":109,"column":50}}],"line":109},"19":{"loc":{"start":{"line":114,"column":10},"end":{"line":116,"column":11}},"type":"if","locations":[{"start":{"line":114,"column":10},"end":{"line":116,"column":11}},{"start":{},"end":{}}],"line":114},"20":{"loc":{"start":{"line":132,"column":6},"end":{"line":134,"column":7}},"type":"if","locations":[{"start":{"line":132,"column":6},"end":{"line":134,"column":7}},{"start":{},"end":{}}],"line":132},"21":{"loc":{"start":{"line":197,"column":4},"end":{"line":197,"column":43}},"type":"if","locations":[{"start":{"line":197,"column":4},"end":{"line":197,"column":43}},{"start":{},"end":{}}],"line":197},"22":{"loc":{"start":{"line":198,"column":4},"end":{"line":198,"column":52}},"type":"if","locations":[{"start":{"line":198,"column":4},"end":{"line":198,"column":52}},{"start":{},"end":{}}],"line":198},"23":{"loc":{"start":{"line":199,"column":4},"end":{"line":199,"column":54}},"type":"if","locations":[{"start":{"line":199,"column":4},"end":{"line":199,"column":54}},{"start":{},"end":{}}],"line":199},"24":{"loc":{"start":{"line":205,"column":26},"end":{"line":276,"column":3}},"type":"binary-expr","locations":[{"start":{"line":205,"column":26},"end":{"line":205,"column":43}},{"start":{"line":206,"column":4},"end":{"line":275,"column":10}}],"line":205},"25":{"loc":{"start":{"line":235,"column":19},"end":{"line":235,"column":64}},"type":"cond-expr","locations":[{"start":{"line":235,"column":34},"end":{"line":235,"column":43}},{"start":{"line":235,"column":46},"end":{"line":235,"column":64}}],"line":235},"26":{"loc":{"start":{"line":263,"column":13},"end":{"line":270,"column":13}},"type":"binary-expr","locations":[{"start":{"line":263,"column":13},"end":{"line":263,"column":42}},{"start":{"line":264,"column":14},"end":{"line":269,"column":23}}],"line":263},"27":{"loc":{"start":{"line":286,"column":25},"end":{"line":286,"column":82}},"type":"cond-expr","locations":[{"start":{"line":286,"column":36},"end":{"line":286,"column":59}},{"start":{"line":286,"column":62},"end":{"line":286,"column":82}}],"line":286},"28":{"loc":{"start":{"line":296,"column":11},"end":{"line":300,"column":11}},"type":"binary-expr","locations":[{"start":{"line":296,"column":11},"end":{"line":296,"column":40}},{"start":{"line":297,"column":12},"end":{"line":299,"column":18}}],"line":296}},"s":{"0":1,"1":1,"2":11,"3":11,"4":11,"5":11,"6":11,"7":11,"8":11,"9":6,"10":8,"11":8,"12":8,"13":0,"14":0,"15":0,"16":8,"17":8,"18":8,"19":8,"20":8,"21":8,"22":8,"23":8,"24":8,"25":8,"26":0,"27":0,"28":0,"29":6,"30":6,"31":6,"32":6,"33":11,"34":3,"35":3,"36":3,"37":3,"38":3,"39":3,"40":0,"41":11,"42":3,"43":2,"44":2,"45":2,"46":2,"47":2,"48":2,"49":2,"50":2,"51":0,"52":3,"53":11,"54":0,"55":0,"56":0,"57":0,"58":0,"59":0,"60":0,"61":0,"62":0,"63":0,"64":0,"65":0,"66":0,"67":0,"68":0,"69":0,"70":11,"71":0,"72":0,"73":0,"74":0,"75":0,"76":0,"77":11,"78":0,"79":0,"80":0,"81":0,"82":0,"83":0,"84":0,"85":0,"86":0,"87":0,"88":0,"89":0,"90":11,"91":8,"92":8,"93":8,"94":8,"95":8,"96":8,"97":0,"98":8,"99":0,"100":8,"101":0,"102":8,"103":11,"104":6,"105":0,"106":0,"107":0,"108":0,"109":0,"110":11,"111":0},"f":{"0":11,"1":6,"2":8,"3":6,"4":3,"5":3,"6":2,"7":0,"8":0,"9":0,"10":0,"11":0,"12":0,"13":8,"14":6,"15":0,"16":0,"17":0,"18":0,"19":0},"b":{"0":[0],"1":[11],"2":[11],"3":[11],"4":[11],"5":[8,8],"6":[0,8],"7":[0,0],"8":[8,0],"9":[0,0],"10":[8,3],"11":[0,8],"12":[0,0],"13":[3,0],"14":[3,0],"15":[3,0],"16":[2,0],"17":[2,0],"18":[2,2],"19":[2,0],"20":[0,0],"21":[0,8],"22":[0,8],"23":[0,8],"24":[11,2],"25":[0,6],"26":[2,1],"27":[8,3],"28":[11,8]},"_coverageSchema":"1a1c01bbd47fc00a2c39e90264f33305004495a9","hash":"1294c911f0b90323bc809867f0d69d4303407963"}
,"/Users/vonwillert/Documents/GitHub/swaxi-dispo-v6/src/components/ConnectionStatus.jsx": {"path":"/Users/vonwillert/Documents/GitHub/swaxi-dispo-v6/src/components/ConnectionStatus.jsx","statementMap":{"0":{"start":{"line":5,"column":20},"end":{"line":5,"column":31}},"1":{"start":{"line":6,"column":32},"end":{"line":6,"column":47}},"2":{"start":{"line":8,"column":31},"end":{"line":19,"column":3}},"3":{"start":{"line":9,"column":4},"end":{"line":9,"column":21}},"4":{"start":{"line":10,"column":4},"end":{"line":18,"column":5}},"5":{"start":{"line":12,"column":23},"end":{"line":12,"column":28}},"6":{"start":{"line":13,"column":6},"end":{"line":13,"column":109}},"7":{"start":{"line":15,"column":6},"end":{"line":15,"column":54}},"8":{"start":{"line":17,"column":6},"end":{"line":17,"column":24}},"9":{"start":{"line":21,"column":24},"end":{"line":29,"column":3}},"10":{"start":{"line":22,"column":4},"end":{"line":28,"column":5}},"11":{"start":{"line":23,"column":6},"end":{"line":23,"column":18}},"12":{"start":{"line":24,"column":11},"end":{"line":28,"column":5}},"13":{"start":{"line":25,"column":6},"end":{"line":25,"column":18}},"14":{"start":{"line":27,"column":6},"end":{"line":27,"column":18}},"15":{"start":{"line":31,"column":24},"end":{"line":39,"column":3}},"16":{"start":{"line":32,"column":4},"end":{"line":38,"column":5}},"17":{"start":{"line":33,"column":6},"end":{"line":33,"column":36}},"18":{"start":{"line":34,"column":11},"end":{"line":38,"column":5}},"19":{"start":{"line":35,"column":6},"end":{"line":35,"column":44}},"20":{"start":{"line":37,"column":6},"end":{"line":37,"column":33}},"21":{"start":{"line":41,"column":2},"end":{"line":71,"column":4}}},"fnMap":{"0":{"name":"ConnectionStatus","decl":{"start":{"line":4,"column":24},"end":{"line":4,"column":40}},"loc":{"start":{"line":4,"column":43},"end":{"line":72,"column":1}},"line":4},"1":{"name":"(anonymous_1)","decl":{"start":{"line":8,"column":31},"end":{"line":8,"column":32}},"loc":{"start":{"line":8,"column":43},"end":{"line":19,"column":3}},"line":8},"2":{"name":"(anonymous_2)","decl":{"start":{"line":21,"column":24},"end":{"line":21,"column":25}},"loc":{"start":{"line":21,"column":30},"end":{"line":29,"column":3}},"line":21},"3":{"name":"(anonymous_3)","decl":{"start":{"line":31,"column":24},"end":{"line":31,"column":25}},"loc":{"start":{"line":31,"column":30},"end":{"line":39,"column":3}},"line":31}},"branchMap":{"0":{"loc":{"start":{"line":13,"column":45},"end":{"line":13,"column":107}},"type":"cond-expr","locations":[{"start":{"line":13,"column":56},"end":{"line":13,"column":78}},{"start":{"line":13,"column":81},"end":{"line":13,"column":107}}],"line":13},"1":{"loc":{"start":{"line":22,"column":4},"end":{"line":28,"column":5}},"type":"if","locations":[{"start":{"line":22,"column":4},"end":{"line":28,"column":5}},{"start":{"line":24,"column":11},"end":{"line":28,"column":5}}],"line":22},"2":{"loc":{"start":{"line":22,"column":8},"end":{"line":22,"column":59}},"type":"binary-expr","locations":[{"start":{"line":22,"column":8},"end":{"line":22,"column":41}},{"start":{"line":22,"column":45},"end":{"line":22,"column":59}}],"line":22},"3":{"loc":{"start":{"line":24,"column":11},"end":{"line":28,"column":5}},"type":"if","locations":[{"start":{"line":24,"column":11},"end":{"line":28,"column":5}},{"start":{"line":26,"column":11},"end":{"line":28,"column":5}}],"line":24},"4":{"loc":{"start":{"line":32,"column":4},"end":{"line":38,"column":5}},"type":"if","locations":[{"start":{"line":32,"column":4},"end":{"line":38,"column":5}},{"start":{"line":34,"column":11},"end":{"line":38,"column":5}}],"line":32},"5":{"loc":{"start":{"line":32,"column":8},"end":{"line":32,"column":59}},"type":"binary-expr","locations":[{"start":{"line":32,"column":8},"end":{"line":32,"column":41}},{"start":{"line":32,"column":45},"end":{"line":32,"column":59}}],"line":32},"6":{"loc":{"start":{"line":34,"column":11},"end":{"line":38,"column":5}},"type":"if","locations":[{"start":{"line":34,"column":11},"end":{"line":38,"column":5}},{"start":{"line":36,"column":11},"end":{"line":38,"column":5}}],"line":34},"7":{"loc":{"start":{"line":50,"column":7},"end":{"line":54,"column":7}},"type":"binary-expr","locations":[{"start":{"line":50,"column":7},"end":{"line":50,"column":21}},{"start":{"line":51,"column":8},"end":{"line":53,"column":15}}],"line":50},"8":{"loc":{"start":{"line":61,"column":9},"end":{"line":61,"column":62}},"type":"cond-expr","locations":[{"start":{"line":61,"column":19},"end":{"line":61,"column":37}},{"start":{"line":61,"column":40},"end":{"line":61,"column":62}}],"line":61},"9":{"loc":{"start":{"line":65,"column":7},"end":{"line":69,"column":7}},"type":"binary-expr","locations":[{"start":{"line":65,"column":7},"end":{"line":65,"column":42}},{"start":{"line":66,"column":8},"end":{"line":68,"column":14}}],"line":65}},"s":{"0":16,"1":16,"2":16,"3":1,"4":1,"5":1,"6":1,"7":0,"8":1,"9":16,"10":16,"11":1,"12":15,"13":14,"14":1,"15":16,"16":16,"17":1,"18":15,"19":14,"20":1,"21":16},"f":{"0":16,"1":1,"2":16,"3":16},"b":{"0":[0,1],"1":[1,15],"2":[16,2],"3":[14,1],"4":[1,15],"5":[16,2],"6":[14,1],"7":[16,1],"8":[0,16],"9":[16,14]},"_coverageSchema":"1a1c01bbd47fc00a2c39e90264f33305004495a9","hash":"090b835556557a1a4d74e1132bafe7504e96143f"}
,"/Users/vonwillert/Documents/GitHub/swaxi-dispo-v6/src/components/LiveVersionBanner.jsx": {"path":"/Users/vonwillert/Documents/GitHub/swaxi-dispo-v6/src/components/LiveVersionBanner.jsx","statementMap":{"0":{"start":{"line":3,"column":14},"end":{"line":5,"column":31}},"1":{"start":{"line":9,"column":20},"end":{"line":9,"column":31}},"2":{"start":{"line":10,"column":36},"end":{"line":10,"column":50}},"3":{"start":{"line":11,"column":36},"end":{"line":11,"column":50}},"4":{"start":{"line":13,"column":2},"end":{"line":27,"column":25}},"5":{"start":{"line":15,"column":22},"end":{"line":15,"column":56}},"6":{"start":{"line":16,"column":20},"end":{"line":16,"column":27}},"7":{"start":{"line":18,"column":22},"end":{"line":18,"column":84}},"8":{"start":{"line":20,"column":4},"end":{"line":26,"column":7}},"9":{"start":{"line":29,"column":24},"end":{"line":33,"column":3}},"10":{"start":{"line":30,"column":4},"end":{"line":30,"column":24}},"11":{"start":{"line":32,"column":4},"end":{"line":32,"column":54}},"12":{"start":{"line":36,"column":2},"end":{"line":41,"column":9}},"13":{"start":{"line":37,"column":25},"end":{"line":37,"column":66}},"14":{"start":{"line":38,"column":4},"end":{"line":40,"column":5}},"15":{"start":{"line":39,"column":6},"end":{"line":39,"column":26}},"16":{"start":{"line":43,"column":2},"end":{"line":43,"column":44}},"17":{"start":{"line":43,"column":32},"end":{"line":43,"column":44}},"18":{"start":{"line":45,"column":28},"end":{"line":54,"column":3}},"19":{"start":{"line":46,"column":4},"end":{"line":53,"column":5}},"20":{"start":{"line":48,"column":8},"end":{"line":48,"column":20}},"21":{"start":{"line":50,"column":8},"end":{"line":50,"column":20}},"22":{"start":{"line":52,"column":8},"end":{"line":52,"column":20}},"23":{"start":{"line":56,"column":30},"end":{"line":69,"column":3}},"24":{"start":{"line":57,"column":4},"end":{"line":63,"column":5}},"25":{"start":{"line":58,"column":6},"end":{"line":62,"column":8}},"26":{"start":{"line":64,"column":4},"end":{"line":68,"column":6}},"27":{"start":{"line":71,"column":2},"end":{"line":120,"column":4}}},"fnMap":{"0":{"name":"LiveVersionBanner","decl":{"start":{"line":8,"column":24},"end":{"line":8,"column":41}},"loc":{"start":{"line":8,"column":44},"end":{"line":121,"column":1}},"line":8},"1":{"name":"(anonymous_1)","decl":{"start":{"line":13,"column":12},"end":{"line":13,"column":13}},"loc":{"start":{"line":13,"column":18},"end":{"line":27,"column":3}},"line":13},"2":{"name":"(anonymous_2)","decl":{"start":{"line":29,"column":24},"end":{"line":29,"column":25}},"loc":{"start":{"line":29,"column":30},"end":{"line":33,"column":3}},"line":29},"3":{"name":"(anonymous_3)","decl":{"start":{"line":36,"column":12},"end":{"line":36,"column":13}},"loc":{"start":{"line":36,"column":18},"end":{"line":41,"column":3}},"line":36},"4":{"name":"(anonymous_4)","decl":{"start":{"line":45,"column":28},"end":{"line":45,"column":29}},"loc":{"start":{"line":45,"column":34},"end":{"line":54,"column":3}},"line":45},"5":{"name":"(anonymous_5)","decl":{"start":{"line":56,"column":30},"end":{"line":56,"column":31}},"loc":{"start":{"line":56,"column":36},"end":{"line":69,"column":3}},"line":56}},"branchMap":{"0":{"loc":{"start":{"line":3,"column":14},"end":{"line":5,"column":31}},"type":"cond-expr","locations":[{"start":{"line":4,"column":4},"end":{"line":4,"column":26}},{"start":{"line":5,"column":4},"end":{"line":5,"column":31}}],"line":3},"1":{"loc":{"start":{"line":3,"column":15},"end":{"line":3,"column":96}},"type":"binary-expr","locations":[{"start":{"line":3,"column":15},"end":{"line":3,"column":48}},{"start":{"line":3,"column":52},"end":{"line":3,"column":70}},{"start":{"line":3,"column":74},"end":{"line":3,"column":96}}],"line":3},"2":{"loc":{"start":{"line":18,"column":22},"end":{"line":18,"column":84}},"type":"cond-expr","locations":[{"start":{"line":18,"column":56},"end":{"line":18,"column":68}},{"start":{"line":18,"column":71},"end":{"line":18,"column":84}}],"line":18},"3":{"loc":{"start":{"line":25,"column":18},"end":{"line":25,"column":60}},"type":"binary-expr","locations":[{"start":{"line":25,"column":18},"end":{"line":25,"column":42}},{"start":{"line":25,"column":46},"end":{"line":25,"column":60}}],"line":25},"4":{"loc":{"start":{"line":38,"column":4},"end":{"line":40,"column":5}},"type":"if","locations":[{"start":{"line":38,"column":4},"end":{"line":40,"column":5}},{"start":{},"end":{}}],"line":38},"5":{"loc":{"start":{"line":43,"column":2},"end":{"line":43,"column":44}},"type":"if","locations":[{"start":{"line":43,"column":2},"end":{"line":43,"column":44}},{"start":{},"end":{}}],"line":43},"6":{"loc":{"start":{"line":43,"column":6},"end":{"line":43,"column":30}},"type":"binary-expr","locations":[{"start":{"line":43,"column":6},"end":{"line":43,"column":16}},{"start":{"line":43,"column":20},"end":{"line":43,"column":30}}],"line":43},"7":{"loc":{"start":{"line":46,"column":4},"end":{"line":53,"column":5}},"type":"switch","locations":[{"start":{"line":47,"column":6},"end":{"line":48,"column":20}},{"start":{"line":49,"column":6},"end":{"line":50,"column":20}},{"start":{"line":51,"column":6},"end":{"line":52,"column":20}}],"line":46},"8":{"loc":{"start":{"line":57,"column":4},"end":{"line":63,"column":5}},"type":"if","locations":[{"start":{"line":57,"column":4},"end":{"line":63,"column":5}},{"start":{},"end":{}}],"line":57},"9":{"loc":{"start":{"line":84,"column":13},"end":{"line":84,"column":80}},"type":"cond-expr","locations":[{"start":{"line":84,"column":53},"end":{"line":84,"column":65}},{"start":{"line":84,"column":68},"end":{"line":84,"column":80}}],"line":84},"10":{"loc":{"start":{"line":91,"column":11},"end":{"line":95,"column":11}},"type":"binary-expr","locations":[{"start":{"line":91,"column":11},"end":{"line":91,"column":38}},{"start":{"line":92,"column":12},"end":{"line":94,"column":19}}],"line":91},"11":{"loc":{"start":{"line":98,"column":9},"end":{"line":103,"column":9}},"type":"binary-expr","locations":[{"start":{"line":98,"column":9},"end":{"line":98,"column":47}},{"start":{"line":98,"column":51},"end":{"line":98,"column":90}},{"start":{"line":99,"column":10},"end":{"line":102,"column":16}}],"line":98}},"s":{"0":1,"1":5,"2":5,"3":5,"4":5,"5":2,"6":2,"7":2,"8":2,"9":5,"10":1,"11":1,"12":5,"13":2,"14":2,"15":0,"16":5,"17":3,"18":2,"19":2,"20":0,"21":2,"22":0,"23":2,"24":2,"25":0,"26":2,"27":2},"f":{"0":5,"1":2,"2":1,"3":2,"4":2,"5":2},"b":{"0":[1,0],"1":[1,1,1],"2":[0,2],"3":[2,0],"4":[0,2],"5":[3,2],"6":[5,4],"7":[0,2,0],"8":[0,2],"9":[0,2],"10":[2,2],"11":[2,0,0]},"_coverageSchema":"1a1c01bbd47fc00a2c39e90264f33305004495a9","hash":"6c6ee1d7fba5dffb4cfaddc94ff4a9bee2673469"}
,"/Users/vonwillert/Documents/GitHub/swaxi-dispo-v6/src/components/Login.jsx": {"path":"/Users/vonwillert/Documents/GitHub/swaxi-dispo-v6/src/components/Login.jsx","statementMap":{"0":{"start":{"line":4,"column":45},"end":{"line":4,"column":54}},"1":{"start":{"line":6,"column":2},"end":{"line":15,"column":3}},"2":{"start":{"line":7,"column":4},"end":{"line":14,"column":5}},"3":{"start":{"line":17,"column":2},"end":{"line":32,"column":3}},"4":{"start":{"line":22,"column":10},"end":{"line":28,"column":19}},"5":{"start":{"line":24,"column":27},"end":{"line":24,"column":38}}},"fnMap":{"0":{"name":"Login","decl":{"start":{"line":3,"column":9},"end":{"line":3,"column":14}},"loc":{"start":{"line":3,"column":17},"end":{"line":33,"column":1}},"line":3},"1":{"name":"(anonymous_1)","decl":{"start":{"line":21,"column":36},"end":{"line":21,"column":37}},"loc":{"start":{"line":22,"column":10},"end":{"line":28,"column":19}},"line":22},"2":{"name":"(anonymous_2)","decl":{"start":{"line":24,"column":21},"end":{"line":24,"column":22}},"loc":{"start":{"line":24,"column":27},"end":{"line":24,"column":38}},"line":24}},"branchMap":{"0":{"loc":{"start":{"line":6,"column":2},"end":{"line":15,"column":3}},"type":"if","locations":[{"start":{"line":6,"column":2},"end":{"line":15,"column":3}},{"start":{},"end":{}}],"line":6}},"s":{"0":2,"1":2,"2":1,"3":1,"4":2,"5":1},"f":{"0":2,"1":2,"2":1},"b":{"0":[1,1]},"_coverageSchema":"1a1c01bbd47fc00a2c39e90264f33305004495a9","hash":"6b3973845fdaec54a9a7646cadc81eab226bcc7e"}
,"/Users/vonwillert/Documents/GitHub/swaxi-dispo-v6/src/components/MiniAnalytics.jsx": {"path":"/Users/vonwillert/Documents/GitHub/swaxi-dispo-v6/src/components/MiniAnalytics.jsx","statementMap":{"0":{"start":{"line":5,"column":20},"end":{"line":5,"column":31}},"1":{"start":{"line":7,"column":16},"end":{"line":32,"column":3}},"2":{"start":{"line":10,"column":38},"end":{"line":10,"column":68}},"3":{"start":{"line":16,"column":38},"end":{"line":16,"column":72}},"4":{"start":{"line":22,"column":38},"end":{"line":22,"column":73}},"5":{"start":{"line":28,"column":38},"end":{"line":28,"column":61}},"6":{"start":{"line":34,"column":2},"end":{"line":53,"column":3}},"7":{"start":{"line":37,"column":8},"end":{"line":50,"column":14}}},"fnMap":{"0":{"name":"MiniAnalytics","decl":{"start":{"line":4,"column":24},"end":{"line":4,"column":37}},"loc":{"start":{"line":4,"column":40},"end":{"line":54,"column":1}},"line":4},"1":{"name":"(anonymous_1)","decl":{"start":{"line":10,"column":33},"end":{"line":10,"column":34}},"loc":{"start":{"line":10,"column":38},"end":{"line":10,"column":68}},"line":10},"2":{"name":"(anonymous_2)","decl":{"start":{"line":16,"column":33},"end":{"line":16,"column":34}},"loc":{"start":{"line":16,"column":38},"end":{"line":16,"column":72}},"line":16},"3":{"name":"(anonymous_3)","decl":{"start":{"line":22,"column":33},"end":{"line":22,"column":34}},"loc":{"start":{"line":22,"column":38},"end":{"line":22,"column":73}},"line":22},"4":{"name":"(anonymous_4)","decl":{"start":{"line":28,"column":33},"end":{"line":28,"column":34}},"loc":{"start":{"line":28,"column":38},"end":{"line":28,"column":61}},"line":28},"5":{"name":"(anonymous_5)","decl":{"start":{"line":36,"column":17},"end":{"line":36,"column":18}},"loc":{"start":{"line":37,"column":8},"end":{"line":50,"column":14}},"line":37}},"branchMap":{},"s":{"0":11,"1":11,"2":20,"3":20,"4":20,"5":20,"6":11,"7":44},"f":{"0":11,"1":20,"2":20,"3":20,"4":20,"5":44},"b":{},"_coverageSchema":"1a1c01bbd47fc00a2c39e90264f33305004495a9","hash":"8839d764749adee5ede8750b9f2df15684a9b29e"}
,"/Users/vonwillert/Documents/GitHub/swaxi-dispo-v6/src/components/Navigation.jsx": {"path":"/Users/vonwillert/Documents/GitHub/swaxi-dispo-v6/src/components/Navigation.jsx","statementMap":{"0":{"start":{"line":3,"column":20},"end":{"line":3,"column":27}},"1":{"start":{"line":8,"column":2},"end":{"line":8,"column":42}},"2":{"start":{"line":12,"column":15},"end":{"line":12,"column":38}},"3":{"start":{"line":13,"column":15},"end":{"line":13,"column":31}},"4":{"start":{"line":14,"column":18},"end":{"line":14,"column":54}},"5":{"start":{"line":15,"column":21},"end":{"line":21,"column":19}},"6":{"start":{"line":23,"column":2},"end":{"line":71,"column":3}},"7":{"start":{"line":33,"column":16},"end":{"line":47,"column":26}},"8":{"start":{"line":38,"column":20},"end":{"line":43,"column":21}},"9":{"start":{"line":53,"column":20},"end":{"line":56,"column":21}}},"fnMap":{"0":{"name":"classNames","decl":{"start":{"line":7,"column":9},"end":{"line":7,"column":19}},"loc":{"start":{"line":7,"column":32},"end":{"line":9,"column":1}},"line":7},"1":{"name":"Navigation","decl":{"start":{"line":11,"column":24},"end":{"line":11,"column":34}},"loc":{"start":{"line":11,"column":37},"end":{"line":72,"column":1}},"line":11},"2":{"name":"(anonymous_2)","decl":{"start":{"line":32,"column":30},"end":{"line":32,"column":31}},"loc":{"start":{"line":33,"column":16},"end":{"line":47,"column":26}},"line":33},"3":{"name":"(anonymous_3)","decl":{"start":{"line":37,"column":29},"end":{"line":37,"column":30}},"loc":{"start":{"line":38,"column":20},"end":{"line":43,"column":21}},"line":38},"4":{"name":"(anonymous_4)","decl":{"start":{"line":52,"column":29},"end":{"line":52,"column":30}},"loc":{"start":{"line":53,"column":20},"end":{"line":56,"column":21}},"line":53}},"branchMap":{"0":{"loc":{"start":{"line":14,"column":18},"end":{"line":14,"column":54}},"type":"binary-expr","locations":[{"start":{"line":14,"column":18},"end":{"line":14,"column":34}},{"start":{"line":14,"column":38},"end":{"line":14,"column":54}}],"line":14},"1":{"loc":{"start":{"line":18,"column":4},"end":{"line":18,"column":53}},"type":"binary-expr","locations":[{"start":{"line":18,"column":4},"end":{"line":18,"column":11}},{"start":{"line":18,"column":15},"end":{"line":18,"column":53}}],"line":18},"2":{"loc":{"start":{"line":19,"column":4},"end":{"line":19,"column":48}},"type":"binary-expr","locations":[{"start":{"line":19,"column":4},"end":{"line":19,"column":11}},{"start":{"line":19,"column":15},"end":{"line":19,"column":48}}],"line":19},"3":{"loc":{"start":{"line":39,"column":22},"end":{"line":41,"column":99}},"type":"cond-expr","locations":[{"start":{"line":40,"column":26},"end":{"line":40,"column":58}},{"start":{"line":41,"column":26},"end":{"line":41,"column":99}}],"line":39},"4":{"loc":{"start":{"line":49,"column":15},"end":{"line":59,"column":15}},"type":"binary-expr","locations":[{"start":{"line":49,"column":15},"end":{"line":49,"column":26}},{"start":{"line":50,"column":16},"end":{"line":58,"column":32}}],"line":49},"5":{"loc":{"start":{"line":54,"column":22},"end":{"line":54,"column":141}},"type":"cond-expr","locations":[{"start":{"line":54,"column":33},"end":{"line":54,"column":65}},{"start":{"line":54,"column":68},"end":{"line":54,"column":141}}],"line":54},"6":{"loc":{"start":{"line":60,"column":15},"end":{"line":65,"column":15}},"type":"binary-expr","locations":[{"start":{"line":60,"column":15},"end":{"line":60,"column":25}},{"start":{"line":61,"column":16},"end":{"line":64,"column":51}}],"line":60}},"s":{"0":1,"1":9,"2":2,"3":2,"4":2,"5":2,"6":2,"7":8,"8":8,"9":1},"f":{"0":9,"1":2,"2":8,"3":8,"4":1},"b":{"0":[2,1],"1":[2,1],"2":[2,1],"3":[2,6],"4":[2,1],"5":[0,1],"6":[2,1]},"_coverageSchema":"1a1c01bbd47fc00a2c39e90264f33305004495a9","hash":"6cab6cf0dc8e208d1e42dade2dd172d5a14af338"}
,"/Users/vonwillert/Documents/GitHub/swaxi-dispo-v6/src/components/NotificationMenu.jsx": {"path":"/Users/vonwillert/Documents/GitHub/swaxi-dispo-v6/src/components/NotificationMenu.jsx","statementMap":{"0":{"start":{"line":5,"column":14},"end":{"line":5,"column":42}},"1":{"start":{"line":9,"column":68},"end":{"line":9,"column":79}},"2":{"start":{"line":11,"column":2},"end":{"line":68,"column":3}},"3":{"start":{"line":37,"column":12},"end":{"line":58,"column":24}},"4":{"start":{"line":39,"column":16},"end":{"line":56,"column":22}},"5":{"start":{"line":48,"column":45},"end":{"line":48,"column":82}}},"fnMap":{"0":{"name":"NotificationMenu","decl":{"start":{"line":8,"column":24},"end":{"line":8,"column":40}},"loc":{"start":{"line":8,"column":43},"end":{"line":69,"column":1}},"line":8},"1":{"name":"(anonymous_1)","decl":{"start":{"line":36,"column":58},"end":{"line":36,"column":59}},"loc":{"start":{"line":37,"column":12},"end":{"line":58,"column":24}},"line":37},"2":{"name":"(anonymous_2)","decl":{"start":{"line":38,"column":15},"end":{"line":38,"column":16}},"loc":{"start":{"line":39,"column":16},"end":{"line":56,"column":22}},"line":39},"3":{"name":"(anonymous_3)","decl":{"start":{"line":48,"column":39},"end":{"line":48,"column":40}},"loc":{"start":{"line":48,"column":45},"end":{"line":48,"column":82}},"line":48}},"branchMap":{"0":{"loc":{"start":{"line":16,"column":9},"end":{"line":18,"column":9}},"type":"binary-expr","locations":[{"start":{"line":16,"column":9},"end":{"line":16,"column":28}},{"start":{"line":16,"column":32},"end":{"line":16,"column":62}},{"start":{"line":17,"column":10},"end":{"line":17,"column":109}}],"line":16},"1":{"loc":{"start":{"line":31,"column":11},"end":{"line":35,"column":11}},"type":"binary-expr","locations":[{"start":{"line":31,"column":11},"end":{"line":31,"column":42}},{"start":{"line":32,"column":12},"end":{"line":34,"column":18}}],"line":31},"2":{"loc":{"start":{"line":36,"column":11},"end":{"line":59,"column":12}},"type":"binary-expr","locations":[{"start":{"line":36,"column":11},"end":{"line":36,"column":30}},{"start":{"line":36,"column":34},"end":{"line":59,"column":12}}],"line":36},"3":{"loc":{"start":{"line":41,"column":22},"end":{"line":41,"column":49}},"type":"cond-expr","locations":[{"start":{"line":41,"column":31},"end":{"line":41,"column":44}},{"start":{"line":41,"column":47},"end":{"line":41,"column":49}}],"line":41},"4":{"loc":{"start":{"line":47,"column":21},"end":{"line":49,"column":21}},"type":"binary-expr","locations":[{"start":{"line":47,"column":21},"end":{"line":47,"column":41}},{"start":{"line":48,"column":22},"end":{"line":48,"column":155}}],"line":47},"5":{"loc":{"start":{"line":54,"column":21},"end":{"line":54,"column":111}},"type":"binary-expr","locations":[{"start":{"line":54,"column":21},"end":{"line":54,"column":41}},{"start":{"line":54,"column":45},"end":{"line":54,"column":111}}],"line":54},"6":{"loc":{"start":{"line":60,"column":11},"end":{"line":64,"column":11}},"type":"binary-expr","locations":[{"start":{"line":60,"column":12},"end":{"line":60,"column":32}},{"start":{"line":60,"column":36},"end":{"line":60,"column":68}},{"start":{"line":61,"column":12},"end":{"line":63,"column":18}}],"line":60}},"s":{"0":3,"1":17,"2":17,"3":6,"4":6,"5":1},"f":{"0":17,"1":6,"2":6,"3":1},"b":{"0":[17,17,4],"1":[17,4],"2":[17,17],"3":[0,6],"4":[6,3],"5":[6,3],"6":[17,17,13]},"_coverageSchema":"1a1c01bbd47fc00a2c39e90264f33305004495a9","hash":"13d18271e29dd10836eaaa2cd4a47b5f95df000a"}
,"/Users/vonwillert/Documents/GitHub/swaxi-dispo-v6/src/components/RoleManagement.jsx": {"path":"/Users/vonwillert/Documents/GitHub/swaxi-dispo-v6/src/components/RoleManagement.jsx","statementMap":{"0":{"start":{"line":5,"column":25},"end":{"line":10,"column":1}},"1":{"start":{"line":13,"column":40},"end":{"line":13,"column":54}},"2":{"start":{"line":15,"column":27},"end":{"line":18,"column":3}},"3":{"start":{"line":16,"column":4},"end":{"line":16,"column":34}},"4":{"start":{"line":17,"column":4},"end":{"line":17,"column":25}},"5":{"start":{"line":20,"column":28},"end":{"line":33,"column":3}},"6":{"start":{"line":21,"column":4},"end":{"line":32,"column":5}},"7":{"start":{"line":23,"column":8},"end":{"line":23,"column":47}},"8":{"start":{"line":25,"column":8},"end":{"line":25,"column":43}},"9":{"start":{"line":27,"column":8},"end":{"line":27,"column":45}},"10":{"start":{"line":29,"column":8},"end":{"line":29,"column":43}},"11":{"start":{"line":31,"column":8},"end":{"line":31,"column":43}},"12":{"start":{"line":35,"column":2},"end":{"line":83,"column":4}},"13":{"start":{"line":39,"column":10},"end":{"line":79,"column":15}},"14":{"start":{"line":49,"column":39},"end":{"line":49,"column":80}},"15":{"start":{"line":53,"column":24},"end":{"line":55,"column":33}},"16":{"start":{"line":65,"column":41},"end":{"line":65,"column":64}}},"fnMap":{"0":{"name":"RoleManagement","decl":{"start":{"line":12,"column":24},"end":{"line":12,"column":38}},"loc":{"start":{"line":12,"column":64},"end":{"line":84,"column":1}},"line":12},"1":{"name":"(anonymous_1)","decl":{"start":{"line":15,"column":27},"end":{"line":15,"column":28}},"loc":{"start":{"line":15,"column":48},"end":{"line":18,"column":3}},"line":15},"2":{"name":"(anonymous_2)","decl":{"start":{"line":20,"column":28},"end":{"line":20,"column":29}},"loc":{"start":{"line":20,"column":38},"end":{"line":33,"column":3}},"line":20},"3":{"name":"(anonymous_3)","decl":{"start":{"line":38,"column":19},"end":{"line":38,"column":20}},"loc":{"start":{"line":39,"column":10},"end":{"line":79,"column":15}},"line":39},"4":{"name":"(anonymous_4)","decl":{"start":{"line":49,"column":32},"end":{"line":49,"column":33}},"loc":{"start":{"line":49,"column":39},"end":{"line":49,"column":80}},"line":49},"5":{"name":"(anonymous_5)","decl":{"start":{"line":52,"column":48},"end":{"line":52,"column":49}},"loc":{"start":{"line":53,"column":24},"end":{"line":55,"column":33}},"line":53},"6":{"name":"(anonymous_6)","decl":{"start":{"line":65,"column":35},"end":{"line":65,"column":36}},"loc":{"start":{"line":65,"column":41},"end":{"line":65,"column":64}},"line":65}},"branchMap":{"0":{"loc":{"start":{"line":21,"column":4},"end":{"line":32,"column":5}},"type":"switch","locations":[{"start":{"line":22,"column":6},"end":{"line":23,"column":47}},{"start":{"line":24,"column":6},"end":{"line":25,"column":43}},{"start":{"line":26,"column":6},"end":{"line":27,"column":45}},{"start":{"line":28,"column":6},"end":{"line":29,"column":43}},{"start":{"line":30,"column":6},"end":{"line":31,"column":43}}],"line":21},"1":{"loc":{"start":{"line":46,"column":19},"end":{"line":72,"column":19}},"type":"cond-expr","locations":[{"start":{"line":47,"column":20},"end":{"line":57,"column":29}},{"start":{"line":59,"column":20},"end":{"line":71,"column":23}}],"line":46},"2":{"loc":{"start":{"line":63,"column":23},"end":{"line":70,"column":23}},"type":"binary-expr","locations":[{"start":{"line":63,"column":23},"end":{"line":63,"column":49}},{"start":{"line":64,"column":24},"end":{"line":69,"column":33}}],"line":63}},"s":{"0":1,"1":3,"2":3,"3":1,"4":1,"5":3,"6":5,"7":2,"8":0,"9":3,"10":0,"11":0,"12":3,"13":6,"14":1,"15":4,"16":1},"f":{"0":3,"1":1,"2":5,"3":6,"4":1,"5":4,"6":1},"b":{"0":[2,0,3,0,0],"1":[1,5],"2":[5,2]},"_coverageSchema":"1a1c01bbd47fc00a2c39e90264f33305004495a9","hash":"3f6fc2c5e48a1c3076f321a8ac4a99fc1012976d"}
,"/Users/vonwillert/Documents/GitHub/swaxi-dispo-v6/src/components/SeriesApplicationModal.jsx": {"path":"/Users/vonwillert/Documents/GitHub/swaxi-dispo-v6/src/components/SeriesApplicationModal.jsx","statementMap":{"0":{"start":{"line":6,"column":28},"end":{"line":6,"column":39}},"1":{"start":{"line":7,"column":46},"end":{"line":7,"column":58}},"2":{"start":{"line":8,"column":19},"end":{"line":8,"column":43}},"3":{"start":{"line":10,"column":26},"end":{"line":10,"column":84}},"4":{"start":{"line":10,"column":49},"end":{"line":10,"column":83}},"5":{"start":{"line":12,"column":28},"end":{"line":18,"column":3}},"6":{"start":{"line":13,"column":4},"end":{"line":17,"column":6}},"7":{"start":{"line":14,"column":6},"end":{"line":16,"column":28}},"8":{"start":{"line":15,"column":28},"end":{"line":15,"column":42}},"9":{"start":{"line":20,"column":23},"end":{"line":26,"column":3}},"10":{"start":{"line":21,"column":4},"end":{"line":25,"column":5}},"11":{"start":{"line":22,"column":6},"end":{"line":22,"column":44}},"12":{"start":{"line":23,"column":6},"end":{"line":23,"column":16}},"13":{"start":{"line":24,"column":6},"end":{"line":24,"column":28}},"14":{"start":{"line":28,"column":28},"end":{"line":33,"column":3}},"15":{"start":{"line":29,"column":27},"end":{"line":31,"column":29}},"16":{"start":{"line":30,"column":23},"end":{"line":30,"column":42}},"17":{"start":{"line":31,"column":20},"end":{"line":31,"column":28}},"18":{"start":{"line":32,"column":4},"end":{"line":32,"column":74}},"19":{"start":{"line":32,"column":30},"end":{"line":32,"column":72}},"20":{"start":{"line":35,"column":28},"end":{"line":44,"column":3}},"21":{"start":{"line":36,"column":26},"end":{"line":42,"column":29}},"22":{"start":{"line":38,"column":21},"end":{"line":38,"column":41}},"23":{"start":{"line":39,"column":20},"end":{"line":39,"column":33}},"24":{"start":{"line":40,"column":8},"end":{"line":40,"column":36}},"25":{"start":{"line":42,"column":20},"end":{"line":42,"column":28}},"26":{"start":{"line":43,"column":4},"end":{"line":43,"column":73}},"27":{"start":{"line":43,"column":30},"end":{"line":43,"column":71}},"28":{"start":{"line":46,"column":28},"end":{"line":55,"column":3}},"29":{"start":{"line":47,"column":26},"end":{"line":53,"column":29}},"30":{"start":{"line":49,"column":21},"end":{"line":49,"column":41}},"31":{"start":{"line":50,"column":20},"end":{"line":50,"column":33}},"32":{"start":{"line":51,"column":8},"end":{"line":51,"column":51}},"33":{"start":{"line":53,"column":20},"end":{"line":53,"column":28}},"34":{"start":{"line":54,"column":4},"end":{"line":54,"column":73}},"35":{"start":{"line":54,"column":30},"end":{"line":54,"column":71}},"36":{"start":{"line":57,"column":2},"end":{"line":57,"column":27}},"37":{"start":{"line":57,"column":15},"end":{"line":57,"column":27}},"38":{"start":{"line":59,"column":2},"end":{"line":173,"column":4}},"39":{"start":{"line":83,"column":31},"end":{"line":83,"column":59}},"40":{"start":{"line":89,"column":31},"end":{"line":89,"column":57}},"41":{"start":{"line":95,"column":31},"end":{"line":95,"column":57}},"42":{"start":{"line":121,"column":18},"end":{"line":144,"column":23}},"43":{"start":{"line":126,"column":40},"end":{"line":126,"column":67}}},"fnMap":{"0":{"name":"SeriesApplicationModal","decl":{"start":{"line":5,"column":24},"end":{"line":5,"column":46}},"loc":{"start":{"line":5,"column":81},"end":{"line":174,"column":1}},"line":5},"1":{"name":"(anonymous_1)","decl":{"start":{"line":10,"column":40},"end":{"line":10,"column":41}},"loc":{"start":{"line":10,"column":49},"end":{"line":10,"column":83}},"line":10},"2":{"name":"(anonymous_2)","decl":{"start":{"line":12,"column":28},"end":{"line":12,"column":29}},"loc":{"start":{"line":12,"column":41},"end":{"line":18,"column":3}},"line":12},"3":{"name":"(anonymous_3)","decl":{"start":{"line":13,"column":22},"end":{"line":13,"column":23}},"loc":{"start":{"line":14,"column":6},"end":{"line":16,"column":28}},"line":14},"4":{"name":"(anonymous_4)","decl":{"start":{"line":15,"column":22},"end":{"line":15,"column":23}},"loc":{"start":{"line":15,"column":28},"end":{"line":15,"column":42}},"line":15},"5":{"name":"(anonymous_5)","decl":{"start":{"line":20,"column":23},"end":{"line":20,"column":24}},"loc":{"start":{"line":20,"column":29},"end":{"line":26,"column":3}},"line":20},"6":{"name":"(anonymous_6)","decl":{"start":{"line":28,"column":28},"end":{"line":28,"column":29}},"loc":{"start":{"line":28,"column":38},"end":{"line":33,"column":3}},"line":28},"7":{"name":"(anonymous_7)","decl":{"start":{"line":30,"column":14},"end":{"line":30,"column":15}},"loc":{"start":{"line":30,"column":23},"end":{"line":30,"column":42}},"line":30},"8":{"name":"(anonymous_8)","decl":{"start":{"line":31,"column":11},"end":{"line":31,"column":12}},"loc":{"start":{"line":31,"column":20},"end":{"line":31,"column":28}},"line":31},"9":{"name":"(anonymous_9)","decl":{"start":{"line":32,"column":22},"end":{"line":32,"column":23}},"loc":{"start":{"line":32,"column":30},"end":{"line":32,"column":72}},"line":32},"10":{"name":"(anonymous_10)","decl":{"start":{"line":35,"column":28},"end":{"line":35,"column":29}},"loc":{"start":{"line":35,"column":34},"end":{"line":44,"column":3}},"line":35},"11":{"name":"(anonymous_11)","decl":{"start":{"line":37,"column":14},"end":{"line":37,"column":15}},"loc":{"start":{"line":37,"column":23},"end":{"line":41,"column":7}},"line":37},"12":{"name":"(anonymous_12)","decl":{"start":{"line":42,"column":11},"end":{"line":42,"column":12}},"loc":{"start":{"line":42,"column":20},"end":{"line":42,"column":28}},"line":42},"13":{"name":"(anonymous_13)","decl":{"start":{"line":43,"column":22},"end":{"line":43,"column":23}},"loc":{"start":{"line":43,"column":30},"end":{"line":43,"column":71}},"line":43},"14":{"name":"(anonymous_14)","decl":{"start":{"line":46,"column":28},"end":{"line":46,"column":29}},"loc":{"start":{"line":46,"column":34},"end":{"line":55,"column":3}},"line":46},"15":{"name":"(anonymous_15)","decl":{"start":{"line":48,"column":14},"end":{"line":48,"column":15}},"loc":{"start":{"line":48,"column":23},"end":{"line":52,"column":7}},"line":48},"16":{"name":"(anonymous_16)","decl":{"start":{"line":53,"column":11},"end":{"line":53,"column":12}},"loc":{"start":{"line":53,"column":20},"end":{"line":53,"column":28}},"line":53},"17":{"name":"(anonymous_17)","decl":{"start":{"line":54,"column":22},"end":{"line":54,"column":23}},"loc":{"start":{"line":54,"column":30},"end":{"line":54,"column":71}},"line":54},"18":{"name":"(anonymous_18)","decl":{"start":{"line":83,"column":25},"end":{"line":83,"column":26}},"loc":{"start":{"line":83,"column":31},"end":{"line":83,"column":59}},"line":83},"19":{"name":"(anonymous_19)","decl":{"start":{"line":89,"column":25},"end":{"line":89,"column":26}},"loc":{"start":{"line":89,"column":31},"end":{"line":89,"column":57}},"line":89},"20":{"name":"(anonymous_20)","decl":{"start":{"line":95,"column":25},"end":{"line":95,"column":26}},"loc":{"start":{"line":95,"column":31},"end":{"line":95,"column":57}},"line":95},"21":{"name":"(anonymous_21)","decl":{"start":{"line":120,"column":37},"end":{"line":120,"column":38}},"loc":{"start":{"line":121,"column":18},"end":{"line":144,"column":23}},"line":121},"22":{"name":"(anonymous_22)","decl":{"start":{"line":126,"column":34},"end":{"line":126,"column":35}},"loc":{"start":{"line":126,"column":40},"end":{"line":126,"column":67}},"line":126}},"branchMap":{"0":{"loc":{"start":{"line":5,"column":66},"end":{"line":5,"column":77}},"type":"default-arg","locations":[{"start":{"line":5,"column":75},"end":{"line":5,"column":77}}],"line":5},"1":{"loc":{"start":{"line":14,"column":6},"end":{"line":16,"column":28}},"type":"cond-expr","locations":[{"start":{"line":15,"column":10},"end":{"line":15,"column":43}},{"start":{"line":16,"column":10},"end":{"line":16,"column":28}}],"line":14},"2":{"loc":{"start":{"line":21,"column":4},"end":{"line":25,"column":5}},"type":"if","locations":[{"start":{"line":21,"column":4},"end":{"line":25,"column":5}},{"start":{},"end":{}}],"line":21},"3":{"loc":{"start":{"line":40,"column":15},"end":{"line":40,"column":35}},"type":"binary-expr","locations":[{"start":{"line":40,"column":15},"end":{"line":40,"column":23}},{"start":{"line":40,"column":27},"end":{"line":40,"column":35}}],"line":40},"4":{"loc":{"start":{"line":51,"column":15},"end":{"line":51,"column":50}},"type":"binary-expr","locations":[{"start":{"line":51,"column":15},"end":{"line":51,"column":24}},{"start":{"line":51,"column":28},"end":{"line":51,"column":37}},{"start":{"line":51,"column":41},"end":{"line":51,"column":50}}],"line":51},"5":{"loc":{"start":{"line":57,"column":2},"end":{"line":57,"column":27}},"type":"if","locations":[{"start":{"line":57,"column":2},"end":{"line":57,"column":27}},{"start":{},"end":{}}],"line":57},"6":{"loc":{"start":{"line":116,"column":13},"end":{"line":147,"column":13}},"type":"cond-expr","locations":[{"start":{"line":117,"column":14},"end":{"line":117,"column":95}},{"start":{"line":119,"column":14},"end":{"line":146,"column":19}}],"line":116},"7":{"loc":{"start":{"line":131,"column":27},"end":{"line":137,"column":40}},"type":"cond-expr","locations":[{"start":{"line":132,"column":30},"end":{"line":136,"column":32}},{"start":{"line":137,"column":30},"end":{"line":137,"column":40}}],"line":131},"8":{"loc":{"start":{"line":152,"column":45},"end":{"line":152,"column":83}},"type":"cond-expr","locations":[{"start":{"line":152,"column":75},"end":{"line":152,"column":78}},{"start":{"line":152,"column":81},"end":{"line":152,"column":83}}],"line":152}},"s":{"0":35,"1":35,"2":35,"3":35,"4":40,"5":35,"6":1,"7":1,"8":0,"9":35,"10":1,"11":1,"12":1,"13":1,"14":35,"15":1,"16":3,"17":2,"18":1,"19":1,"20":35,"21":0,"22":0,"23":0,"24":0,"25":0,"26":0,"27":0,"28":35,"29":0,"30":0,"31":0,"32":0,"33":0,"34":0,"35":0,"36":35,"37":30,"38":5,"39":1,"40":0,"41":0,"42":11,"43":1},"f":{"0":35,"1":40,"2":1,"3":1,"4":0,"5":1,"6":1,"7":3,"8":2,"9":1,"10":0,"11":0,"12":0,"13":0,"14":0,"15":0,"16":0,"17":0,"18":1,"19":0,"20":0,"21":11,"22":1},"b":{"0":[0],"1":[0,1],"2":[1,0],"3":[0,0],"4":[0,0,0],"5":[30,5],"6":[0,5],"7":[11,0],"8":[4,1]},"_coverageSchema":"1a1c01bbd47fc00a2c39e90264f33305004495a9","hash":"362dafcda1e01beed4b5ca84448ba5a8231d954a"}
,"/Users/vonwillert/Documents/GitHub/swaxi-dispo-v6/src/components/ShiftTable.jsx": {"path":"/Users/vonwillert/Documents/GitHub/swaxi-dispo-v6/src/components/ShiftTable.jsx","statementMap":{"0":{"start":{"line":9,"column":50},"end":{"line":9,"column":61}},"1":{"start":{"line":10,"column":48},"end":{"line":10,"column":63}},"2":{"start":{"line":11,"column":15},"end":{"line":11,"column":38}},"3":{"start":{"line":12,"column":19},"end":{"line":12,"column":48}},"4":{"start":{"line":14,"column":30},"end":{"line":25,"column":3}},"5":{"start":{"line":15,"column":4},"end":{"line":24,"column":5}},"6":{"start":{"line":17,"column":8},"end":{"line":17,"column":43}},"7":{"start":{"line":19,"column":8},"end":{"line":19,"column":45}},"8":{"start":{"line":21,"column":8},"end":{"line":21,"column":41}},"9":{"start":{"line":23,"column":8},"end":{"line":23,"column":43}},"10":{"start":{"line":27,"column":22},"end":{"line":30,"column":3}},"11":{"start":{"line":28,"column":4},"end":{"line":28,"column":27}},"12":{"start":{"line":28,"column":20},"end":{"line":28,"column":27}},"13":{"start":{"line":29,"column":4},"end":{"line":29,"column":60}},"14":{"start":{"line":32,"column":23},"end":{"line":35,"column":3}},"15":{"start":{"line":33,"column":4},"end":{"line":33,"column":26}},"16":{"start":{"line":33,"column":20},"end":{"line":33,"column":26}},"17":{"start":{"line":34,"column":4},"end":{"line":34,"column":58}},"18":{"start":{"line":37,"column":23},"end":{"line":45,"column":3}},"19":{"start":{"line":38,"column":4},"end":{"line":44,"column":7}},"20":{"start":{"line":41,"column":28},"end":{"line":41,"column":44}},"21":{"start":{"line":47,"column":2},"end":{"line":144,"column":4}},"22":{"start":{"line":51,"column":10},"end":{"line":121,"column":15}},"23":{"start":{"line":88,"column":41},"end":{"line":88,"column":62}},"24":{"start":{"line":95,"column":43},"end":{"line":95,"column":65}},"25":{"start":{"line":105,"column":39},"end":{"line":105,"column":61}},"26":{"start":{"line":126,"column":41},"end":{"line":126,"column":71}},"27":{"start":{"line":129,"column":27},"end":{"line":129,"column":51}},"28":{"start":{"line":132,"column":49},"end":{"line":132,"column":79}},"29":{"start":{"line":140,"column":23},"end":{"line":140,"column":48}},"30":{"start":{"line":148,"column":2},"end":{"line":148,"column":26}}},"fnMap":{"0":{"name":"ShiftTable","decl":{"start":{"line":8,"column":24},"end":{"line":8,"column":34}},"loc":{"start":{"line":8,"column":67},"end":{"line":145,"column":1}},"line":8},"1":{"name":"(anonymous_1)","decl":{"start":{"line":14,"column":30},"end":{"line":14,"column":31}},"loc":{"start":{"line":14,"column":42},"end":{"line":25,"column":3}},"line":14},"2":{"name":"(anonymous_2)","decl":{"start":{"line":27,"column":22},"end":{"line":27,"column":23}},"loc":{"start":{"line":27,"column":35},"end":{"line":30,"column":3}},"line":27},"3":{"name":"(anonymous_3)","decl":{"start":{"line":32,"column":23},"end":{"line":32,"column":24}},"loc":{"start":{"line":32,"column":36},"end":{"line":35,"column":3}},"line":32},"4":{"name":"(anonymous_4)","decl":{"start":{"line":37,"column":23},"end":{"line":37,"column":24}},"loc":{"start":{"line":37,"column":36},"end":{"line":45,"column":3}},"line":37},"5":{"name":"(anonymous_5)","decl":{"start":{"line":41,"column":23},"end":{"line":41,"column":24}},"loc":{"start":{"line":41,"column":28},"end":{"line":41,"column":44}},"line":41},"6":{"name":"(anonymous_6)","decl":{"start":{"line":50,"column":20},"end":{"line":50,"column":21}},"loc":{"start":{"line":51,"column":10},"end":{"line":121,"column":15}},"line":51},"7":{"name":"(anonymous_7)","decl":{"start":{"line":88,"column":35},"end":{"line":88,"column":36}},"loc":{"start":{"line":88,"column":41},"end":{"line":88,"column":62}},"line":88},"8":{"name":"(anonymous_8)","decl":{"start":{"line":95,"column":37},"end":{"line":95,"column":38}},"loc":{"start":{"line":95,"column":43},"end":{"line":95,"column":65}},"line":95},"9":{"name":"(anonymous_9)","decl":{"start":{"line":105,"column":33},"end":{"line":105,"column":34}},"loc":{"start":{"line":105,"column":39},"end":{"line":105,"column":61}},"line":105},"10":{"name":"(anonymous_10)","decl":{"start":{"line":126,"column":36},"end":{"line":126,"column":37}},"loc":{"start":{"line":126,"column":41},"end":{"line":126,"column":71}},"line":126},"11":{"name":"(anonymous_11)","decl":{"start":{"line":129,"column":21},"end":{"line":129,"column":22}},"loc":{"start":{"line":129,"column":27},"end":{"line":129,"column":51}},"line":129},"12":{"name":"(anonymous_12)","decl":{"start":{"line":132,"column":44},"end":{"line":132,"column":45}},"loc":{"start":{"line":132,"column":49},"end":{"line":132,"column":79}},"line":132},"13":{"name":"(anonymous_13)","decl":{"start":{"line":140,"column":17},"end":{"line":140,"column":18}},"loc":{"start":{"line":140,"column":23},"end":{"line":140,"column":48}},"line":140},"14":{"name":"ShiftTableComponent","decl":{"start":{"line":147,"column":16},"end":{"line":147,"column":35}},"loc":{"start":{"line":147,"column":42},"end":{"line":149,"column":1}},"line":147}},"branchMap":{"0":{"loc":{"start":{"line":8,"column":45},"end":{"line":8,"column":63}},"type":"default-arg","locations":[{"start":{"line":8,"column":59},"end":{"line":8,"column":63}}],"line":8},"1":{"loc":{"start":{"line":12,"column":19},"end":{"line":12,"column":48}},"type":"binary-expr","locations":[{"start":{"line":12,"column":19},"end":{"line":12,"column":35}},{"start":{"line":12,"column":39},"end":{"line":12,"column":48}}],"line":12},"2":{"loc":{"start":{"line":15,"column":4},"end":{"line":24,"column":5}},"type":"switch","locations":[{"start":{"line":16,"column":6},"end":{"line":17,"column":43}},{"start":{"line":18,"column":6},"end":{"line":19,"column":45}},{"start":{"line":20,"column":6},"end":{"line":21,"column":41}},{"start":{"line":22,"column":6},"end":{"line":23,"column":43}}],"line":15},"3":{"loc":{"start":{"line":28,"column":4},"end":{"line":28,"column":27}},"type":"if","locations":[{"start":{"line":28,"column":4},"end":{"line":28,"column":27}},{"start":{},"end":{}}],"line":28},"4":{"loc":{"start":{"line":29,"column":26},"end":{"line":29,"column":58}},"type":"binary-expr","locations":[{"start":{"line":29,"column":26},"end":{"line":29,"column":40}},{"start":{"line":29,"column":44},"end":{"line":29,"column":58}}],"line":29},"5":{"loc":{"start":{"line":33,"column":4},"end":{"line":33,"column":26}},"type":"if","locations":[{"start":{"line":33,"column":4},"end":{"line":33,"column":26}},{"start":{},"end":{}}],"line":33},"6":{"loc":{"start":{"line":34,"column":25},"end":{"line":34,"column":57}},"type":"binary-expr","locations":[{"start":{"line":34,"column":25},"end":{"line":34,"column":39}},{"start":{"line":34,"column":43},"end":{"line":34,"column":57}}],"line":34},"7":{"loc":{"start":{"line":55,"column":19},"end":{"line":61,"column":32}},"type":"cond-expr","locations":[{"start":{"line":56,"column":22},"end":{"line":60,"column":24}},{"start":{"line":61,"column":22},"end":{"line":61,"column":32}}],"line":55},"8":{"loc":{"start":{"line":67,"column":19},"end":{"line":71,"column":19}},"type":"binary-expr","locations":[{"start":{"line":67,"column":19},"end":{"line":67,"column":61}},{"start":{"line":68,"column":20},"end":{"line":70,"column":27}}],"line":67},"9":{"loc":{"start":{"line":77,"column":19},"end":{"line":81,"column":19}},"type":"binary-expr","locations":[{"start":{"line":77,"column":19},"end":{"line":77,"column":35}},{"start":{"line":78,"column":20},"end":{"line":80,"column":26}}],"line":77},"10":{"loc":{"start":{"line":83,"column":17},"end":{"line":112,"column":17}},"type":"binary-expr","locations":[{"start":{"line":83,"column":17},"end":{"line":83,"column":28}},{"start":{"line":84,"column":18},"end":{"line":111,"column":24}}],"line":83},"11":{"loc":{"start":{"line":85,"column":21},"end":{"line":102,"column":21}},"type":"binary-expr","locations":[{"start":{"line":85,"column":21},"end":{"line":85,"column":55}},{"start":{"line":86,"column":22},"end":{"line":101,"column":25}}],"line":85},"12":{"loc":{"start":{"line":93,"column":25},"end":{"line":100,"column":25}},"type":"binary-expr","locations":[{"start":{"line":93,"column":25},"end":{"line":93,"column":50}},{"start":{"line":94,"column":26},"end":{"line":99,"column":35}}],"line":93},"13":{"loc":{"start":{"line":103,"column":21},"end":{"line":110,"column":21}},"type":"binary-expr","locations":[{"start":{"line":103,"column":21},"end":{"line":103,"column":59}},{"start":{"line":103,"column":63},"end":{"line":103,"column":88}},{"start":{"line":104,"column":22},"end":{"line":109,"column":31}}],"line":103},"14":{"loc":{"start":{"line":115,"column":15},"end":{"line":119,"column":15}},"type":"binary-expr","locations":[{"start":{"line":115,"column":15},"end":{"line":115,"column":42}},{"start":{"line":116,"column":16},"end":{"line":118,"column":22}}],"line":115},"15":{"loc":{"start":{"line":126,"column":7},"end":{"line":135,"column":7}},"type":"binary-expr","locations":[{"start":{"line":126,"column":7},"end":{"line":126,"column":18}},{"start":{"line":126,"column":22},"end":{"line":126,"column":83}},{"start":{"line":127,"column":8},"end":{"line":134,"column":14}}],"line":126}},"s":{"0":30,"1":30,"2":30,"3":30,"4":30,"5":29,"6":22,"7":6,"8":1,"9":0,"10":30,"11":2,"12":1,"13":1,"14":30,"15":2,"16":0,"17":2,"18":30,"19":1,"20":1,"21":30,"22":29,"23":2,"24":2,"25":1,"26":29,"27":0,"28":12,"29":0,"30":0},"f":{"0":30,"1":29,"2":2,"3":2,"4":1,"5":1,"6":29,"7":2,"8":2,"9":1,"10":29,"11":0,"12":12,"13":0,"14":0},"b":{"0":[30],"1":[30,2],"2":[22,6,1,0],"3":[1,1],"4":[1,0],"5":[0,2],"6":[2,0],"7":[6,23],"8":[29,0],"9":[29,2],"10":[29,29],"11":[29,22],"12":[22,19],"13":[29,6,6],"14":[29,5],"15":[30,30,6]},"_coverageSchema":"1a1c01bbd47fc00a2c39e90264f33305004495a9","hash":"823562820dfdb543b01eb4af519f445e322c30a8"}
,"/Users/vonwillert/Documents/GitHub/swaxi-dispo-v6/src/components/ShiftTemplateManager.jsx": {"path":"/Users/vonwillert/Documents/GitHub/swaxi-dispo-v6/src/components/ShiftTemplateManager.jsx","statementMap":{"0":{"start":{"line":5,"column":69},"end":{"line":5,"column":88}},"1":{"start":{"line":6,"column":48},"end":{"line":6,"column":62}},"2":{"start":{"line":7,"column":36},"end":{"line":12,"column":4}},"3":{"start":{"line":14,"column":28},"end":{"line":17,"column":3}},"4":{"start":{"line":15,"column":28},"end":{"line":15,"column":36}},"5":{"start":{"line":16,"column":4},"end":{"line":16,"column":49}},"6":{"start":{"line":19,"column":26},"end":{"line":24,"column":3}},"7":{"start":{"line":20,"column":20},"end":{"line":22,"column":32}},"8":{"start":{"line":21,"column":37},"end":{"line":21,"column":46}},"9":{"start":{"line":23,"column":4},"end":{"line":23,"column":49}},"10":{"start":{"line":26,"column":23},"end":{"line":34,"column":3}},"11":{"start":{"line":27,"column":4},"end":{"line":27,"column":22}},"12":{"start":{"line":28,"column":4},"end":{"line":32,"column":5}},"13":{"start":{"line":29,"column":6},"end":{"line":29,"column":62}},"14":{"start":{"line":31,"column":6},"end":{"line":31,"column":28}},"15":{"start":{"line":33,"column":4},"end":{"line":33,"column":15}},"16":{"start":{"line":36,"column":21},"end":{"line":39,"column":3}},"17":{"start":{"line":37,"column":4},"end":{"line":37,"column":32}},"18":{"start":{"line":38,"column":4},"end":{"line":38,"column":26}},"19":{"start":{"line":41,"column":20},"end":{"line":44,"column":3}},"20":{"start":{"line":42,"column":4},"end":{"line":42,"column":28}},"21":{"start":{"line":43,"column":4},"end":{"line":43,"column":68}},"22":{"start":{"line":46,"column":21},"end":{"line":46,"column":63}},"23":{"start":{"line":48,"column":2},"end":{"line":135,"column":3}},"24":{"start":{"line":83,"column":14},"end":{"line":94,"column":23}},"25":{"start":{"line":86,"column":31},"end":{"line":86,"column":51}},"26":{"start":{"line":117,"column":12},"end":{"line":130,"column":17}},"27":{"start":{"line":123,"column":39},"end":{"line":123,"column":59}},"28":{"start":{"line":126,"column":39},"end":{"line":126,"column":66}}},"fnMap":{"0":{"name":"ShiftTemplateManager","decl":{"start":{"line":4,"column":9},"end":{"line":4,"column":29}},"loc":{"start":{"line":4,"column":32},"end":{"line":136,"column":1}},"line":4},"1":{"name":"(anonymous_1)","decl":{"start":{"line":14,"column":28},"end":{"line":14,"column":29}},"loc":{"start":{"line":14,"column":35},"end":{"line":17,"column":3}},"line":14},"2":{"name":"(anonymous_2)","decl":{"start":{"line":19,"column":26},"end":{"line":19,"column":27}},"loc":{"start":{"line":19,"column":35},"end":{"line":24,"column":3}},"line":19},"3":{"name":"(anonymous_3)","decl":{"start":{"line":21,"column":30},"end":{"line":21,"column":31}},"loc":{"start":{"line":21,"column":37},"end":{"line":21,"column":46}},"line":21},"4":{"name":"(anonymous_4)","decl":{"start":{"line":26,"column":23},"end":{"line":26,"column":24}},"loc":{"start":{"line":26,"column":30},"end":{"line":34,"column":3}},"line":26},"5":{"name":"(anonymous_5)","decl":{"start":{"line":36,"column":21},"end":{"line":36,"column":22}},"loc":{"start":{"line":36,"column":35},"end":{"line":39,"column":3}},"line":36},"6":{"name":"(anonymous_6)","decl":{"start":{"line":41,"column":20},"end":{"line":41,"column":21}},"loc":{"start":{"line":41,"column":26},"end":{"line":44,"column":3}},"line":41},"7":{"name":"(anonymous_7)","decl":{"start":{"line":82,"column":28},"end":{"line":82,"column":29}},"loc":{"start":{"line":83,"column":14},"end":{"line":94,"column":23}},"line":83},"8":{"name":"(anonymous_8)","decl":{"start":{"line":86,"column":25},"end":{"line":86,"column":26}},"loc":{"start":{"line":86,"column":31},"end":{"line":86,"column":51}},"line":86},"9":{"name":"(anonymous_9)","decl":{"start":{"line":116,"column":25},"end":{"line":116,"column":26}},"loc":{"start":{"line":117,"column":12},"end":{"line":130,"column":17}},"line":117},"10":{"name":"(anonymous_10)","decl":{"start":{"line":123,"column":33},"end":{"line":123,"column":34}},"loc":{"start":{"line":123,"column":39},"end":{"line":123,"column":59}},"line":123},"11":{"name":"(anonymous_11)","decl":{"start":{"line":126,"column":33},"end":{"line":126,"column":34}},"loc":{"start":{"line":126,"column":39},"end":{"line":126,"column":66}},"line":126}},"branchMap":{"0":{"loc":{"start":{"line":20,"column":20},"end":{"line":22,"column":32}},"type":"cond-expr","locations":[{"start":{"line":21,"column":8},"end":{"line":21,"column":47}},{"start":{"line":22,"column":8},"end":{"line":22,"column":32}}],"line":20},"1":{"loc":{"start":{"line":28,"column":4},"end":{"line":32,"column":5}},"type":"if","locations":[{"start":{"line":28,"column":4},"end":{"line":32,"column":5}},{"start":{"line":30,"column":11},"end":{"line":32,"column":5}}],"line":28},"2":{"loc":{"start":{"line":88,"column":18},"end":{"line":90,"column":35}},"type":"cond-expr","locations":[{"start":{"line":89,"column":22},"end":{"line":89,"column":46}},{"start":{"line":90,"column":22},"end":{"line":90,"column":35}}],"line":88},"3":{"loc":{"start":{"line":100,"column":13},"end":{"line":100,"column":65}},"type":"cond-expr","locations":[{"start":{"line":100,"column":31},"end":{"line":100,"column":48}},{"start":{"line":100,"column":51},"end":{"line":100,"column":65}}],"line":100},"4":{"loc":{"start":{"line":102,"column":11},"end":{"line":110,"column":11}},"type":"binary-expr","locations":[{"start":{"line":102,"column":11},"end":{"line":102,"column":26}},{"start":{"line":103,"column":12},"end":{"line":109,"column":21}}],"line":102}},"s":{"0":17,"1":17,"2":17,"3":17,"4":7,"5":7,"6":17,"7":2,"8":0,"9":2,"10":17,"11":3,"12":3,"13":1,"14":2,"15":3,"16":17,"17":1,"18":1,"19":17,"20":3,"21":3,"22":17,"23":17,"24":119,"25":2,"26":12,"27":1,"28":1},"f":{"0":17,"1":7,"2":2,"3":0,"4":3,"5":1,"6":3,"7":119,"8":2,"9":12,"10":1,"11":1},"b":{"0":[0,2],"1":[1,2],"2":[6,113],"3":[2,15],"4":[17,2]},"_coverageSchema":"1a1c01bbd47fc00a2c39e90264f33305004495a9","hash":"ad69d68beefd798954b9f264db852abe562bdfd6"}
,"/Users/vonwillert/Documents/GitHub/swaxi-dispo-v6/src/components/ThemeToggle.jsx": {"path":"/Users/vonwillert/Documents/GitHub/swaxi-dispo-v6/src/components/ThemeToggle.jsx","statementMap":{"0":{"start":{"line":5,"column":30},"end":{"line":5,"column":40}},"1":{"start":{"line":7,"column":2},"end":{"line":20,"column":3}},"2":{"start":{"line":10,"column":21},"end":{"line":10,"column":55}}},"fnMap":{"0":{"name":"ThemeToggle","decl":{"start":{"line":4,"column":24},"end":{"line":4,"column":35}},"loc":{"start":{"line":4,"column":38},"end":{"line":21,"column":1}},"line":4},"1":{"name":"(anonymous_1)","decl":{"start":{"line":10,"column":15},"end":{"line":10,"column":16}},"loc":{"start":{"line":10,"column":21},"end":{"line":10,"column":55}},"line":10}},"branchMap":{"0":{"loc":{"start":{"line":14,"column":7},"end":{"line":18,"column":7}},"type":"cond-expr","locations":[{"start":{"line":15,"column":2},"end":{"line":15,"column":75}},{"start":{"line":17,"column":2},"end":{"line":17,"column":77}}],"line":14}},"s":{"0":16,"1":16,"2":3},"f":{"0":16,"1":3},"b":{"0":[2,14]},"_coverageSchema":"1a1c01bbd47fc00a2c39e90264f33305004495a9","hash":"d1adc9b051e02a8550cb03d24068f48d4577a4db"}
,"/Users/vonwillert/Documents/GitHub/swaxi-dispo-v6/src/contexts/AuthContext.jsx": {"path":"/Users/vonwillert/Documents/GitHub/swaxi-dispo-v6/src/contexts/AuthContext.jsx","statementMap":{"0":{"start":{"line":3,"column":20},"end":{"line":3,"column":35}},"1":{"start":{"line":7,"column":18},"end":{"line":12,"column":1}},"2":{"start":{"line":15,"column":26},"end":{"line":15,"column":40}},"3":{"start":{"line":17,"column":16},"end":{"line":23,"column":3}},"4":{"start":{"line":18,"column":24},"end":{"line":18,"column":42}},"5":{"start":{"line":19,"column":4},"end":{"line":22,"column":5}},"6":{"start":{"line":20,"column":6},"end":{"line":20,"column":27}},"7":{"start":{"line":21,"column":6},"end":{"line":21,"column":64}},"8":{"start":{"line":25,"column":17},"end":{"line":28,"column":3}},"9":{"start":{"line":26,"column":4},"end":{"line":26,"column":18}},"10":{"start":{"line":27,"column":4},"end":{"line":27,"column":36}},"11":{"start":{"line":30,"column":2},"end":{"line":44,"column":9}},"12":{"start":{"line":31,"column":23},"end":{"line":31,"column":51}},"13":{"start":{"line":32,"column":4},"end":{"line":43,"column":5}},"14":{"start":{"line":33,"column":6},"end":{"line":42,"column":30}},"15":{"start":{"line":34,"column":23},"end":{"line":34,"column":45}},"16":{"start":{"line":36,"column":22},"end":{"line":36,"column":48}},"17":{"start":{"line":37,"column":8},"end":{"line":40,"column":9}},"18":{"start":{"line":38,"column":10},"end":{"line":38,"column":30}},"19":{"start":{"line":39,"column":10},"end":{"line":39,"column":63}},"20":{"start":{"line":41,"column":8},"end":{"line":41,"column":24}},"21":{"start":{"line":46,"column":2},"end":{"line":50,"column":4}}},"fnMap":{"0":{"name":"AuthProvider","decl":{"start":{"line":14,"column":16},"end":{"line":14,"column":28}},"loc":{"start":{"line":14,"column":43},"end":{"line":51,"column":1}},"line":14},"1":{"name":"(anonymous_1)","decl":{"start":{"line":17,"column":16},"end":{"line":17,"column":17}},"loc":{"start":{"line":17,"column":29},"end":{"line":23,"column":3}},"line":17},"2":{"name":"(anonymous_2)","decl":{"start":{"line":25,"column":17},"end":{"line":25,"column":18}},"loc":{"start":{"line":25,"column":23},"end":{"line":28,"column":3}},"line":25},"3":{"name":"(anonymous_3)","decl":{"start":{"line":30,"column":12},"end":{"line":30,"column":13}},"loc":{"start":{"line":30,"column":18},"end":{"line":44,"column":3}},"line":30}},"branchMap":{"0":{"loc":{"start":{"line":19,"column":4},"end":{"line":22,"column":5}},"type":"if","locations":[{"start":{"line":19,"column":4},"end":{"line":22,"column":5}},{"start":{},"end":{}}],"line":19},"1":{"loc":{"start":{"line":32,"column":4},"end":{"line":43,"column":5}},"type":"if","locations":[{"start":{"line":32,"column":4},"end":{"line":43,"column":5}},{"start":{},"end":{}}],"line":32},"2":{"loc":{"start":{"line":37,"column":8},"end":{"line":40,"column":9}},"type":"if","locations":[{"start":{"line":37,"column":8},"end":{"line":40,"column":9}},{"start":{},"end":{}}],"line":37},"3":{"loc":{"start":{"line":37,"column":12},"end":{"line":37,"column":42}},"type":"binary-expr","locations":[{"start":{"line":37,"column":12},"end":{"line":37,"column":17}},{"start":{"line":37,"column":21},"end":{"line":37,"column":42}}],"line":37}},"s":{"0":14,"1":14,"2":8,"3":8,"4":2,"5":2,"6":2,"7":2,"8":8,"9":1,"10":1,"11":8,"12":4,"13":4,"14":1,"15":1,"16":1,"17":1,"18":0,"19":0,"20":1,"21":8},"f":{"0":8,"1":2,"2":1,"3":4},"b":{"0":[2,0],"1":[1,3],"2":[0,1],"3":[1,1]},"_coverageSchema":"1a1c01bbd47fc00a2c39e90264f33305004495a9","hash":"c8cc09d8c16167078683b33a5a80a459d1a293f1"}
,"/Users/vonwillert/Documents/GitHub/swaxi-dispo-v6/src/contexts/ShiftContext.jsx": {"path":"/Users/vonwillert/Documents/GitHub/swaxi-dispo-v6/src/contexts/ShiftContext.jsx","statementMap":{"0":{"start":{"line":9,"column":21},"end":{"line":9,"column":40}},"1":{"start":{"line":12,"column":21},"end":{"line":12,"column":46}},"2":{"start":{"line":13,"column":24},"end":{"line":13,"column":89}},"3":{"start":{"line":13,"column":38},"end":{"line":13,"column":64}},"4":{"start":{"line":15,"column":28},"end":{"line":15,"column":66}},"5":{"start":{"line":17,"column":18},"end":{"line":17,"column":30}},"6":{"start":{"line":18,"column":2},"end":{"line":18,"column":62}},"7":{"start":{"line":18,"column":24},"end":{"line":18,"column":62}},"8":{"start":{"line":19,"column":26},"end":{"line":19,"column":39}},"9":{"start":{"line":21,"column":2},"end":{"line":68,"column":8}},"10":{"start":{"line":22,"column":20},"end":{"line":22,"column":25}},"11":{"start":{"line":25,"column":2},"end":{"line":46,"column":28}},"12":{"start":{"line":26,"column":23},"end":{"line":26,"column":53}},"13":{"start":{"line":27,"column":6},"end":{"line":37,"column":7}},"14":{"start":{"line":28,"column":23},"end":{"line":28,"column":43}},"15":{"start":{"line":29,"column":8},"end":{"line":36,"column":9}},"16":{"start":{"line":30,"column":32},"end":{"line":33,"column":13}},"17":{"start":{"line":30,"column":49},"end":{"line":33,"column":11}},"18":{"start":{"line":32,"column":65},"end":{"line":32,"column":78}},"19":{"start":{"line":34,"column":10},"end":{"line":34,"column":67}},"20":{"start":{"line":35,"column":6},"end":{"line":35,"column":36}},"21":{"start":{"line":38,"column":20},"end":{"line":38,"column":56}},"22":{"start":{"line":39,"column":6},"end":{"line":41,"column":7}},"23":{"start":{"line":40,"column":8},"end":{"line":40,"column":106}},"24":{"start":{"line":40,"column":14},"end":{"line":40,"column":81}},"25":{"start":{"line":42,"column":21},"end":{"line":42,"column":58}},"26":{"start":{"line":43,"column":6},"end":{"line":45,"column":7}},"27":{"start":{"line":44,"column":8},"end":{"line":44,"column":108}},"28":{"start":{"line":44,"column":14},"end":{"line":44,"column":83}},"29":{"start":{"line":50,"colu
[...]
start":{},"end":{}}],"line":46},"2":{"loc":{"start":{"line":78,"column":6},"end":{"line":80,"column":7}},"type":"if","locations":[{"start":{"line":78,"column":6},"end":{"line":80,"column":7}},{"start":{},"end":{}}],"line":78},"3":{"loc":{"start":{"line":112,"column":6},"end":{"line":114,"column":7}},"type":"if","locations":[{"start":{"line":112,"column":6},"end":{"line":114,"column":7}},{"start":{},"end":{}}],"line":112},"4":{"loc":{"start":{"line":177,"column":10},"end":{"line":177,"column":32}},"type":"binary-expr","locations":[{"start":{"line":177,"column":10},"end":{"line":177,"column":19}},{"start":{"line":177,"column":23},"end":{"line":177,"column":32}}],"line":177},"5":{"loc":{"start":{"line":182,"column":14},"end":{"line":182,"column":37}},"type":"binary-expr","locations":[{"start":{"line":182,"column":14},"end":{"line":182,"column":27}},{"start":{"line":182,"column":31},"end":{"line":182,"column":37}}],"line":182},"6":{"loc":{"start":{"line":183,"column":18},"end":{"line":183,"column":68}},"type":"cond-expr","locations":[{"start":{"line":183,"column":38},"end":{"line":183,"column":61}},{"start":{"line":183,"column":64},"end":{"line":183,"column":68}}],"line":183},"7":{"loc":{"start":{"line":184,"column":20},"end":{"line":184,"column":51}},"type":"binary-expr","locations":[{"start":{"line":184,"column":20},"end":{"line":184,"column":39}},{"start":{"line":184,"column":43},"end":{"line":184,"column":51}}],"line":184},"8":{"loc":{"start":{"line":185,"column":17},"end":{"line":185,"column":69}},"type":"cond-expr","locations":[{"start":{"line":185,"column":36},"end":{"line":185,"column":64}},{"start":{"line":185,"column":67},"end":{"line":185,"column":69}}],"line":185},"9":{"loc":{"start":{"line":194,"column":17},"end":{"line":194,"column":83}},"type":"cond-expr","locations":[{"start":{"line":194,"column":46},"end":{"line":194,"column":70}},{"start":{"line":194,"column":73},"end":{"line":194,"column":83}}],"line":194},"10":{"loc":{"start":{"line":200,"column":32},"end":{"line":200,"column":53}},"type":"binary-expr","locations":[{"start":{"line":200,"column":32},"end":{"line":200,"column":47}},{"start":{"line":200,"column":51},"end":{"line":200,"column":53}}],"line":200},"11":{"loc":{"start":{"line":206,"column":10},"end":{"line":206,"column":32}},"type":"binary-expr","locations":[{"start":{"line":206,"column":10},"end":{"line":206,"column":19}},{"start":{"line":206,"column":23},"end":{"line":206,"column":32}}],"line":206},"12":{"loc":{"start":{"line":217,"column":28},"end":{"line":217,"column":89}},"type":"binary-expr","locations":[{"start":{"line":217,"column":28},"end":{"line":217,"column":69}},{"start":{"line":217,"column":73},"end":{"line":217,"column":89}}],"line":217},"13":{"loc":{"start":{"line":218,"column":11},"end":{"line":218,"column":28}},"type":"binary-expr","locations":[{"start":{"line":218,"column":11},"end":{"line":218,"column":22}},{"start":{"line":218,"column":26},"end":{"line":218,"column":28}}],"line":218},"14":{"loc":{"start":{"line":222,"column":28},"end":{"line":222,"column":89}},"type":"binary-expr","locations":[{"start":{"line":222,"column":28},"end":{"line":222,"column":69}},{"start":{"line":222,"column":73},"end":{"line":222,"column":89}}],"line":222},"15":{"loc":{"start":{"line":229,"column":23},"end":{"line":229,"column":40}},"type":"binary-expr","locations":[{"start":{"line":229,"column":23},"end":{"line":229,"column":34}},{"start":{"line":229,"column":38},"end":{"line":229,"column":40}}],"line":229},"16":{"loc":{"start":{"line":235,"column":28},"end":{"line":235,"column":89}},"type":"binary-expr","locations":[{"start":{"line":235,"column":28},"end":{"line":235,"column":69}},{"start":{"line":235,"column":73},"end":{"line":235,"column":89}}],"line":235},"17":{"loc":{"start":{"line":237,"column":6},"end":{"line":237,"column":84}},"type":"cond-expr","locations":[{"start":{"line":237,"column":29},"end":{"line":237,"column":76}},{"start":{"line":237,"column":79},"end":{"line":237,"column":84}}],"line":237},"18":{"loc":{"start":{"line":255,"column":11},"end":{"line":255,"column":85}},"type":"binary-expr","locations":[{"start":{"line":255,"column":11},"end":{"line":255,"column":53}},{"start":{"line":255,"column":57},"end":{"line":255,"column":85}}],"line":255}},"s":{"0":19,"1":19,"2":2,"3":1,"4":1,"5":2,"6":2,"7":2,"8":1,"9":0,"10":1,"11":1,"12":1,"13":1,"14":2,"15":2,"16":1,"17":1,"18":1,"19":0,"20":1,"21":1,"22":1,"23":1,"24":0,"25":0,"26":0,"27":0,"28":0,"29":0,"30":0,"31":0,"32":0,"33":0,"34":0,"35":0,"36":0,"37":0,"38":0,"39":0,"40":0,"41":0,"42":0,"43":0,"44":0,"45":2,"46":1,"47":0,"48":1,"49":1,"50":1,"51":1,"52":1,"53":1,"54":1,"55":0,"56":0,"57":0,"58":0,"59":0,"60":0,"61":0,"62":2,"63":2,"64":1,"65":1,"66":13},"f":{"0":19,"1":2,"2":2,"3":2,"4":0,"5":0,"6":0,"7":2,"8":1,"9":0,"10":1,"11":1,"12":0,"13":0,"14":0,"15":0,"16":2},"b":{"0":[2],"1":[0,1],"2":[0,1],"3":[0,0],"4":[2,0],"5":[2,0],"6":[0,2],"7":[2,0],"8":[2,0],"9":[0,1],"10":[1,0],"11":[0,0],"12":[1,0],"13":[1,0],"14":[1,1],"15":[1,0],"16":[0,0],"17":[0,0],"18":[0,0]},"_coverageSchema":"1a1c01bbd47fc00a2c39e90264f33305004495a9","hash":"18dc17d960b05cd6ff8be22a9fdccefcf3350fa2"}
,"/Users/vonwillert/Documents/GitHub/swaxi-dispo-v6/src/services/shiftGenerationService.js": {"path":"/Users/vonwillert/Documents/GitHub/swaxi-dispo-v6/src/services/shiftGenerationService.js","statementMap":{"0":{"start":{"line":3,"column":19},"end":{"line":11,"column":1}},"1":{"start":{"line":14,"column":20},"end":{"line":14,"column":22}},"2":{"start":{"line":15,"column":16},"end":{"line":15,"column":26}},"3":{"start":{"line":17,"column":2},"end":{"line":34,"column":3}},"4":{"start":{"line":17,"column":15},"end":{"line":17,"column":16}},"5":{"start":{"line":18,"column":17},"end":{"line":18,"column":34}},"6":{"start":{"line":19,"column":22},"end":{"line":19,"column":34}},"7":{"start":{"line":21,"column":4},"end":{"line":33,"column":6}},"8":{"start":{"line":22,"column":6},"end":{"line":32,"column":7}},"9":{"start":{"line":22,"column":33},"end":{"line":22,"column":46}},"10":{"start":{"line":23,"column":8},"end":{"line":31,"column":10}},"11":{"start":{"line":35,"column":2},"end":{"line":35,"column":18}}},"fnMap":{"0":{"name":"generateShifts","decl":{"start":{"line":13,"column":16},"end":{"line":13,"column":30}},"loc":{"start":{"line":13,"column":42},"end":{"line":36,"column":1}},"line":13},"1":{"name":"(anonymous_1)","decl":{"start":{"line":21,"column":22},"end":{"line":21,"column":23}},"loc":{"start":{"line":21,"column":36},"end":{"line":33,"column":5}},"line":21},"2":{"name":"(anonymous_2)","decl":{"start":{"line":22,"column":28},"end":{"line":22,"column":29}},"loc":{"start":{"line":22,"column":33},"end":{"line":22,"column":46}},"line":22}},"branchMap":{"0":{"loc":{"start":{"line":22,"column":6},"end":{"line":32,"column":7}},"type":"if","locations":[{"start":{"line":22,"column":6},"end":{"line":32,"column":7}},{"start":{},"end":{}}],"line":22}},"s":{"0":1,"1":2,"2":2,"3":2,"4":2,"5":20,"6":20,"7":20,"8":30,"9":70,"10":10,"11":2},"f":{"0":2,"1":30,"2":70},"b":{"0":[10,20]},"_coverageSchema":"1a1c01bbd47fc00a2c39e90264f33305004495a9","hash":"374d68ce2d355c93a6608db8af5d1d1fa2b40d6b"}
,"/Users/vonwillert/Documents/GitHub/swaxi-dispo-v6/src/tests/testUtils.jsx": {"path":"/Users/vonwillert/Documents/GitHub/swaxi-dispo-v6/src/tests/testUtils.jsx","statementMap":{"0":{"start":{"line":13,"column":2},"end":{"line":22,"column":3}}},"fnMap":{"0":{"name":"renderWithProviders","decl":{"start":{"line":12,"column":16},"end":{"line":12,"column":35}},"loc":{"start":{"line":12,"column":113},"end":{"line":23,"column":1}},"line":12}},"branchMap":{"0":{"loc":{"start":{"line":12,"column":40},"end":{"line":12,"column":111}},"type":"default-arg","locations":[{"start":{"line":12,"column":109},"end":{"line":12,"column":111}}],"line":12},"1":{"loc":{"start":{"line":12,"column":42},"end":{"line":12,"column":86}},"type":"default-arg","locations":[{"start":{"line":12,"column":53},"end":{"line":12,"column":86}}],"line":12}},"s":{"0":17},"f":{"0":17},"b":{"0":[17],"1":[17]},"_coverageSchema":"1a1c01bbd47fc00a2c39e90264f33305004495a9","hash":"72f71ee84bc5c5756b0cae3c68f88c55ebad01fe"}
,"/Users/vonwillert/Documents/GitHub/swaxi-dispo-v6/src/utils/auth.js": {"path":"/Users/vonwillert/Documents/GitHub/swaxi-dispo-v6/src/utils/auth.js","statementMap":{"0":{"start":{"line":3,"column":26},"end":{"line":12,"column":1}},"1":{"start":{"line":4,"column":24},"end":{"line":9,"column":3}},"2":{"start":{"line":11,"column":2},"end":{"line":11,"column":64}},"3":{"start":{"line":14,"column":31},"end":{"line":14,"column":85}},"4":{"start":{"line":14,"column":45},"end":{"line":14,"column":85}},"5":{"start":{"line":15,"column":28},"end":{"line":15,"column":82}},"6":{"start":{"line":15,"column":42},"end":{"line":15,"column":82}},"7":{"start":{"line":16,"column":33},"end":{"line":16,"column":91}},"8":{"start":{"line":16,"column":47},"end":{"line":16,"column":91}},"9":{"start":{"line":17,"column":32},"end":{"line":17,"column":88}},"10":{"start":{"line":17,"column":46},"end":{"line":17,"column":88}}},"fnMap":{"0":{"name":"(anonymous_0)","decl":{"start":{"line":3,"column":26},"end":{"line":3,"column":27}},"loc":{"start":{"line":3,"column":54},"end":{"line":12,"column":1}},"line":3},"1":{"name":"(anonymous_1)","decl":{"start":{"line":14,"column":31},"end":{"line":14,"column":32}},"loc":{"start":{"line":14,"column":45},"end":{"line":14,"column":85}},"line":14},"2":{"name":"(anonymous_2)","decl":{"start":{"line":15,"column":28},"end":{"line":15,"column":29}},"loc":{"start":{"line":15,"column":42},"end":{"line":15,"column":82}},"line":15},"3":{"name":"(anonymous_3)","decl":{"start":{"line":16,"column":33},"end":{"line":16,"column":34}},"loc":{"start":{"line":16,"column":47},"end":{"line":16,"column":91}},"line":16},"4":{"name":"(anonymous_4)","decl":{"start":{"line":17,"column":32},"end":{"line":17,"column":33}},"loc":{"start":{"line":17,"column":46},"end":{"line":17,"column":88}},"line":17}},"branchMap":{},"s":{"0":6,"1":34,"2":34,"3":6,"4":19,"5":6,"6":7,"7":6,"8":4,"9":6,"10":4},"f":{"0":34,"1":19,"2":7,"3":4,"4":4},"b":{},"_coverageSchema":"1a1c01bbd47fc00a2c39e90264f33305004495a9","hash":"beaef4e7c195ad8358ce97f4d7f1b12b02ce80d8"}
,"/Users/vonwillert/Documents/GitHub/swaxi-dispo-v6/src/utils/constants.js": {"path":"/Users/vonwillert/Documents/GitHub/swaxi-dispo-v6/src/utils/constants.js","statementMap":{"0":{"start":{"line":1,"column":21},"end":{"line":6,"column":1}},"1":{"start":{"line":8,"column":28},"end":{"line":12,"column":1}},"2":{"start":{"line":14,"column":30},"end":{"line":17,"column":1}},"3":{"start":{"line":19,"column":31},"end":{"line":28,"column":1}}},"fnMap":{},"branchMap":{},"s":{"0":14,"1":14,"2":14,"3":14},"f":{},"b":{},"_coverageSchema":"1a1c01bbd47fc00a2c39e90264f33305004495a9","hash":"903e4cc17bf9a1e816dfcea7fa46fed1df56b80c"}
,"/Users/vonwillert/Documents/GitHub/swaxi-dispo-v6/src/utils/logger.js": {"path":"/Users/vonwillert/Documents/GitHub/swaxi-dispo-v6/src/utils/logger.js","statementMap":{"0":{"start":{"line":6,"column":18},"end":{"line":13,"column":4}},"1":{"start":{"line":7,"column":2},"end":{"line":12,"column":3}},"2":{"start":{"line":9,"column":4},"end":{"line":9,"column":87}},"3":{"start":{"line":11,"column":4},"end":{"line":11,"column":16}},"4":{"start":{"line":14,"column":13},"end":{"line":14,"column":22}},"5":{"start":{"line":17,"column":2},"end":{"line":17,"column":16}},"6":{"start":{"line":21,"column":2},"end":{"line":21,"column":37}},"7":{"start":{"line":21,"column":15},"end":{"line":21,"column":37}},"8":{"start":{"line":25,"column":2},"end":{"line":25,"column":35}},"9":{"start":{"line":25,"column":15},"end":{"line":25,"column":35}}},"fnMap":{"0":{"name":"(anonymous_0)","decl":{"start":{"line":6,"column":19},"end":{"line":6,"column":20}},"loc":{"start":{"line":6,"column":25},"end":{"line":13,"column":1}},"line":6},"1":{"name":"setLoggerSilent","decl":{"start":{"line":16,"column":16},"end":{"line":16,"column":31}},"loc":{"start":{"line":16,"column":37},"end":{"line":18,"column":1}},"line":16},"2":{"name":"logError","decl":{"start":{"line":20,"column":16},"end":{"line":20,"column":24}},"loc":{"start":{"line":20,"column":34},"end":{"line":22,"column":1}},"line":20},"3":{"name":"logInfo","decl":{"start":{"line":24,"column":16},"end":{"line":24,"column":23}},"loc":{"start":{"line":24,"column":33},"end":{"line":26,"column":1}},"line":24}},"branchMap":{"0":{"loc":{"start":{"line":9,"column":11},"end":{"line":9,"column":87}},"type":"binary-expr","locations":[{"start":{"line":9,"column":11},"end":{"line":9,"column":41}},{"start":{"line":9,"column":45},"end":{"line":9,"column":87}}],"line":9},"1":{"loc":{"start":{"line":21,"column":2},"end":{"line":21,"column":37}},"type":"if","locations":[{"start":{"line":21,"column":2},"end":{"line":21,"column":37}},{"start":{},"end":{}}],"line":21},"2":{"loc":{"start":{"line":25,"column":2},"end":{"line":25,"column":35}},"type":"if","locations":[{"start":{"line":25,"column":2},"end":{"line":25,"column":35}},{"start":{},"end":{}}],"line":25}},"s":{"0":13,"1":13,"2":13,"3":0,"4":13,"5":0,"6":2,"7":0,"8":0,"9":0},"f":{"0":13,"1":0,"2":2,"3":0},"b":{"0":[13,13],"1":[0,2],"2":[0,0]},"_coverageSchema":"1a1c01bbd47fc00a2c39e90264f33305004495a9","hash":"eb3718ee2cc3899b04c04357d65be70920c8689e"}
,"/Users/vonwillert/Documents/GitHub/swaxi-dispo-v6/src/utils/shifts.js": {"path":"/Users/vonwillert/Documents/GitHub/swaxi-dispo-v6/src/utils/shifts.js","statementMap":{"0":{"start":{"line":3,"column":35},"end":{"line":49,"column":1}},"1":{"start":{"line":4,"column":20},"end":{"line":4,"column":22}},"2":{"start":{"line":7,"column":25},"end":{"line":14,"column":4}},"3":{"start":{"line":8,"column":23},"end":{"line":8,"column":44}},"4":{"start":{"line":9,"column":21},"end":{"line":9,"column":40}},"5":{"start":{"line":10,"column":26},"end":{"line":10,"column":55}},"6":{"start":{"line":11,"column":24},"end":{"line":11,"column":51}},"7":{"start":{"line":13,"column":4},"end":{"line":13,"column":66}},"8":{"start":{"line":16,"column":2},"end":{"line":18,"column":3}},"9":{"start":{"line":17,"column":4},"end":{"line":17,"column":35}},"10":{"start":{"line":21,"column":31},"end":{"line":23,"column":3}},"11":{"start":{"line":22,"column":4},"end":{"line":22,"column":59}},"12":{"start":{"line":25,"column":2},"end":{"line":27,"column":3}},"13":{"start":{"line":26,"column":4},"end":{"line":26,"column":41}},"14":{"start":{"line":30,"column":33},"end":{"line":34,"column":3}},"15":{"start":{"line":31,"column":4},"end":{"line":33,"column":33}},"16":{"start":{"line":36,"column":2},"end":{"line":38,"column":3}},"17":{"start":{"line":37,"column":4},"end":{"line":37,"column":43}},"18":{"start":{"line":41,"column":30},"end":{"line":42,"column":24}},"19":{"start":{"line":44,"column":2},"end":{"line":46,"column":3}},"20":{"start":{"line":45,"column":4},"end":{"line":45,"column":40}},"21":{"start":{"line":48,"column":2},"end":{"line":48,"column":19}},"22":{"start":{"line":51,"column":38},"end":{"line":93,"column":1}},"23":{"start":{"line":52,"column":17},"end":{"line":52,"column":19}},"24":{"start":{"line":53,"column":22},"end":{"line":53,"column":41}},"25":{"start":{"line":55,"column":2},"end":{"line":90,"column":3}},"26":{"start":{"line":55,"column":15},"end":{"line":55,"column":16}},"27":{"start":{"line":56,"column":16},"end":{"line":56,"column":36}},"28":{"start":{"line":57,"column":22},"end":{"line":57,"column":57}},"29":{"start":{"line":59,"column":4},"end":{"line":87,"column":5}},"30":{"start":{"line":61,"column":6},"end":{"line":66,"column":9}},"31":{"start":{"line":67,"column":6},"end":{"line":72,"column":9}},"32":{"start":{"line":75,"column":6},"end":{"line":80,"column":9}},"33":{"start":{"line":81,"column":6},"end":{"line":86,"column":9}},"34":{"start":{"line":89,"column":4},"end":{"line":89,"column":51}},"35":{"start":{"line":92,"column":2},"end":{"line":92,"column":16}}},"fnMap":{"0":{"name":"(anonymous_0)","decl":{"start":{"line":3,"column":35},"end":{"line":3,"column":36}},"loc":{"start":{"line":3,"column":76},"end":{"line":49,"column":1}},"line":3},"1":{"name":"(anonymous_1)","decl":{"start":{"line":7,"column":45},"end":{"line":7,"column":46}},"loc":{"start":{"line":7,"column":62},"end":{"line":14,"column":3}},"line":7},"2":{"name":"(anonymous_2)","decl":{"start":{"line":21,"column":49},"end":{"line":21,"column":50}},"loc":{"start":{"line":22,"column":4},"end":{"line":22,"column":59}},"line":22},"3":{"name":"(anonymous_3)","decl":{"start":{"line":30,"column":53},"end":{"line":30,"column":54}},"loc":{"start":{"line":31,"column":4},"end":{"line":33,"column":33}},"line":31},"4":{"name":"(anonymous_4)","decl":{"start":{"line":51,"column":38},"end":{"line":51,"column":39}},"loc":{"start":{"line":51,"column":74},"end":{"line":93,"column":1}},"line":51}},"branchMap":{"0":{"loc":{"start":{"line":13,"column":12},"end":{"line":13,"column":64}},"type":"binary-expr","locations":[{"start":{"line":13,"column":12},"end":{"line":13,"column":36}},{"start":{"line":13,"column":40},"end":{"line":13,"column":64}}],"line":13},"1":{"loc":{"start":{"line":16,"column":2},"end":{"line":18,"column":3}},"type":"if","locations":[{"start":{"line":16,"column":2},"end":{"line":18,"column":3}},{"start":{},"end":{}}],"line":16},"2":{"loc":{"start":{"line":22,"column":4},"end":{"line":22,"column":59}},"type":"binary-expr","locations":[{"start":{"line":22,"column":4},"end":{"line":22,"column":31}},{"start":{"line":22,"column":35},"end":{"line":22,"column":59}}],"line":22},"3":{"loc":{"start":{"line":25,"column":2},"end":{"line":27,"column":3}},"type":"if","locations":[{"start":{"line":25,"column":2},"end":{"line":27,"column":3}},{"start":{},"end":{}}],"line":25},"4":{"loc":{"start":{"line":31,"column":4},"end":{"line":33,"column":33}},"type":"binary-expr","locations":[{"start":{"line":31,"column":4},"end":{"line":31,"column":50}},{"start":{"line":32,"column":4},"end":{"line":32,"column":49}},{"start":{"line":33,"column":4},"end":{"line":33,"column":33}}],"line":31},"5":{"loc":{"start":{"line":36,"column":2},"end":{"line":38,"column":3}},"type":"if","locations":[{"start":{"line":36,"column":2},"end":{"line":38,"column":3}},{"start":{},"end":{}}],"line":36},"6":{"loc":{"start":{"line":41,"column":30},"end":{"line":42,"column":24}},"type":"binary-expr","locations":[{"start":{"line":41,"column":30},"end":{"line":41,"column":72}},{"start":{"line":42,"column":4},"end":{"line":42,"column":24}}],"line":41},"7":{"loc":{"start":{"line":44,"column":2},"end":{"line":46,"column":3}},"type":"if","locations":[{"start":{"line":44,"column":2},"end":{"line":46,"column":3}},{"start":{},"end":{}}],"line":44},"8":{"loc":{"start":{"line":51,"column":50},"end":{"line":51,"column":69}},"type":"default-arg","locations":[{"start":{"line":51,"column":67},"end":{"line":51,"column":69}}],"line":51},"9":{"loc":{"start":{"line":57,"column":22},"end":{"line":57,"column":57}},"type":"binary-expr","locations":[{"start":{"line":57,"column":22},"end":{"line":57,"column":31}},{"start":{"line":57,"column":35},"end":{"line":57,"column":44}},{"start":{"line":57,"column":48},"end":{"line":57,"column":57}}],"line":57},"10":{"loc":{"start":{"line":59,"column":4},"end":{"line":87,"column":5}},"type":"if","locations":[{"start":{"line":59,"column":4},"end":{"line":87,"column":5}},{"start":{"line":73,"column":11},"end":{"line":87,"column":5}}],"line":59}},"s":{"0":12,"1":324,"2":324,"3":5785,"4":5785,"5":5785,"6":5785,"7":5785,"8":324,"9":0,"10":324,"11":3,"12":324,"13":0,"14":324,"15":5782,"16":324,"17":6,"18":324,"19":324,"20":0,"21":324,"22":12,"23":15,"24":15,"25":15,"26":15,"27":150,"28":150,"29":150,"30":45,"31":45,"32":105,"33":105,"34":150,"35":15},"f":{"0":324,"1":5785,"2":3,"3":5782,"4":15},"b":{"0":[5785,0],"1":[0,324],"2":[3,0],"3":[0,324],"4":[5782,6,6],"5":[6,318],"6":[324,0],"7":[0,324],"8":[15],"9":[150,135,120],"10":[45,105]},"_coverageSchema":"1a1c01bbd47fc00a2c39e90264f33305004495a9","hash":"69a88e782b3dcb8fad5e26f69e7a87635e95f34f"}
}
