{"/Users/vonwillert/Documents/GitHub/swaxi-dispo-v6/src/App.jsx": {"path":"/Users/vonwillert/Documents/GitHub/swaxi-dispo-v6/src/App.jsx","statementMap":{"0":{"start":{"line":16,"column":20},"end":{"line":16,"column":27}},"1":{"start":{"line":19,"column":2},"end":{"line":23,"column":3}},"2":{"start":{"line":27,"column":2},"end":{"line":52,"column":3}}},"fnMap":{"0":{"name":"Footer","decl":{"start":{"line":18,"column":9},"end":{"line":18,"column":15}},"loc":{"start":{"line":18,"column":18},"end":{"line":24,"column":1}},"line":18},"1":{"name":"App","decl":{"start":{"line":26,"column":9},"end":{"line":26,"column":12}},"loc":{"start":{"line":26,"column":15},"end":{"line":53,"column":1}},"line":26}},"branchMap":{},"s":{"0":0,"1":0,"2":0},"f":{"0":0,"1":0},"b":{}}
,"/Users/vonwillert/Documents/GitHub/swaxi-dispo-v6/src/components/AutosaveManager.jsx": {"path":"/Users/vonwillert/Documents/GitHub/swaxi-dispo-v6/src/components/AutosaveManager.jsx","statementMap":{"0":{"start":{"line":4,"column":26},"end":{"line":4,"column":31}},"1":{"start":{"line":5,"column":22},"end":{"line":5,"column":24}},"2":{"start":{"line":8,"column":20},"end":{"line":8,"column":31}},"3":{"start":{"line":9,"column":34},"end":{"line":9,"column":48}},"4":{"start":{"line":10,"column":42},"end":{"line":10,"column":57}},"5":{"start":{"line":11,"column":54},"end":{"line":11,"column":66}},"6":{"start":{"line":12,"column":52},"end":{"line":12,"column":67}},"7":{"start":{"line":15,"column":2},"end":{"line":60,"column":108}},"8":{"start":{"line":16,"column":25},"end":{"line":51,"column":5}},"9":{"start":{"line":17,"column":6},"end":{"line":50,"column":7}},"10":{"start":{"line":18,"column":25},"end":{"line":29,"column":9}},"11":{"start":{"line":32,"column":34},"end":{"line":32,"column":102}},"12":{"start":{"line":35,"column":33},"end":{"line":35,"column":89}},"13":{"start":{"line":38,"column":8},"end":{"line":38,"column":91}},"14":{"start":{"line":39,"column":8},"end":{"line":42,"column":12}},"15":{"start":{"line":44,"column":8},"end":{"line":44,"column":32}},"16":{"start":{"line":45,"column":8},"end":{"line":45,"column":48}},"17":{"start":{"line":47,"column":8},"end":{"line":47,"column":67}},"18":{"start":{"line":49,"column":8},"end":{"line":49,"column":51}},"19":{"start":{"line":54,"column":4},"end":{"line":54,"column":19}},"20":{"start":{"line":57,"column":21},"end":{"line":57,"column":65}},"21":{"start":{"line":59,"column":4},"end":{"line":59,"column":41}},"22":{"start":{"line":59,"column":17},"end":{"line":59,"column":40}},"23":{"start":{"line":63,"column":2},"end":{"line":75,"column":9}},"24":{"start":{"line":64,"column":4},"end":{"line":74,"column":5}},"25":{"start":{"line":65,"column":24},"end":{"line":65,"column":92}},"26":{"start":{"line":66,"column":6},"end":{"line":66,"column":39}},"27":{"start":{"line":68,"column":27},"end":{"line":68,"column":92}},"28":{"start":{"line":69,"column":6},"end":{"line":71,"column":7}},"29":{"start":{"line":70,"column":8},"end":{"line":70,"column":54}},"30":{"start":{"line":73,"column":6},"end":{"line":73,"column":55}},"31":{"start":{"line":78,"column":2},"end":{"line":100,"column":9}},"32":{"start":{"line":79,"column":29},"end":{"line":96,"column":5}},"33":{"start":{"line":80,"column":6},"end":{"line":95,"column":7}},"34":{"start":{"line":81,"column":31},"end":{"line":81,"column":73}},"35":{"start":{"line":82,"column":26},"end":{"line":82,"column":94}},"36":{"start":{"line":84,"column":8},"end":{"line":92,"column":9}},"37":{"start":{"line":85,"column":31},"end":{"line":85,"column":43}},"38":{"start":{"line":86,"column":40},"end":{"line":86,"column":95}},"39":{"start":{"line":89,"column":10},"end":{"line":91,"column":11}},"40":{"start":{"line":90,"column":12},"end":{"line":90,"column":39}},"41":{"start":{"line":94,"column":8},"end":{"line":94,"column":61}},"42":{"start":{"line":99,"column":4},"end":{"line":99,"column":39}},"43":{"start":{"line":102,"column":30},"end":{"line":130,"column":3}},"44":{"start":{"line":103,"column":4},"end":{"line":129,"column":5}},"45":{"start":{"line":104,"column":6},"end":{"line":104,"column":28}},"46":{"start":{"line":105,"column":23},"end":{"line":105,"column":72}},"47":{"start":{"line":105,"column":52},"end":{"line":105,"column":71}},"48":{"start":{"line":107,"column":6},"end":{"line":109,"column":7}},"49":{"start":{"line":108,"column":8},"end":{"line":108,"column":51}},"50":{"start":{"line":113,"column":6},"end":{"line":113,"column":66}},"51":{"start":{"line":116,"column":6},"end":{"line":116,"column":62}},"52":{"start":{"line":116,"column":35},"end":{"line":116,"column":60}},"53":{"start":{"line":118,"column":6},"end":{"line":118,"column":34}},"54":{"start":{"line":119,"column":6},"end":{"line":119,"column":29}},"55":{"start":{"line":122,"column":6},"end":{"line":122,"column":52}},"56":{"start":{"line":124,"column":6},"end":{"line":124,"column":164}},"57":{"start":{"line":126,"column":6},"end":{"line":126,"column":66}},"58":{"start":{"line":127,"column":6},"end":{"line":127,"column":68}},"59":{"start":{"line":128,"column":6},"end":{"line":128,"column":29}},"60":{"start":{"line":132,"column":25},"end":{"line":140,"column":3}},"61":{"start":{"line":133,"column":4},"end":{"line":139,"column":5}},"62":{"start":{"line":134,"column":31},"end":{"line":134,"column":82}},"63":{"start":{"line":134,"column":62},"end":{"line":134,"column":81}},"64":{"start":{"line":135,"column":6},"end":{"line":135,"column":89}},"65":{"start":{"line":136,"column":6},"end":{"line":136,"column":46}},"66":{"start":{"line":138,"column":6},"end":{"line":138,"column":55}},"67":{"start":{"line":142,"column":26},"end":{"line":163,"column":3}},"68":{"start":{"line":143,"column":4},"end":{"line":162,"column":5}},"69":{"start":{"line":144,"column":25},"end":{"line":148,"column":7}},"70":{"start":{"line":150,"column":19},"end":{"line":150,"column":96}},"71":{"start":{"line":151,"column":18},"end":{"line":151,"column":43}},"72":{"start":{"line":153,"column":16},"end":{"line":153,"column":43}},"73":{"start":{"line":154,"column":6},"end":{"line":154,"column":19}},"74":{"start":{"line":155,"column":6},"end":{"line":155,"column":84}},"75":{"start":{"line":156,"column":6},"end":{"line":156,"column":35}},"76":{"start":{"line":157,"column":6},"end":{"line":157,"column":16}},"77":{"start":{"line":158,"column":6},"end":{"line":158,"column":35}},"78":{"start":{"line":159,"column":6},"end":{"line":159,"column":31}},"79":{"start":{"line":161,"column":6},"end":{"line":161,"column":45}},"80":{"start":{"line":165,"column":24},"end":{"line":176,"column":3}},"81":{"start":{"line":166,"column":16},"end":{"line":166,"column":26}},"82":{"start":{"line":167,"column":17},"end":{"line":167,"column":36}},"83":{"start":{"line":168,"column":19},"end":{"line":168,"column":29}},"84":{"start":{"line":169,"column":21},"end":{"line":169,"column":47}},"85":{"start":{"line":170,"column":22},"end":{"line":170,"column":50}},"86":{"start":{"line":172,"column":4},"end":{"line":172,"column":43}},"87":{"start":{"line":172,"column":22},"end":{"line":172,"column":43}},"88":{"start":{"line":173,"column":4},"end":{"line":173,"column":52}},"89":{"start":{"line":173,"column":23},"end":{"line":173,"column":52}},"90":{"start":{"line":174,"column":4},"end":{"line":174,"column":54}},"91":{"start":{"line":174,"column":24},"end":{"line":174,"column":54}},"92":{"start":{"line":175,"column":4},"end":{"line":175,"column":44}},"93":{"start":{"line":179,"column":2},"end":{"line":237,"column":3}},"94":{"start":{"line":180,"column":4},"end":{"line":236,"column":6}},"95":{"start":{"line":196,"column":16},"end":{"line":212,"column":22}},"96":{"start":{"line":206,"column":35},"end":{"line":206,"column":67}},"97":{"start":{"line":218,"column":31},"end":{"line":218,"column":58}},"98":{"start":{"line":225,"column":18},"end":{"line":225,"column":64}},"99":{"start":{"line":226,"column":18},"end":{"line":226,"column":46}},"100":{"start":{"line":240,"column":2},"end":{"line":283,"column":4}},"101":{"start":{"line":249,"column":29},"end":{"line":249,"column":55}},"102":{"start":{"line":268,"column":33},"end":{"line":268,"column":101}}},"fnMap":{"0":{"name":"AutosaveManager","decl":{"start":{"line":7,"column":24},"end":{"line":7,"column":39}},"loc":{"start":{"line":7,"column":42},"end":{"line":284,"column":1}},"line":7},"1":{"name":"(anonymous_1)","decl":{"start":{"line":15,"column":12},"end":{"line":15,"column":13}},"loc":{"start":{"line":15,"column":18},"end":{"line":60,"column":3}},"line":15},"2":{"name":"(anonymous_2)","decl":{"start":{"line":16,"column":25},"end":{"line":16,"column":26}},"loc":{"start":{"line":16,"column":31},"end":{"line":51,"column":5}},"line":16},"3":{"name":"(anonymous_3)","decl":{"start":{"line":59,"column":11},"end":{"line":59,"column":12}},"loc":{"start":{"line":59,"column":17},"end":{"line":59,"column":40}},"line":59},"4":{"name":"(anonymous_4)","decl":{"start":{"line":63,"column":12},"end":{"line":63,"column":13}},"loc":{"start":{"line":63,"column":18},"end":{"line":75,"column":3}},"line":63},"5":{"name":"(anonymous_5)","decl":{"start":{"line":78,"column":12},"end":{"line":78,"column":13}},"loc":{"start":{"line":78,"column":18},"end":{"line":100,"column":3}},"line":78},"6":{"name":"(anonymous_6)","decl":{"start":{"line":79,"column":29},"end":{"line":79,"column":30}},"loc":{"start":{"line":79,"column":35},"end":{"line":96,"column":5}},"line":79},"7":{"name":"(anonymous_7)","decl":{"start":{"line":102,"column":30},"end":{"line":102,"column":31}},"loc":{"start":{"line":102,"column":52},"end":{"line":130,"column":3}},"line":102},"8":{"name":"(anonymous_8)","decl":{"start":{"line":105,"column":47},"end":{"line":105,"column":48}},"loc":{"start":{"line":105,"column":52},"end":{"line":105,"column":71}},"line":105},"9":{"name":"(anonymous_9)","decl":{"start":{"line":116,"column":24},"end":{"line":116,"column":25}},"loc":{"start":{"line":116,"column":35},"end":{"line":116,"column":60}},"line":116},"10":{"name":"(anonymous_10)","decl":{"start":{"line":132,"column":25},"end":{"line":132,"column":26}},"loc":{"start":{"line":132,"column":41},"end":{"line":140,"column":3}},"line":132},"11":{"name":"(anonymous_11)","decl":{"start":{"line":134,"column":57},"end":{"line":134,"column":58}},"loc":{"start":{"line":134,"column":62},"end":{"line":134,"column":81}},"line":134},"12":{"name":"(anonymous_12)","decl":{"start":{"line":142,"column":26},"end":{"line":142,"column":27}},"loc":{"start":{"line":142,"column":32},"end":{"line":163,"column":3}},"line":142},"13":{"name":"(anonymous_13)","decl":{"start":{"line":165,"column":24},"end":{"line":165,"column":25}},"loc":{"start":{"line":165,"column":39},"end":{"line":176,"column":3}},"line":165},"14":{"name":"(anonymous_14)","decl":{"start":{"line":195,"column":50},"end":{"line":195,"column":51}},"loc":{"start":{"line":196,"column":16},"end":{"line":212,"column":22}},"line":196},"15":{"name":"(anonymous_15)","decl":{"start":{"line":206,"column":29},"end":{"line":206,"column":30}},"loc":{"start":{"line":206,"column":35},"end":{"line":206,"column":67}},"line":206},"16":{"name":"(anonymous_16)","decl":{"start":{"line":218,"column":25},"end":{"line":218,"column":26}},"loc":{"start":{"line":218,"column":31},"end":{"line":218,"column":58}},"line":218},"17":{"name":"(anonymous_17)","decl":{"start":{"line":224,"column":25},"end":{"line":224,"column":26}},"loc":{"start":{"line":224,"column":31},"end":{"line":227,"column":17}},"line":224},"18":{"name":"(anonymous_18)","decl":{"start":{"line":249,"column":23},"end":{"line":249,"column":24}},"loc":{"start":{"line":249,"column":29},"end":{"line":249,"column":55}},"line":249},"19":{"name":"(anonymous_19)","decl":{"start":{"line":268,"column":27},"end":{"line":268,"column":28}},"loc":{"start":{"line":268,"column":33},"end":{"line":268,"column":101}},"line":268}},"branchMap":{"0":{"loc":{"start":{"line":27,"column":22},"end":{"line":27,"column":64}},"type":"binary-expr","locations":[{"start":{"line":27,"column":22},"end":{"line":27,"column":46}},{"start":{"line":27,"column":50},"end":{"line":27,"column":64}}],"line":27},"1":{"loc":{"start":{"line":32,"column":45},"end":{"line":32,"column":101}},"type":"binary-expr","locations":[{"start":{"line":32,"column":45},"end":{"line":32,"column":93}},{"start":{"line":32,"column":97},"end":{"line":32,"column":101}}],"line":32},"2":{"loc":{"start":{"line":65,"column":35},"end":{"line":65,"column":91}},"type":"binary-expr","locations":[{"start":{"line":65,"column":35},"end":{"line":65,"column":83}},{"start":{"line":65,"column":87},"end":{"line":65,"column":91}}],"line":65},"3":{"loc":{"start":{"line":68,"column":38},"end":{"line":68,"column":91}},"type":"binary-expr","locations":[{"start":{"line":68,"column":38},"end":{"line":68,"column":81}},{"start":{"line":68,"column":85},"end":{"line":68,"column":91}}],"line":68},"4":{"loc":{"start":{"line":69,"column":6},"end":{"line":71,"column":7}},"type":"if","locations":[{"start":{"line":69,"column":6},"end":{"line":71,"column":7}},{"start":{},"end":{}}],"line":69},"5":{"loc":{"start":{"line":82,"column":37},"end":{"line":82,"column":93}},"type":"binary-expr","locations":[{"start":{"line":82,"column":37},"end":{"line":82,"column":85}},{"start":{"line":82,"column":89},"end":{"line":82,"column":93}}],"line":82},"6":{"loc":{"start":{"line":84,"column":8},"end":{"line":92,"column":9}},"type":"if","locations":[{"start":{"line":84,"column":8},"end":{"line":92,"column":9}},{"start":{},"end":{}}],"line":84},"7":{"loc":{"start":{"line":84,"column":12},"end":{"line":84,"column":50}},"type":"binary-expr","locations":[{"start":{"line":84,"column":12},"end":{"line":84,"column":26}},{"start":{"line":84,"column":30},"end":{"line":84,"column":50}}],"line":84},"8":{"loc":{"start":{"line":89,"column":10},"end":{"line":91,"column":11}},"type":"if","locations":[{"start":{"line":89,"column":10},"end":{"line":91,"column":11}},{"start":{},"end":{}}],"line":89},"9":{"loc":{"start":{"line":107,"column":6},"end":{"line":109,"column":7}},"type":"if","locations":[{"start":{"line":107,"column":6},"end":{"line":109,"column":7}},{"start":{},"end":{}}],"line":107},"10":{"loc":{"start":{"line":172,"column":4},"end":{"line":172,"column":43}},"type":"if","locations":[{"start":{"line":172,"column":4},"end":{"line":172,"column":43}},{"start":{},"end":{}}],"line":172},"11":{"loc":{"start":{"line":173,"column":4},"end":{"line":173,"column":52}},"type":"if","locations":[{"start":{"line":173,"column":4},"end":{"line":173,"column":52}},{"start":{},"end":{}}],"line":173},"12":{"loc":{"start":{"line":174,"column":4},"end":{"line":174,"column":54}},"type":"if","locations":[{"start":{"line":174,"column":4},"end":{"line":174,"column":54}},{"start":{},"end":{}}],"line":174},"13":{"loc":{"start":{"line":179,"column":2},"end":{"line":237,"column":3}},"type":"if","locations":[{"start":{"line":179,"column":2},"end":{"line":237,"column":3}},{"start":{},"end":{}}],"line":179},"14":{"loc":{"start":{"line":210,"column":21},"end":{"line":210,"column":66}},"type":"cond-expr","locations":[{"start":{"line":210,"column":36},"end":{"line":210,"column":45}},{"start":{"line":210,"column":48},"end":{"line":210,"column":66}}],"line":210},"15":{"loc":{"start":{"line":246,"column":23},"end":{"line":246,"column":80}},"type":"cond-expr","locations":[{"start":{"line":246,"column":34},"end":{"line":246,"column":57}},{"start":{"line":246,"column":60},"end":{"line":246,"column":80}}],"line":246},"16":{"loc":{"start":{"line":257,"column":11},"end":{"line":276,"column":11}},"type":"binary-expr","locations":[{"start":{"line":257,"column":11},"end":{"line":257,"column":28}},{"start":{"line":258,"column":12},"end":{"line":275,"column":18}}],"line":257},"17":{"loc":{"start":{"line":266,"column":15},"end":{"line":274,"column":15}},"type":"binary-expr","locations":[{"start":{"line":266,"column":15},"end":{"line":266,"column":44}},{"start":{"line":267,"column":16},"end":{"line":273,"column":25}}],"line":266},"18":{"loc":{"start":{"line":276,"column":21},"end":{"line":280,"column":9}},"type":"binary-expr","locations":[{"start":{"line":276,"column":21},"end":{"line":276,"column":50}},{"start":{"line":277,"column":10},"end":{"line":279,"column":16}}],"line":276}},"s":{"0":0,"1":0,"2":0,"3":0,"4":0,"5":0,"6":0,"7":0,"8":0,"9":0,"10":0,"11":0,"12":0,"13":0,"14":0,"15":0,"16":0,"17":0,"18":0,"19":0,"20":0,"21":0,"22":0,"23":0,"24":0,"25":0,"26":0,"27":0,"28":0,"29":0,"30":0,"31":0,"32":0,"33":0,"34":0,"35":0,"36":0,"37":0,"38":0,"39":0,"40":0,"41":0,"42":0,"43":0,"44":0,"45":0,"46":0,"47":0,"48":0,"49":0,"50":0,"51":0,"52":0,"53":0,"54":0,"55":0,"56":0,"57":0,"58":0,"59":0,"60":0,"61":0,"62":0,"63":0,"64":0,"65":0,"66":0,"67":0,"68":0,"69":0,"70":0,"71":0,"72":0,"73":0,"74":0,"75":0,"76":0,"77":0,"78":0,"79":0,"80":0,"81":0,"82":0,"83":0,"84":0,"85":0,"86":0,"87":0,"88":0,"89":0,"90":0,"91":0,"92":0,"93":0,"94":0,"95":0,"96":0,"97":0,"98":0,"99":0,"100":0,"101":0,"102":0},"f":{"0":0,"1":0,"2":0,"3":0,"4":0,"5":0,"6":0,"7":0,"8":0,"9":0,"10":0,"11":0,"12":0,"13":0,"14":0,"15":0,"16":0,"17":0,"18":0,"19":0},"b":{"0":[0,0],"1":[0,0],"2":[0,0],"3":[0,0],"4":[0,0],"5":[0,0],"6":[0,0],"7":[0,0],"8":[0,0],"9":[0,0],"10":[0,0],"11":[0,0],"12":[0,0],"13":[0,0],"14":[0,0],"15":[0,0],"16":[0,0],"17":[0,0],"18":[0,0]}}
,"/Users/vonwillert/Documents/GitHub/swaxi-dispo-v6/src/components/ConnectionStatus.jsx": {"path":"/Users/vonwillert/Documents/GitHub/swaxi-dispo-v6/src/components/ConnectionStatus.jsx","statementMap":{"0":{"start":{"line":5,"column":20},"end":{"line":5,"column":31}},"1":{"start":{"line":6,"column":32},"end":{"line":6,"column":47}},"2":{"start":{"line":8,"column":31},"end":{"line":19,"column":3}},"3":{"start":{"line":9,"column":4},"end":{"line":9,"column":21}},"4":{"start":{"line":10,"column":4},"end":{"line":18,"column":5}},"5":{"start":{"line":12,"column":23},"end":{"line":12,"column":28}},"6":{"start":{"line":13,"column":6},"end":{"line":13,"column":109}},"7":{"start":{"line":15,"column":6},"end":{"line":15,"column":54}},"8":{"start":{"line":17,"column":6},"end":{"line":17,"column":24}},"9":{"start":{"line":21,"column":24},"end":{"line":29,"column":3}},"10":{"start":{"line":22,"column":4},"end":{"line":28,"column":5}},"11":{"start":{"line":23,"column":6},"end":{"line":23,"column":18}},"12":{"start":{"line":24,"column":11},"end":{"line":28,"column":5}},"13":{"start":{"line":25,"column":6},"end":{"line":25,"column":18}},"14":{"start":{"line":27,"column":6},"end":{"line":27,"column":18}},"15":{"start":{"line":31,"column":24},"end":{"line":39,"column":3}},"16":{"start":{"line":32,"column":4},"end":{"line":38,"column":5}},"17":{"start":{"line":33,"column":6},"end":{"line":33,"column":36}},"18":{"start":{"line":34,"column":11},"end":{"line":38,"column":5}},"19":{"start":{"line":35,"column":6},"end":{"line":35,"column":44}},"20":{"start":{"line":37,"column":6},"end":{"line":37,"column":33}},"21":{"start":{"line":41,"column":2},"end":{"line":71,"column":4}}},"fnMap":{"0":{"name":"ConnectionStatus","decl":{"start":{"line":4,"column":24},"end":{"line":4,"column":40}},"loc":{"start":{"line":4,"column":43},"end":{"line":72,"column":1}},"line":4},"1":{"name":"(anonymous_1)","decl":{"start":{"line":8,"column":31},"end":{"line":8,"column":32}},"loc":{"start":{"line":8,"column":43},"end":{"line":19,"column":3}},"line":8},"2":{"name":"(anonymous_2)","decl":{"start":{"line":21,"column":24},"end":{"line":21,"column":25}},"loc":{"start":{"line":21,"column":30},"end":{"line":29,"column":3}},"line":21},"3":{"name":"(anonymous_3)","decl":{"start":{"line":31,"column":24},"end":{"line":31,"column":25}},"loc":{"start":{"line":31,"column":30},"end":{"line":39,"column":3}},"line":31}},"branchMap":{"0":{"loc":{"start":{"line":13,"column":45},"end":{"line":13,"column":107}},"type":"cond-expr","locations":[{"start":{"line":13,"column":56},"end":{"line":13,"column":78}},{"start":{"line":13,"column":81},"end":{"line":13,"column":107}}],"line":13},"1":{"loc":{"start":{"line":22,"column":4},"end":{"line":28,"column":5}},"type":"if","locations":[{"start":{"line":22,"column":4},"end":{"line":28,"column":5}},{"start":{"line":24,"column":11},"end":{"line":28,"column":5}}],"line":22},"2":{"loc":{"start":{"line":22,"column":8},"end":{"line":22,"column":59}},"type":"binary-expr","locations":[{"start":{"line":22,"column":8},"end":{"line":22,"column":41}},{"start":{"line":22,"column":45},"end":{"line":22,"column":59}}],"line":22},"3":{"loc":{"start":{"line":24,"column":11},"end":{"line":28,"column":5}},"type":"if","locations":[{"start":{"line":24,"column":11},"end":{"line":28,"column":5}},{"start":{"line":26,"column":11},"end":{"line":28,"column":5}}],"line":24},"4":{"loc":{"start":{"line":32,"column":4},"end":{"line":38,"column":5}},"type":"if","locations":[{"start":{"line":32,"column":4},"end":{"line":38,"column":5}},{"start":{"line":34,"column":11},"end":{"line":38,"column":5}}],"line":32},"5":{"loc":{"start":{"line":32,"column":8},"end":{"line":32,"column":59}},"type":"binary-expr","locations":[{"start":{"line":32,"column":8},"end":{"line":32,"column":41}},{"start":{"line":32,"column":45},"end":{"line":32,"column":59}}],"line":32},"6":{"loc":{"start":{"line":34,"column":11},"end":{"line":38,"column":5}},"type":"if","locations":[{"start":{"line":34,"column":11},"end":{"line":38,"column":5}},{"start":{"line":36,"column":11},"end":{"line":38,"column":5}}],"line":34},"7":{"loc":{"start":{"line":50,"column":7},"end":{"line":54,"column":7}},"type":"binary-expr","locations":[{"start":{"line":50,"column":7},"end":{"line":50,"column":21}},{"start":{"line":51,"column":8},"end":{"line":53,"column":15}}],"line":50},"8":{"loc":{"start":{"line":61,"column":9},"end":{"line":61,"column":62}},"type":"cond-expr","locations":[{"start":{"line":61,"column":19},"end":{"line":61,"column":37}},{"start":{"line":61,"column":40},"end":{"line":61,"column":62}}],"line":61},"9":{"loc":{"start":{"line":65,"column":7},"end":{"line":69,"column":7}},"type":"binary-expr","locations":[{"start":{"line":65,"column":7},"end":{"line":65,"column":42}},{"start":{"line":66,"column":8},"end":{"line":68,"column":14}}],"line":65}},"s":{"0":0,"1":0,"2":0,"3":0,"4":0,"5":0,"6":0,"7":0,"8":0,"9":0,"10":0,"11":0,"12":0,"13":0,"14":0,"15":0,"16":0,"17":0,"18":0,"19":0,"20":0,"21":0},"f":{"0":0,"1":0,"2":0,"3":0},"b":{"0":[0,0],"1":[0,0],"2":[0,0],"3":[0,0],"4":[0,0],"5":[0,0],"6":[0,0],"7":[0,0],"8":[0,0],"9":[0,0]}}
,"/Users/vonwillert/Documents/GitHub/swaxi-dispo-v6/src/components/LiveVersionBanner.jsx": {"path":"/Users/vonwillert/Documents/GitHub/swaxi-dispo-v6/src/components/LiveVersionBanner.jsx","statementMap":{"0":{"start":{"line":5,"column":20},"end":{"line":5,"column":31}},"1":{"start":{"line":6,"column":36},"end":{"line":6,"column":50}},"2":{"start":{"line":7,"column":36},"end":{"line":7,"column":50}},"3":{"start":{"line":9,"column":2},"end":{"line":22,"column":25}},"4":{"start":{"line":11,"column":22},"end":{"line":11,"column":56}},"5":{"start":{"line":12,"column":20},"end":{"line":12,"column":27}},"6":{"start":{"line":13,"column":24},"end":{"line":13,"column":75}},"7":{"start":{"line":15,"column":4},"end":{"line":21,"column":7}},"8":{"start":{"line":24,"column":24},"end":{"line":28,"column":3}},"9":{"start":{"line":25,"column":4},"end":{"line":25,"column":24}},"10":{"start":{"line":27,"column":4},"end":{"line":27,"column":54}},"11":{"start":{"line":31,"column":2},"end":{"line":36,"column":9}},"12":{"start":{"line":32,"column":25},"end":{"line":32,"column":66}},"13":{"start":{"line":33,"column":4},"end":{"line":35,"column":5}},"14":{"start":{"line":34,"column":6},"end":{"line":34,"column":26}},"15":{"start":{"line":38,"column":2},"end":{"line":38,"column":44}},"16":{"start":{"line":38,"column":32},"end":{"line":38,"column":44}},"17":{"start":{"line":40,"column":28},"end":{"line":49,"column":3}},"18":{"start":{"line":41,"column":4},"end":{"line":48,"column":5}},"19":{"start":{"line":43,"column":8},"end":{"line":43,"column":20}},"20":{"start":{"line":45,"column":8},"end":{"line":45,"column":20}},"21":{"start":{"line":47,"column":8},"end":{"line":47,"column":20}},"22":{"start":{"line":51,"column":30},"end":{"line":64,"column":3}},"23":{"start":{"line":52,"column":4},"end":{"line":58,"column":5}},"24":{"start":{"line":53,"column":6},"end":{"line":57,"column":8}},"25":{"start":{"line":59,"column":4},"end":{"line":63,"column":6}},"26":{"start":{"line":66,"column":2},"end":{"line":115,"column":4}}},"fnMap":{"0":{"name":"LiveVersionBanner","decl":{"start":{"line":4,"column":24},"end":{"line":4,"column":41}},"loc":{"start":{"line":4,"column":44},"end":{"line":116,"column":1}},"line":4},"1":{"name":"(anonymous_1)","decl":{"start":{"line":9,"column":12},"end":{"line":9,"column":13}},"loc":{"start":{"line":9,"column":18},"end":{"line":22,"column":3}},"line":9},"2":{"name":"(anonymous_2)","decl":{"start":{"line":24,"column":24},"end":{"line":24,"column":25}},"loc":{"start":{"line":24,"column":30},"end":{"line":28,"column":3}},"line":24},"3":{"name":"(anonymous_3)","decl":{"start":{"line":31,"column":12},"end":{"line":31,"column":13}},"loc":{"start":{"line":31,"column":18},"end":{"line":36,"column":3}},"line":31},"4":{"name":"(anonymous_4)","decl":{"start":{"line":40,"column":28},"end":{"line":40,"column":29}},"loc":{"start":{"line":40,"column":34},"end":{"line":49,"column":3}},"line":40},"5":{"name":"(anonymous_5)","decl":{"start":{"line":51,"column":30},"end":{"line":51,"column":31}},"loc":{"start":{"line":51,"column":36},"end":{"line":64,"column":3}},"line":51}},"branchMap":{"0":{"loc":{"start":{"line":13,"column":24},"end":{"line":13,"column":75}},"type":"cond-expr","locations":[{"start":{"line":13,"column":47},"end":{"line":13,"column":59}},{"start":{"line":13,"column":62},"end":{"line":13,"column":75}}],"line":13},"1":{"loc":{"start":{"line":20,"column":18},"end":{"line":20,"column":60}},"type":"binary-expr","locations":[{"start":{"line":20,"column":18},"end":{"line":20,"column":42}},{"start":{"line":20,"column":46},"end":{"line":20,"column":60}}],"line":20},"2":{"loc":{"start":{"line":33,"column":4},"end":{"line":35,"column":5}},"type":"if","locations":[{"start":{"line":33,"column":4},"end":{"line":35,"column":5}},{"start":{},"end":{}}],"line":33},"3":{"loc":{"start":{"line":38,"column":2},"end":{"line":38,"column":44}},"type":"if","locations":[{"start":{"line":38,"column":2},"end":{"line":38,"column":44}},{"start":{},"end":{}}],"line":38},"4":{"loc":{"start":{"line":38,"column":6},"end":{"line":38,"column":30}},"type":"binary-expr","locations":[{"start":{"line":38,"column":6},"end":{"line":38,"column":16}},{"start":{"line":38,"column":20},"end":{"line":38,"column":30}}],"line":38},"5":{"loc":{"start":{"line":41,"column":4},"end":{"line":48,"column":5}},"type":"switch","locations":[{"start":{"line":42,"column":6},"end":{"line":43,"column":20}},{"start":{"line":44,"column":6},"end":{"line":45,"column":20}},{"start":{"line":46,"column":6},"end":{"line":47,"column":20}}],"line":41},"6":{"loc":{"start":{"line":52,"column":4},"end":{"line":58,"column":5}},"type":"if","locations":[{"start":{"line":52,"column":4},"end":{"line":58,"column":5}},{"start":{},"end":{}}],"line":52},"7":{"loc":{"start":{"line":79,"column":13},"end":{"line":79,"column":80}},"type":"cond-expr","locations":[{"start":{"line":79,"column":53},"end":{"line":79,"column":65}},{"start":{"line":79,"column":68},"end":{"line":79,"column":80}}],"line":79},"8":{"loc":{"start":{"line":86,"column":11},"end":{"line":90,"column":11}},"type":"binary-expr","locations":[{"start":{"line":86,"column":11},"end":{"line":86,"column":38}},{"start":{"line":87,"column":12},"end":{"line":89,"column":19}}],"line":86},"9":{"loc":{"start":{"line":93,"column":9},"end":{"line":98,"column":9}},"type":"binary-expr","locations":[{"start":{"line":93,"column":9},"end":{"line":93,"column":47}},{"start":{"line":93,"column":51},"end":{"line":93,"column":90}},{"start":{"line":94,"column":10},"end":{"line":97,"column":16}}],"line":93}},"s":{"0":0,"1":0,"2":0,"3":0,"4":0,"5":0,"6":0,"7":0,"8":0,"9":0,"10":0,"11":0,"12":0,"13":0,"14":0,"15":0,"16":0,"17":0,"18":0,"19":0,"20":0,"21":0,"22":0,"23":0,"24":0,"25":0,"26":0},"f":{"0":0,"1":0,"2":0,"3":0,"4":0,"5":0},"b":{"0":[0,0],"1":[0,0],"2":[0,0],"3":[0,0],"4":[0,0],"5":[0,0,0],"6":[0,0],"7":[0,0],"8":[0,0],"9":[0,0,0]}}
,"/Users/vonwillert/Documents/GitHub/swaxi-dispo-v6/src/components/Login.jsx": {"path":"/Users/vonwillert/Documents/GitHub/swaxi-dispo-v6/src/components/Login.jsx","statementMap":{"0":{"start":{"line":4,"column":45},"end":{"line":4,"column":54}},"1":{"start":{"line":6,"column":2},"end":{"line":15,"column":3}},"2":{"start":{"line":7,"column":4},"end":{"line":14,"column":5}},"3":{"start":{"line":17,"column":2},"end":{"line":32,"column":3}},"4":{"start":{"line":22,"column":10},"end":{"line":28,"column":19}},"5":{"start":{"line":24,"column":27},"end":{"line":24,"column":38}}},"fnMap":{"0":{"name":"Login","decl":{"start":{"line":3,"column":9},"end":{"line":3,"column":14}},"loc":{"start":{"line":3,"column":17},"end":{"line":33,"column":1}},"line":3},"1":{"name":"(anonymous_1)","decl":{"start":{"line":21,"column":36},"end":{"line":21,"column":37}},"loc":{"start":{"line":22,"column":10},"end":{"line":28,"column":19}},"line":22},"2":{"name":"(anonymous_2)","decl":{"start":{"line":24,"column":21},"end":{"line":24,"column":22}},"loc":{"start":{"line":24,"column":27},"end":{"line":24,"column":38}},"line":24}},"branchMap":{"0":{"loc":{"start":{"line":6,"column":2},"end":{"line":15,"column":3}},"type":"if","locations":[{"start":{"line":6,"column":2},"end":{"line":15,"column":3}},{"start":{},"end":{}}],"line":6}},"s":{"0":0,"1":0,"2":0,"3":0,"4":0,"5":0},"f":{"0":0,"1":0,"2":0},"b":{"0":[0,0]}}
,"/Users/vonwillert/Documents/GitHub/swaxi-dispo-v6/src/components/MiniAnalytics.jsx": {"path":"/Users/vonwillert/Documents/GitHub/swaxi-dispo-v6/src/components/MiniAnalytics.jsx","statementMap":{"0":{"start":{"line":5,"column":20},"end":{"line":5,"column":31}},"1":{"start":{"line":7,"column":16},"end":{"line":32,"column":3}},"2":{"start":{"line":10,"column":38},"end":{"line":10,"column":68}},"3":{"start":{"line":16,"column":38},"end":{"line":16,"column":72}},"4":{"start":{"line":22,"column":38},"end":{"line":22,"column":73}},"5":{"start":{"line":28,"column":38},"end":{"line":28,"column":61}},"6":{"start":{"line":34,"column":2},"end":{"line":53,"column":3}},"7":{"start":{"line":37,"column":8},"end":{"line":50,"column":14}}},"fnMap":{"0":{"name":"MiniAnalytics","decl":{"start":{"line":4,"column":24},"end":{"line":4,"column":37}},"loc":{"start":{"line":4,"column":40},"end":{"line":54,"column":1}},"line":4},"1":{"name":"(anonymous_1)","decl":{"start":{"line":10,"column":33},"end":{"line":10,"column":34}},"loc":{"start":{"line":10,"column":38},"end":{"line":10,"column":68}},"line":10},"2":{"name":"(anonymous_2)","decl":{"start":{"line":16,"column":33},"end":{"line":16,"column":34}},"loc":{"start":{"line":16,"column":38},"end":{"line":16,"column":72}},"line":16},"3":{"name":"(anonymous_3)","decl":{"start":{"line":22,"column":33},"end":{"line":22,"column":34}},"loc":{"start":{"line":22,"column":38},"end":{"line":22,"column":73}},"line":22},"4":{"name":"(anonymous_4)","decl":{"start":{"line":28,"column":33},"end":{"line":28,"column":34}},"loc":{"start":{"line":28,"column":38},"end":{"line":28,"column":61}},"line":28},"5":{"name":"(anonymous_5)","decl":{"start":{"line":36,"column":17},"end":{"line":36,"column":18}},"loc":{"start":{"line":37,"column":8},"end":{"line":50,"column":14}},"line":37}},"branchMap":{},"s":{"0":0,"1":0,"2":0,"3":0,"4":0,"5":0,"6":0,"7":0},"f":{"0":0,"1":0,"2":0,"3":0,"4":0,"5":0},"b":{}}
,"/Users/vonwillert/Documents/GitHub/swaxi-dispo-v6/src/components/Navigation.jsx": {"path":"/Users/vonwillert/Documents/GitHub/swaxi-dispo-v6/src/components/Navigation.jsx","statementMap":{"0":{"start":{"line":3,"column":20},"end":{"line":3,"column":27}},"1":{"start":{"line":8,"column":2},"end":{"line":8,"column":42}},"2":{"start":{"line":12,"column":15},"end":{"line":12,"column":38}},"3":{"start":{"line":13,"column":15},"end":{"line":13,"column":31}},"4":{"start":{"line":14,"column":18},"end":{"line":14,"column":54}},"5":{"start":{"line":15,"column":21},"end":{"line":21,"column":19}},"6":{"start":{"line":23,"column":2},"end":{"line":71,"column":3}},"7":{"start":{"line":33,"column":16},"end":{"line":47,"column":26}},"8":{"start":{"line":38,"column":20},"end":{"line":43,"column":21}},"9":{"start":{"line":53,"column":20},"end":{"line":56,"column":21}}},"fnMap":{"0":{"name":"classNames","decl":{"start":{"line":7,"column":9},"end":{"line":7,"column":19}},"loc":{"start":{"line":7,"column":32},"end":{"line":9,"column":1}},"line":7},"1":{"name":"Navigation","decl":{"start":{"line":11,"column":24},"end":{"line":11,"column":34}},"loc":{"start":{"line":11,"column":37},"end":{"line":72,"column":1}},"line":11},"2":{"name":"(anonymous_2)","decl":{"start":{"line":32,"column":30},"end":{"line":32,"column":31}},"loc":{"start":{"line":33,"column":16},"end":{"line":47,"column":26}},"line":33},"3":{"name":"(anonymous_3)","decl":{"start":{"line":37,"column":29},"end":{"line":37,"column":30}},"loc":{"start":{"line":38,"column":20},"end":{"line":43,"column":21}},"line":38},"4":{"name":"(anonymous_4)","decl":{"start":{"line":52,"column":29},"end":{"line":52,"column":30}},"loc":{"start":{"line":53,"column":20},"end":{"line":56,"column":21}},"line":53}},"branchMap":{"0":{"loc":{"start":{"line":14,"column":18},"end":{"line":14,"column":54}},"type":"binary-expr","locations":[{"start":{"line":14,"column":18},"end":{"line":14,"column":34}},{"start":{"line":14,"column":38},"end":{"line":14,"column":54}}],"line":14},"1":{"loc":{"start":{"line":18,"column":4},"end":{"line":18,"column":53}},"type":"binary-expr","locations":[{"start":{"line":18,"column":4},"end":{"line":18,"column":11}},{"start":{"line":18,"column":15},"end":{"line":18,"column":53}}],"line":18},"2":{"loc":{"start":{"line":19,"column":4},"end":{"line":19,"column":48}},"type":"binary-expr","locations":[{"start":{"line":19,"column":4},"end":{"line":19,"column":11}},{"start":{"line":19,"column":15},"end":{"line":19,"column":48}}],"line":19},"3":{"loc":{"start":{"line":39,"column":22},"end":{"line":41,"column":99}},"type":"cond-expr","locations":[{"start":{"line":40,"column":26},"end":{"line":40,"column":58}},{"start":{"line":41,"column":26},"end":{"line":41,"column":99}}],"line":39},"4":{"loc":{"start":{"line":49,"column":15},"end":{"line":59,"column":15}},"type":"binary-expr","locations":[{"start":{"line":49,"column":15},"end":{"line":49,"column":26}},{"start":{"line":50,"column":16},"end":{"line":58,"column":32}}],"line":49},"5":{"loc":{"start":{"line":54,"column":22},"end":{"line":54,"column":141}},"type":"cond-expr","locations":[{"start":{"line":54,"column":33},"end":{"line":54,"column":65}},{"start":{"line":54,"column":68},"end":{"line":54,"column":141}}],"line":54},"6":{"loc":{"start":{"line":60,"column":15},"end":{"line":65,"column":15}},"type":"binary-expr","locations":[{"start":{"line":60,"column":15},"end":{"line":60,"column":25}},{"start":{"line":61,"column":16},"end":{"line":64,"column":51}}],"line":60}},"s":{"0":0,"1":0,"2":0,"3":0,"4":0,"5":0,"6":0,"7":0,"8":0,"9":0},"f":{"0":0,"1":0,"2":0,"3":0,"4":0},"b":{"0":[0,0],"1":[0,0],"2":[0,0],"3":[0,0],"4":[0,0],"5":[0,0],"6":[0,0]}}
,"/Users/vonwillert/Documents/GitHub/swaxi-dispo-v6/src/components/NotificationMenu.jsx": {"path":"/Users/vonwillert/Documents/GitHub/swaxi-dispo-v6/src/components/NotificationMenu.jsx","statementMap":{"0":{"start":{"line":5,"column":14},"end":{"line":5,"column":42}},"1":{"start":{"line":9,"column":68},"end":{"line":9,"column":79}},"2":{"start":{"line":11,"column":2},"end":{"line":68,"column":3}},"3":{"start":{"line":37,"column":12},"end":{"line":58,"column":24}},"4":{"start":{"line":39,"column":16},"end":{"line":56,"column":22}},"5":{"start":{"line":48,"column":45},"end":{"line":48,"column":82}}},"fnMap":{"0":{"name":"NotificationMenu","decl":{"start":{"line":8,"column":24},"end":{"line":8,"column":40}},"loc":{"start":{"line":8,"column":43},"end":{"line":69,"column":1}},"line":8},"1":{"name":"(anonymous_1)","decl":{"start":{"line":36,"column":58},"end":{"line":36,"column":59}},"loc":{"start":{"line":37,"column":12},"end":{"line":58,"column":24}},"line":37},"2":{"name":"(anonymous_2)","decl":{"start":{"line":38,"column":15},"end":{"line":38,"column":16}},"loc":{"start":{"line":39,"column":16},"end":{"line":56,"column":22}},"line":39},"3":{"name":"(anonymous_3)","decl":{"start":{"line":48,"column":39},"end":{"line":48,"column":40}},"loc":{"start":{"line":48,"column":45},"end":{"line":48,"column":82}},"line":48}},"branchMap":{"0":{"loc":{"start":{"line":16,"column":9},"end":{"line":18,"column":9}},"type":"binary-expr","locations":[{"start":{"line":16,"column":9},"end":{"line":16,"column":28}},{"start":{"line":16,"column":32},"end":{"line":16,"column":62}},{"start":{"line":17,"column":10},"end":{"line":17,"column":109}}],"line":16},"1":{"loc":{"start":{"line":31,"column":11},"end":{"line":35,"column":11}},"type":"binary-expr","locations":[{"start":{"line":31,"column":11},"end":{"line":31,"column":42}},{"start":{"line":32,"column":12},"end":{"line":34,"column":18}}],"line":31},"2":{"loc":{"start":{"line":36,"column":11},"end":{"line":59,"column":12}},"type":"binary-expr","locations":[{"start":{"line":36,"column":11},"end":{"line":36,"column":30}},{"start":{"line":36,"column":34},"end":{"line":59,"column":12}}],"line":36},"3":{"loc":{"start":{"line":41,"column":22},"end":{"line":41,"column":49}},"type":"cond-expr","locations":[{"start":{"line":41,"column":31},"end":{"line":41,"column":44}},{"start":{"line":41,"column":47},"end":{"line":41,"column":49}}],"line":41},"4":{"loc":{"start":{"line":47,"column":21},"end":{"line":49,"column":21}},"type":"binary-expr","locations":[{"start":{"line":47,"column":21},"end":{"line":47,"column":41}},{"start":{"line":48,"column":22},"end":{"line":48,"column":155}}],"line":47},"5":{"loc":{"start":{"line":54,"column":21},"end":{"line":54,"column":111}},"type":"binary-expr","locations":[{"start":{"line":54,"column":21},"end":{"line":54,"column":41}},{"start":{"line":54,"column":45},"end":{"line":54,"column":111}}],"line":54},"6":{"loc":{"start":{"line":60,"column":11},"end":{"line":64,"column":11}},"type":"binary-expr","locations":[{"start":{"line":60,"column":12},"end":{"line":60,"column":32}},{"start":{"line":60,"column":36},"end":{"line":60,"column":68}},{"start":{"line":61,"column":12},"end":{"line":63,"column":18}}],"line":60}},"s":{"0":1,"1":6,"2":6,"3":6,"4":6,"5":1},"f":{"0":6,"1":6,"2":6,"3":1},"b":{"0":[6,6,4],"1":[6,4],"2":[6,6],"3":[0,6],"4":[6,3],"5":[6,3],"6":[6,6,2]},"_coverageSchema":"1a1c01bbd47fc00a2c39e90264f33305004495a9","hash":"13d18271e29dd10836eaaa2cd4a47b5f95df000a"}
,"/Users/vonwillert/Documents/GitHub/swaxi-dispo-v6/src/components/RoleManagement.jsx": {"path":"/Users/vonwillert/Documents/GitHub/swaxi-dispo-v6/src/components/RoleManagement.jsx","statementMap":{"0":{"start":{"line":5,"column":25},"end":{"line":10,"column":1}},"1":{"start":{"line":13,"column":40},"end":{"line":13,"column":54}},"2":{"start":{"line":15,"column":27},"end":{"line":18,"column":3}},"3":{"start":{"line":16,"column":4},"end":{"line":16,"column":34}},"4":{"start":{"line":17,"column":4},"end":{"line":17,"column":25}},"5":{"start":{"line":20,"column":28},"end":{"line":33,"column":3}},"6":{"start":{"line":21,"column":4},"end":{"line":32,"column":5}},"7":{"start":{"line":23,"column":8},"end":{"line":23,"column":47}},"8":{"start":{"line":25,"column":8},"end":{"line":25,"column":43}},"9":{"start":{"line":27,"column":8},"end":{"line":27,"column":45}},"10":{"start":{"line":29,"column":8},"end":{"line":29,"column":43}},"11":{"start":{"line":31,"column":8},"end":{"line":31,"column":43}},"12":{"start":{"line":35,"column":2},"end":{"line":83,"column":4}},"13":{"start":{"line":39,"column":10},"end":{"line":79,"column":15}},"14":{"start":{"line":49,"column":39},"end":{"line":49,"column":80}},"15":{"start":{"line":53,"column":24},"end":{"line":55,"column":33}},"16":{"start":{"line":65,"column":41},"end":{"line":65,"column":64}}},"fnMap":{"0":{"name":"RoleManagement","decl":{"start":{"line":12,"column":24},"end":{"line":12,"column":38}},"loc":{"start":{"line":12,"column":64},"end":{"line":84,"column":1}},"line":12},"1":{"name":"(anonymous_1)","decl":{"start":{"line":15,"column":27},"end":{"line":15,"column":28}},"loc":{"start":{"line":15,"column":48},"end":{"line":18,"column":3}},"line":15},"2":{"name":"(anonymous_2)","decl":{"start":{"line":20,"column":28},"end":{"line":20,"column":29}},"loc":{"start":{"line":20,"column":38},"end":{"line":33,"column":3}},"line":20},"3":{"name":"(anonymous_3)","decl":{"start":{"line":38,"column":19},"end":{"line":38,"column":20}},"loc":{"start":{"line":39,"column":10},"end":{"line":79,"column":15}},"line":39},"4":{"name":"(anonymous_4)","decl":{"start":{"line":49,"column":32},"end":{"line":49,"column":33}},"loc":{"start":{"line":49,"column":39},"end":{"line":49,"column":80}},"line":49},"5":{"name":"(anonymous_5)","decl":{"start":{"line":52,"column":48},"end":{"line":52,"column":49}},"loc":{"start":{"line":53,"column":24},"end":{"line":55,"column":33}},"line":53},"6":{"name":"(anonymous_6)","decl":{"start":{"line":65,"column":35},"end":{"line":65,"column":36}},"loc":{"start":{"line":65,"column":41},"end":{"line":65,"column":64}},"line":65}},"branchMap":{"0":{"loc":{"start":{"line":21,"column":4},"end":{"line":32,"column":5}},"type":"switch","locations":[{"start":{"line":22,"column":6},"end":{"line":23,"column":47}},{"start":{"line":24,"column":6},"end":{"line":25,"column":43}},{"start":{"line":26,"column":6},"end":{"line":27,"column":45}},{"start":{"line":28,"column":6},"end":{"line":29,"column":43}},{"start":{"line":30,"column":6},"end":{"line":31,"column":43}}],"line":21},"1":{"loc":{"start":{"line":46,"column":19},"end":{"line":72,"column":19}},"type":"cond-expr","locations":[{"start":{"line":47,"column":20},"end":{"line":57,"column":29}},{"start":{"line":59,"column":20},"end":{"line":71,"column":23}}],"line":46},"2":{"loc":{"start":{"line":63,"column":23},"end":{"line":70,"column":23}},"type":"binary-expr","locations":[{"start":{"line":63,"column":23},"end":{"line":63,"column":49}},{"start":{"line":64,"column":24},"end":{"line":69,"column":33}}],"line":63}},"s":{"0":0,"1":0,"2":0,"3":0,"4":0,"5":0,"6":0,"7":0,"8":0,"9":0,"10":0,"11":0,"12":0,"13":0,"14":0,"15":0,"16":0},"f":{"0":0,"1":0,"2":0,"3":0,"4":0,"5":0,"6":0},"b":{"0":[0,0,0,0,0],"1":[0,0],"2":[0,0]}}
,"/Users/vonwillert/Documents/GitHub/swaxi-dispo-v6/src/components/SeriesApplicationModal.jsx": {"path":"/Users/vonwillert/Documents/GitHub/swaxi-dispo-v6/src/components/SeriesApplicationModal.jsx","statementMap":{"0":{"start":{"line":6,"column":28},"end":{"line":6,"column":39}},"1":{"start":{"line":7,"column":46},"end":{"line":7,"column":58}},"2":{"start":{"line":8,"column":19},"end":{"line":8,"column":43}},"3":{"start":{"line":10,"column":26},"end":{"line":10,"column":84}},"4":{"start":{"line":10,"column":49},"end":{"line":10,"column":83}},"5":{"start":{"line":12,"column":28},"end":{"line":18,"column":3}},"6":{"start":{"line":13,"column":4},"end":{"line":17,"column":6}},"7":{"start":{"line":14,"column":6},"end":{"line":16,"column":28}},"8":{"start":{"line":15,"column":28},"end":{"line":15,"column":42}},"9":{"start":{"line":20,"column":23},"end":{"line":26,"column":3}},"10":{"start":{"line":21,"column":4},"end":{"line":25,"column":5}},"11":{"start":{"line":22,"column":6},"end":{"line":22,"column":44}},"12":{"start":{"line":23,"column":6},"end":{"line":23,"column":16}},"13":{"start":{"line":24,"column":6},"end":{"line":24,"column":28}},"14":{"start":{"line":28,"column":28},"end":{"line":33,"column":3}},"15":{"start":{"line":29,"column":27},"end":{"line":31,"column":29}},"16":{"start":{"line":30,"column":23},"end":{"line":30,"column":42}},"17":{"start":{"line":31,"column":20},"end":{"line":31,"column":28}},"18":{"start":{"line":32,"column":4},"end":{"line":32,"column":74}},"19":{"start":{"line":32,"column":30},"end":{"line":32,"column":72}},"20":{"start":{"line":35,"column":28},"end":{"line":44,"column":3}},"21":{"start":{"line":36,"column":26},"end":{"line":42,"column":29}},"22":{"start":{"line":38,"column":21},"end":{"line":38,"column":41}},"23":{"start":{"line":39,"column":20},"end":{"line":39,"column":33}},"24":{"start":{"line":40,"column":8},"end":{"line":40,"column":36}},"25":{"start":{"line":42,"column":20},"end":{"line":42,"column":28}},"26":{"start":{"line":43,"column":4},"end":{"line":43,"column":73}},"27":{"start":{"line":43,"column":30},"end":{"line":43,"column":71}},"28":{"start":{"line":46,"column":28},"end":{"line":55,"column":3}},"29":{"start":{"line":47,"column":26},"end":{"line":53,"column":29}},"30":{"start":{"line":49,"column":21},"end":{"line":49,"column":41}},"31":{"start":{"line":50,"column":20},"end":{"line":50,"column":33}},"32":{"start":{"line":51,"column":8},"end":{"line":51,"column":51}},"33":{"start":{"line":53,"column":20},"end":{"line":53,"column":28}},"34":{"start":{"line":54,"column":4},"end":{"line":54,"column":73}},"35":{"start":{"line":54,"column":30},"end":{"line":54,"column":71}},"36":{"start":{"line":57,"column":2},"end":{"line":57,"column":27}},"37":{"start":{"line":57,"column":15},"end":{"line":57,"column":27}},"38":{"start":{"line":59,"column":2},"end":{"line":173,"column":4}},"39":{"start":{"line":83,"column":31},"end":{"line":83,"column":59}},"40":{"start":{"line":89,"column":31},"end":{"line":89,"column":57}},"41":{"start":{"line":95,"column":31},"end":{"line":95,"column":57}},"42":{"start":{"line":121,"column":18},"end":{"line":144,"column":23}},"43":{"start":{"line":126,"column":40},"end":{"line":126,"column":67}}},"fnMap":{"0":{"name":"SeriesApplicationModal","decl":{"start":{"line":5,"column":24},"end":{"line":5,"column":46}},"loc":{"start":{"line":5,"column":81},"end":{"line":174,"column":1}},"line":5},"1":{"name":"(anonymous_1)","decl":{"start":{"line":10,"column":40},"end":{"line":10,"column":41}},"loc":{"start":{"line":10,"column":49},"end":{"line":10,"column":83}},"line":10},"2":{"name":"(anonymous_2)","decl":{"start":{"line":12,"column":28},"end":{"line":12,"column":29}},"loc":{"start":{"line":12,"column":41},"end":{"line":18,"column":3}},"line":12},"3":{"name":"(anonymous_3)","decl":{"start":{"line":13,"column":22},"end":{"line":13,"column":23}},"loc":{"start":{"line":14,"column":6},"end":{"line":16,"column":28}},"line":14},"4":{"name":"(anonymous_4)","decl":{"start":{"line":15,"column":22},"end":{"line":15,"column":23}},"loc":{"start":{"line":15,"column":28},"end":{"line":15,"column":42}},"line":15},"5":{"name":"(anonymous_5)","decl":{"start":{"line":20,"column":23},"end":{"line":20,"column":24}},"loc":{"start":{"line":20,"column":29},"end":{"line":26,"column":3}},"line":20},"6":{"name":"(anonymous_6)","decl":{"start":{"line":28,"column":28},"end":{"line":28,"column":29}},"loc":{"start":{"line":28,"column":38},"end":{"line":33,"column":3}},"line":28},"7":{"name":"(anonymous_7)","decl":{"start":{"line":30,"column":14},"end":{"line":30,"column":15}},"loc":{"start":{"line":30,"column":23},"end":{"line":30,"column":42}},"line":30},"8":{"name":"(anonymous_8)","decl":{"start":{"line":31,"column":11},"end":{"line":31,"column":12}},"loc":{"start":{"line":31,"column":20},"end":{"line":31,"column":28}},"line":31},"9":{"name":"(anonymous_9)","decl":{"start":{"line":32,"column":22},"end":{"line":32,"column":23}},"loc":{"start":{"line":32,"column":30},"end":{"line":32,"column":72}},"line":32},"10":{"name":"(anonymous_10)","decl":{"start":{"line":35,"column":28},"end":{"line":35,"column":29}},"loc":{"start":{"line":35,"column":34},"end":{"line":44,"column":3}},"line":35},"11":{"name":"(anonymous_11)","decl":{"start":{"line":37,"column":14},"end":{"line":37,"column":15}},"loc":{"start":{"line":37,"column":23},"end":{"line":41,"column":7}},"line":37},"12":{"name":"(anonymous_12)","decl":{"start":{"line":42,"column":11},"end":{"line":42,"column":12}},"loc":{"start":{"line":42,"column":20},"end":{"line":42,"column":28}},"line":42},"13":{"name":"(anonymous_13)","decl":{"start":{"line":43,"column":22},"end":{"line":43,"column":23}},"loc":{"start":{"line":43,"column":30},"end":{"line":43,"column":71}},"line":43},"14":{"name":"(anonymous_14)","decl":{"start":{"line":46,"column":28},"end":{"line":46,"column":29}},"loc":{"start":{"line":46,"column":34},"end":{"line":55,"column":3}},"line":46},"15":{"name":"(anonymous_15)","decl":{"start":{"line":48,"column":14},"end":{"line":48,"column":15}},"loc":{"start":{"line":48,"column":23},"end":{"line":52,"column":7}},"line":48},"16":{"name":"(anonymous_16)","decl":{"start":{"line":53,"column":11},"end":{"line":53,"column":12}},"loc":{"start":{"line":53,"column":20},"end":{"line":53,"column":28}},"line":53},"17":{"name":"(anonymous_17)","decl":{"start":{"line":54,"column":22},"end":{"line":54,"column":23}},"loc":{"start":{"line":54,"column":30},"end":{"line":54,"column":71}},"line":54},"18":{"name":"(anonymous_18)","decl":{"start":{"line":83,"column":25},"end":{"line":83,"column":26}},"loc":{"start":{"line":83,"column":31},"end":{"line":83,"column":59}},"line":83},"19":{"name":"(anonymous_19)","decl":{"start":{"line":89,"column":25},"end":{"line":89,"column":26}},"loc":{"start":{"line":89,"column":31},"end":{"line":89,"column":57}},"line":89},"20":{"name":"(anonymous_20)","decl":{"start":{"line":95,"column":25},"end":{"line":95,"column":26}},"loc":{"start":{"line":95,"column":31},"end":{"line":95,"column":57}},"line":95},"21":{"name":"(anonymous_21)","decl":{"start":{"line":120,"column":37},"end":{"line":120,"column":38}},"loc":{"start":{"line":121,"column":18},"end":{"line":144,"column":23}},"line":121},"22":{"name":"(anonymous_22)","decl":{"start":{"line":126,"column":34},"end":{"line":126,"column":35}},"loc":{"start":{"line":126,"column":40},"end":{"line":126,"column":67}},"line":126}},"branchMap":{"0":{"loc":{"start":{"line":5,"column":66},"end":{"line":5,"column":77}},"type":"default-arg","locations":[{"start":{"line":5,"column":75},"end":{"line":5,"column":77}}],"line":5},"1":{"loc":{"start":{"line":14,"column":6},"end":{"line":16,"column":28}},"type":"cond-expr","locations":[{"start":{"line":15,"column":10},"end":{"line":15,"column":43}},{"start":{"line":16,"column":10},"end":{"line":16,"column":28}}],"line":14},"2":{"loc":{"start":{"line":21,"column":4},"end":{"line":25,"column":5}},"type":"if","locations":[{"start":{"line":21,"column":4},"end":{"line":25,"column":5}},{"start":{},"end":{}}],"line":21},"3":{"loc":{"start":{"line":40,"column":15},"end":{"line":40,"column":35}},"type":"binary-expr","locations":[{"start":{"line":40,"column":15},"end":{"line":40,"column":23}},{"start":{"line":40,"column":27},"end":{"line":40,"column":35}}],"line":40},"4":{"loc":{"start":{"line":51,"column":15},"end":{"line":51,"column":50}},"type":"binary-expr","locations":[{"start":{"line":51,"column":15},"end":{"line":51,"column":24}},{"start":{"line":51,"column":28},"end":{"line":51,"column":37}},{"start":{"line":51,"column":41},"end":{"line":51,"column":50}}],"line":51},"5":{"loc":{"start":{"line":57,"column":2},"end":{"line":57,"column":27}},"type":"if","locations":[{"start":{"line":57,"column":2},"end":{"line":57,"column":27}},{"start":{},"end":{}}],"line":57},"6":{"loc":{"start":{"line":116,"column":13},"end":{"line":147,"column":13}},"type":"cond-expr","locations":[{"start":{"line":117,"column":14},"end":{"line":117,"column":95}},{"start":{"line":119,"column":14},"end":{"line":146,"column":19}}],"line":116},"7":{"loc":{"start":{"line":131,"column":27},"end":{"line":137,"column":40}},"type":"cond-expr","locations":[{"start":{"line":132,"column":30},"end":{"line":136,"column":32}},{"start":{"line":137,"column":30},"end":{"line":137,"column":40}}],"line":131},"8":{"loc":{"start":{"line":152,"column":45},"end":{"line":152,"column":83}},"type":"cond-expr","locations":[{"start":{"line":152,"column":75},"end":{"line":152,"column":78}},{"start":{"line":152,"column":81},"end":{"line":152,"column":83}}],"line":152}},"s":{"0":0,"1":0,"2":0,"3":0,"4":0,"5":0,"6":0,"7":0,"8":0,"9":0,"10":0,"11":0,"12":0,"13":0,"14":0,"15":0,"16":0,"17":0,"18":0,"19":0,"20":0,"21":0,"22":0,"23":0,"24":0,"25":0,"26":0,"27":0,"28":0,"29":0,"30":0,"31":0,"32":0,"33":0,"34":0,"35":0,"36":0,"37":0,"38":0,"39":0,"40":0,"41":0,"42":0,"43":0},"f":{"0":0,"1":0,"2":0,"3":0,"4":0,"5":0,"6":0,"7":0,"8":0,"9":0,"10":0,"11":0,"12":0,"13":0,"14":0,"15":0,"16":0,"17":0,"18":0,"19":0,"20":0,"21":0,"22":0},"b":{"0":[0],"1":[0,0],"2":[0,0],"3":[0,0],"4":[0,0,0],"5":[0,0],"6":[0,0],"7":[0,0],"8":[0,0]}}
,"/Users/vonwillert/Documents/GitHub/swaxi-dispo-v6/src/components/ShiftTable.jsx": {"path":"/Users/vonwillert/Documents/GitHub/swaxi-dispo-v6/src/components/ShiftTable.jsx","statementMap":{"0":{"start":{"line":9,"column":50},"end":{"line":9,"column":61}},"1":{"start":{"line":10,"column":48},"end":{"line":10,"column":63}},"2":{"start":{"line":11,"column":15},"end":{"line":11,"column":38}},"3":{"start":{"line":12,"column":19},"end":{"line":12,"column":48}},"4":{"start":{"line":14,"column":30},"end":{"line":25,"column":3}},"5":{"start":{"line":15,"column":4},"end":{"line":24,"column":5}},"6":{"start":{"line":17,"column":8},"end":{"line":17,"column":43}},"7":{"start":{"line":19,"column":8},"end":{"line":19,"column":45}},"8":{"start":{"line":21,"column":8},"end":{"line":21,"column":41}},"9":{"start":{"line":23,"column":8},"end":{"line":23,"column":43}},"10":{"start":{"line":27,"column":22},"end":{"line":30,"column":3}},"11":{"start":{"line":28,"column":4},"end":{"line":28,"column":27}},"12":{"start":{"line":28,"column":20},"end":{"line":28,"column":27}},"13":{"start":{"line":29,"column":4},"end":{"line":29,"column":60}},"14":{"start":{"line":32,"column":23},"end":{"line":35,"column":3}},"15":{"start":{"line":33,"column":4},"end":{"line":33,"column":26}},"16":{"start":{"line":33,"column":20},"end":{"line":33,"column":26}},"17":{"start":{"line":34,"column":4},"end":{"line":34,"column":58}},"18":{"start":{"line":37,"column":23},"end":{"line":45,"column":3}},"19":{"start":{"line":38,"column":4},"end":{"line":44,"column":7}},"20":{"start":{"line":41,"column":28},"end":{"line":41,"column":44}},"21":{"start":{"line":47,"column":2},"end":{"line":144,"column":4}},"22":{"start":{"line":51,"column":10},"end":{"line":121,"column":15}},"23":{"start":{"line":88,"column":41},"end":{"line":88,"column":62}},"24":{"start":{"line":95,"column":43},"end":{"line":95,"column":65}},"25":{"start":{"line":105,"column":39},"end":{"line":105,"column":61}},"26":{"start":{"line":126,"column":41},"end":{"line":126,"column":71}},"27":{"start":{"line":129,"column":27},"end":{"line":129,"column":51}},"28":{"start":{"line":132,"column":49},"end":{"line":132,"column":79}},"29":{"start":{"line":140,"column":23},"end":{"line":140,"column":48}},"30":{"start":{"line":148,"column":2},"end":{"line":148,"column":26}}},"fnMap":{"0":{"name":"ShiftTable","decl":{"start":{"line":8,"column":24},"end":{"line":8,"column":34}},"loc":{"start":{"line":8,"column":67},"end":{"line":145,"column":1}},"line":8},"1":{"name":"(anonymous_1)","decl":{"start":{"line":14,"column":30},"end":{"line":14,"column":31}},"loc":{"start":{"line":14,"column":42},"end":{"line":25,"column":3}},"line":14},"2":{"name":"(anonymous_2)","decl":{"start":{"line":27,"column":22},"end":{"line":27,"column":23}},"loc":{"start":{"line":27,"column":35},"end":{"line":30,"column":3}},"line":27},"3":{"name":"(anonymous_3)","decl":{"start":{"line":32,"column":23},"end":{"line":32,"column":24}},"loc":{"start":{"line":32,"column":36},"end":{"line":35,"column":3}},"line":32},"4":{"name":"(anonymous_4)","decl":{"start":{"line":37,"column":23},"end":{"line":37,"column":24}},"loc":{"start":{"line":37,"column":36},"end":{"line":45,"column":3}},"line":37},"5":{"name":"(anonymous_5)","decl":{"start":{"line":41,"column":23},"end":{"line":41,"column":24}},"loc":{"start":{"line":41,"column":28},"end":{"line":41,"column":44}},"line":41},"6":{"name":"(anonymous_6)","decl":{"start":{"line":50,"column":20},"end":{"line":50,"column":21}},"loc":{"start":{"line":51,"column":10},"end":{"line":121,"column":15}},"line":51},"7":{"name":"(anonymous_7)","decl":{"start":{"line":88,"column":35},"end":{"line":88,"column":36}},"loc":{"start":{"line":88,"column":41},"end":{"line":88,"column":62}},"line":88},"8":{"name":"(anonymous_8)","decl":{"start":{"line":95,"column":37},"end":{"line":95,"column":38}},"loc":{"start":{"line":95,"column":43},"end":{"line":95,"column":65}},"line":95},"9":{"name":"(anonymous_9)","decl":{"start":{"line":105,"column":33},"end":{"line":105,"column":34}},"loc":{"start":{"line":105,"column":39},"end":{"line":105,"column":61}},"line":105},"10":{"name":"(anonymous_10)","decl":{"start":{"line":126,"column":36},"end":{"line":126,"column":37}},"loc":{"start":{"line":126,"column":41},"end":{"line":126,"column":71}},"line":126},"11":{"name":"(anonymous_11)","decl":{"start":{"line":129,"column":21},"end":{"line":129,"column":22}},"loc":{"start":{"line":129,"column":27},"end":{"line":129,"column":51}},"line":129},"12":{"name":"(anonymous_12)","decl":{"start":{"line":132,"column":44},"end":{"line":132,"column":45}},"loc":{"start":{"line":132,"column":49},"end":{"line":132,"column":79}},"line":132},"13":{"name":"(anonymous_13)","decl":{"start":{"line":140,"column":17},"end":{"line":140,"column":18}},"loc":{"start":{"line":140,"column":23},"end":{"line":140,"column":48}},"line":140},"14":{"name":"ShiftTableComponent","decl":{"start":{"line":147,"column":16},"end":{"line":147,"column":35}},"loc":{"start":{"line":147,"column":42},"end":{"line":149,"column":1}},"line":147}},"branchMap":{"0":{"loc":{"start":{"line":8,"column":45},"end":{"line":8,"column":63}},"type":"default-arg","locations":[{"start":{"line":8,"column":59},"end":{"line":8,"column":63}}],"line":8},"1":{"loc":{"start":{"line":12,"column":19},"end":{"line":12,"column":48}},"type":"binary-expr","locations":[{"start":{"line":12,"column":19},"end":{"line":12,"column":35}},{"start":{"line":12,"column":39},"end":{"line":12,"column":48}}],"line":12},"2":{"loc":{"start":{"line":15,"column":4},"end":{"line":24,"column":5}},"type":"switch","locations":[{"start":{"line":16,"column":6},"end":{"line":17,"column":43}},{"start":{"line":18,"column":6},"end":{"line":19,"column":45}},{"start":{"line":20,"column":6},"end":{"line":21,"column":41}},{"start":{"line":22,"column":6},"end":{"line":23,"column":43}}],"line":15},"3":{"loc":{"start":{"line":28,"column":4},"end":{"line":28,"column":27}},"type":"if","locations":[{"start":{"line":28,"column":4},"end":{"line":28,"column":27}},{"start":{},"end":{}}],"line":28},"4":{"loc":{"start":{"line":29,"column":26},"end":{"line":29,"column":58}},"type":"binary-expr","locations":[{"start":{"line":29,"column":26},"end":{"line":29,"column":40}},{"start":{"line":29,"column":44},"end":{"line":29,"column":58}}],"line":29},"5":{"loc":{"start":{"line":33,"column":4},"end":{"line":33,"column":26}},"type":"if","locations":[{"start":{"line":33,"column":4},"end":{"line":33,"column":26}},{"start":{},"end":{}}],"line":33},"6":{"loc":{"start":{"line":34,"column":25},"end":{"line":34,"column":57}},"type":"binary-expr","locations":[{"start":{"line":34,"column":25},"end":{"line":34,"column":39}},{"start":{"line":34,"column":43},"end":{"line":34,"column":57}}],"line":34},"7":{"loc":{"start":{"line":55,"column":19},"end":{"line":61,"column":32}},"type":"cond-expr","locations":[{"start":{"line":56,"column":22},"end":{"line":60,"column":24}},{"start":{"line":61,"column":22},"end":{"line":61,"column":32}}],"line":55},"8":{"loc":{"start":{"line":67,"column":19},"end":{"line":71,"column":19}},"type":"binary-expr","locations":[{"start":{"line":67,"column":19},"end":{"line":67,"column":61}},{"start":{"line":68,"column":20},"end":{"line":70,"column":27}}],"line":67},"9":{"loc":{"start":{"line":77,"column":19},"end":{"line":81,"column":19}},"type":"binary-expr","locations":[{"start":{"line":77,"column":19},"end":{"line":77,"column":35}},{"start":{"line":78,"column":20},"end":{"line":80,"column":26}}],"line":77},"10":{"loc":{"start":{"line":83,"column":17},"end":{"line":112,"column":17}},"type":"binary-expr","locations":[{"start":{"line":83,"column":17},"end":{"line":83,"column":28}},{"start":{"line":84,"column":18},"end":{"line":111,"column":24}}],"line":83},"11":{"loc":{"start":{"line":85,"column":21},"end":{"line":102,"column":21}},"type":"binary-expr","locations":[{"start":{"line":85,"column":21},"end":{"line":85,"column":55}},{"start":{"line":86,"column":22},"end":{"line":101,"column":25}}],"line":85},"12":{"loc":{"start":{"line":93,"column":25},"end":{"line":100,"column":25}},"type":"binary-expr","locations":[{"start":{"line":93,"column":25},"end":{"line":93,"column":50}},{"start":{"line":94,"column":26},"end":{"line":99,"column":35}}],"line":93},"13":{"loc":{"start":{"line":103,"column":21},"end":{"line":110,"column":21}},"type":"binary-expr","locations":[{"start":{"line":103,"column":21},"end":{"line":103,"column":59}},{"start":{"line":103,"column":63},"end":{"line":103,"column":88}},{"start":{"line":104,"column":22},"end":{"line":109,"column":31}}],"line":103},"14":{"loc":{"start":{"line":115,"column":15},"end":{"line":119,"column":15}},"type":"binary-expr","locations":[{"start":{"line":115,"column":15},"end":{"line":115,"column":42}},{"start":{"line":116,"column":16},"end":{"line":118,"column":22}}],"line":115},"15":{"loc":{"start":{"line":126,"column":7},"end":{"line":135,"column":7}},"type":"binary-expr","locations":[{"start":{"line":126,"column":7},"end":{"line":126,"column":18}},{"start":{"line":126,"column":22},"end":{"line":126,"column":83}},{"start":{"line":127,"column":8},"end":{"line":134,"column":14}}],"line":126}},"s":{"0":0,"1":0,"2":0,"3":0,"4":0,"5":0,"6":0,"7":0,"8":0,"9":0,"10":0,"11":0,"12":0,"13":0,"14":0,"15":0,"16":0,"17":0,"18":0,"19":0,"20":0,"21":0,"22":0,"23":0,"24":0,"25":0,"26":0,"27":0,"28":0,"29":0,"30":0},"f":{"0":0,"1":0,"2":0,"3":0,"4":0,"5":0,"6":0,"7":0,"8":0,"9":0,"10":0,"11":0,"12":0,"13":0,"14":0},"b":{"0":[0],"1":[0,0],"2":[0,0,0,0],"3":[0,0],"4":[0,0],"5":[0,0],"6":[0,0],"7":[0,0],"8":[0,0],"9":[0,0],"10":[0,0],"11":[0,0],"12":[0,0],"13":[0,0,0],"14":[0,0],"15":[0,0,0]}}
,"/Users/vonwillert/Documents/GitHub/swaxi-dispo-v6/src/components/ShiftTemplateManager.jsx": {"path":"/Users/vonwillert/Documents/GitHub/swaxi-dispo-v6/src/components/ShiftTemplateManager.jsx","statementMap":{"0":{"start":{"line":5,"column":69},"end":{"line":5,"column":88}},"1":{"start":{"line":6,"column":48},"end":{"line":6,"column":62}},"2":{"start":{"line":7,"column":36},"end":{"line":12,"column":4}},"3":{"start":{"line":14,"column":28},"end":{"line":17,"column":3}},"4":{"start":{"line":15,"column":28},"end":{"line":15,"column":36}},"5":{"start":{"line":16,"column":4},"end":{"line":16,"column":49}},"6":{"start":{"line":19,"column":26},"end":{"line":24,"column":3}},"7":{"start":{"line":20,"column":20},"end":{"line":22,"column":32}},"8":{"start":{"line":21,"column":37},"end":{"line":21,"column":46}},"9":{"start":{"line":23,"column":4},"end":{"line":23,"column":49}},"10":{"start":{"line":26,"column":23},"end":{"line":34,"column":3}},"11":{"start":{"line":27,"column":4},"end":{"line":27,"column":22}},"12":{"start":{"line":28,"column":4},"end":{"line":32,"column":5}},"13":{"start":{"line":29,"column":6},"end":{"line":29,"column":62}},"14":{"start":{"line":31,"column":6},"end":{"line":31,"column":28}},"15":{"start":{"line":33,"column":4},"end":{"line":33,"column":15}},"16":{"start":{"line":36,"column":21},"end":{"line":39,"column":3}},"17":{"start":{"line":37,"column":4},"end":{"line":37,"column":32}},"18":{"start":{"line":38,"column":4},"end":{"line":38,"column":26}},"19":{"start":{"line":41,"column":20},"end":{"line":44,"column":3}},"20":{"start":{"line":42,"column":4},"end":{"line":42,"column":28}},"21":{"start":{"line":43,"column":4},"end":{"line":43,"column":68}},"22":{"start":{"line":46,"column":21},"end":{"line":46,"column":63}},"23":{"start":{"line":48,"column":2},"end":{"line":135,"column":3}},"24":{"start":{"line":83,"column":14},"end":{"line":94,"column":23}},"25":{"start":{"line":86,"column":31},"end":{"line":86,"column":51}},"26":{"start":{"line":117,"column":12},"end":{"line":130,"column":17}},"27":{"start":{"line":123,"column":39},"end":{"line":123,"column":59}},"28":{"start":{"line":126,"column":39},"end":{"line":126,"column":66}}},"fnMap":{"0":{"name":"ShiftTemplateManager","decl":{"start":{"line":4,"column":9},"end":{"line":4,"column":29}},"loc":{"start":{"line":4,"column":32},"end":{"line":136,"column":1}},"line":4},"1":{"name":"(anonymous_1)","decl":{"start":{"line":14,"column":28},"end":{"line":14,"column":29}},"loc":{"start":{"line":14,"column":35},"end":{"line":17,"column":3}},"line":14},"2":{"name":"(anonymous_2)","decl":{"start":{"line":19,"column":26},"end":{"line":19,"column":27}},"loc":{"start":{"line":19,"column":35},"end":{"line":24,"column":3}},"line":19},"3":{"name":"(anonymous_3)","decl":{"start":{"line":21,"column":30},"end":{"line":21,"column":31}},"loc":{"start":{"line":21,"column":37},"end":{"line":21,"column":46}},"line":21},"4":{"name":"(anonymous_4)","decl":{"start":{"line":26,"column":23},"end":{"line":26,"column":24}},"loc":{"start":{"line":26,"column":30},"end":{"line":34,"column":3}},"line":26},"5":{"name":"(anonymous_5)","decl":{"start":{"line":36,"column":21},"end":{"line":36,"column":22}},"loc":{"start":{"line":36,"column":35},"end":{"line":39,"column":3}},"line":36},"6":{"name":"(anonymous_6)","decl":{"start":{"line":41,"column":20},"end":{"line":41,"column":21}},"loc":{"start":{"line":41,"column":26},"end":{"line":44,"column":3}},"line":41},"7":{"name":"(anonymous_7)","decl":{"start":{"line":82,"column":28},"end":{"line":82,"column":29}},"loc":{"start":{"line":83,"column":14},"end":{"line":94,"column":23}},"line":83},"8":{"name":"(anonymous_8)","decl":{"start":{"line":86,"column":25},"end":{"line":86,"column":26}},"loc":{"start":{"line":86,"column":31},"end":{"line":86,"column":51}},"line":86},"9":{"name":"(anonymous_9)","decl":{"start":{"line":116,"column":25},"end":{"line":116,"column":26}},"loc":{"start":{"line":117,"column":12},"end":{"line":130,"column":17}},"line":117},"10":{"name":"(anonymous_10)","decl":{"start":{"line":123,"column":33},"end":{"line":123,"column":34}},"loc":{"start":{"line":123,"column":39},"end":{"line":123,"column":59}},"line":123},"11":{"name":"(anonymous_11)","decl":{"start":{"line":126,"column":33},"end":{"line":126,"column":34}},"loc":{"start":{"line":126,"column":39},"end":{"line":126,"column":66}},"line":126}},"branchMap":{"0":{"loc":{"start":{"line":20,"column":20},"end":{"line":22,"column":32}},"type":"cond-expr","locations":[{"start":{"line":21,"column":8},"end":{"line":21,"column":47}},{"start":{"line":22,"column":8},"end":{"line":22,"column":32}}],"line":20},"1":{"loc":{"start":{"line":28,"column":4},"end":{"line":32,"column":5}},"type":"if","locations":[{"start":{"line":28,"column":4},"end":{"line":32,"column":5}},{"start":{"line":30,"column":11},"end":{"line":32,"column":5}}],"line":28},"2":{"loc":{"start":{"line":88,"column":18},"end":{"line":90,"column":35}},"type":"cond-expr","locations":[{"start":{"line":89,"column":22},"end":{"line":89,"column":46}},{"start":{"line":90,"column":22},"end":{"line":90,"column":35}}],"line":88},"3":{"loc":{"start":{"line":100,"column":13},"end":{"line":100,"column":65}},"type":"cond-expr","locations":[{"start":{"line":100,"column":31},"end":{"line":100,"column":48}},{"start":{"line":100,"column":51},"end":{"line":100,"column":65}}],"line":100},"4":{"loc":{"start":{"line":102,"column":11},"end":{"line":110,"column":11}},"type":"binary-expr","locations":[{"start":{"line":102,"column":11},"end":{"line":102,"column":26}},{"start":{"line":103,"column":12},"end":{"line":109,"column":21}}],"line":102}},"s":{"0":0,"1":0,"2":0,"3":0,"4":0,"5":0,"6":0,"7":0,"8":0,"9":0,"10":0,"11":0,"12":0,"13":0,"14":0,"15":0,"16":0,"17":0,"18":0,"19":0,"20":0,"21":0,"22":0,"23":0,"24":0,"25":0,"26":0,"27":0,"28":0},"f":{"0":0,"1":0,"2":0,"3":0,"4":0,"5":0,"6":0,"7":0,"8":0,"9":0,"10":0,"11":0},"b":{"0":[0,0],"1":[0,0],"2":[0,0],"3":[0,0],"4":[0,0]}}
,"/Users/vonwillert/Documents/GitHub/swaxi-dispo-v6/src/components/ThemeToggle.jsx": {"path":"/Users/vonwillert/Documents/GitHub/swaxi-dispo-v6/src/components/ThemeToggle.jsx","statementMap":{"0":{"start":{"line":5,"column":30},"end":{"line":5,"column":40}},"1":{"start":{"line":7,"column":2},"end":{"line":20,"column":3}},"2":{"start":{"line":10,"column":21},"end":{"line":10,"column":55}}},"fnMap":{"0":{"name":"ThemeToggle","decl":{"start":{"line":4,"column":24},"end":{"line":4,"column":35}},"loc":{"start":{"line":4,"column":38},"end":{"line":21,"column":1}},"line":4},"1":{"name":"(anonymous_1)","decl":{"start":{"line":10,"column":15},"end":{"line":10,"column":16}},"loc":{"start":{"line":10,"column":21},"end":{"line":10,"column":55}},"line":10}},"branchMap":{"0":{"loc":{"start":{"line":14,"column":7},"end":{"line":18,"column":7}},"type":"cond-expr","locations":[{"start":{"line":15,"column":8},"end":{"line":15,"column":58}},{"start":{"line":17,"column":8},"end":{"line":17,"column":59}}],"line":14}},"s":{"0":0,"1":0,"2":0},"f":{"0":0,"1":0},"b":{"0":[0,0]}}
,"/Users/vonwillert/Documents/GitHub/swaxi-dispo-v6/src/contexts/AuthContext.jsx": {"path":"/Users/vonwillert/Documents/GitHub/swaxi-dispo-v6/src/contexts/AuthContext.jsx","statementMap":{"0":{"start":{"line":3,"column":20},"end":{"line":3,"column":35}},"1":{"start":{"line":7,"column":18},"end":{"line":12,"column":1}},"2":{"start":{"line":15,"column":26},"end":{"line":15,"column":40}},"3":{"start":{"line":17,"column":16},"end":{"line":23,"column":3}},"4":{"start":{"line":18,"column":24},"end":{"line":18,"column":42}},"5":{"start":{"line":19,"column":4},"end":{"line":22,"column":5}},"6":{"start":{"line":20,"column":6},"end":{"line":20,"column":27}},"7":{"start":{"line":21,"column":6},"end":{"line":21,"column":64}},"8":{"start":{"line":25,"column":17},"end":{"line":28,"column":3}},"9":{"start":{"line":26,"column":4},"end":{"line":26,"column":18}},"10":{"start":{"line":27,"column":4},"end":{"line":27,"column":36}},"11":{"start":{"line":30,"column":2},"end":{"line":44,"column":9}},"12":{"start":{"line":31,"column":23},"end":{"line":31,"column":51}},"13":{"start":{"line":32,"column":4},"end":{"line":43,"column":5}},"14":{"start":{"line":33,"column":6},"end":{"line":42,"column":30}},"15":{"start":{"line":34,"column":23},"end":{"line":34,"column":45}},"16":{"start":{"line":36,"column":22},"end":{"line":36,"column":48}},"17":{"start":{"line":37,"column":8},"end":{"line":40,"column":9}},"18":{"start":{"line":38,"column":10},"end":{"line":38,"column":30}},"19":{"start":{"line":39,"column":10},"end":{"line":39,"column":63}},"20":{"start":{"line":41,"column":8},"end":{"line":41,"column":24}},"21":{"start":{"line":46,"column":2},"end":{"line":50,"column":4}}},"fnMap":{"0":{"name":"AuthProvider","decl":{"start":{"line":14,"column":16},"end":{"line":14,"column":28}},"loc":{"start":{"line":14,"column":43},"end":{"line":51,"column":1}},"line":14},"1":{"name":"(anonymous_1)","decl":{"start":{"line":17,"column":16},"end":{"line":17,"column":17}},"loc":{"start":{"line":17,"column":29},"end":{"line":23,"column":3}},"line":17},"2":{"name":"(anonymous_2)","decl":{"start":{"line":25,"column":17},"end":{"line":25,"column":18}},"loc":{"start":{"line":25,"column":23},"end":{"line":28,"column":3}},"line":25},"3":{"name":"(anonymous_3)","decl":{"start":{"line":30,"column":12},"end":{"line":30,"column":13}},"loc":{"start":{"line":30,"column":18},"end":{"line":44,"column":3}},"line":30}},"branchMap":{"0":{"loc":{"start":{"line":19,"column":4},"end":{"line":22,"column":5}},"type":"if","locations":[{"start":{"line":19,"column":4},"end":{"line":22,"column":5}},{"start":{},"end":{}}],"line":19},"1":{"loc":{"start":{"line":32,"column":4},"end":{"line":43,"column":5}},"type":"if","locations":[{"start":{"line":32,"column":4},"end":{"line":43,"column":5}},{"start":{},"end":{}}],"line":32},"2":{"loc":{"start":{"line":37,"column":8},"end":{"line":40,"column":9}},"type":"if","locations":[{"start":{"line":37,"column":8},"end":{"line":40,"column":9}},{"start":{},"end":{}}],"line":37},"3":{"loc":{"start":{"line":37,"column":12},"end":{"line":37,"column":42}},"type":"binary-expr","locations":[{"start":{"line":37,"column":12},"end":{"line":37,"column":17}},{"start":{"line":37,"column":21},"end":{"line":37,"column":42}}],"line":37}},"s":{"0":1,"1":1,"2":0,"3":0,"4":0,"5":0,"6":0,"7":0,"8":0,"9":0,"10":0,"11":0,"12":0,"13":0,"14":0,"15":0,"16":0,"17":0,"18":0,"19":0,"20":0,"21":0},"f":{"0":0,"1":0,"2":0,"3":0},"b":{"0":[0,0],"1":[0,0],"2":[0,0],"3":[0,0]},"_coverageSchema":"1a1c01bbd47fc00a2c39e90264f33305004495a9","hash":"c8cc09d8c16167078683b33a5a80a459d1a293f1"}
,"/Users/vonwillert/Documents/GitHub/swaxi-dispo-v6/src/contexts/ShiftContext.jsx": {"path":"/Users/vonwillert/Documents/GitHub/swaxi-dispo-v6/src/contexts/ShiftContext.jsx","statementMap":{"0":{"start":{"line":8,"column":21},"end":{"line":8,"column":40}},"1":{"start":{"line":11,"column":21},"end":{"line":11,"column":46}},"2":{"start":{"line":12,"column":24},"end":{"line":12,"column":89}},"3":{"start":{"line":12,"column":38},"end":{"line":12,"column":64}},"4":{"start":{"line":14,"column":28},"end":{"line":14,"column":66}},"5":{"start":{"line":16,"column":2},"end":{"line":37,"column":8}},"6":{"start":{"line":17,"column":20},"end":{"line":17,"column":50}},"7":{"start":{"line":18,"column":18},"end":{"line":18,"column":54}},"8":{"start":{"line":19,"column":19},"end":{"line":19,"column":56}},"9":{"start":{"line":20,"column":23},"end":{"line":20,"column":25}},"10":{"start":{"line":21,"column":4},"end":{"line":23,"column":5}},"11":{"start":{"line":22,"column":6},"end":{"line":22,"column":71}},"12":{"start":{"line":22,"column":12},"end":{"line":22,"column":46}},"13":{"start":{"line":24,"column":4},"end":{"line":27,"column":5}},"14":{"start":{"line":25,"column":19},"end":{"line":25,"column":53}},"15":{"start":{"line":26,"column":6},"end":{"line":26,"column":51}},"16":{"start":{"line":29,"column":4},"end":{"line":29,"column":132}},"17":{"start":{"line":29,"column":42},"end":{"line":29,"column":130}},"18":{"start":{"line":29,"column":109},"end":{"line":29,"column":122}},"19":{"start":{"line":30,"column":4},"end":{"line":30,"column":60}},"20":{"start":{"line":31,"column":4},"end":{"line":33,"column":5}},"21":{"start":{"line":32,"column":6},"end":{"line":32,"column":104}},"22":{"start":{"line":32,"column":12},"end":{"line":32,"column":79}},"23":{"start":{"line":34,"column":4},"end":{"line":36,"column":5}},"24":{"start":{"line":35,"column":6},"end":{"line":35,"column":106}},"25":{"start":{"line":35,"column":12},"end":{"line":35,"column":81}},"26":{"start":{"line":39,"column":2},"end":{"line":41,"column":20}},"27":{"start":{"line":40,"column":4},"end":{"line":40,"column":89}},"28":{"start":{"line":40,"column":29},"end":{"line":40,"column":89}},"29":{"start":{"line":42,"column":2},"end":{"line":42,"column":117}},"30":{"start":{"line":42,"column":20},"end":{"line":42,"column":92}},"31":{"start":{"line":43,"column":2},"end":{"line":43,"column":120}},"32":{"start":{"line":43,"column":20},"end":{"line":43,"column":94}},"33":{"start":{"line":45,"column":2},"end":{"line":84,"column":55}},"34":{"start":{"line":46,"column":4},"end":{"line":46,"column":37}},"35":{"start":{"line":46,"column":31},"end":{"line":46,"column":37}},"36":{"start":{"line":47,"column":18},"end":{"line":47,"column":28}},"37":{"start":{"line":48,"column":22},"end":{"line":48,"column":24}},"38":{"start":{"line":49,"column":4},"end":{"line":74,"column":5}},"39":{"start":{"line":49,"column":17},"end":{"line":49,"column":18}},"40":{"start":{"line":50,"column":19},"end":{"line":50,"column":34}},"41":{"start":{"line":51,"column":6},"end":{"line":51,"column":39}},"42":{"start":{"line":52,"column":18},"end":{"line":52,"column":49}},"43":{"start":{"line":53,"column":6},"end":{"line":73,"column":8}},"44":{"start":{"line":54,"column":8},"end":{"line":58,"column":9}},"45":{"start":{"line":55,"column":29},"end":{"line":55,"column":71}},"46":{"start":{"line":56,"column":23},"end":{"line":56,"column":48}},"47":{"start":{"line":57,"column":10},"end":{"line":57,"column":44}},"48":{"start":{"line":57,"column":38},"end":{"line":57,"column":44}},"49":{"start":{"line":59,"column":19},"end":{"line":59,"column":37}},"50":{"start":{"line":60,"column":8},"end":{"line":72,"column":9}},"51":{"start":{"line":60,"column":36},"end":{"line":60,"column":47}},"52":{"start":{"line":61,"column":10},"end":{"line":71,"column":12}},"53":{"start":{"line":75,"column":4},"end":{"line":83,"column":5}},"54":{"start":{"line":77,"column":23},"end":{"line":77,"column":54}},"55":{"start":{"line":78,"column":23},"end":{"line":81,"column":9}},"56":{"start":{"line":78,"column":43},"end":{"line":81,"column":7}},"57":{"start":{"line":80,"column":63},"end":{"line":80,"column":76}},"58":{"start":{"line":82,"column":6},"end":{"line":82,"column":72}},"59":{"start":{"line":82,"column":28},"end":{"line":82,"column":71}},"60":{"start":{"line":86,"column":23},"end":{"line":95,"column":40}},"61":{"start":{"line":87,"column":16},"end":{"line":87,"column":79}},"62":{"start":{"line":88,"column":4},"end":{"line":88,"column":55}},"63":{"start":{"line":90,"column":19},"end":{"line":90,"column":59}},"64":{"start":{"line":90,"column":42},"end":{"line":90,"column":58}},"65":{"start":{"line":91,"column":4},"end":{"line":94,"column":5}},"66":{"start":{"line":92,"column":22},"end":{"line":92,"column":151}},"67":{"start":{"line":92,"column":99},"end":{"line":92,"column":117}},"68":{"start":{"line":93,"column":6},"end":{"line":93,"column":58}},"69":{"start":{"line":97,"column":24},"end":{"line":108,"column":40}},"70":{"start":{"line":98,"column":17},"end":{"line":98,"column":101}},"71":{"start":{"line":98,"column":37},"end":{"line":98,"column":99}},"72":{"start":{"line":99,"column":4},"end":{"line":99,"column":63}},"73":{"start":{"line":101,"column":4},"end":{"line":107,"column":6}},"74":{"start":{"line":102,"column":21},"end":{"line":102,"column":56}},"75":{"start":{"line":102,"column":44},"end":{"line":102,"column":55}},"76":{"start":{"line":103,"column":6},"end":{"line":106,"column":7}},"77":{"start":{"line":104,"column":24},"end":{"line":104,"column":157}},"78":{"start":{"line":104,"column":101},"end":{"line":104,"column":119}},"79":{"start":{"line":105,"column":8},"end":{"line":105,"column":60}},"80":{"start":{"line":110,"column":28},"end":{"line":117,"column":40}},"81":{"start":{"line":111,"column":18},"end":{"line":111,"column":58}},"82":{"start":{"line":111,"column":41},"end":{"line":111,"column":57}},"83":{"start":{"line":112,"column":4},"end":{"line":116,"column":5}},"84":{"start":{"line":113,"column":22},"end":{"line":113,"column":42}},"85":{"start":{"line":114,"column":6},"end":{"line":114,"column":121}},"86":{"start":{"line":114,"column":80},"end":{"line":114,"column":99}},"87":{"start":{"line":115,"column":6},"end":{"line":115,"column":58}},"88":{"start":{"line":119,"column":22},"end":{"line":128,"column":40}},"89":{"start":{"line":120,"column":4},"end":{"line":120,"column":70}},"90":{"start":{"line":121,"column":19},"end":{"line":121,"column":59}},"91":{"start":{"line":121,"column":42},"end":{"line":121,"column":58}},"92":{"start":{"line":122,"column":4},"end":{"line":127,"column":5}},"93":{"start":{"line":123,"column":22},"end":{"line":123,"column":84}},"94":{"start":{"line":124,"column":6},"end":{"line":124,"column":121}},"95":{"start":{"line":124,"column":80},"end":{"line":124,"column":99}},"96":{"start":{"line":125,"column":6},"end":{"line":125,"column":58}},"97":{"start":{"line":126,"column":6},"end":{"line":126,"column":213}},"98":{"start":{"line":130,"column":31},"end":{"line":130,"column":113}},"99":{"start":{"line":130,"column":51},"end":{"line":130,"column":108}
[...]
olumn":4},"end":{"line":254,"column":86}},"62":{"start":{"line":259,"column":4},"end":{"line":267,"column":5}},"63":{"start":{"line":260,"column":23},"end":{"line":263,"column":8}},"64":{"start":{"line":264,"column":6},"end":{"line":264,"column":25}},"65":{"start":{"line":266,"column":6},"end":{"line":266,"column":19}},"66":{"start":{"line":272,"column":33},"end":{"line":272,"column":56}}},"fnMap":{"0":{"name":"(anonymous_0)","decl":{"start":{"line":8,"column":2},"end":{"line":8,"column":3}},"loc":{"start":{"line":8,"column":16},"end":{"line":16,"column":3}},"line":8},"1":{"name":"(anonymous_1)","decl":{"start":{"line":18,"column":2},"end":{"line":18,"column":3}},"loc":{"start":{"line":18,"column":25},"end":{"line":32,"column":3}},"line":18},"2":{"name":"(anonymous_2)","decl":{"start":{"line":34,"column":2},"end":{"line":34,"column":3}},"loc":{"start":{"line":34,"column":31},"end":{"line":56,"column":3}},"line":34},"3":{"name":"(anonymous_3)","decl":{"start":{"line":58,"column":2},"end":{"line":58,"column":3}},"loc":{"start":{"line":58,"column":31},"end":{"line":88,"column":3}},"line":58},"4":{"name":"(anonymous_4)","decl":{"start":{"line":90,"column":2},"end":{"line":90,"column":3}},"loc":{"start":{"line":90,"column":38},"end":{"line":120,"column":3}},"line":90},"5":{"name":"(anonymous_5)","decl":{"start":{"line":122,"column":2},"end":{"line":122,"column":3}},"loc":{"start":{"line":122,"column":19},"end":{"line":140,"column":3}},"line":122},"6":{"name":"(anonymous_6)","decl":{"start":{"line":142,"column":2},"end":{"line":142,"column":3}},"loc":{"start":{"line":142,"column":34},"end":{"line":171,"column":3}},"line":142},"7":{"name":"(anonymous_7)","decl":{"start":{"line":174,"column":2},"end":{"line":174,"column":3}},"loc":{"start":{"line":174,"column":39},"end":{"line":188,"column":3}},"line":174},"8":{"name":"(anonymous_8)","decl":{"start":{"line":190,"column":2},"end":{"line":190,"column":3}},"loc":{"start":{"line":190,"column":36},"end":{"line":201,"column":3}},"line":190},"9":{"name":"(anonymous_9)","decl":{"start":{"line":203,"column":2},"end":{"line":203,"column":3}},"loc":{"start":{"line":203,"column":38},"end":{"line":212,"column":3}},"line":203},"10":{"name":"(anonymous_10)","decl":{"start":{"line":215,"column":2},"end":{"line":215,"column":3}},"loc":{"start":{"line":215,"column":30},"end":{"line":218,"column":3}},"line":215},"11":{"name":"(anonymous_11)","decl":{"start":{"line":220,"column":2},"end":{"line":220,"column":3}},"loc":{"start":{"line":220,"column":39},"end":{"line":231,"column":3}},"line":220},"12":{"name":"(anonymous_12)","decl":{"start":{"line":233,"column":2},"end":{"line":233,"column":3}},"loc":{"start":{"line":233,"column":46},"end":{"line":240,"column":3}},"line":233},"13":{"name":"(anonymous_13)","decl":{"start":{"line":235,"column":34},"end":{"line":235,"column":35}},"loc":{"start":{"line":236,"column":6},"end":{"line":236,"column":84}},"line":236},"14":{"name":"(anonymous_14)","decl":{"start":{"line":242,"column":2},"end":{"line":242,"column":3}},"loc":{"start":{"line":242,"column":29},"end":{"line":249,"column":3}},"line":242},"15":{"name":"(anonymous_15)","decl":{"start":{"line":251,"column":2},"end":{"line":251,"column":3}},"loc":{"start":{"line":251,"column":24},"end":{"line":255,"column":3}},"line":251},"16":{"name":"(anonymous_16)","decl":{"start":{"line":258,"column":2},"end":{"line":258,"column":3}},"loc":{"start":{"line":258,"column":32},"end":{"line":268,"column":3}},"line":258}},"branchMap":{"0":{"loc":{"start":{"line":34,"column":18},"end":{"line":34,"column":29}},"type":"default-arg","locations":[{"start":{"line":34,"column":27},"end":{"line":34,"column":29}}],"line":34},"1":{"loc":{"start":{"line":45,"column":6},"end":{"line":47,"column":7}},"type":"if","locations":[{"start":{"line":45,"column":6},"end":{"line":47,"column":7}},{"start":{},"end":{}}],"line":45},"2":{"loc":{"start":{"line":77,"column":6},"end":{"line":79,"column":7}},"type":"if","locations":[{"start":{"line":77,"column":6},"end":{"line":79,"column":7}},{"start":{},"end":{}}],"line":77},"3":{"loc":{"start":{"line":111,"column":6},"end":{"line":113,"column":7}},"type":"if","locations":[{"start":{"line":111,"column":6},"end":{"line":113,"column":7}},{"start":{},"end":{}}],"line":111},"4":{"loc":{"start":{"line":176,"column":10},"end":{"line":176,"column":32}},"type":"binary-expr","locations":[{"start":{"line":176,"column":10},"end":{"line":176,"column":19}},{"start":{"line":176,"column":23},"end":{"line":176,"column":32}}],"line":176},"5":{"loc":{"start":{"line":181,"column":14},"end":{"line":181,"column":37}},"type":"binary-expr","locations":[{"start":{"line":181,"column":14},"end":{"line":181,"column":27}},{"start":{"line":181,"column":31},"end":{"line":181,"column":37}}],"line":181},"6":{"loc":{"start":{"line":182,"column":18},"end":{"line":182,"column":68}},"type":"cond-expr","locations":[{"start":{"line":182,"column":38},"end":{"line":182,"column":61}},{"start":{"line":182,"column":64},"end":{"line":182,"column":68}}],"line":182},"7":{"loc":{"start":{"line":183,"column":20},"end":{"line":183,"column":51}},"type":"binary-expr","locations":[{"start":{"line":183,"column":20},"end":{"line":183,"column":39}},{"start":{"line":183,"column":43},"end":{"line":183,"column":51}}],"line":183},"8":{"loc":{"start":{"line":184,"column":17},"end":{"line":184,"column":69}},"type":"cond-expr","locations":[{"start":{"line":184,"column":36},"end":{"line":184,"column":64}},{"start":{"line":184,"column":67},"end":{"line":184,"column":69}}],"line":184},"9":{"loc":{"start":{"line":193,"column":17},"end":{"line":193,"column":83}},"type":"cond-expr","locations":[{"start":{"line":193,"column":46},"end":{"line":193,"column":70}},{"start":{"line":193,"column":73},"end":{"line":193,"column":83}}],"line":193},"10":{"loc":{"start":{"line":199,"column":32},"end":{"line":199,"column":53}},"type":"binary-expr","locations":[{"start":{"line":199,"column":32},"end":{"line":199,"column":47}},{"start":{"line":199,"column":51},"end":{"line":199,"column":53}}],"line":199},"11":{"loc":{"start":{"line":205,"column":10},"end":{"line":205,"column":32}},"type":"binary-expr","locations":[{"start":{"line":205,"column":10},"end":{"line":205,"column":19}},{"start":{"line":205,"column":23},"end":{"line":205,"column":32}}],"line":205},"12":{"loc":{"start":{"line":216,"column":28},"end":{"line":216,"column":89}},"type":"binary-expr","locations":[{"start":{"line":216,"column":28},"end":{"line":216,"column":69}},{"start":{"line":216,"column":73},"end":{"line":216,"column":89}}],"line":216},"13":{"loc":{"start":{"line":217,"column":11},"end":{"line":217,"column":28}},"type":"binary-expr","locations":[{"start":{"line":217,"column":11},"end":{"line":217,"column":22}},{"start":{"line":217,"column":26},"end":{"line":217,"column":28}}],"line":217},"14":{"loc":{"start":{"line":221,"column":28},"end":{"line":221,"column":89}},"type":"binary-expr","locations":[{"start":{"line":221,"column":28},"end":{"line":221,"column":69}},{"start":{"line":221,"column":73},"end":{"line":221,"column":89}}],"line":221},"15":{"loc":{"start":{"line":228,"column":23},"end":{"line":228,"column":40}},"type":"binary-expr","locations":[{"start":{"line":228,"column":23},"end":{"line":228,"column":34}},{"start":{"line":228,"column":38},"end":{"line":228,"column":40}}],"line":228},"16":{"loc":{"start":{"line":234,"column":28},"end":{"line":234,"column":89}},"type":"binary-expr","locations":[{"start":{"line":234,"column":28},"end":{"line":234,"column":69}},{"start":{"line":234,"column":73},"end":{"line":234,"column":89}}],"line":234},"17":{"loc":{"start":{"line":236,"column":6},"end":{"line":236,"column":84}},"type":"cond-expr","locations":[{"start":{"line":236,"column":29},"end":{"line":236,"column":76}},{"start":{"line":236,"column":79},"end":{"line":236,"column":84}}],"line":236},"18":{"loc":{"start":{"line":254,"column":11},"end":{"line":254,"column":85}},"type":"binary-expr","locations":[{"start":{"line":254,"column":11},"end":{"line":254,"column":53}},{"start":{"line":254,"column":57},"end":{"line":254,"column":85}}],"line":254}},"s":{"0":0,"1":0,"2":0,"3":0,"4":0,"5":0,"6":0,"7":0,"8":0,"9":0,"10":0,"11":0,"12":0,"13":0,"14":0,"15":0,"16":0,"17":0,"18":0,"19":0,"20":0,"21":0,"22":0,"23":0,"24":0,"25":0,"26":0,"27":0,"28":0,"29":0,"30":0,"31":0,"32":0,"33":0,"34":0,"35":0,"36":0,"37":0,"38":0,"39":0,"40":0,"41":0,"42":0,"43":0,"44":0,"45":0,"46":0,"47":0,"48":0,"49":0,"50":0,"51":0,"52":0,"53":0,"54":0,"55":0,"56":0,"57":0,"58":0,"59":0,"60":0,"61":0,"62":0,"63":0,"64":0,"65":0,"66":0},"f":{"0":0,"1":0,"2":0,"3":0,"4":0,"5":0,"6":0,"7":0,"8":0,"9":0,"10":0,"11":0,"12":0,"13":0,"14":0,"15":0,"16":0},"b":{"0":[0],"1":[0,0],"2":[0,0],"3":[0,0],"4":[0,0],"5":[0,0],"6":[0,0],"7":[0,0],"8":[0,0],"9":[0,0],"10":[0,0],"11":[0,0],"12":[0,0],"13":[0,0],"14":[0,0],"15":[0,0],"16":[0,0],"17":[0,0],"18":[0,0]}}
,"/Users/vonwillert/Documents/GitHub/swaxi-dispo-v6/src/services/shiftGenerationService.js": {"path":"/Users/vonwillert/Documents/GitHub/swaxi-dispo-v6/src/services/shiftGenerationService.js","statementMap":{"0":{"start":{"line":3,"column":19},"end":{"line":11,"column":1}},"1":{"start":{"line":14,"column":20},"end":{"line":14,"column":22}},"2":{"start":{"line":15,"column":16},"end":{"line":15,"column":26}},"3":{"start":{"line":17,"column":2},"end":{"line":34,"column":3}},"4":{"start":{"line":17,"column":15},"end":{"line":17,"column":16}},"5":{"start":{"line":18,"column":17},"end":{"line":18,"column":34}},"6":{"start":{"line":19,"column":22},"end":{"line":19,"column":34}},"7":{"start":{"line":21,"column":4},"end":{"line":33,"column":6}},"8":{"start":{"line":22,"column":6},"end":{"line":32,"column":7}},"9":{"start":{"line":22,"column":33},"end":{"line":22,"column":46}},"10":{"start":{"line":23,"column":8},"end":{"line":31,"column":10}},"11":{"start":{"line":35,"column":2},"end":{"line":35,"column":18}}},"fnMap":{"0":{"name":"generateShifts","decl":{"start":{"line":13,"column":16},"end":{"line":13,"column":30}},"loc":{"start":{"line":13,"column":42},"end":{"line":36,"column":1}},"line":13},"1":{"name":"(anonymous_1)","decl":{"start":{"line":21,"column":22},"end":{"line":21,"column":23}},"loc":{"start":{"line":21,"column":36},"end":{"line":33,"column":5}},"line":21},"2":{"name":"(anonymous_2)","decl":{"start":{"line":22,"column":28},"end":{"line":22,"column":29}},"loc":{"start":{"line":22,"column":33},"end":{"line":22,"column":46}},"line":22}},"branchMap":{"0":{"loc":{"start":{"line":22,"column":6},"end":{"line":32,"column":7}},"type":"if","locations":[{"start":{"line":22,"column":6},"end":{"line":32,"column":7}},{"start":{},"end":{}}],"line":22}},"s":{"0":0,"1":0,"2":0,"3":0,"4":0,"5":0,"6":0,"7":0,"8":0,"9":0,"10":0,"11":0},"f":{"0":0,"1":0,"2":0},"b":{"0":[0,0]}}
,"/Users/vonwillert/Documents/GitHub/swaxi-dispo-v6/src/utils/auth.js": {"path":"/Users/vonwillert/Documents/GitHub/swaxi-dispo-v6/src/utils/auth.js","statementMap":{"0":{"start":{"line":3,"column":26},"end":{"line":12,"column":1}},"1":{"start":{"line":4,"column":24},"end":{"line":9,"column":3}},"2":{"start":{"line":11,"column":2},"end":{"line":11,"column":64}},"3":{"start":{"line":14,"column":31},"end":{"line":14,"column":85}},"4":{"start":{"line":14,"column":45},"end":{"line":14,"column":85}},"5":{"start":{"line":15,"column":28},"end":{"line":15,"column":82}},"6":{"start":{"line":15,"column":42},"end":{"line":15,"column":82}},"7":{"start":{"line":16,"column":33},"end":{"line":16,"column":91}},"8":{"start":{"line":16,"column":47},"end":{"line":16,"column":91}},"9":{"start":{"line":17,"column":32},"end":{"line":17,"column":88}},"10":{"start":{"line":17,"column":46},"end":{"line":17,"column":88}}},"fnMap":{"0":{"name":"(anonymous_0)","decl":{"start":{"line":3,"column":26},"end":{"line":3,"column":27}},"loc":{"start":{"line":3,"column":54},"end":{"line":12,"column":1}},"line":3},"1":{"name":"(anonymous_1)","decl":{"start":{"line":14,"column":31},"end":{"line":14,"column":32}},"loc":{"start":{"line":14,"column":45},"end":{"line":14,"column":85}},"line":14},"2":{"name":"(anonymous_2)","decl":{"start":{"line":15,"column":28},"end":{"line":15,"column":29}},"loc":{"start":{"line":15,"column":42},"end":{"line":15,"column":82}},"line":15},"3":{"name":"(anonymous_3)","decl":{"start":{"line":16,"column":33},"end":{"line":16,"column":34}},"loc":{"start":{"line":16,"column":47},"end":{"line":16,"column":91}},"line":16},"4":{"name":"(anonymous_4)","decl":{"start":{"line":17,"column":32},"end":{"line":17,"column":33}},"loc":{"start":{"line":17,"column":46},"end":{"line":17,"column":88}},"line":17}},"branchMap":{},"s":{"0":0,"1":0,"2":0,"3":0,"4":0,"5":0,"6":0,"7":0,"8":0,"9":0,"10":0},"f":{"0":0,"1":0,"2":0,"3":0,"4":0},"b":{}}
,"/Users/vonwillert/Documents/GitHub/swaxi-dispo-v6/src/utils/constants.js": {"path":"/Users/vonwillert/Documents/GitHub/swaxi-dispo-v6/src/utils/constants.js","statementMap":{"0":{"start":{"line":1,"column":21},"end":{"line":6,"column":1}},"1":{"start":{"line":8,"column":28},"end":{"line":12,"column":1}},"2":{"start":{"line":14,"column":30},"end":{"line":17,"column":1}},"3":{"start":{"line":19,"column":31},"end":{"line":28,"column":1}}},"fnMap":{},"branchMap":{},"s":{"0":1,"1":1,"2":1,"3":1},"f":{},"b":{},"_coverageSchema":"1a1c01bbd47fc00a2c39e90264f33305004495a9","hash":"903e4cc17bf9a1e816dfcea7fa46fed1df56b80c"}
,"/Users/vonwillert/Documents/GitHub/swaxi-dispo-v6/src/utils/shifts.js": {"path":"/Users/vonwillert/Documents/GitHub/swaxi-dispo-v6/src/utils/shifts.js","statementMap":{"0":{"start":{"line":3,"column":35},"end":{"line":49,"column":1}},"1":{"start":{"line":4,"column":20},"end":{"line":4,"column":22}},"2":{"start":{"line":7,"column":25},"end":{"line":14,"column":4}},"3":{"start":{"line":8,"column":23},"end":{"line":8,"column":44}},"4":{"start":{"line":9,"column":21},"end":{"line":9,"column":40}},"5":{"start":{"line":10,"column":26},"end":{"line":10,"column":55}},"6":{"start":{"line":11,"column":24},"end":{"line":11,"column":51}},"7":{"start":{"line":13,"column":4},"end":{"line":13,"column":66}},"8":{"start":{"line":16,"column":2},"end":{"line":18,"column":3}},"9":{"start":{"line":17,"column":4},"end":{"line":17,"column":35}},"10":{"start":{"line":21,"column":31},"end":{"line":23,"column":3}},"11":{"start":{"line":22,"column":4},"end":{"line":22,"column":59}},"12":{"start":{"line":25,"column":2},"end":{"line":27,"column":3}},"13":{"start":{"line":26,"column":4},"end":{"line":26,"column":41}},"14":{"start":{"line":30,"column":33},"end":{"line":34,"column":3}},"15":{"start":{"line":31,"column":4},"end":{"line":33,"column":33}},"16":{"start":{"line":36,"column":2},"end":{"line":38,"column":3}},"17":{"start":{"line":37,"column":4},"end":{"line":37,"column":43}},"18":{"start":{"line":41,"column":30},"end":{"line":42,"column":24}},"19":{"start":{"line":44,"column":2},"end":{"line":46,"column":3}},"20":{"start":{"line":45,"column":4},"end":{"line":45,"column":40}},"21":{"start":{"line":48,"column":2},"end":{"line":48,"column":19}},"22":{"start":{"line":51,"column":38},"end":{"line":93,"column":1}},"23":{"start":{"line":52,"column":17},"end":{"line":52,"column":19}},"24":{"start":{"line":53,"column":22},"end":{"line":53,"column":41}},"25":{"start":{"line":55,"column":2},"end":{"line":90,"column":3}},"26":{"start":{"line":55,"column":15},"end":{"line":55,"column":16}},"27":{"start":{"line":56,"column":16},"end":{"line":56,"column":36}},"28":{"start":{"line":57,"column":22},"end":{"line":57,"column":57}},"29":{"start":{"line":59,"column":4},"end":{"line":87,"column":5}},"30":{"start":{"line":61,"column":6},"end":{"line":66,"column":9}},"31":{"start":{"line":67,"column":6},"end":{"line":72,"column":9}},"32":{"start":{"line":75,"column":6},"end":{"line":80,"column":9}},"33":{"start":{"line":81,"column":6},"end":{"line":86,"column":9}},"34":{"start":{"line":89,"column":4},"end":{"line":89,"column":51}},"35":{"start":{"line":92,"column":2},"end":{"line":92,"column":16}}},"fnMap":{"0":{"name":"(anonymous_0)","decl":{"start":{"line":3,"column":35},"end":{"line":3,"column":36}},"loc":{"start":{"line":3,"column":76},"end":{"line":49,"column":1}},"line":3},"1":{"name":"(anonymous_1)","decl":{"start":{"line":7,"column":45},"end":{"line":7,"column":46}},"loc":{"start":{"line":7,"column":62},"end":{"line":14,"column":3}},"line":7},"2":{"name":"(anonymous_2)","decl":{"start":{"line":21,"column":49},"end":{"line":21,"column":50}},"loc":{"start":{"line":22,"column":4},"end":{"line":22,"column":59}},"line":22},"3":{"name":"(anonymous_3)","decl":{"start":{"line":30,"column":53},"end":{"line":30,"column":54}},"loc":{"start":{"line":31,"column":4},"end":{"line":33,"column":33}},"line":31},"4":{"name":"(anonymous_4)","decl":{"start":{"line":51,"column":38},"end":{"line":51,"column":39}},"loc":{"start":{"line":51,"column":74},"end":{"line":93,"column":1}},"line":51}},"branchMap":{"0":{"loc":{"start":{"line":13,"column":12},"end":{"line":13,"column":64}},"type":"binary-expr","locations":[{"start":{"line":13,"column":12},"end":{"line":13,"column":36}},{"start":{"line":13,"column":40},"end":{"line":13,"column":64}}],"line":13},"1":{"loc":{"start":{"line":16,"column":2},"end":{"line":18,"column":3}},"type":"if","locations":[{"start":{"line":16,"column":2},"end":{"line":18,"column":3}},{"start":{},"end":{}}],"line":16},"2":{"loc":{"start":{"line":22,"column":4},"end":{"line":22,"column":59}},"type":"binary-expr","locations":[{"start":{"line":22,"column":4},"end":{"line":22,"column":31}},{"start":{"line":22,"column":35},"end":{"line":22,"column":59}}],"line":22},"3":{"loc":{"start":{"line":25,"column":2},"end":{"line":27,"column":3}},"type":"if","locations":[{"start":{"line":25,"column":2},"end":{"line":27,"column":3}},{"start":{},"end":{}}],"line":25},"4":{"loc":{"start":{"line":31,"column":4},"end":{"line":33,"column":33}},"type":"binary-expr","locations":[{"start":{"line":31,"column":4},"end":{"line":31,"column":50}},{"start":{"line":32,"column":4},"end":{"line":32,"column":49}},{"start":{"line":33,"column":4},"end":{"line":33,"column":33}}],"line":31},"5":{"loc":{"start":{"line":36,"column":2},"end":{"line":38,"column":3}},"type":"if","locations":[{"start":{"line":36,"column":2},"end":{"line":38,"column":3}},{"start":{},"end":{}}],"line":36},"6":{"loc":{"start":{"line":41,"column":30},"end":{"line":42,"column":24}},"type":"binary-expr","locations":[{"start":{"line":41,"column":30},"end":{"line":41,"column":72}},{"start":{"line":42,"column":4},"end":{"line":42,"column":24}}],"line":41},"7":{"loc":{"start":{"line":44,"column":2},"end":{"line":46,"column":3}},"type":"if","locations":[{"start":{"line":44,"column":2},"end":{"line":46,"column":3}},{"start":{},"end":{}}],"line":44},"8":{"loc":{"start":{"line":51,"column":50},"end":{"line":51,"column":69}},"type":"default-arg","locations":[{"start":{"line":51,"column":67},"end":{"line":51,"column":69}}],"line":51},"9":{"loc":{"start":{"line":57,"column":22},"end":{"line":57,"column":57}},"type":"binary-expr","locations":[{"start":{"line":57,"column":22},"end":{"line":57,"column":31}},{"start":{"line":57,"column":35},"end":{"line":57,"column":44}},{"start":{"line":57,"column":48},"end":{"line":57,"column":57}}],"line":57},"10":{"loc":{"start":{"line":59,"column":4},"end":{"line":87,"column":5}},"type":"if","locations":[{"start":{"line":59,"column":4},"end":{"line":87,"column":5}},{"start":{"line":73,"column":11},"end":{"line":87,"column":5}}],"line":59}},"s":{"0":1,"1":40,"2":40,"3":760,"4":760,"5":760,"6":760,"7":760,"8":40,"9":0,"10":40,"11":0,"12":40,"13":0,"14":40,"15":760,"16":40,"17":0,"18":40,"19":40,"20":0,"21":40,"22":1,"23":2,"24":2,"25":2,"26":2,"27":20,"28":20,"29":20,"30":6,"31":6,"32":14,"33":14,"34":20,"35":2},"f":{"0":40,"1":760,"2":0,"3":760,"4":2},"b":{"0":[760,0],"1":[0,40],"2":[0,0],"3":[0,40],"4":[760,0,0],"5":[0,40],"6":[40,0],"7":[0,40],"8":[2],"9":[20,18,16],"10":[6,14]},"_coverageSchema":"1a1c01bbd47fc00a2c39e90264f33305004495a9","hash":"69a88e782b3dcb8fad5e26f69e7a87635e95f34f"}
}
