TN:
SF:src/App.jsx
FN:18,Footer
FN:26,App
FNF:2
FNH:0
FNDA:0,Footer
FNDA:0,App
DA:16,0
DA:19,0
DA:27,0
LF:3
LH:0
BRF:0
BRH:0
end_of_record
TN:
SF:src/components/AutosaveManager.jsx
FN:8,AutosaveManager
FN:16,(anonymous_1)
FN:17,(anonymous_2)
FN:60,(anonymous_3)
FN:64,(anonymous_4)
FN:79,(anonymous_5)
FN:80,(anonymous_6)
FN:103,(anonymous_7)
FN:106,(anonymous_8)
FN:117,(anonymous_9)
FN:133,(anonymous_10)
FN:135,(anonymous_11)
FN:143,(anonymous_12)
FN:166,(anonymous_13)
FN:196,(anonymous_14)
FN:207,(anonymous_15)
FN:219,(anonymous_16)
FN:225,(anonymous_17)
FN:250,(anonymous_18)
FN:269,(anonymous_19)
FNF:20
FNH:9
FNDA:11,AutosaveManager
FNDA:6,(anonymous_1)
FNDA:8,(anonymous_2)
FNDA:6,(anonymous_3)
FNDA:3,(anonymous_4)
FNDA:3,(anonymous_5)
FNDA:2,(anonymous_6)
FNDA:0,(anonymous_7)
FNDA:0,(anonymous_8)
FNDA:0,(anonymous_9)
FNDA:0,(anonymous_10)
FNDA:0,(anonymous_11)
FNDA:0,(anonymous_12)
FNDA:6,(anonymous_13)
FNDA:5,(anonymous_14)
FNDA:0,(anonymous_15)
FNDA:0,(anonymous_16)
FNDA:0,(anonymous_17)
FNDA:0,(anonymous_18)
FNDA:0,(anonymous_19)
DA:5,1
DA:6,1
DA:9,11
DA:10,11
DA:11,11
DA:12,11
DA:13,11
DA:16,11
DA:17,6
DA:18,8
DA:19,8
DA:33,8
DA:36,8
DA:39,8
DA:40,8
DA:45,8
DA:46,8
DA:48,8
DA:50,0
DA:55,6
DA:58,6
DA:60,6
DA:64,11
DA:65,3
DA:66,3
DA:67,3
DA:69,3
DA:70,3
DA:71,3
DA:74,0
DA:79,11
DA:80,3
DA:81,2
DA:82,2
DA:83,2
DA:85,2
DA:86,2
DA:87,2
DA:90,2
DA:91,2
DA:95,0
DA:100,3
DA:103,11
DA:104,0
DA:105,0
DA:106,0
DA:108,0
DA:109,0
DA:114,0
DA:117,0
DA:119,0
DA:120,0
DA:123,0
DA:125,0
DA:127,0
DA:128,0
DA:129,0
DA:133,11
DA:134,0
DA:135,0
DA:136,0
DA:137,0
DA:139,0
DA:143,11
DA:144,0
DA:145,0
DA:151,0
DA:152,0
DA:154,0
DA:155,0
DA:156,0
DA:157,0
DA:158,0
DA:159,0
DA:160,0
DA:162,0
DA:166,11
DA:167,6
DA:168,6
DA:169,6
DA:170,6
DA:171,6
DA:173,6
DA:174,0
DA:175,0
DA:176,0
DA:180,11
DA:181,2
DA:197,5
DA:207,0
DA:219,0
DA:226,0
DA:227,0
DA:241,9
DA:250,0
DA:269,0
LF:96
LH:53
BRDA:28,0,0,8
BRDA:28,0,1,8
BRDA:33,1,0,8
BRDA:33,1,1,3
BRDA:66,2,0,3
BRDA:66,2,1,0
BRDA:69,3,0,3
BRDA:69,3,1,0
BRDA:70,4,0,3
BRDA:70,4,1,0
BRDA:83,5,0,2
BRDA:83,5,1,0
BRDA:85,6,0,2
BRDA:85,6,1,0
BRDA:85,7,0,2
BRDA:85,7,1,2
BRDA:90,8,0,2
BRDA:90,8,1,0
BRDA:108,9,0,0
BRDA:108,9,1,0
BRDA:173,10,0,6
BRDA:173,10,1,0
BRDA:174,11,0,0
BRDA:174,11,1,0
BRDA:175,12,0,0
BRDA:175,12,1,0
BRDA:180,13,0,2
BRDA:180,13,1,9
BRDA:211,14,0,0
BRDA:211,14,1,5
BRDA:247,15,0,6
BRDA:247,15,1,3
BRDA:258,16,0,9
BRDA:258,16,1,0
BRDA:267,17,0,0
BRDA:267,17,1,0
BRDA:277,18,0,9
BRDA:277,18,1,6
BRF:38
BRH:21
end_of_record
TN:
SF:src/components/ConnectionStatus.jsx
FN:4,ConnectionStatus
FN:8,(anonymous_1)
FN:21,(anonymous_2)
FN:31,(anonymous_3)
FNF:4
FNH:4
FNDA:5,ConnectionStatus
FNDA:1,(anonymous_1)
FNDA:5,(anonymous_2)
FNDA:5,(anonymous_3)
DA:5,5
DA:6,5
DA:8,5
DA:9,1
DA:10,1
DA:12,1
DA:13,1
DA:15,0
DA:17,1
DA:21,5
DA:22,5
DA:23,1
DA:24,4
DA:25,3
DA:27,1
DA:31,5
DA:32,5
DA:33,1
DA:34,4
DA:35,3
DA:37,1
DA:41,5
LF:22
LH:21
BRDA:13,0,0,0
BRDA:13,0,1,1
BRDA:22,1,0,1
BRDA:22,1,1,4
BRDA:22,2,0,5
BRDA:22,2,1,2
BRDA:24,3,0,3
BRDA:24,3,1,1
BRDA:32,4,0,1
BRDA:32,4,1,4
BRDA:32,5,0,5
BRDA:32,5,1,2
BRDA:34,6,0,3
BRDA:34,6,1,1
BRDA:50,7,0,5
BRDA:50,7,1,1
BRDA:61,8,0,0
BRDA:61,8,1,5
BRDA:65,9,0,5
BRDA:65,9,1,3
BRF:20
BRH:18
end_of_record
TN:
SF:src/components/LiveVersionBanner.jsx
FN:8,LiveVersionBanner
FN:13,(anonymous_1)
FN:29,(anonymous_2)
FN:36,(anonymous_3)
FN:45,(anonymous_4)
FN:56,(anonymous_5)
FNF:6
FNH:6
FNDA:5,LiveVersionBanner
FNDA:2,(anonymous_1)
FNDA:1,(anonymous_2)
FNDA:2,(anonymous_3)
FNDA:2,(anonymous_4)
FNDA:2,(anonymous_5)
DA:3,1
DA:9,5
DA:10,5
DA:11,5
DA:13,5
DA:15,2
DA:16,2
DA:18,2
DA:20,2
DA:29,5
DA:30,1
DA:32,1
DA:36,5
DA:37,2
DA:38,2
DA:39,0
DA:43,5
DA:45,2
DA:46,2
DA:48,0
DA:50,2
DA:52,0
DA:56,2
DA:57,2
DA:58,0
DA:64,2
DA:71,2
LF:27
LH:23
BRDA:3,0,0,1
BRDA:3,0,1,0
BRDA:3,1,0,1
BRDA:3,1,1,1
BRDA:3,1,2,1
BRDA:18,2,0,0
BRDA:18,2,1,2
BRDA:25,3,0,2
BRDA:25,3,1,0
BRDA:38,4,0,0
BRDA:38,4,1,2
BRDA:43,5,0,3
BRDA:43,5,1,2
BRDA:43,6,0,5
BRDA:43,6,1,4
BRDA:46,7,0,0
BRDA:46,7,1,2
BRDA:46,7,2,0
BRDA:57,8,0,0
BRDA:57,8,1,2
BRDA:84,9,0,0
BRDA:84,9,1,2
BRDA:91,10,0,2
BRDA:91,10,1,2
BRDA:98,11,0,2
BRDA:98,11,1,0
BRDA:98,11,2,0
BRF:27
BRH:17
end_of_record
TN:
SF:src/components/Login.jsx
FN:3,Login
FN:21,(anonymous_1)
FN:24,(anonymous_2)
FNF:3
FNH:3
FNDA:2,Login
FNDA:2,(anonymous_1)
FNDA:1,(anonymous_2)
DA:4,2
DA:6,2
DA:7,1
DA:17,1
DA:22,2
DA:24,1
LF:6
LH:6
BRDA:6,0,0,1
BRDA:6,0,1,1
BRF:2
BRH:2
end_of_record
TN:
SF:src/components/MiniAnalytics.jsx
FN:4,MiniAnalytics
FN:10,(anonymous_1)
FN:16,(anonymous_2)
FN:22,(anonymous_3)
FN:28,(anonymous_4)
FN:36,(anonymous_5)
FNF:6
FNH:0
FNDA:0,MiniAnalytics
FNDA:0,(anonymous_1)
FNDA:0,(anonymous_2)
FNDA:0,(anonymous_3)
FNDA:0,(anonymous_4)
FNDA:0,(anonymous_5)
DA:5,0
DA:7,0
DA:10,0
DA:16,0
DA:22,0
DA:28,0
DA:34,0
DA:37,0
LF:8
LH:0
BRF:0
BRH:0
end_of_record
TN:
SF:src/components/Navigation.jsx
FN:7,classNames
FN:11,Navigation
FN:32,(anonymous_2)
FN:37,(anonymous_3)
FN:52,(anonymous_4)
FNF:5
FNH:5
FNDA:9,classNames
FNDA:2,Navigation
FNDA:8,(anonymous_2)
FNDA:8,(anonymous_3)
FNDA:1,(anonymous_4)
DA:3,1
DA:8,9
DA:12,2
DA:13,2
DA:14,2
DA:15,2
DA:23,2
DA:33,8
DA:38,8
DA:53,1
LF:10
LH:10
BRDA:14,0,0,2
BRDA:14,0,1,1
BRDA:18,1,0,2
BRDA:18,1,1,1
BRDA:19,2,0,2
BRDA:19,2,1,1
BRDA:39,3,0,2
BRDA:39,3,1,6
BRDA:49,4,0,2
BRDA:49,4,1,1
BRDA:54,5,0,0
BRDA:54,5,1,1
BRDA:60,6,0,2
BRDA:60,6,1,1
BRF:14
BRH:13
end_of_record
TN:
SF:src/components/NotificationMenu.jsx
FN:8,NotificationMenu
FN:36,(anonymous_1)
FN:38,(anonymous_2)
FN:48,(anonymous_3)
FNF:4
FNH:4
FNDA:6,NotificationMenu
FNDA:6,(anonymous_1)
FNDA:6,(anonymous_2)
FNDA:1,(anonymous_3)
DA:5,1
DA:9,6
DA:11,6
DA:37,6
DA:39,6
DA:48,1
LF:6
LH:6
BRDA:16,0,0,6
BRDA:16,0,1,6
BRDA:16,0,2,4
BRDA:31,1,0,6
BRDA:31,1,1,4
BRDA:36,2,0,6
BRDA:36,2,1,6
BRDA:41,3,0,0
BRDA:41,3,1,6
BRDA:47,4,0,6
BRDA:47,4,1,3
BRDA:54,5,0,6
BRDA:54,5,1,3
BRDA:60,6,0,6
BRDA:60,6,1,6
BRDA:60,6,2,2
BRF:16
BRH:15
end_of_record
TN:
SF:src/components/RoleManagement.jsx
FN:12,RoleManagement
FN:15,(anonymous_1)
FN:20,(anonymous_2)
FN:38,(anonymous_3)
FN:49,(anonymous_4)
FN:52,(anonymous_5)
FN:65,(anonymous_6)
FNF:7
FNH:7
FNDA:3,RoleManagement
FNDA:1,(anonymous_1)
FNDA:5,(anonymous_2)
FNDA:6,(anonymous_3)
FNDA:1,(anonymous_4)
FNDA:4,(anonymous_5)
FNDA:1,(anonymous_6)
DA:5,1
DA:13,3
DA:15,3
DA:16,1
DA:17,1
DA:20,3
DA:21,5
DA:23,2
DA:25,0
DA:27,3
DA:29,0
DA:31,0
DA:35,3
DA:39,6
DA:49,1
DA:53,4
DA:65,1
LF:17
LH:14
BRDA:21,0,0,2
BRDA:21,0,1,0
BRDA:21,0,2,3
BRDA:21,0,3,0
BRDA:21,0,4,0
BRDA:46,1,0,1
BRDA:46,1,1,5
BRDA:63,2,0,5
BRDA:63,2,1,2
BRF:9
BRH:6
end_of_record
TN:
SF:src/components/SeriesApplicationModal.jsx
FN:5,SeriesApplicationModal
FN:10,(anonymous_1)
FN:12,(anonymous_2)
FN:13,(anonymous_3)
FN:15,(anonymous_4)
FN:20,(anonymous_5)
FN:28,(anonymous_6)
FN:30,(anonymous_7)
FN:31,(anonymous_8)
FN:32,(anonymous_9)
FN:35,(anonymous_10)
FN:37,(anonymous_11)
FN:42,(anonymous_12)
FN:43,(anonymous_13)
FN:46,(anonymous_14)
FN:48,(anonymous_15)
FN:53,(anonymous_16)
FN:54,(anonymous_17)
FN:83,(anonymous_18)
FN:89,(anonymous_19)
FN:95,(anonymous_20)
FN:120,(anonymous_21)
FN:126,(anonymous_22)
FNF:23
FNH:12
FNDA:13,SeriesApplicationModal
FNDA:18,(anonymous_1)
FNDA:1,(anonymous_2)
FNDA:1,(anonymous_3)
FNDA:0,(anonymous_4)
FNDA:1,(anonymous_5)
FNDA:1,(anonymous_6)
FNDA:3,(anonymous_7)
FNDA:2,(anonymous_8)
FNDA:1,(anonymous_9)
FNDA:0,(anonymous_10)
FNDA:0,(anonymous_11)
FNDA:0,(anonymous_12)
FNDA:0,(anonymous_13)
FNDA:0,(anonymous_14)
FNDA:0,(anonymous_15)
FNDA:0,(anonymous_16)
FNDA:0,(anonymous_17)
FNDA:1,(anonymous_18)
FNDA:0,(anonymous_19)
FNDA:0,(anonymous_20)
FNDA:11,(anonymous_21)
FNDA:1,(anonymous_22)
DA:6,13
DA:7,13
DA:8,13
DA:10,18
DA:12,13
DA:13,1
DA:14,1
DA:15,0
DA:20,13
DA:21,1
DA:22,1
DA:23,1
DA:24,1
DA:28,13
DA:29,1
DA:30,3
DA:31,2
DA:32,1
DA:35,13
DA:36,0
DA:38,0
DA:39,0
DA:40,0
DA:42,0
DA:43,0
DA:46,13
DA:47,0
DA:49,0
DA:50,0
DA:51,0
DA:53,0
DA:54,0
DA:57,13
DA:59,5
DA:83,1
DA:89,0
DA:95,0
DA:121,11
DA:126,1
LF:39
LH:24
BRDA:5,0,0,0
BRDA:14,1,0,0
BRDA:14,1,1,1
BRDA:21,2,0,1
BRDA:21,2,1,0
BRDA:40,3,0,0
BRDA:40,3,1,0
BRDA:51,4,0,0
BRDA:51,4,1,0
BRDA:51,4,2,0
BRDA:57,5,0,8
BRDA:57,5,1,5
BRDA:116,6,0,0
BRDA:116,6,1,5
BRDA:131,7,0,11
BRDA:131,7,1,0
BRDA:152,8,0,4
BRDA:152,8,1,1
BRF:18
BRH:8
end_of_record
TN:
SF:src/components/ShiftTable.jsx
FN:8,ShiftTable
FN:14,(anonymous_1)
FN:27,(anonymous_2)
FN:32,(anonymous_3)
FN:37,(anonymous_4)
FN:41,(anonymous_5)
FN:50,(anonymous_6)
FN:88,(anonymous_7)
FN:95,(anonymous_8)
FN:105,(anonymous_9)
FN:126,(anonymous_10)
FN:129,(anonymous_11)
FN:132,(anonymous_12)
FN:140,(anonymous_13)
FN:147,ShiftTableComponent
FNF:15
FNH:11
FNDA:8,ShiftTable
FNDA:7,(anonymous_1)
FNDA:2,(anonymous_2)
FNDA:2,(anonymous_3)
FNDA:1,(anonymous_4)
FNDA:1,(anonymous_5)
FNDA:7,(anonymous_6)
FNDA:2,(anonymous_7)
FNDA:2,(anonymous_8)
FNDA:1,(anonymous_9)
FNDA:7,(anonymous_10)
FNDA:0,(anonymous_11)
FNDA:0,(anonymous_12)
FNDA:0,(anonymous_13)
FNDA:0,ShiftTableComponent
DA:9,8
DA:10,8
DA:11,8
DA:12,8
DA:14,8
DA:15,7
DA:17,5
DA:19,2
DA:21,0
DA:23,0
DA:27,8
DA:28,2
DA:29,1
DA:32,8
DA:33,2
DA:34,2
DA:37,8
DA:38,1
DA:41,1
DA:47,8
DA:51,7
DA:88,2
DA:95,2
DA:105,1
DA:126,7
DA:129,0
DA:132,0
DA:140,0
DA:148,0
LF:29
LH:23
BRDA:8,0,0,8
BRDA:12,1,0,8
BRDA:12,1,1,2
BRDA:15,2,0,5
BRDA:15,2,1,2
BRDA:15,2,2,0
BRDA:15,2,3,0
BRDA:28,3,0,1
BRDA:28,3,1,1
BRDA:29,4,0,1
BRDA:29,4,1,0
BRDA:33,5,0,0
BRDA:33,5,1,2
BRDA:34,6,0,2
BRDA:34,6,1,0
BRDA:55,7,0,5
BRDA:55,7,1,2
BRDA:67,8,0,7
BRDA:67,8,1,0
BRDA:77,9,0,7
BRDA:77,9,1,2
BRDA:83,10,0,7
BRDA:83,10,1,7
BRDA:85,11,0,7
BRDA:85,11,1,5
BRDA:93,12,0,5
BRDA:93,12,1,2
BRDA:103,13,0,7
BRDA:103,13,1,2
BRDA:103,13,2,2
BRDA:115,14,0,7
BRDA:115,14,1,0
BRDA:126,15,0,8
BRDA:126,15,1,8
BRDA:126,15,2,0
BRF:35
BRH:27
end_of_record
TN:
SF:src/components/ShiftTemplateManager.jsx
FN:4,ShiftTemplateManager
FN:14,(anonymous_1)
FN:19,(anonymous_2)
FN:21,(anonymous_3)
FN:26,(anonymous_4)
FN:36,(anonymous_5)
FN:41,(anonymous_6)
FN:82,(anonymous_7)
FN:86,(anonymous_8)
FN:116,(anonymous_9)
FN:123,(anonymous_10)
FN:126,(anonymous_11)
FNF:12
FNH:11
FNDA:11,ShiftTemplateManager
FNDA:4,(anonymous_1)
FNDA:1,(anonymous_2)
FNDA:0,(anonymous_3)
FNDA:2,(anonymous_4)
FNDA:1,(anonymous_5)
FNDA:2,(anonymous_6)
FNDA:77,(anonymous_7)
FNDA:1,(anonymous_8)
FNDA:11,(anonymous_9)
FNDA:1,(anonymous_10)
FNDA:1,(anonymous_11)
DA:5,11
DA:6,11
DA:7,11
DA:14,11
DA:15,4
DA:16,4
DA:19,11
DA:20,1
DA:21,0
DA:23,1
DA:26,11
DA:27,2
DA:28,2
DA:29,1
DA:31,1
DA:33,2
DA:36,11
DA:37,1
DA:38,1
DA:41,11
DA:42,2
DA:43,2
DA:46,11
DA:48,11
DA:83,77
DA:86,1
DA:117,11
DA:123,1
DA:126,1
LF:29
LH:28
BRDA:20,0,0,0
BRDA:20,0,1,1
BRDA:28,1,0,1
BRDA:28,1,1,1
BRDA:88,2,0,5
BRDA:88,2,1,72
BRDA:100,3,0,2
BRDA:100,3,1,9
BRDA:102,4,0,11
BRDA:102,4,1,2
BRF:10
BRH:9
end_of_record
TN:
SF:src/components/ThemeToggle.jsx
FN:4,ThemeToggle
FN:10,(anonymous_1)
FNF:2
FNH:2
FNDA:5,ThemeToggle
FNDA:3,(anonymous_1)
DA:5,5
DA:7,5
DA:10,3
LF:3
LH:3
BRDA:14,0,0,2
BRDA:14,0,1,3
BRF:2
BRH:2
end_of_record
TN:
SF:src/contexts/AuthContext.jsx
FN:14,AuthProvider
FN:17,(anonymous_1)
FN:25,(anonymous_2)
FN:30,(anonymous_3)
FNF:4
FNH:4
FNDA:8,AuthProvider
FNDA:2,(anonymous_1)
FNDA:1,(anonymous_2)
FNDA:4,(anonymous_3)
DA:3,8
DA:7,8
DA:15,8
DA:17,8
DA:18,2
DA:19,2
DA:20,2
DA:21,2
DA:25,8
DA:26,1
DA:27,1
DA:30,8
DA:31,4
DA:32,4
DA:33,1
DA:34,1
DA:36,1
DA:37,1
DA:38,0
DA:39,0
DA:41,1
DA:46,8
LF:22
LH:20
BRDA:19,0,0,2
BRDA:19,0,1,0
BRDA:32,1,0,1
BRDA:32,1,1,3
BRDA:37,2,0,0
BRDA:37,2,1,1
BRDA:37,3,0,1
BRDA:37,3,1,1
BRF:8
BRH:6
end_of_record
TN:
SF:src/contexts/ShiftContext.jsx
FN:10,ShiftProvider
FN:12,(anonymous_1)
FN:16,(anonymous_2)
FN:29,(anonymous_3)
FN:29,(anonymous_4)
FN:39,(anonymous_5)
FN:42,(anonymous_6)
FN:43,(anonymous_7)
FN:45,(anonymous_8)
FN:53,(anonymous_9)
FN:60,(anonymous_10)
FN:78,(anonymous_11)
FN:80,(anonymous_12)
FN:82,(anonymous_13)
FN:86,(anonymous_14)
FN:90,(anonymous_15)
FN:92,(anonymous_16)
FN:97,(anonymous_17)
FN:98,(anonymous_18)
FN:101,(anonymous_19)
FN:102,(anonymous_20)
FN:104,(anonymous_21)
FN:110,(anonymous_22)
FN:111,(anonymous_23)
FN:114,(anonymous_24)
FN:119,(anonymous_25)
FN:121,(anonymous_26)
FN:124,(anonymous_27)
FN:130,(anonymous_28)
FN:131,(anonymous_29)
FN:133,(anonymous_30)
FN:143,(anonymous_31)
FN:143,(anonymous_32)
FN:144,(anonymous_33)
FN:144,(anonymous_34)
FNF:35
FNH:25
FNDA:30,ShiftProvider
FNDA:12,(anonymous_1)
FNDA:12,(anonymous_2)
FNDA:221,(anonymous_3)
FNDA:4401,(anonymous_4)
FNDA:28,(anonymous_5)
FNDA:20,(anonymous_6)
FNDA:24,(anonymous_7)
FNDA:28,(anonymous_8)
FNDA:0,(anonymous_9)
FNDA:0,(anonymous_10)
FNDA:0,(anonymous_11)
FNDA:0,(anonymous_12)
FNDA:0,(anonymous_13)
FNDA:1,(anonymous_14)
FNDA:1,(anonymous_15)
FNDA:20,(anonymous_16)
FNDA:0,(anonymous_17)
FNDA:0,(anonymous_18)
FNDA:0,(anonymous_19)
FNDA:0,(anonymous_20)
FNDA:0,(anonymous_21)
FNDA:1,(anonymous_22)
FNDA:1,(anonymous_23)
FNDA:20,(anonymous_24)
FNDA:2,(anonymous_25)
FNDA:2,(anonymous_26)
FNDA:21,(anonymous_27)
FNDA:1,(anonymous_28)
FNDA:1,(anonymous_29)
FNDA:30,(anonymous_30)
FNDA:5,(anonymous_31)
FNDA:80,(anonymous_32)
FNDA:5,(anonymous_33)
FNDA:80,(anonymous_34)
DA:8,7
DA:11,30
DA:12,30
DA:14,30
DA:16,30
DA:17,12
DA:18,12
DA:19,12
DA:20,12
DA:21,12
DA:22,9
DA:24,12
DA:25,8
DA:26,8
DA:29,4401
DA:30,12
DA:31,12
DA:32,7
DA:34,12
DA:35,8
DA:39,30
DA:40,28
DA:42,30
DA:43,30
DA:45,30
DA:46,28
DA:47,0
DA:48,0
DA:49,0
DA:50,0
DA:51,0
DA:52,0
DA:53,0
DA:54,0
DA:55,0
DA:56,0
DA:57,0
DA:59,0
DA:60,0
DA:61,0
DA:75,0
DA:77,0
DA:78,0
DA:80,0
DA:82,0
DA:86,30
DA:87,1
DA:88,1
DA:90,1
DA:91,1
DA:92,20
DA:93,1
DA:97,30
DA:98,0
DA:99,0
DA:101,0
DA:102,0
DA:103,0
DA:104,0
DA:105,0
DA:110,30
DA:111,1
DA:112,1
DA:113,1
DA:114,20
DA:115,1
DA:119,30
DA:120,2
DA:121,2
DA:122,2
DA:123,2
DA:124,21
DA:125,2
DA:126,2
DA:130,30
DA:131,30
DA:133,30
DA:143,80
DA:144,80
DA:147,30
LF:80
LH:54
BRDA:11,0,0,30
BRDA:11,0,1,0
BRDA:12,1,0,12
BRDA:12,1,1,0
BRDA:21,2,0,9
BRDA:21,2,1,3
BRDA:24,3,0,8
BRDA:24,3,1,4
BRDA:31,4,0,7
BRDA:31,4,1,5
BRDA:34,5,0,8
BRDA:34,5,1,4
BRDA:40,6,0,16
BRDA:40,6,1,12
BRDA:46,7,0,28
BRDA:46,7,1,0
BRDA:54,8,0,0
BRDA:54,8,1,0
BRDA:57,9,0,0
BRDA:57,9,1,0
BRDA:60,10,0,0
BRDA:60,10,1,0
BRDA:75,11,0,0
BRDA:75,11,1,0
BRDA:91,12,0,1
BRDA:91,12,1,0
BRDA:103,13,0,0
BRDA:103,13,1,0
BRDA:112,14,0,1
BRDA:112,14,1,0
BRDA:122,15,0,2
BRDA:122,15,1,0
BRF:32
BRH:16
end_of_record
TN:
SF:src/contexts/ShiftContextCore.js
FN:13,buildShiftId
FN:18,normalizeGeneratedShifts
FN:19,(anonymous_2)
FN:32,shiftReducer
FN:41,(anonymous_4)
FN:44,(anonymous_5)
FN:61,(anonymous_6)
FN:63,(anonymous_7)
FN:65,(anonymous_8)
FNF:9
FNH:8
FNDA:160,buildShiftId
FNDA:8,normalizeGeneratedShifts
FNDA:160,(anonymous_2)
FNDA:38,shiftReducer
FNDA:61,(anonymous_4)
FNDA:21,(anonymous_5)
FNDA:1,(anonymous_6)
FNDA:2,(anonymous_7)
FNDA:0,(anonymous_8)
DA:3,7
DA:14,160
DA:15,160
DA:19,160
DA:33,38
DA:35,12
DA:37,0
DA:39,0
DA:41,61
DA:43,2
DA:44,21
DA:47,7
DA:49,1
DA:51,0
DA:53,8
DA:55,0
DA:57,2
DA:59,0
DA:61,1
DA:63,2
DA:65,0
DA:67,0
LF:22
LH:15
BRDA:14,0,0,160
BRDA:14,0,1,0
BRDA:33,1,0,12
BRDA:33,1,1,0
BRDA:33,1,2,0
BRDA:33,1,3,4
BRDA:33,1,4,2
BRDA:33,1,5,7
BRDA:33,1,6,1
BRDA:33,1,7,0
BRDA:33,1,8,8
BRDA:33,1,9,0
BRDA:33,1,10,2
BRDA:33,1,11,0
BRDA:33,1,12,1
BRDA:33,1,13,1
BRDA:33,1,14,0
BRDA:33,1,15,0
BRDA:41,2,0,4
BRDA:41,2,1,57
BRDA:44,3,0,2
BRDA:44,3,1,19
BRDA:61,4,0,1
BRDA:61,4,1,0
BRF:24
BRH:15
end_of_record
TN:
SF:src/contexts/ShiftTemplateContext.jsx
FN:6,ShiftTemplateProviderImpl
FN:7,(anonymous_1)
FN:16,(anonymous_2)
FN:22,(anonymous_3)
FN:24,(anonymous_4)
FN:27,(anonymous_5)
FN:28,(anonymous_6)
FN:28,(anonymous_7)
FN:31,(anonymous_8)
FN:32,(anonymous_9)
FN:32,(anonymous_10)
FN:35,(anonymous_11)
FN:40,ShiftTemplateProvider
FNF:13
FNH:5
FNDA:1,ShiftTemplateProviderImpl
FNDA:1,(anonymous_1)
FNDA:1,(anonymous_2)
FNDA:0,(anonymous_3)
FNDA:0,(anonymous_4)
FNDA:0,(anonymous_5)
FNDA:0,(anonymous_6)
FNDA:0,(anonymous_7)
FNDA:0,(anonymous_8)
FNDA:0,(anonymous_9)
FNDA:0,(anonymous_10)
FNDA:1,(anonymous_11)
FNDA:1,ShiftTemplateProvider
DA:7,1
DA:8,1
DA:9,1
DA:10,1
DA:12,0
DA:16,1
DA:17,1
DA:18,1
DA:22,1
DA:23,0
DA:24,0
DA:27,1
DA:28,0
DA:31,1
DA:32,0
DA:35,1
DA:37,1
DA:41,1
LF:18
LH:13
BRDA:10,0,0,0
BRDA:10,0,1,1
BRDA:28,1,0,0
BRDA:28,1,1,0
BRF:4
BRH:1
end_of_record
TN:
SF:src/contexts/ShiftTemplateContextCore.js
FNF:0
FNH:0
DA:3,7
LF:1
LH:1
BRF:0
BRH:0
end_of_record
TN:
SF:src/contexts/ThemeContext.jsx
FN:15,themeReducer
FN:40,ThemeProvider
FN:44,(anonymous_2)
FNF:3
FNH:3
FNDA:3,themeReducer
FNDA:5,ThemeProvider
FNDA:5,(anonymous_2)
DA:4,1
DA:16,3
DA:18,3
DA:36,0
DA:41,5
DA:44,5
DA:45,5
DA:48,5
LF:8
LH:7
BRDA:16,0,0,3
BRDA:16,0,1,0
BRDA:21,1,0,1
BRDA:21,1,1,2
BRDA:45,2,0,2
BRDA:45,2,1,3
BRF:6
BRH:5
end_of_record
TN:
SF:src/contexts/ThemeContextCore.js
FNF:0
FNH:0
DA:3,1
LF:1
LH:1
BRF:0
BRH:0
end_of_record
TN:
SF:src/contexts/useAuth.js
FN:4,useAuth
FNF:1
FNH:1
FNDA:7,useAuth
DA:5,7
LF:1
LH:1
BRF:0
BRH:0
end_of_record
TN:
SF:src/contexts/useShiftTemplates.js
FN:6,useShiftTemplates
FN:8,(anonymous_1)
FN:10,(anonymous_2)
FN:11,(anonymous_3)
FN:12,(anonymous_4)
FNF:5
FNH:2
FNDA:30,useShiftTemplates
FNDA:12,(anonymous_1)
FNDA:0,(anonymous_2)
FNDA:0,(anonymous_3)
FNDA:0,(anonymous_4)
DA:7,30
DA:8,30
LF:2
LH:2
BRDA:8,0,0,12
BRDA:8,0,1,11
BRF:2
BRH:2
end_of_record
TN:
SF:src/contexts/useShifts.js
FN:4,useShifts
FNF:1
FNH:1
FNDA:35,useShifts
DA:5,35
DA:6,35
DA:7,35
LF:3
LH:3
BRDA:6,0,0,0
BRDA:6,0,1,35
BRF:2
BRH:1
end_of_record
TN:
SF:src/contexts/useTheme.js
FN:4,useTheme
FNF:1
FNH:1
FNDA:5,useTheme
DA:5,5
DA:6,5
DA:7,0
DA:9,5
LF:4
LH:3
BRDA:6,0,0,0
BRDA:6,0,1,5
BRF:2
BRH:1
end_of_record
TN:
SF:src/pages/Administration.jsx
FN:5,Administration
FNF:1
FNH:0
FNDA:0,Administration
DA:6,0
LF:1
LH:0
BRF:0
BRH:0
end_of_record
TN:
SF:src/pages/Audit.jsx
FN:30,Audit
FN:41,(anonymous_1)
FN:55,(anonymous_2)
FN:56,(anonymous_3)
FN:95,classNames
FNF:5
FNH:0
FNDA:0,Audit
FNDA:0,(anonymous_1)
FNDA:0,(anonymous_2)
FNDA:0,(anonymous_3)
FNDA:0,classNames
DA:3,0
DA:31,0
DA:32,0
DA:34,0
DA:41,0
DA:55,0
DA:57,0
DA:96,0
LF:8
LH:0
BRDA:55,0,0,0
BRDA:55,0,1,0
BRDA:65,1,0,0
BRDA:65,1,1,0
BRDA:66,2,0,0
BRDA:66,2,1,0
BRF:6
BRH:0
end_of_record
TN:
SF:src/pages/Calendar.jsx
FN:8,(anonymous_0)
FN:13,buildDate
FN:17,combine
FN:25,getShiftSpanForDay
FN:50,Calendar
FN:57,(anonymous_5)
FN:66,(anonymous_6)
FN:77,(anonymous_7)
FN:83,(anonymous_8)
FN:88,(anonymous_9)
FN:107,(anonymous_10)
FN:114,(anonymous_11)
FN:121,(anonymous_12)
FN:143,(anonymous_13)
FN:157,(anonymous_14)
FN:165,(anonymous_15)
FN:172,(anonymous_16)
FN:182,(anonymous_17)
FN:185,(anonymous_18)
FN:193,(anonymous_19)
FNF:20
FNH:0
FNDA:0,(anonymous_0)
FNDA:0,buildDate
FNDA:0,combine
FNDA:0,getShiftSpanForDay
FNDA:0,Calendar
FNDA:0,(anonymous_5)
FNDA:0,(anonymous_6)
FNDA:0,(anonymous_7)
FNDA:0,(anonymous_8)
FNDA:0,(anonymous_9)
FNDA:0,(anonymous_10)
FNDA:0,(anonymous_11)
FNDA:0,(anonymous_12)
FNDA:0,(anonymous_13)
FNDA:0,(anonymous_14)
FNDA:0,(anonymous_15)
FNDA:0,(anonymous_16)
FNDA:0,(anonymous_17)
FNDA:0,(anonymous_18)
FNDA:0,(anonymous_19)
DA:7,0
DA:8,0
DA:9,0
DA:10,0
DA:11,0
DA:14,0
DA:18,0
DA:19,0
DA:20,0
DA:21,0
DA:22,0
DA:27,0
DA:28,0
DA:29,0
DA:31,0
DA:33,0
DA:34,0
DA:35,0
DA:36,0
DA:39,0
DA:41,0
DA:42,0
DA:43,0
DA:44,0
DA:45,0
DA:46,0
DA:47,0
DA:51,0
DA:52,0
DA:54,0
DA:55,0
DA:57,0
DA:58,0
DA:59,0
DA:61,0
DA:62,0
DA:63,0
DA:64,0
DA:65,0
DA:66,0
DA:68,0
DA:69,0
DA:70,0
DA:71,0
DA:72,0
DA:74,0
DA:77,0
DA:78,0
DA:79,0
DA:80,0
DA:83,0
DA:85,0
DA:88,0
DA:89,0
DA:91,0
DA:95,0
DA:107,0
DA:114,0
DA:121,0
DA:144,0
DA:145,0
DA:146,0
DA:158,0
DA:166,0
DA:167,0
DA:168,0
DA:169,0
DA:170,0
DA:171,0
DA:172,0
DA:173,0
DA:174,0
DA:175,0
DA:176,0
DA:177,0
DA:179,0
DA:183,0
DA:186,0
DA:187,0
DA:188,0
DA:193,0
LF:81
LH:0
BRDA:14,0,0,0
BRDA:14,0,1,0
BRDA:19,1,0,0
BRDA:19,1,1,0
BRDA:21,2,0,0
BRDA:21,2,1,0
BRDA:29,3,0,0
BRDA:29,3,1,0
BRDA:39,4,0,0
BRDA:39,4,1,0
BRDA:39,5,0,0
BRDA:39,5,1,0
BRDA:41,6,0,0
BRDA:41,6,1,0
BRDA:42,7,0,0
BRDA:42,7,1,0
BRDA:55,8,0,0
BRDA:55,8,1,0
BRDA:62,9,0,0
BRDA:62,9,1,0
BRDA:71,10,0,0
BRDA:71,10,1,0
BRDA:72,11,0,0
BRDA:72,11,1,0
BRDA:89,12,0,0
BRDA:89,12,1,0
BRDA:126,13,0,0
BRDA:126,13,1,0
BRDA:176,14,0,0
BRDA:176,14,1,0
BRDA:177,15,0,0
BRDA:177,15,1,0
BRDA:187,16,0,0
BRDA:187,16,1,0
BRDA:194,17,0,0
BRDA:194,17,1,0
BRDA:196,18,0,0
BRDA:196,18,1,0
BRDA:197,19,0,0
BRDA:197,19,1,0
BRF:40
BRH:0
end_of_record
TN:
SF:src/pages/Dashboard.jsx
FN:11,QuickFilters
FN:22,(anonymous_1)
FN:25,(anonymous_2)
FN:35,Dashboard
FN:40,(anonymous_4)
FN:82,(anonymous_5)
FNF:6
FNH:0
FNDA:0,QuickFilters
FNDA:0,(anonymous_1)
FNDA:0,(anonymous_2)
FNDA:0,Dashboard
FNDA:0,(anonymous_4)
FNDA:0,(anonymous_5)
DA:12,0
DA:20,0
DA:23,0
DA:25,0
DA:36,0
DA:37,0
DA:38,0
DA:40,0
DA:41,0
DA:42,0
DA:44,0
DA:46,0
DA:48,0
DA:49,0
DA:52,0
DA:54,0
DA:56,0
DA:58,0
DA:62,0
DA:82,0
LF:20
LH:0
BRDA:44,0,0,0
BRDA:44,0,1,0
BRDA:44,0,2,0
BRDA:44,0,3,0
BRDA:44,0,4,0
BRDA:44,0,5,0
BRDA:79,1,0,0
BRDA:79,1,1,0
BRF:8
BRH:0
end_of_record
TN:
SF:src/pages/TestPage.jsx
FN:5,TestPage
FN:10,(anonymous_1)
FN:11,(anonymous_2)
FN:19,(anonymous_3)
FN:83,(anonymous_4)
FN:167,(anonymous_5)
FNF:6
FNH:0
FNDA:0,TestPage
FNDA:0,(anonymous_1)
FNDA:0,(anonymous_2)
FNDA:0,(anonymous_3)
FNDA:0,(anonymous_4)
FNDA:0,(anonymous_5)
DA:6,0
DA:7,0
DA:8,0
DA:10,0
DA:11,0
DA:19,0
DA:20,0
DA:21,0
DA:24,0
DA:25,0
DA:26,0
DA:32,0
DA:36,0
DA:37,0
DA:38,0
DA:44,0
DA:48,0
DA:49,0
DA:58,0
DA:59,0
DA:65,0
DA:69,0
DA:70,0
DA:71,0
DA:77,0
DA:80,0
DA:83,0
DA:84,0
DA:92,0
DA:93,0
DA:95,0
DA:96,0
DA:97,0
DA:98,0
DA:99,0
DA:100,0
DA:101,0
DA:104,0
DA:168,0
LF:39
LH:0
BRDA:10,0,0,0
BRDA:28,1,0,0
BRDA:28,1,1,0
BRDA:29,2,0,0
BRDA:29,2,1,0
BRDA:116,3,0,0
BRDA:116,3,1,0
BRDA:122,4,0,0
BRDA:122,4,1,0
BRDA:143,5,0,0
BRDA:143,5,1,0
BRDA:163,6,0,0
BRDA:163,6,1,0
BRDA:171,7,0,0
BRDA:171,7,1,0
BRDA:172,8,0,0
BRDA:172,8,1,0
BRDA:173,9,0,0
BRDA:173,9,1,0
BRDA:185,10,0,0
BRDA:185,10,1,0
BRDA:186,11,0,0
BRDA:186,11,1,0
BRDA:187,12,0,0
BRDA:187,12,1,0
BRF:25
BRH:0
end_of_record
TN:
SF:src/services/firebaseConfig.js
FN:13,isFirebaseConfigured
FNF:1
FNH:0
FNDA:0,isFirebaseConfigured
DA:8,0
DA:9,0
DA:10,0
DA:14,0
DA:15,0
DA:16,0
DA:18,0
DA:20,0
LF:8
LH:0
BRDA:16,0,0,0
BRDA:16,0,1,0
BRDA:21,1,0,0
BRDA:21,1,1,0
BRDA:21,1,2,0
BRF:5
BRH:0
end_of_record
TN:
SF:src/services/migrationService.js
FN:6,(anonymous_0)
FN:29,(anonymous_1)
FN:36,(anonymous_2)
FN:60,(anonymous_3)
FN:83,(anonymous_4)
FN:93,(anonymous_5)
FNF:6
FNH:0
FNDA:0,(anonymous_0)
FNDA:0,(anonymous_1)
FNDA:0,(anonymous_2)
FNDA:0,(anonymous_3)
FNDA:0,(anonymous_4)
FNDA:0,(anonymous_5)
DA:7,0
DA:15,0
DA:16,0
DA:18,0
DA:19,0
DA:20,0
DA:21,0
DA:22,0
DA:23,0
DA:24,0
DA:26,0
DA:30,0
DA:31,0
DA:33,0
DA:35,0
DA:36,0
DA:37,0
DA:38,0
DA:45,0
DA:50,0
DA:52,0
DA:53,0
DA:55,0
DA:56,0
DA:61,0
DA:62,0
DA:63,0
DA:65,0
DA:66,0
DA:68,0
DA:75,0
DA:76,0
DA:78,0
DA:79,0
DA:84,0
DA:85,0
DA:86,0
DA:91,0
DA:92,0
DA:93,0
DA:99,0
DA:100,0
DA:102,0
DA:103,0
DA:104,0
DA:105,0
DA:106,0
DA:107,0
DA:108,0
DA:110,0
DA:112,0
DA:113,0
LF:52
LH:0
BRDA:8,0,0,0
BRDA:8,0,1,0
BRDA:9,1,0,0
BRDA:9,1,1,0
BRDA:35,2,0,0
BRDA:35,2,1,0
BRDA:35,3,0,0
BRDA:35,3,1,0
BRDA:65,4,0,0
BRDA:65,4,1,0
BRDA:66,5,0,0
BRDA:66,5,1,0
BRF:12
BRH:0
end_of_record
TN:
SF:src/services/sharePointService.js
FN:8,(anonymous_0)
FN:18,(anonymous_1)
FN:34,(anonymous_2)
FN:58,(anonymous_3)
FN:90,(anonymous_4)
FN:122,(anonymous_5)
FN:142,(anonymous_6)
FN:174,(anonymous_7)
FN:190,(anonymous_8)
FN:203,(anonymous_9)
FN:215,(anonymous_10)
FN:220,(anonymous_11)
FN:233,(anonymous_12)
FN:235,(anonymous_13)
FN:242,(anonymous_14)
FN:251,(anonymous_15)
FN:258,(anonymous_16)
FNF:17
FNH:9
FNDA:7,(anonymous_0)
FNDA:2,(anonymous_1)
FNDA:2,(anonymous_2)
FNDA:2,(anonymous_3)
FNDA:0,(anonymous_4)
FNDA:0,(anonymous_5)
FNDA:0,(anonymous_6)
FNDA:2,(anonymous_7)
FNDA:1,(anonymous_8)
FNDA:0,(anonymous_9)
FNDA:1,(anonymous_10)
FNDA:1,(anonymous_11)
FNDA:0,(anonymous_12)
FNDA:0,(anonymous_13)
FNDA:0,(anonymous_14)
FNDA:0,(anonymous_15)
FNDA:2,(anonymous_16)
DA:9,7
DA:10,7
DA:21,2
DA:30,1
DA:31,1
DA:35,2
DA:36,2
DA:38,2
DA:45,1
DA:46,0
DA:49,1
DA:50,1
DA:52,1
DA:54,1
DA:59,2
DA:60,2
DA:61,1
DA:63,1
DA:77,1
DA:78,0
DA:81,1
DA:82,1
DA:84,1
DA:86,1
DA:91,0
DA:92,0
DA:93,0
DA:95,0
DA:111,0
DA:112,0
DA:115,0
DA:117,0
DA:118,0
DA:123,0
DA:124,0
DA:134,0
DA:135,0
DA:137,0
DA:138,0
DA:143,0
DA:144,0
DA:145,0
DA:153,0
DA:167,0
DA:169,0
DA:175,2
DA:191,1
DA:204,0
DA:216,1
DA:217,1
DA:221,1
DA:222,1
DA:228,1
DA:229,1
DA:230,1
DA:234,0
DA:235,0
DA:236,0
DA:238,0
DA:239,0
DA:244,0
DA:254,0
DA:259,2
DA:260,2
DA:264,1
DA:266,1
DA:272,1
LF:67
LH:36
BRDA:34,0,0,2
BRDA:45,1,0,0
BRDA:45,1,1,1
BRDA:77,2,0,0
BRDA:77,2,1,1
BRDA:111,3,0,0
BRDA:111,3,1,0
BRDA:176,4,0,2
BRDA:176,4,1,0
BRDA:181,5,0,2
BRDA:181,5,1,0
BRDA:182,6,0,0
BRDA:182,6,1,2
BRDA:183,7,0,2
BRDA:183,7,1,0
BRDA:184,8,0,2
BRDA:184,8,1,0
BRDA:193,9,0,0
BRDA:193,9,1,1
BRDA:199,10,0,1
BRDA:199,10,1,0
BRDA:205,11,0,0
BRDA:205,11,1,0
BRDA:216,12,0,1
BRDA:216,12,1,0
BRDA:217,13,0,1
BRDA:217,13,1,0
BRDA:221,14,0,1
BRDA:221,14,1,1
BRDA:228,15,0,1
BRDA:228,15,1,0
BRDA:234,16,0,0
BRDA:234,16,1,0
BRDA:236,17,0,0
BRDA:236,17,1,0
BRDA:254,18,0,0
BRDA:254,18,1,0
BRF:37
BRH:15
end_of_record
TN:
SF:src/services/shiftGenerationService.js
FN:13,generateShifts
FN:21,(anonymous_1)
FN:22,(anonymous_2)
FNF:3
FNH:3
FNDA:2,generateShifts
FNDA:30,(anonymous_1)
FNDA:70,(anonymous_2)
DA:3,1
DA:14,2
DA:15,2
DA:17,2
DA:18,20
DA:19,20
DA:21,20
DA:22,70
DA:23,10
DA:35,2
LF:10
LH:10
BRDA:22,0,0,10
BRDA:22,0,1,20
BRF:2
BRH:2
end_of_record
TN:
SF:src/tests/testUtils.jsx
FN:11,renderWithProviders
FNF:1
FNH:1
FNDA:5,renderWithProviders
DA:12,5
LF:1
LH:1
BRDA:11,0,0,5
BRDA:11,1,0,5
BRF:2
BRH:2
end_of_record
TN:
SF:src/utils/auth.js
FN:3,(anonymous_0)
FN:14,(anonymous_1)
FN:15,(anonymous_2)
FN:16,(anonymous_3)
FN:17,(anonymous_4)
FNF:5
FNH:5
FNDA:31,(anonymous_0)
FNDA:16,(anonymous_1)
FNDA:7,(anonymous_2)
FNDA:4,(anonymous_3)
FNDA:4,(anonymous_4)
DA:3,5
DA:4,31
DA:11,31
DA:14,16
DA:15,7
DA:16,5
DA:17,5
LF:7
LH:7
BRF:0
BRH:0
end_of_record
TN:
SF:src/utils/constants.js
FNF:0
FNH:0
DA:1,9
DA:8,9
DA:14,9
DA:19,9
LF:4
LH:4
BRF:0
BRH:0
end_of_record
TN:
SF:src/utils/shifts.js
FN:3,(anonymous_0)
FN:7,(anonymous_1)
FN:21,(anonymous_2)
FN:30,(anonymous_3)
FN:51,(anonymous_4)
FNF:5
FNH:5
FNDA:225,(anonymous_0)
FNDA:4237,(anonymous_1)
FNDA:3,(anonymous_2)
FNDA:4237,(anonymous_3)
FNDA:8,(anonymous_4)
DA:3,7
DA:4,225
DA:7,225
DA:8,4237
DA:9,4237
DA:10,4237
DA:11,4237
DA:13,4237
DA:16,225
DA:17,0
DA:21,225
DA:22,3
DA:25,225
DA:26,0
DA:30,225
DA:31,4237
DA:36,225
DA:37,0
DA:41,225
DA:44,225
DA:45,0
DA:48,225
DA:51,7
DA:52,8
DA:53,8
DA:55,8
DA:56,80
DA:57,80
DA:59,80
DA:61,24
DA:67,24
DA:75,56
DA:81,56
DA:89,80
DA:92,8
LF:35
LH:31
BRDA:13,0,0,4237
BRDA:13,0,1,0
BRDA:16,1,0,0
BRDA:16,1,1,225
BRDA:22,2,0,3
BRDA:22,2,1,0
BRDA:25,3,0,0
BRDA:25,3,1,225
BRDA:31,4,0,4237
BRDA:31,4,1,0
BRDA:31,4,2,0
BRDA:36,5,0,0
BRDA:36,5,1,225
BRDA:41,6,0,225
BRDA:41,6,1,0
BRDA:44,7,0,0
BRDA:44,7,1,225
BRDA:51,8,0,8
BRDA:57,9,0,80
BRDA:57,9,1,72
BRDA:57,9,2,64
BRDA:59,10,0,24
BRDA:59,10,1,56
BRF:23
BRH:14
end_of_record
