TN:
SF:src/App.jsx
FN:18,Footer
FN:26,App
FNF:2
FNH:0
FNDA:0,Footer
FNDA:0,App
DA:16,0
DA:19,0
DA:27,0
LF:3
LH:0
BRF:0
BRH:0
end_of_record
TN:
SF:src/components/AutosaveManager.jsx
FN:17,AutosaveManager
FN:31,(anonymous_1)
FN:32,(anonymous_2)
FN:84,(anonymous_3)
FN:88,(anonymous_4)
FN:103,(anonymous_5)
FN:104,(anonymous_6)
FN:127,(anonymous_7)
FN:130,(anonymous_8)
FN:141,(anonymous_9)
FN:157,(anonymous_10)
FN:159,(anonymous_11)
FN:167,(anonymous_12)
FN:190,(anonymous_13)
FN:220,(anonymous_14)
FN:231,(anonymous_15)
FN:243,(anonymous_16)
FN:249,(anonymous_17)
FN:265,(anonymous_18)
FN:289,(anonymous_19)
FNF:20
FNH:9
FNDA:11,AutosaveManager
FNDA:6,(anonymous_1)
FNDA:8,(anonymous_2)
FNDA:6,(anonymous_3)
FNDA:3,(anonymous_4)
FNDA:3,(anonymous_5)
FNDA:2,(anonymous_6)
FNDA:0,(anonymous_7)
FNDA:0,(anonymous_8)
FNDA:0,(anonymous_9)
FNDA:0,(anonymous_10)
FNDA:0,(anonymous_11)
FNDA:0,(anonymous_12)
FNDA:8,(anonymous_13)
FNDA:6,(anonymous_14)
FNDA:0,(anonymous_15)
FNDA:0,(anonymous_16)
FNDA:0,(anonymous_17)
FNDA:0,(anonymous_18)
FNDA:0,(anonymous_19)
DA:5,1
DA:6,1
DA:23,11
DA:24,11
DA:25,11
DA:26,11
DA:27,11
DA:28,11
DA:31,11
DA:32,6
DA:33,8
DA:35,8
DA:41,8
DA:42,0
DA:43,0
DA:46,8
DA:47,8
DA:51,8
DA:64,8
DA:65,8
DA:67,8
DA:68,8
DA:73,8
DA:74,8
DA:75,8
DA:77,0
DA:82,6
DA:83,6
DA:84,6
DA:88,11
DA:89,3
DA:90,3
DA:91,3
DA:93,3
DA:94,3
DA:95,3
DA:98,0
DA:103,11
DA:104,3
DA:105,2
DA:106,2
DA:107,2
DA:109,2
DA:110,2
DA:111,2
DA:114,2
DA:115,2
DA:119,0
DA:124,3
DA:127,11
DA:128,0
DA:129,0
DA:130,0
DA:132,0
DA:133,0
DA:138,0
DA:141,0
DA:143,0
DA:144,0
DA:147,0
DA:149,0
DA:151,0
DA:152,0
DA:153,0
DA:157,11
DA:158,0
DA:159,0
DA:160,0
DA:161,0
DA:163,0
DA:167,11
DA:168,0
DA:169,0
DA:175,0
DA:176,0
DA:178,0
DA:179,0
DA:180,0
DA:181,0
DA:182,0
DA:183,0
DA:184,0
DA:186,0
DA:190,11
DA:191,8
DA:192,8
DA:193,8
DA:194,8
DA:195,8
DA:197,8
DA:198,8
DA:199,8
DA:200,8
DA:205,11
DA:221,6
DA:231,0
DA:243,0
DA:250,0
DA:251,0
DA:265,0
DA:279,11
DA:289,0
LF:102
LH:60
BRDA:17,0,0,0
BRDA:18,1,0,11
BRDA:19,2,0,11
BRDA:20,3,0,11
BRDA:21,4,0,11
BRDA:39,5,0,8
BRDA:39,5,1,8
BRDA:41,6,0,0
BRDA:41,6,1,8
BRDA:42,7,0,0
BRDA:42,7,1,0
BRDA:47,8,0,8
BRDA:47,8,1,0
BRDA:49,9,0,0
BRDA:49,9,1,0
BRDA:64,10,0,8
BRDA:64,10,1,3
BRDA:75,11,0,0
BRDA:75,11,1,8
BRDA:77,12,0,0
BRDA:77,12,1,0
BRDA:90,13,0,3
BRDA:90,13,1,0
BRDA:93,14,0,3
BRDA:93,14,1,0
BRDA:94,15,0,3
BRDA:94,15,1,0
BRDA:107,16,0,2
BRDA:107,16,1,0
BRDA:109,17,0,2
BRDA:109,17,1,0
BRDA:109,18,0,2
BRDA:109,18,1,2
BRDA:114,19,0,2
BRDA:114,19,1,0
BRDA:132,20,0,0
BRDA:132,20,1,0
BRDA:197,21,0,0
BRDA:197,21,1,8
BRDA:198,22,0,0
BRDA:198,22,1,8
BRDA:199,23,0,0
BRDA:199,23,1,8
BRDA:205,24,0,11
BRDA:205,24,1,2
BRDA:235,25,0,0
BRDA:235,25,1,6
BRDA:263,26,0,2
BRDA:263,26,1,1
BRDA:286,27,0,8
BRDA:286,27,1,3
BRDA:296,28,0,11
BRDA:296,28,1,8
BRF:53
BRH:31
end_of_record
TN:
SF:src/components/ConnectionStatus.jsx
FN:4,ConnectionStatus
FN:8,(anonymous_1)
FN:21,(anonymous_2)
FN:31,(anonymous_3)
FNF:4
FNH:4
FNDA:16,ConnectionStatus
FNDA:1,(anonymous_1)
FNDA:16,(anonymous_2)
FNDA:16,(anonymous_3)
DA:5,16
DA:6,16
DA:8,16
DA:9,1
DA:10,1
DA:12,1
DA:13,1
DA:15,0
DA:17,1
DA:21,16
DA:22,16
DA:23,1
DA:24,15
DA:25,14
DA:27,1
DA:31,16
DA:32,16
DA:33,1
DA:34,15
DA:35,14
DA:37,1
DA:41,16
LF:22
LH:21
BRDA:13,0,0,0
BRDA:13,0,1,1
BRDA:22,1,0,1
BRDA:22,1,1,15
BRDA:22,2,0,16
BRDA:22,2,1,2
BRDA:24,3,0,14
BRDA:24,3,1,1
BRDA:32,4,0,1
BRDA:32,4,1,15
BRDA:32,5,0,16
BRDA:32,5,1,2
BRDA:34,6,0,14
BRDA:34,6,1,1
BRDA:50,7,0,16
BRDA:50,7,1,1
BRDA:61,8,0,0
BRDA:61,8,1,16
BRDA:65,9,0,16
BRDA:65,9,1,14
BRF:20
BRH:18
end_of_record
TN:
SF:src/components/LiveVersionBanner.jsx
FN:8,LiveVersionBanner
FN:13,(anonymous_1)
FN:29,(anonymous_2)
FN:36,(anonymous_3)
FN:45,(anonymous_4)
FN:56,(anonymous_5)
FNF:6
FNH:6
FNDA:5,LiveVersionBanner
FNDA:2,(anonymous_1)
FNDA:1,(anonymous_2)
FNDA:2,(anonymous_3)
FNDA:2,(anonymous_4)
FNDA:2,(anonymous_5)
DA:3,1
DA:9,5
DA:10,5
DA:11,5
DA:13,5
DA:15,2
DA:16,2
DA:18,2
DA:20,2
DA:29,5
DA:30,1
DA:32,1
DA:36,5
DA:37,2
DA:38,2
DA:39,0
DA:43,5
DA:45,2
DA:46,2
DA:48,0
DA:50,2
DA:52,0
DA:56,2
DA:57,2
DA:58,0
DA:64,2
DA:71,2
LF:27
LH:23
BRDA:3,0,0,1
BRDA:3,0,1,0
BRDA:3,1,0,1
BRDA:3,1,1,1
BRDA:3,1,2,1
BRDA:18,2,0,0
BRDA:18,2,1,2
BRDA:25,3,0,2
BRDA:25,3,1,0
BRDA:38,4,0,0
BRDA:38,4,1,2
BRDA:43,5,0,3
BRDA:43,5,1,2
BRDA:43,6,0,5
BRDA:43,6,1,4
BRDA:46,7,0,0
BRDA:46,7,1,2
BRDA:46,7,2,0
BRDA:57,8,0,0
BRDA:57,8,1,2
BRDA:84,9,0,0
BRDA:84,9,1,2
BRDA:91,10,0,2
BRDA:91,10,1,2
BRDA:98,11,0,2
BRDA:98,11,1,0
BRDA:98,11,2,0
BRF:27
BRH:17
end_of_record
TN:
SF:src/components/Login.jsx
FN:3,Login
FN:21,(anonymous_1)
FN:24,(anonymous_2)
FNF:3
FNH:3
FNDA:2,Login
FNDA:2,(anonymous_1)
FNDA:1,(anonymous_2)
DA:4,2
DA:6,2
DA:7,1
DA:17,1
DA:22,2
DA:24,1
LF:6
LH:6
BRDA:6,0,0,1
BRDA:6,0,1,1
BRF:2
BRH:2
end_of_record
TN:
SF:src/components/MiniAnalytics.jsx
FN:4,MiniAnalytics
FN:10,(anonymous_1)
FN:16,(anonymous_2)
FN:22,(anonymous_3)
FN:28,(anonymous_4)
FN:36,(anonymous_5)
FNF:6
FNH:6
FNDA:11,MiniAnalytics
FNDA:20,(anonymous_1)
FNDA:20,(anonymous_2)
FNDA:20,(anonymous_3)
FNDA:20,(anonymous_4)
FNDA:44,(anonymous_5)
DA:5,11
DA:7,11
DA:10,20
DA:16,20
DA:22,20
DA:28,20
DA:34,11
DA:37,44
LF:8
LH:8
BRF:0
BRH:0
end_of_record
TN:
SF:src/components/Navigation.jsx
FN:7,classNames
FN:11,Navigation
FN:32,(anonymous_2)
FN:37,(anonymous_3)
FN:52,(anonymous_4)
FNF:5
FNH:5
FNDA:9,classNames
FNDA:2,Navigation
FNDA:8,(anonymous_2)
FNDA:8,(anonymous_3)
FNDA:1,(anonymous_4)
DA:3,1
DA:8,9
DA:12,2
DA:13,2
DA:14,2
DA:15,2
DA:23,2
DA:33,8
DA:38,8
DA:53,1
LF:10
LH:10
BRDA:14,0,0,2
BRDA:14,0,1,1
BRDA:18,1,0,2
BRDA:18,1,1,1
BRDA:19,2,0,2
BRDA:19,2,1,1
BRDA:39,3,0,2
BRDA:39,3,1,6
BRDA:49,4,0,2
BRDA:49,4,1,1
BRDA:54,5,0,0
BRDA:54,5,1,1
BRDA:60,6,0,2
BRDA:60,6,1,1
BRF:14
BRH:13
end_of_record
TN:
SF:src/components/NotificationMenu.jsx
FN:8,NotificationMenu
FN:36,(anonymous_1)
FN:38,(anonymous_2)
FN:48,(anonymous_3)
FNF:4
FNH:4
FNDA:17,NotificationMenu
FNDA:6,(anonymous_1)
FNDA:6,(anonymous_2)
FNDA:1,(anonymous_3)
DA:5,3
DA:9,17
DA:11,17
DA:37,6
DA:39,6
DA:48,1
LF:6
LH:6
BRDA:16,0,0,17
BRDA:16,0,1,17
BRDA:16,0,2,4
BRDA:31,1,0,17
BRDA:31,1,1,4
BRDA:36,2,0,17
BRDA:36,2,1,17
BRDA:41,3,0,0
BRDA:41,3,1,6
BRDA:47,4,0,6
BRDA:47,4,1,3
BRDA:54,5,0,6
BRDA:54,5,1,3
BRDA:60,6,0,17
BRDA:60,6,1,17
BRDA:60,6,2,13
BRF:16
BRH:15
end_of_record
TN:
SF:src/components/RoleManagement.jsx
FN:12,RoleManagement
FN:15,(anonymous_1)
FN:20,(anonymous_2)
FN:38,(anonymous_3)
FN:49,(anonymous_4)
FN:52,(anonymous_5)
FN:65,(anonymous_6)
FNF:7
FNH:7
FNDA:3,RoleManagement
FNDA:1,(anonymous_1)
FNDA:5,(anonymous_2)
FNDA:6,(anonymous_3)
FNDA:1,(anonymous_4)
FNDA:4,(anonymous_5)
FNDA:1,(anonymous_6)
DA:5,1
DA:13,3
DA:15,3
DA:16,1
DA:17,1
DA:20,3
DA:21,5
DA:23,2
DA:25,0
DA:27,3
DA:29,0
DA:31,0
DA:35,3
DA:39,6
DA:49,1
DA:53,4
DA:65,1
LF:17
LH:14
BRDA:21,0,0,2
BRDA:21,0,1,0
BRDA:21,0,2,3
BRDA:21,0,3,0
BRDA:21,0,4,0
BRDA:46,1,0,1
BRDA:46,1,1,5
BRDA:63,2,0,5
BRDA:63,2,1,2
BRF:9
BRH:6
end_of_record
TN:
SF:src/components/SeriesApplicationModal.jsx
FN:5,SeriesApplicationModal
FN:10,(anonymous_1)
FN:12,(anonymous_2)
FN:13,(anonymous_3)
FN:15,(anonymous_4)
FN:20,(anonymous_5)
FN:28,(anonymous_6)
FN:30,(anonymous_7)
FN:31,(anonymous_8)
FN:32,(anonymous_9)
FN:35,(anonymous_10)
FN:37,(anonymous_11)
FN:42,(anonymous_12)
FN:43,(anonymous_13)
FN:46,(anonymous_14)
FN:48,(anonymous_15)
FN:53,(anonymous_16)
FN:54,(anonymous_17)
FN:83,(anonymous_18)
FN:89,(anonymous_19)
FN:95,(anonymous_20)
FN:120,(anonymous_21)
FN:126,(anonymous_22)
FNF:23
FNH:12
FNDA:35,SeriesApplicationModal
FNDA:40,(anonymous_1)
FNDA:1,(anonymous_2)
FNDA:1,(anonymous_3)
FNDA:0,(anonymous_4)
FNDA:1,(anonymous_5)
FNDA:1,(anonymous_6)
FNDA:3,(anonymous_7)
FNDA:2,(anonymous_8)
FNDA:1,(anonymous_9)
FNDA:0,(anonymous_10)
FNDA:0,(anonymous_11)
FNDA:0,(anonymous_12)
FNDA:0,(anonymous_13)
FNDA:0,(anonymous_14)
FNDA:0,(anonymous_15)
FNDA:0,(anonymous_16)
FNDA:0,(anonymous_17)
FNDA:1,(anonymous_18)
FNDA:0,(anonymous_19)
FNDA:0,(anonymous_20)
FNDA:11,(anonymous_21)
FNDA:1,(anonymous_22)
DA:6,35
DA:7,35
DA:8,35
DA:10,40
DA:12,35
DA:13,1
DA:14,1
DA:15,0
DA:20,35
DA:21,1
DA:22,1
DA:23,1
DA:24,1
DA:28,35
DA:29,1
DA:30,3
DA:31,2
DA:32,1
DA:35,35
DA:36,0
DA:38,0
DA:39,0
DA:40,0
DA:42,0
DA:43,0
DA:46,35
DA:47,0
DA:49,0
DA:50,0
DA:51,0
DA:53,0
DA:54,0
DA:57,35
DA:59,5
DA:83,1
DA:89,0
DA:95,0
DA:121,11
DA:126,1
LF:39
LH:24
BRDA:5,0,0,0
BRDA:14,1,0,0
BRDA:14,1,1,1
BRDA:21,2,0,1
BRDA:21,2,1,0
BRDA:40,3,0,0
BRDA:40,3,1,0
BRDA:51,4,0,0
BRDA:51,4,1,0
BRDA:51,4,2,0
BRDA:57,5,0,30
BRDA:57,5,1,5
BRDA:116,6,0,0
BRDA:116,6,1,5
BRDA:131,7,0,11
BRDA:131,7,1,0
BRDA:152,8,0,4
BRDA:152,8,1,1
BRF:18
BRH:8
end_of_record
TN:
SF:src/components/ShiftTable.jsx
FN:8,ShiftTable
FN:14,(anonymous_1)
FN:27,(anonymous_2)
FN:32,(anonymous_3)
FN:37,(anonymous_4)
FN:41,(anonymous_5)
FN:50,(anonymous_6)
FN:88,(anonymous_7)
FN:95,(anonymous_8)
FN:105,(anonymous_9)
FN:126,(anonymous_10)
FN:129,(anonymous_11)
FN:132,(anonymous_12)
FN:140,(anonymous_13)
FN:147,ShiftTableComponent
FNF:15
FNH:12
FNDA:30,ShiftTable
FNDA:29,(anonymous_1)
FNDA:2,(anonymous_2)
FNDA:2,(anonymous_3)
FNDA:1,(anonymous_4)
FNDA:1,(anonymous_5)
FNDA:29,(anonymous_6)
FNDA:2,(anonymous_7)
FNDA:2,(anonymous_8)
FNDA:1,(anonymous_9)
FNDA:29,(anonymous_10)
FNDA:0,(anonymous_11)
FNDA:12,(anonymous_12)
FNDA:0,(anonymous_13)
FNDA:0,ShiftTableComponent
DA:9,30
DA:10,30
DA:11,30
DA:12,30
DA:14,30
DA:15,29
DA:17,22
DA:19,6
DA:21,1
DA:23,0
DA:27,30
DA:28,2
DA:29,1
DA:32,30
DA:33,2
DA:34,2
DA:37,30
DA:38,1
DA:41,1
DA:47,30
DA:51,29
DA:88,2
DA:95,2
DA:105,1
DA:126,29
DA:129,0
DA:132,12
DA:140,0
DA:148,0
LF:29
LH:25
BRDA:8,0,0,30
BRDA:12,1,0,30
BRDA:12,1,1,2
BRDA:15,2,0,22
BRDA:15,2,1,6
BRDA:15,2,2,1
BRDA:15,2,3,0
BRDA:28,3,0,1
BRDA:28,3,1,1
BRDA:29,4,0,1
BRDA:29,4,1,0
BRDA:33,5,0,0
BRDA:33,5,1,2
BRDA:34,6,0,2
BRDA:34,6,1,0
BRDA:55,7,0,6
BRDA:55,7,1,23
BRDA:67,8,0,29
BRDA:67,8,1,0
BRDA:77,9,0,29
BRDA:77,9,1,2
BRDA:83,10,0,29
BRDA:83,10,1,29
BRDA:85,11,0,29
BRDA:85,11,1,22
BRDA:93,12,0,22
BRDA:93,12,1,19
BRDA:103,13,0,29
BRDA:103,13,1,6
BRDA:103,13,2,6
BRDA:115,14,0,29
BRDA:115,14,1,5
BRDA:126,15,0,30
BRDA:126,15,1,30
BRDA:126,15,2,6
BRF:35
BRH:30
end_of_record
TN:
SF:src/components/ShiftTemplateManager.jsx
FN:4,ShiftTemplateManager
FN:14,(anonymous_1)
FN:19,(anonymous_2)
FN:21,(anonymous_3)
FN:26,(anonymous_4)
FN:36,(anonymous_5)
FN:41,(anonymous_6)
FN:82,(anonymous_7)
FN:86,(anonymous_8)
FN:116,(anonymous_9)
FN:123,(anonymous_10)
FN:126,(anonymous_11)
FNF:12
FNH:11
FNDA:17,ShiftTemplateManager
FNDA:7,(anonymous_1)
FNDA:2,(anonymous_2)
FNDA:0,(anonymous_3)
FNDA:3,(anonymous_4)
FNDA:1,(anonymous_5)
FNDA:3,(anonymous_6)
FNDA:119,(anonymous_7)
FNDA:2,(anonymous_8)
FNDA:12,(anonymous_9)
FNDA:1,(anonymous_10)
FNDA:1,(anonymous_11)
DA:5,17
DA:6,17
DA:7,17
DA:14,17
DA:15,7
DA:16,7
DA:19,17
DA:20,2
DA:21,0
DA:23,2
DA:26,17
DA:27,3
DA:28,3
DA:29,1
DA:31,2
DA:33,3
DA:36,17
DA:37,1
DA:38,1
DA:41,17
DA:42,3
DA:43,3
DA:46,17
DA:48,17
DA:83,119
DA:86,2
DA:117,12
DA:123,1
DA:126,1
LF:29
LH:28
BRDA:20,0,0,0
BRDA:20,0,1,2
BRDA:28,1,0,1
BRDA:28,1,1,2
BRDA:88,2,0,6
BRDA:88,2,1,113
BRDA:100,3,0,2
BRDA:100,3,1,15
BRDA:102,4,0,17
BRDA:102,4,1,2
BRF:10
BRH:9
end_of_record
TN:
SF:src/components/ThemeToggle.jsx
FN:4,ThemeToggle
FN:10,(anonymous_1)
FNF:2
FNH:2
FNDA:16,ThemeToggle
FNDA:3,(anonymous_1)
DA:5,16
DA:7,16
DA:10,3
LF:3
LH:3
BRDA:14,0,0,2
BRDA:14,0,1,14
BRF:2
BRH:2
end_of_record
TN:
SF:src/contexts/AuthContext.jsx
FN:14,AuthProvider
FN:17,(anonymous_1)
FN:25,(anonymous_2)
FN:30,(anonymous_3)
FNF:4
FNH:4
FNDA:8,AuthProvider
FNDA:2,(anonymous_1)
FNDA:1,(anonymous_2)
FNDA:4,(anonymous_3)
DA:3,14
DA:7,14
DA:15,8
DA:17,8
DA:18,2
DA:19,2
DA:20,2
DA:21,2
DA:25,8
DA:26,1
DA:27,1
DA:30,8
DA:31,4
DA:32,4
DA:33,1
DA:34,1
DA:36,1
DA:37,1
DA:38,0
DA:39,0
DA:41,1
DA:46,8
LF:22
LH:20
BRDA:19,0,0,2
BRDA:19,0,1,0
BRDA:32,1,0,1
BRDA:32,1,1,3
BRDA:37,2,0,0
BRDA:37,2,1,1
BRDA:37,3,0,1
BRDA:37,3,1,1
BRF:8
BRH:6
end_of_record
TN:
SF:src/contexts/ShiftContext.jsx
FN:11,ShiftProvider
FN:13,(anonymous_1)
FN:21,(anonymous_2)
FN:30,(anonymous_3)
FN:32,(anonymous_4)
FN:49,bootstrapAsync
FN:61,(anonymous_6)
FN:61,(anonymous_7)
FN:66,(anonymous_8)
FN:70,(anonymous_9)
FN:73,(anonymous_10)
FN:74,(anonymous_11)
FN:76,(anonymous_12)
FN:84,(anonymous_13)
FN:91,(anonymous_14)
FN:109,(anonymous_15)
FN:111,(anonymous_16)
FN:113,(anonymous_17)
FN:117,(anonymous_18)
FN:121,(anonymous_19)
FN:123,(anonymous_20)
FN:127,(anonymous_21)
FN:130,(anonymous_22)
FN:131,(anonymous_23)
FN:134,(anonymous_24)
FN:135,(anonymous_25)
FN:137,(anonymous_26)
FN:143,(anonymous_27)
FN:144,(anonymous_28)
FN:147,(anonymous_29)
FN:152,(anonymous_30)
FN:154,(anonymous_31)
FN:157,(anonymous_32)
FN:161,(anonymous_33)
FN:165,(anonymous_34)
FN:166,(anonymous_35)
FN:168,(anonymous_36)
FN:178,(anonymous_37)
FN:178,(anonymous_38)
FN:179,(anonymous_39)
FN:179,(anonymous_40)
FNF:41
FNH:34
FNDA:49,ShiftProvider
FNDA:24,(anonymous_1)
FNDA:23,(anonymous_2)
FNDA:18,(anonymous_3)
FNDA:44,(anonymous_4)
FNDA:23,bootstrapAsync
FNDA:300,(anonymous_6)
FNDA:6000,(anonymous_7)
FNDA:23,(anonymous_8)
FNDA:37,(anonymous_9)
FNDA:32,(anonymous_10)
FNDA:36,(anonymous_11)
FNDA:46,(anonymous_12)
FNDA:20,(anonymous_13)
FNDA:3,(anonymous_14)
FNDA:2,(anonymous_15)
FNDA:4,(anonymous_16)
FNDA:2,(anonymous_17)
FNDA:1,(anonymous_18)
FNDA:1,(anonymous_19)
FNDA:20,(anonymous_20)
FNDA:0,(anonymous_21)
FNDA:0,(anonymous_22)
FNDA:0,(anonymous_23)
FNDA:0,(anonymous_24)
FNDA:0,(anonymous_25)
FNDA:0,(anonymous_26)
FNDA:1,(anonymous_27)
FNDA:1,(anonymous_28)
FNDA:20,(anonymous_29)
FNDA:2,(anonymous_30)
FNDA:2,(anonymous_31)
FNDA:21,(anonymous_32)
FNDA:0,(anonymous_33)
FNDA:1,(anonymous_34)
FNDA:1,(anonymous_35)
FNDA:48,(anonymous_36)
FNDA:5,(anonymous_37)
FNDA:80,(anonymous_38)
FNDA:5,(anonymous_39)
FNDA:80,(anonymous_40)
DA:9,12
DA:12,49
DA:13,49
DA:15,49
DA:17,49
DA:18,49
DA:19,49
DA:21,49
DA:22,23
DA:25,23
DA:26,23
DA:27,23
DA:28,13
DA:29,13
DA:30,18
DA:32,44
DA:34,8
DA:35,8
DA:38,23
DA:39,23
DA:40,8
DA:42,23
DA:43,23
DA:44,9
DA:50,23
DA:51,23
DA:52,15
DA:53,15
DA:54,15
DA:55,15
DA:57,15
DA:58,15
DA:59,15
DA:61,6000
DA:62,15
DA:65,23
DA:66,23
DA:70,49
DA:71,37
DA:73,49
DA:74,49
DA:76,49
DA:77,46
DA:78,2
DA:79,2
DA:80,2
DA:81,20
DA:82,20
DA:83,20
DA:84,20
DA:85,20
DA:86,20
DA:87,20
DA:88,20
DA:90,4
DA:91,4
DA:92,2
DA:106,2
DA:108,1
DA:109,2
DA:111,4
DA:113,2
DA:117,49
DA:118,1
DA:119,1
DA:121,1
DA:122,1
DA:123,20
DA:124,1
DA:127,1
DA:130,49
DA:131,0
DA:132,0
DA:134,0
DA:135,0
DA:136,0
DA:137,0
DA:138,0
DA:143,49
DA:144,1
DA:145,1
DA:146,1
DA:147,20
DA:148,1
DA:152,49
DA:153,2
DA:154,2
DA:155,2
DA:156,2
DA:157,21
DA:158,2
DA:159,2
DA:161,2
DA:165,49
DA:166,49
DA:168,49
DA:178,80
DA:179,80
DA:182,49
LF:99
LH:92
BRDA:12,0,0,49
BRDA:12,0,1,0
BRDA:13,1,0,24
BRDA:13,1,1,0
BRDA:18,2,0,23
BRDA:18,2,1,26
BRDA:27,3,0,13
BRDA:27,3,1,10
BRDA:29,4,0,8
BRDA:29,4,1,5
BRDA:29,5,0,13
BRDA:29,5,1,13
BRDA:39,6,0,8
BRDA:39,6,1,15
BRDA:43,7,0,9
BRDA:43,7,1,14
BRDA:50,8,0,0
BRDA:50,8,1,23
BRDA:51,9,0,8
BRDA:51,9,1,15
BRDA:57,10,0,15
BRDA:57,10,1,0
BRDA:57,11,0,15
BRDA:57,11,1,15
BRDA:62,12,0,15
BRDA:62,12,1,0
BRDA:71,13,0,14
BRDA:71,13,1,23
BRDA:77,14,0,44
BRDA:77,14,1,2
BRDA:85,15,0,20
BRDA:85,15,1,0
BRDA:88,16,0,16
BRDA:88,16,1,4
BRDA:91,17,0,2
BRDA:91,17,1,2
BRDA:106,18,0,1
BRDA:106,18,1,1
BRDA:122,19,0,1
BRDA:122,19,1,0
BRDA:136,20,0,0
BRDA:136,20,1,0
BRDA:145,21,0,1
BRDA:145,21,1,0
BRDA:155,22,0,2
BRDA:155,22,1,0
BRF:46
BRH:35
end_of_record
TN:
SF:src/contexts/ShiftContextCore.js
FN:13,buildShiftId
FN:18,normalizeGeneratedShifts
FN:19,(anonymous_2)
FN:32,shiftReducer
FN:41,(anonymous_4)
FN:44,(anonymous_5)
FN:61,(anonymous_6)
FN:63,(anonymous_7)
FN:65,(anonymous_8)
FNF:9
FNH:8
FNDA:300,buildShiftId
FNDA:15,normalizeGeneratedShifts
FNDA:300,(anonymous_2)
FNDA:39,shiftReducer
FNDA:61,(anonymous_4)
FNDA:21,(anonymous_5)
FNDA:1,(anonymous_6)
FNDA:2,(anonymous_7)
FNDA:0,(anonymous_8)
DA:3,12
DA:14,300
DA:15,300
DA:19,300
DA:33,39
DA:35,9
DA:37,0
DA:39,2
DA:41,61
DA:43,2
DA:44,21
DA:47,8
DA:49,1
DA:51,0
DA:53,9
DA:55,0
DA:57,2
DA:59,0
DA:61,1
DA:63,2
DA:65,0
DA:67,0
LF:22
LH:16
BRDA:14,0,0,300
BRDA:14,0,1,0
BRDA:33,1,0,9
BRDA:33,1,1,0
BRDA:33,1,2,2
BRDA:33,1,3,4
BRDA:33,1,4,2
BRDA:33,1,5,8
BRDA:33,1,6,1
BRDA:33,1,7,0
BRDA:33,1,8,9
BRDA:33,1,9,0
BRDA:33,1,10,2
BRDA:33,1,11,0
BRDA:33,1,12,1
BRDA:33,1,13,1
BRDA:33,1,14,0
BRDA:33,1,15,0
BRDA:41,2,0,4
BRDA:41,2,1,57
BRDA:44,3,0,2
BRDA:44,3,1,19
BRDA:61,4,0,1
BRDA:61,4,1,0
BRF:24
BRH:16
end_of_record
TN:
SF:src/contexts/ShiftTemplateContext.jsx
FN:6,ShiftTemplateProviderImpl
FN:7,(anonymous_1)
FN:16,(anonymous_2)
FN:22,(anonymous_3)
FN:24,(anonymous_4)
FN:27,(anonymous_5)
FN:28,(anonymous_6)
FN:28,(anonymous_7)
FN:31,(anonymous_8)
FN:32,(anonymous_9)
FN:32,(anonymous_10)
FN:35,(anonymous_11)
FN:40,ShiftTemplateProvider
FNF:13
FNH:7
FNDA:3,ShiftTemplateProviderImpl
FNDA:2,(anonymous_1)
FNDA:3,(anonymous_2)
FNDA:1,(anonymous_3)
FNDA:1,(anonymous_4)
FNDA:0,(anonymous_5)
FNDA:0,(anonymous_6)
FNDA:0,(anonymous_7)
FNDA:0,(anonymous_8)
FNDA:0,(anonymous_9)
FNDA:0,(anonymous_10)
FNDA:3,(anonymous_11)
FNDA:2,ShiftTemplateProvider
DA:7,3
DA:8,2
DA:9,2
DA:10,2
DA:12,0
DA:16,3
DA:17,3
DA:18,3
DA:22,3
DA:23,1
DA:24,1
DA:27,3
DA:28,0
DA:31,3
DA:32,0
DA:35,3
DA:37,3
DA:41,2
LF:18
LH:15
BRDA:10,0,0,0
BRDA:10,0,1,2
BRDA:28,1,0,0
BRDA:28,1,1,0
BRF:4
BRH:1
end_of_record
TN:
SF:src/contexts/ShiftTemplateContextCore.js
FNF:0
FNH:0
DA:3,12
LF:1
LH:1
BRF:0
BRH:0
end_of_record
TN:
SF:src/contexts/ThemeContext.jsx
FN:15,themeReducer
FN:40,ThemeProvider
FN:44,(anonymous_2)
FNF:3
FNH:3
FNDA:3,themeReducer
FNDA:23,ThemeProvider
FNDA:23,(anonymous_2)
DA:4,9
DA:16,3
DA:18,3
DA:36,0
DA:41,23
DA:44,23
DA:45,23
DA:48,23
LF:8
LH:7
BRDA:16,0,0,3
BRDA:16,0,1,0
BRDA:21,1,0,1
BRDA:21,1,1,2
BRDA:45,2,0,2
BRDA:45,2,1,21
BRF:6
BRH:5
end_of_record
TN:
SF:src/contexts/ThemeContextCore.js
FNF:0
FNH:0
DA:3,9
LF:1
LH:1
BRF:0
BRH:0
end_of_record
TN:
SF:src/contexts/useAuth.js
FN:4,useAuth
FNF:1
FNH:1
FNDA:7,useAuth
DA:5,7
LF:1
LH:1
BRF:0
BRH:0
end_of_record
TN:
SF:src/contexts/useShiftTemplates.js
FN:6,useShiftTemplates
FN:8,(anonymous_1)
FN:10,(anonymous_2)
FN:11,(anonymous_3)
FN:12,(anonymous_4)
FNF:5
FNH:2
FNDA:55,useShiftTemplates
FNDA:26,(anonymous_1)
FNDA:0,(anonymous_2)
FNDA:0,(anonymous_3)
FNDA:0,(anonymous_4)
DA:7,55
DA:8,55
LF:2
LH:2
BRDA:8,0,0,26
BRDA:8,0,1,21
BRF:2
BRH:2
end_of_record
TN:
SF:src/contexts/useShifts.js
FN:4,useShifts
FNF:1
FNH:1
FNDA:134,useShifts
DA:5,134
DA:6,134
DA:7,134
LF:3
LH:3
BRDA:6,0,0,0
BRDA:6,0,1,134
BRF:2
BRH:1
end_of_record
TN:
SF:src/contexts/useTheme.js
FN:4,useTheme
FNF:1
FNH:1
FNDA:16,useTheme
DA:5,16
DA:6,16
DA:7,0
DA:9,16
LF:4
LH:3
BRDA:6,0,0,0
BRDA:6,0,1,16
BRF:2
BRH:1
end_of_record
TN:
SF:src/pages/Administration.jsx
FN:5,Administration
FNF:1
FNH:1
FNDA:1,Administration
DA:6,1
LF:1
LH:1
BRF:0
BRH:0
end_of_record
TN:
SF:src/pages/Audit.jsx
FN:30,Audit
FN:41,(anonymous_1)
FN:55,(anonymous_2)
FN:56,(anonymous_3)
FN:95,classNames
FNF:5
FNH:5
FNDA:3,Audit
FNDA:1,(anonymous_1)
FNDA:9,(anonymous_2)
FNDA:7,(anonymous_3)
FNDA:7,classNames
DA:3,1
DA:31,3
DA:32,3
DA:34,3
DA:41,1
DA:55,9
DA:57,7
DA:96,7
LF:8
LH:8
BRDA:55,0,0,9
BRDA:55,0,1,3
BRDA:65,1,0,3
BRDA:65,1,1,4
BRDA:66,2,0,2
BRDA:66,2,1,2
BRF:6
BRH:6
end_of_record
TN:
SF:src/pages/Calendar.jsx
FN:8,(anonymous_0)
FN:13,buildDate
FN:17,combine
FN:25,getShiftSpanForDay
FN:50,Calendar
FN:57,(anonymous_5)
FN:66,(anonymous_6)
FN:77,(anonymous_7)
FN:83,(anonymous_8)
FN:88,(anonymous_9)
FN:107,(anonymous_10)
FN:114,(anonymous_11)
FN:121,(anonymous_12)
FN:143,(anonymous_13)
FN:157,(anonymous_14)
FN:165,(anonymous_15)
FN:172,(anonymous_16)
FN:182,(anonymous_17)
FN:185,(anonymous_18)
FN:193,(anonymous_19)
FNF:20
FNH:17
FNDA:24,(anonymous_0)
FNDA:330,buildDate
FNDA:232,combine
FNDA:18,getShiftSpanForDay
FNDA:11,Calendar
FNDA:11,(anonymous_5)
FNDA:14,(anonymous_6)
FNDA:2,(anonymous_7)
FNDA:0,(anonymous_8)
FNDA:0,(anonymous_9)
FNDA:1,(anonymous_10)
FNDA:1,(anonymous_11)
FNDA:1,(anonymous_12)
FNDA:77,(anonymous_13)
FNDA:264,(anonymous_14)
FNDA:77,(anonymous_15)
FNDA:84,(anonymous_16)
FNDA:1848,(anonymous_17)
FNDA:18,(anonymous_18)
FNDA:0,(anonymous_19)
DA:7,1
DA:8,24
DA:9,1
DA:10,1
DA:11,1
DA:14,330
DA:18,232
DA:19,232
DA:20,232
DA:21,232
DA:22,232
DA:27,18
DA:28,18
DA:29,18
DA:31,12
DA:33,18
DA:34,18
DA:35,18
DA:36,18
DA:39,18
DA:41,18
DA:42,18
DA:43,18
DA:44,18
DA:45,18
DA:46,18
DA:47,18
DA:51,11
DA:52,11
DA:54,11
DA:55,11
DA:57,11
DA:58,11
DA:59,11
DA:61,11
DA:62,11
DA:63,11
DA:64,11
DA:65,11
DA:66,11
DA:68,14
DA:69,14
DA:70,14
DA:71,14
DA:72,14
DA:74,11
DA:77,11
DA:78,2
DA:79,2
DA:80,2
DA:83,11
DA:85,0
DA:88,11
DA:89,0
DA:91,0
DA:95,11
DA:107,1
DA:114,1
DA:121,1
DA:144,77
DA:145,77
DA:146,77
DA:158,264
DA:166,77
DA:167,77
DA:168,77
DA:169,77
DA:170,77
DA:171,77
DA:172,77
DA:173,84
DA:174,84
DA:175,84
DA:176,84
DA:177,84
DA:179,77
DA:183,1848
DA:186,18
DA:187,18
DA:188,18
DA:193,0
LF:81
LH:77
BRDA:14,0,0,196
BRDA:14,0,1,134
BRDA:19,1,0,0
BRDA:19,1,1,232
BRDA:21,2,0,232
BRDA:21,2,1,232
BRDA:29,3,0,12
BRDA:29,3,1,6
BRDA:39,4,0,0
BRDA:39,4,1,18
BRDA:39,5,0,18
BRDA:39,5,1,18
BRDA:41,6,0,6
BRDA:41,6,1,12
BRDA:42,7,0,6
BRDA:42,7,1,12
BRDA:55,8,0,11
BRDA:55,8,1,0
BRDA:62,9,0,0
BRDA:62,9,1,11
BRDA:71,10,0,7
BRDA:71,10,1,7
BRDA:72,11,0,14
BRDA:72,11,1,14
BRDA:89,12,0,0
BRDA:89,12,1,0
BRDA:126,13,0,11
BRDA:126,13,1,11
BRDA:176,14,0,42
BRDA:176,14,1,42
BRDA:177,15,0,84
BRDA:177,15,1,72
BRDA:187,16,0,0
BRDA:187,16,1,18
BRDA:194,17,0,18
BRDA:194,17,1,0
BRDA:196,18,0,18
BRDA:196,18,1,0
BRDA:197,19,0,18
BRDA:197,19,1,18
BRF:40
BRH:31
end_of_record
TN:
SF:src/pages/Dashboard.jsx
FN:11,QuickFilters
FN:22,(anonymous_1)
FN:25,(anonymous_2)
FN:35,Dashboard
FN:40,(anonymous_4)
FN:82,(anonymous_5)
FNF:6
FNH:5
FNDA:11,QuickFilters
FNDA:55,(anonymous_1)
FNDA:3,(anonymous_2)
FNDA:11,Dashboard
FNDA:20,(anonymous_4)
FNDA:0,(anonymous_5)
DA:12,11
DA:20,11
DA:23,55
DA:25,3
DA:36,11
DA:37,11
DA:38,11
DA:40,11
DA:41,20
DA:42,20
DA:44,20
DA:46,11
DA:48,0
DA:49,0
DA:52,3
DA:54,3
DA:56,3
DA:58,0
DA:62,11
DA:82,0
LF:20
LH:16
BRDA:44,0,0,11
BRDA:44,0,1,0
BRDA:44,0,2,3
BRDA:44,0,3,3
BRDA:44,0,4,3
BRDA:44,0,5,0
BRDA:79,1,0,11
BRDA:79,1,1,11
BRF:8
BRH:6
end_of_record
TN:
SF:src/pages/TestPage.jsx
FN:5,TestPage
FN:10,(anonymous_1)
FN:11,(anonymous_2)
FN:19,(anonymous_3)
FN:83,(anonymous_4)
FN:167,(anonymous_5)
FNF:6
FNH:5
FNDA:5,TestPage
FNDA:4,(anonymous_1)
FNDA:4,(anonymous_2)
FNDA:1,(anonymous_3)
FNDA:0,(anonymous_4)
FNDA:6,(anonymous_5)
DA:6,5
DA:7,5
DA:8,5
DA:10,5
DA:11,4
DA:19,5
DA:20,1
DA:21,1
DA:24,1
DA:25,1
DA:26,1
DA:32,0
DA:36,1
DA:37,1
DA:38,1
DA:44,0
DA:48,1
DA:49,1
DA:58,1
DA:59,1
DA:65,0
DA:69,1
DA:70,1
DA:71,1
DA:77,0
DA:80,1
DA:83,5
DA:84,0
DA:92,0
DA:93,0
DA:95,0
DA:96,0
DA:97,0
DA:98,0
DA:99,0
DA:100,0
DA:101,0
DA:104,5
DA:168,6
LF:39
LH:25
BRDA:10,0,0,0
BRDA:28,1,0,0
BRDA:28,1,1,1
BRDA:29,2,0,0
BRDA:29,2,1,1
BRDA:116,3,0,0
BRDA:116,3,1,5
BRDA:122,4,0,0
BRDA:122,4,1,5
BRDA:143,5,0,2
BRDA:143,5,1,3
BRDA:163,6,0,5
BRDA:163,6,1,2
BRDA:171,7,0,4
BRDA:171,7,1,2
BRDA:172,8,0,2
BRDA:172,8,1,0
BRDA:173,9,0,0
BRDA:173,9,1,0
BRDA:185,10,0,4
BRDA:185,10,1,2
BRDA:186,11,0,2
BRDA:186,11,1,0
BRDA:187,12,0,0
BRDA:187,12,1,0
BRF:25
BRH:14
end_of_record
TN:
SF:src/repository/InMemoryShiftRepository.js
FN:4,(anonymous_0)
FN:8,(anonymous_1)
FN:9,(anonymous_2)
FN:14,(anonymous_3)
FN:15,(anonymous_4)
FN:16,(anonymous_5)
FN:18,(anonymous_6)
FN:22,(anonymous_7)
FN:25,(anonymous_8)
FNF:9
FNH:5
FNDA:11,(anonymous_0)
FNDA:15,(anonymous_1)
FNDA:0,(anonymous_2)
FNDA:3,(anonymous_3)
FNDA:0,(anonymous_4)
FNDA:0,(anonymous_5)
FNDA:1,(anonymous_6)
FNDA:2,(anonymous_7)
FNDA:0,(anonymous_8)
DA:5,11
DA:6,11
DA:8,15
DA:10,0
DA:11,0
DA:12,0
DA:15,3
DA:16,3
DA:20,1
DA:23,2
DA:26,0
LF:11
LH:7
BRDA:4,0,0,11
BRDA:10,1,0,0
BRDA:10,1,1,0
BRDA:15,2,0,0
BRDA:15,2,1,0
BRF:5
BRH:1
end_of_record
TN:
SF:src/repository/IndexedDBShiftRepository.js
FN:8,openDb
FN:9,(anonymous_1)
FN:11,(anonymous_2)
FN:17,(anonymous_3)
FN:18,(anonymous_4)
FN:22,withStore
FN:24,(anonymous_6)
FN:28,(anonymous_7)
FN:29,(anonymous_8)
FN:34,(anonymous_9)
FN:38,(anonymous_10)
FN:39,(anonymous_11)
FN:40,(anonymous_12)
FN:43,(anonymous_13)
FN:49,(anonymous_14)
FN:51,(anonymous_15)
FN:54,(anonymous_16)
FN:55,(anonymous_17)
FN:58,(anonymous_18)
FN:61,(anonymous_19)
FN:64,(anonymous_20)
FN:67,(anonymous_21)
FNF:22
FNH:20
FNDA:15,openDb
FNDA:15,(anonymous_1)
FNDA:1,(anonymous_2)
FNDA:15,(anonymous_3)
FNDA:0,(anonymous_4)
FNDA:15,withStore
FNDA:15,(anonymous_6)
FNDA:15,(anonymous_7)
FNDA:0,(anonymous_8)
FNDA:1,(anonymous_9)
FNDA:10,(anonymous_10)
FNDA:10,(anonymous_11)
FNDA:10,(anonymous_12)
FNDA:19,(anonymous_13)
FNDA:1,(anonymous_14)
FNDA:1,(anonymous_15)
FNDA:4,(anonymous_16)
FNDA:4,(anonymous_17)
FNDA:4,(anonymous_18)
FNDA:1,(anonymous_19)
FNDA:1,(anonymous_20)
FNDA:1,(anonymous_21)
DA:4,13
DA:5,13
DA:6,13
DA:9,15
DA:10,15
DA:11,15
DA:12,1
DA:13,1
DA:14,1
DA:17,15
DA:18,15
DA:23,15
DA:24,15
DA:25,15
DA:26,15
DA:27,15
DA:28,15
DA:29,15
DA:35,1
DA:36,1
DA:39,10
DA:40,10
DA:41,10
DA:42,10
DA:43,10
DA:44,19
DA:45,19
DA:50,1
DA:51,1
DA:52,1
DA:55,4
DA:56,4
DA:57,4
DA:58,4
DA:59,4
DA:62,1
DA:65,1
DA:67,1
LF:38
LH:38
BRDA:13,0,0,1
BRDA:13,0,1,0
BRDA:34,1,0,0
BRDA:36,2,0,1
BRDA:36,2,1,0
BRDA:45,3,0,9
BRDA:45,3,1,10
BRDA:50,4,0,1
BRDA:50,4,1,0
BRDA:56,5,0,0
BRDA:56,5,1,4
BRF:11
BRH:6
end_of_record
TN:
SF:src/repository/SharePointShiftRepository.js
FN:6,(anonymous_0)
FN:9,(anonymous_1)
FN:12,(anonymous_2)
FN:16,(anonymous_3)
FN:18,(anonymous_4)
FN:23,(anonymous_5)
FN:27,(anonymous_6)
FNF:7
FNH:0
FNDA:0,(anonymous_0)
FNDA:0,(anonymous_1)
FNDA:0,(anonymous_2)
FNDA:0,(anonymous_3)
FNDA:0,(anonymous_4)
FNDA:0,(anonymous_5)
FNDA:0,(anonymous_6)
DA:7,0
DA:10,0
DA:13,0
DA:15,0
DA:16,0
DA:20,0
DA:21,0
DA:24,0
DA:25,0
DA:28,0
DA:29,0
LF:11
LH:0
BRF:0
BRH:0
end_of_record
TN:
SF:src/repository/ShiftRepository.js
FN:11,(anonymous_0)
FN:12,(anonymous_1)
FN:13,(anonymous_2)
FN:14,(anonymous_3)
FN:15,(anonymous_4)
FN:16,(anonymous_5)
FNF:6
FNH:0
FNDA:0,(anonymous_0)
FNDA:0,(anonymous_1)
FNDA:0,(anonymous_2)
FNDA:0,(anonymous_3)
FNDA:0,(anonymous_4)
FNDA:0,(anonymous_5)
DA:11,0
DA:12,0
DA:13,0
DA:14,0
DA:15,0
DA:16,0
LF:6
LH:0
BRDA:11,0,0,0
BRF:1
BRH:0
end_of_record
TN:
SF:src/repository/repositoryFactory.js
FN:7,getEnvVar
FN:14,getShiftRepository
FNF:2
FNH:2
FNDA:11,getEnvVar
FNDA:23,getShiftRepository
DA:9,11
DA:10,11
DA:15,23
DA:16,11
DA:17,11
DA:18,0
DA:19,11
DA:20,0
DA:22,11
DA:24,11
LF:10
LH:8
BRDA:9,0,0,0
BRDA:9,0,1,11
BRDA:9,1,0,11
BRDA:9,1,1,11
BRDA:9,1,2,11
BRDA:15,2,0,12
BRDA:15,2,1,11
BRDA:16,3,0,11
BRDA:16,3,1,11
BRDA:17,4,0,0
BRDA:17,4,1,11
BRDA:19,5,0,0
BRDA:19,5,1,11
BRDA:19,6,0,11
BRDA:19,6,1,11
BRF:15
BRH:12
end_of_record
TN:
SF:src/services/firebaseConfig.js
FN:14,isFirebaseConfigured
FNF:1
FNH:0
FNDA:0,isFirebaseConfigured
DA:9,0
DA:10,0
DA:11,0
DA:15,0
DA:16,0
LF:5
LH:0
BRDA:15,0,0,0
BRDA:15,0,1,0
BRDA:15,1,0,0
BRDA:15,1,1,0
BRDA:17,2,0,0
BRDA:17,2,1,0
BRDA:17,2,2,0
BRF:7
BRH:0
end_of_record
TN:
SF:src/services/migrationService.js
FN:6,(anonymous_0)
FN:29,(anonymous_1)
FN:36,(anonymous_2)
FN:60,(anonymous_3)
FN:83,(anonymous_4)
FN:93,(anonymous_5)
FNF:6
FNH:0
FNDA:0,(anonymous_0)
FNDA:0,(anonymous_1)
FNDA:0,(anonymous_2)
FNDA:0,(anonymous_3)
FNDA:0,(anonymous_4)
FNDA:0,(anonymous_5)
DA:7,0
DA:15,0
DA:16,0
DA:18,0
DA:19,0
DA:20,0
DA:21,0
DA:22,0
DA:23,0
DA:24,0
DA:26,0
DA:30,0
DA:31,0
DA:33,0
DA:35,0
DA:36,0
DA:37,0
DA:38,0
DA:45,0
DA:50,0
DA:52,0
DA:53,0
DA:55,0
DA:56,0
DA:61,0
DA:62,0
DA:63,0
DA:65,0
DA:66,0
DA:68,0
DA:75,0
DA:76,0
DA:78,0
DA:79,0
DA:84,0
DA:85,0
DA:86,0
DA:91,0
DA:92,0
DA:93,0
DA:99,0
DA:100,0
DA:102,0
DA:103,0
DA:104,0
DA:105,0
DA:106,0
DA:107,0
DA:108,0
DA:110,0
DA:112,0
DA:113,0
LF:52
LH:0
BRDA:8,0,0,0
BRDA:8,0,1,0
BRDA:9,1,0,0
BRDA:9,1,1,0
BRDA:35,2,0,0
BRDA:35,2,1,0
BRDA:35,3,0,0
BRDA:35,3,1,0
BRDA:65,4,0,0
BRDA:65,4,1,0
BRDA:66,5,0,0
BRDA:66,5,1,0
BRF:12
BRH:0
end_of_record
TN:
SF:src/services/sharePointService.js
FN:9,(anonymous_0)
FN:19,(anonymous_1)
FN:35,(anonymous_2)
FN:59,(anonymous_3)
FN:91,(anonymous_4)
FN:123,(anonymous_5)
FN:143,(anonymous_6)
FN:175,(anonymous_7)
FN:191,(anonymous_8)
FN:204,(anonymous_9)
FN:216,(anonymous_10)
FN:221,(anonymous_11)
FN:234,(anonymous_12)
FN:236,(anonymous_13)
FN:243,(anonymous_14)
FN:252,(anonymous_15)
FN:259,(anonymous_16)
FNF:17
FNH:9
FNDA:19,(anonymous_0)
FNDA:2,(anonymous_1)
FNDA:2,(anonymous_2)
FNDA:2,(anonymous_3)
FNDA:0,(anonymous_4)
FNDA:0,(anonymous_5)
FNDA:0,(anonymous_6)
FNDA:2,(anonymous_7)
FNDA:1,(anonymous_8)
FNDA:0,(anonymous_9)
FNDA:1,(anonymous_10)
FNDA:1,(anonymous_11)
FNDA:0,(anonymous_12)
FNDA:0,(anonymous_13)
FNDA:0,(anonymous_14)
FNDA:0,(anonymous_15)
FNDA:2,(anonymous_16)
DA:10,19
DA:11,19
DA:22,2
DA:31,1
DA:32,1
DA:36,2
DA:37,2
DA:39,2
DA:46,1
DA:47,0
DA:50,1
DA:51,1
DA:53,1
DA:55,1
DA:60,2
DA:61,2
DA:62,1
DA:64,1
DA:78,1
DA:79,0
DA:82,1
DA:83,1
DA:85,1
DA:87,1
DA:92,0
DA:93,0
DA:94,0
DA:96,0
DA:112,0
DA:113,0
DA:116,0
DA:118,0
DA:119,0
DA:124,0
DA:125,0
DA:135,0
DA:136,0
DA:138,0
DA:139,0
DA:144,0
DA:145,0
DA:146,0
DA:154,0
DA:168,0
DA:170,0
DA:176,2
DA:192,1
DA:205,0
DA:217,1
DA:218,1
DA:222,1
DA:223,1
DA:229,1
DA:230,1
DA:231,1
DA:235,0
DA:236,0
DA:237,0
DA:239,0
DA:240,0
DA:245,0
DA:255,0
DA:260,2
DA:261,2
DA:265,1
DA:267,1
DA:273,13
LF:67
LH:36
BRDA:35,0,0,2
BRDA:46,1,0,0
BRDA:46,1,1,1
BRDA:78,2,0,0
BRDA:78,2,1,1
BRDA:112,3,0,0
BRDA:112,3,1,0
BRDA:177,4,0,2
BRDA:177,4,1,0
BRDA:182,5,0,2
BRDA:182,5,1,0
BRDA:183,6,0,0
BRDA:183,6,1,2
BRDA:184,7,0,2
BRDA:184,7,1,0
BRDA:185,8,0,2
BRDA:185,8,1,0
BRDA:194,9,0,0
BRDA:194,9,1,1
BRDA:200,10,0,1
BRDA:200,10,1,0
BRDA:206,11,0,0
BRDA:206,11,1,0
BRDA:217,12,0,1
BRDA:217,12,1,0
BRDA:218,13,0,1
BRDA:218,13,1,0
BRDA:222,14,0,1
BRDA:222,14,1,1
BRDA:229,15,0,1
BRDA:229,15,1,0
BRDA:235,16,0,0
BRDA:235,16,1,0
BRDA:237,17,0,0
BRDA:237,17,1,0
BRDA:255,18,0,0
BRDA:255,18,1,0
BRF:37
BRH:15
end_of_record
TN:
SF:src/services/shiftGenerationService.js
FN:13,generateShifts
FN:21,(anonymous_1)
FN:22,(anonymous_2)
FNF:3
FNH:3
FNDA:2,generateShifts
FNDA:30,(anonymous_1)
FNDA:70,(anonymous_2)
DA:3,1
DA:14,2
DA:15,2
DA:17,2
DA:18,20
DA:19,20
DA:21,20
DA:22,70
DA:23,10
DA:35,2
LF:10
LH:10
BRDA:22,0,0,10
BRDA:22,0,1,20
BRF:2
BRH:2
end_of_record
TN:
SF:src/tests/testUtils.jsx
FN:12,renderWithProviders
FNF:1
FNH:1
FNDA:17,renderWithProviders
DA:13,17
LF:1
LH:1
BRDA:12,0,0,17
BRDA:12,1,0,17
BRF:2
BRH:2
end_of_record
TN:
SF:src/utils/auth.js
FN:3,(anonymous_0)
FN:14,(anonymous_1)
FN:15,(anonymous_2)
FN:16,(anonymous_3)
FN:17,(anonymous_4)
FNF:5
FNH:5
FNDA:34,(anonymous_0)
FNDA:19,(anonymous_1)
FNDA:7,(anonymous_2)
FNDA:4,(anonymous_3)
FNDA:4,(anonymous_4)
DA:3,6
DA:4,34
DA:11,34
DA:14,19
DA:15,7
DA:16,6
DA:17,6
LF:7
LH:7
BRF:0
BRH:0
end_of_record
TN:
SF:src/utils/constants.js
FNF:0
FNH:0
DA:1,14
DA:8,14
DA:14,14
DA:19,14
LF:4
LH:4
BRF:0
BRH:0
end_of_record
TN:
SF:src/utils/logger.js
FN:6,(anonymous_0)
FN:16,setLoggerSilent
FN:20,logError
FN:24,logInfo
FNF:4
FNH:2
FNDA:13,(anonymous_0)
FNDA:0,setLoggerSilent
FNDA:2,logError
FNDA:0,logInfo
DA:6,13
DA:7,13
DA:9,13
DA:11,0
DA:14,13
DA:17,0
DA:21,2
DA:25,0
LF:8
LH:5
BRDA:9,0,0,13
BRDA:9,0,1,13
BRDA:21,1,0,0
BRDA:21,1,1,2
BRDA:25,2,0,0
BRDA:25,2,1,0
BRF:6
BRH:3
end_of_record
TN:
SF:src/utils/shifts.js
FN:3,(anonymous_0)
FN:7,(anonymous_1)
FN:21,(anonymous_2)
FN:30,(anonymous_3)
FN:51,(anonymous_4)
FNF:5
FNH:5
FNDA:324,(anonymous_0)
FNDA:5785,(anonymous_1)
FNDA:3,(anonymous_2)
FNDA:5782,(anonymous_3)
FNDA:15,(anonymous_4)
DA:3,12
DA:4,324
DA:7,324
DA:8,5785
DA:9,5785
DA:10,5785
DA:11,5785
DA:13,5785
DA:16,324
DA:17,0
DA:21,324
DA:22,3
DA:25,324
DA:26,0
DA:30,324
DA:31,5782
DA:36,324
DA:37,6
DA:41,324
DA:44,324
DA:45,0
DA:48,324
DA:51,12
DA:52,15
DA:53,15
DA:55,15
DA:56,150
DA:57,150
DA:59,150
DA:61,45
DA:67,45
DA:75,105
DA:81,105
DA:89,150
DA:92,15
LF:35
LH:32
BRDA:13,0,0,5785
BRDA:13,0,1,0
BRDA:16,1,0,0
BRDA:16,1,1,324
BRDA:22,2,0,3
BRDA:22,2,1,0
BRDA:25,3,0,0
BRDA:25,3,1,324
BRDA:31,4,0,5782
BRDA:31,4,1,6
BRDA:31,4,2,6
BRDA:36,5,0,6
BRDA:36,5,1,318
BRDA:41,6,0,324
BRDA:41,6,1,0
BRDA:44,7,0,0
BRDA:44,7,1,324
BRDA:51,8,0,15
BRDA:57,9,0,150
BRDA:57,9,1,135
BRDA:57,9,2,120
BRDA:59,10,0,45
BRDA:59,10,1,105
BRF:23
BRH:17
end_of_record
